  [1m[35m (1.0ms)[0m  [1m[34mSELECT sqlite_version(*)[0m
  [1m[35m (0.2ms)[0m  [1m[34mSELECT "schema_migrations"."version" FROM "schema_migrations" ORDER BY "schema_migrations"."version" ASC[0m
  [1m[35m (0.1ms)[0m  [1m[34mSELECT sqlite_version(*)[0m
  [1m[36mUser Load (0.1ms)[0m  [1m[34mSELECT "users".* FROM "users"[0m
  [1m[35m (0.1ms)[0m  [1m[36mbegin transaction[0m
  [1m[36mUser Destroy (0.4ms)[0m  [1m[31mDELETE FROM "users" WHERE "users"."id" = ?[0m  [["id", 52]]
  [1m[35m (1.0ms)[0m  [1m[36mcommit transaction[0m
  [1m[35m (0.0ms)[0m  [1m[36mbegin transaction[0m
  [1m[36mUser Destroy (0.4ms)[0m  [1m[31mDELETE FROM "users" WHERE "users"."id" = ?[0m  [["id", 53]]
  [1m[35m (1.0ms)[0m  [1m[36mcommit transaction[0m
  [1m[35m (0.0ms)[0m  [1m[36mbegin transaction[0m
  [1m[36mUser Destroy (0.3ms)[0m  [1m[31mDELETE FROM "users" WHERE "users"."id" = ?[0m  [["id", 54]]
  [1m[35m (1.0ms)[0m  [1m[36mcommit transaction[0m
  [1m[36mUtensil Load (0.2ms)[0m  [1m[34mSELECT "utensils".* FROM "utensils"[0m
  [1m[35m (0.0ms)[0m  [1m[36mbegin transaction[0m
  [1m[36mUtensil Destroy (0.3ms)[0m  [1m[31mDELETE FROM "utensils" WHERE "utensils"."id" = ?[0m  [["id", 53]]
  [1m[35m (1.0ms)[0m  [1m[36mcommit transaction[0m
  [1m[35m (0.0ms)[0m  [1m[36mbegin transaction[0m
  [1m[36mUtensil Destroy (0.3ms)[0m  [1m[31mDELETE FROM "utensils" WHERE "utensils"."id" = ?[0m  [["id", 54]]
  [1m[35m (0.9ms)[0m  [1m[36mcommit transaction[0m
  [1m[35m (0.0ms)[0m  [1m[36mbegin transaction[0m
  [1m[36mUtensil Destroy (0.5ms)[0m  [1m[31mDELETE FROM "utensils" WHERE "utensils"."id" = ?[0m  [["id", 55]]
  [1m[35m (1.1ms)[0m  [1m[36mcommit transaction[0m
  [1m[36mIngredient Load (0.2ms)[0m  [1m[34mSELECT "ingredients".* FROM "ingredients"[0m
  [1m[35m (0.1ms)[0m  [1m[36mbegin transaction[0m
  [1m[36mIngredient Destroy (0.4ms)[0m  [1m[31mDELETE FROM "ingredients" WHERE "ingredients"."id" = ?[0m  [["id", 52]]
  [1m[35m (1.0ms)[0m  [1m[36mcommit transaction[0m
  [1m[35m (0.0ms)[0m  [1m[36mbegin transaction[0m
  [1m[36mIngredient Destroy (0.4ms)[0m  [1m[31mDELETE FROM "ingredients" WHERE "ingredients"."id" = ?[0m  [["id", 53]]
  [1m[35m (1.0ms)[0m  [1m[36mcommit transaction[0m
  [1m[35m (0.0ms)[0m  [1m[36mbegin transaction[0m
  [1m[36mIngredient Destroy (0.3ms)[0m  [1m[31mDELETE FROM "ingredients" WHERE "ingredients"."id" = ?[0m  [["id", 54]]
  [1m[35m (0.9ms)[0m  [1m[36mcommit transaction[0m
  [1m[36mReview Load (0.2ms)[0m  [1m[34mSELECT "reviews".* FROM "reviews"[0m
  [1m[35m (0.0ms)[0m  [1m[36mbegin transaction[0m
  [1m[36mReview Destroy (0.4ms)[0m  [1m[31mDELETE FROM "reviews" WHERE "reviews"."id" = ?[0m  [["id", 53]]
  [1m[35m (0.9ms)[0m  [1m[36mcommit transaction[0m
  [1m[35m (0.0ms)[0m  [1m[36mbegin transaction[0m
  [1m[36mReview Destroy (0.6ms)[0m  [1m[31mDELETE FROM "reviews" WHERE "reviews"."id" = ?[0m  [["id", 54]]
  [1m[35m (0.9ms)[0m  [1m[36mcommit transaction[0m
  [1m[35m (0.1ms)[0m  [1m[36mbegin transaction[0m
  [1m[36mReview Destroy (0.4ms)[0m  [1m[31mDELETE FROM "reviews" WHERE "reviews"."id" = ?[0m  [["id", 55]]
  [1m[35m (0.9ms)[0m  [1m[36mcommit transaction[0m
  [1m[36mRecipe Load (0.2ms)[0m  [1m[34mSELECT "recipes".* FROM "recipes"[0m
  [1m[35m (0.1ms)[0m  [1m[36mbegin transaction[0m
  [1m[36mRecipe Destroy (0.4ms)[0m  [1m[31mDELETE FROM "recipes" WHERE "recipes"."id" = ?[0m  [["id", 37]]
  [1m[35m (1.0ms)[0m  [1m[36mcommit transaction[0m
  [1m[35m (0.0ms)[0m  [1m[36mbegin transaction[0m
  [1m[36mRecipe Destroy (0.4ms)[0m  [1m[31mDELETE FROM "recipes" WHERE "recipes"."id" = ?[0m  [["id", 38]]
  [1m[35m (1.0ms)[0m  [1m[36mcommit transaction[0m
  [1m[36mRecipeIngredient Load (0.2ms)[0m  [1m[34mSELECT "recipe_ingredients".* FROM "recipe_ingredients"[0m
  [1m[35m (0.1ms)[0m  [1m[36mbegin transaction[0m
  [1m[36mRecipeIngredient Destroy (0.4ms)[0m  [1m[31mDELETE FROM "recipe_ingredients" WHERE "recipe_ingredients"."id" = ?[0m  [["id", 69]]
  [1m[35m (1.0ms)[0m  [1m[36mcommit transaction[0m
  [1m[35m (0.0ms)[0m  [1m[36mbegin transaction[0m
  [1m[36mRecipeIngredient Destroy (0.4ms)[0m  [1m[31mDELETE FROM "recipe_ingredients" WHERE "recipe_ingredients"."id" = ?[0m  [["id", 70]]
  [1m[35m (0.9ms)[0m  [1m[36mcommit transaction[0m
  [1m[35m (0.0ms)[0m  [1m[36mbegin transaction[0m
  [1m[36mRecipeIngredient Destroy (0.3ms)[0m  [1m[31mDELETE FROM "recipe_ingredients" WHERE "recipe_ingredients"."id" = ?[0m  [["id", 71]]
  [1m[35m (1.0ms)[0m  [1m[36mcommit transaction[0m
  [1m[35m (0.0ms)[0m  [1m[36mbegin transaction[0m
  [1m[36mRecipeIngredient Destroy (0.4ms)[0m  [1m[31mDELETE FROM "recipe_ingredients" WHERE "recipe_ingredients"."id" = ?[0m  [["id", 72]]
  [1m[35m (0.9ms)[0m  [1m[36mcommit transaction[0m
  [1m[36mRecipeUtensil Load (0.2ms)[0m  [1m[34mSELECT "recipe_utensils".* FROM "recipe_utensils"[0m
  [1m[35m (0.1ms)[0m  [1m[36mbegin transaction[0m
  [1m[36mRecipeUtensil Destroy (0.4ms)[0m  [1m[31mDELETE FROM "recipe_utensils" WHERE "recipe_utensils"."id" = ?[0m  [["id", 52]]
  [1m[35m (0.9ms)[0m  [1m[36mcommit transaction[0m
  [1m[35m (0.0ms)[0m  [1m[36mbegin transaction[0m
  [1m[36mRecipeUtensil Destroy (0.6ms)[0m  [1m[31mDELETE FROM "recipe_utensils" WHERE "recipe_utensils"."id" = ?[0m  [["id", 53]]
  [1m[35m (1.0ms)[0m  [1m[36mcommit transaction[0m
  [1m[35m (0.1ms)[0m  [1m[36mbegin transaction[0m
  [1m[36mRecipeUtensil Destroy (0.5ms)[0m  [1m[31mDELETE FROM "recipe_utensils" WHERE "recipe_utensils"."id" = ?[0m  [["id", 54]]
  [1m[35m (1.0ms)[0m  [1m[36mcommit transaction[0m
  [1m[35m (0.1ms)[0m  [1m[36mbegin transaction[0m
  [1m[36mUser Create (0.5ms)[0m  [1m[32mINSERT INTO "users" ("name", "password_digest", "created_at", "updated_at") VALUES (?, ?, ?, ?)[0m  [["name", "Steven"], ["password_digest", "$2a$10$vQxRs6OW5u669Fz7HEIR0ObgJiLI9gcRqwU4XC5n/QKhSVWvWHRXa"], ["created_at", "2019-10-24 13:45:47.119143"], ["updated_at", "2019-10-24 13:45:47.119143"]]
  [1m[35m (1.0ms)[0m  [1m[36mcommit transaction[0m
  [1m[35m (0.1ms)[0m  [1m[36mbegin transaction[0m
  [1m[36mUser Create (1.1ms)[0m  [1m[32mINSERT INTO "users" ("name", "password_digest", "created_at", "updated_at") VALUES (?, ?, ?, ?)[0m  [["name", "Damini"], ["password_digest", "$2a$10$4BaUyI6PpLZ9AaWi2CcoaOyLMzTwNqJMNueM/UXQZdgoX0ZplEHj2"], ["created_at", "2019-10-24 13:45:47.196115"], ["updated_at", "2019-10-24 13:45:47.196115"]]
  [1m[35m (2.0ms)[0m  [1m[36mcommit transaction[0m
  [1m[35m (0.1ms)[0m  [1m[36mbegin transaction[0m
  [1m[36mUser Create (0.5ms)[0m  [1m[32mINSERT INTO "users" ("name", "password_digest", "created_at", "updated_at") VALUES (?, ?, ?, ?)[0m  [["name", "Jay"], ["password_digest", "$2a$10$Sp5YhMtSJpZtkMmTX2Y0C.kS6VzCgI7AVptMkXulsXjhFhrZOaUMK"], ["created_at", "2019-10-24 13:45:47.273393"], ["updated_at", "2019-10-24 13:45:47.273393"]]
  [1m[35m (1.1ms)[0m  [1m[36mcommit transaction[0m
  [1m[35m (0.0ms)[0m  [1m[36mbegin transaction[0m
  [1m[36mUtensil Exists? (0.2ms)[0m  [1m[34mSELECT 1 AS one FROM "utensils" WHERE "utensils"."name" = ? LIMIT ?[0m  [["name", "Knife"], ["LIMIT", 1]]
  [1m[36mUtensil Create (0.4ms)[0m  [1m[32mINSERT INTO "utensils" ("name", "created_at", "updated_at") VALUES (?, ?, ?)[0m  [["name", "Knife"], ["created_at", "2019-10-24 13:45:47.280336"], ["updated_at", "2019-10-24 13:45:47.280336"]]
  [1m[35m (0.9ms)[0m  [1m[36mcommit transaction[0m
  [1m[35m (0.0ms)[0m  [1m[36mbegin transaction[0m
  [1m[36mUtensil Exists? (0.1ms)[0m  [1m[34mSELECT 1 AS one FROM "utensils" WHERE "utensils"."name" = ? LIMIT ?[0m  [["name", "Pot"], ["LIMIT", 1]]
  [1m[36mUtensil Create (0.4ms)[0m  [1m[32mINSERT INTO "utensils" ("name", "created_at", "updated_at") VALUES (?, ?, ?)[0m  [["name", "Pot"], ["created_at", "2019-10-24 13:45:47.285957"], ["updated_at", "2019-10-24 13:45:47.285957"]]
  [1m[35m (1.0ms)[0m  [1m[36mcommit transaction[0m
  [1m[35m (0.0ms)[0m  [1m[36mbegin transaction[0m
  [1m[36mUtensil Exists? (0.2ms)[0m  [1m[34mSELECT 1 AS one FROM "utensils" WHERE "utensils"."name" = ? LIMIT ?[0m  [["name", "Mixing Bowl"], ["LIMIT", 1]]
  [1m[36mUtensil Create (0.4ms)[0m  [1m[32mINSERT INTO "utensils" ("name", "created_at", "updated_at") VALUES (?, ?, ?)[0m  [["name", "Mixing Bowl"], ["created_at", "2019-10-24 13:45:47.291514"], ["updated_at", "2019-10-24 13:45:47.291514"]]
  [1m[35m (1.0ms)[0m  [1m[36mcommit transaction[0m
  [1m[35m (0.0ms)[0m  [1m[36mbegin transaction[0m
  [1m[36mIngredient Exists? (0.2ms)[0m  [1m[34mSELECT 1 AS one FROM "ingredients" WHERE "ingredients"."name" = ? LIMIT ?[0m  [["name", "Salt"], ["LIMIT", 1]]
  [1m[36mIngredient Create (0.6ms)[0m  [1m[32mINSERT INTO "ingredients" ("name", "quantity", "measurement_type", "created_at", "updated_at") VALUES (?, ?, ?, ?, ?)[0m  [["name", "Salt"], ["quantity", 1], ["measurement_type", "Teaspoon"], ["created_at", "2019-10-24 13:45:47.297083"], ["updated_at", "2019-10-24 13:45:47.297083"]]
  [1m[35m (1.1ms)[0m  [1m[36mcommit transaction[0m
  [1m[35m (0.1ms)[0m  [1m[36mbegin transaction[0m
  [1m[36mIngredient Exists? (0.2ms)[0m  [1m[34mSELECT 1 AS one FROM "ingredients" WHERE "ingredients"."name" = ? LIMIT ?[0m  [["name", "Flour"], ["LIMIT", 1]]
  [1m[36mIngredient Create (0.4ms)[0m  [1m[32mINSERT INTO "ingredients" ("name", "quantity", "measurement_type", "created_at", "updated_at") VALUES (?, ?, ?, ?, ?)[0m  [["name", "Flour"], ["quantity", 1], ["measurement_type", "Cup"], ["created_at", "2019-10-24 13:45:47.303073"], ["updated_at", "2019-10-24 13:45:47.303073"]]
  [1m[35m (1.1ms)[0m  [1m[36mcommit transaction[0m
  [1m[35m (0.0ms)[0m  [1m[36mbegin transaction[0m
  [1m[36mIngredient Exists? (0.2ms)[0m  [1m[34mSELECT 1 AS one FROM "ingredients" WHERE "ingredients"."name" = ? LIMIT ?[0m  [["name", "Butter"], ["LIMIT", 1]]
  [1m[36mIngredient Create (0.4ms)[0m  [1m[32mINSERT INTO "ingredients" ("name", "quantity", "measurement_type", "created_at", "updated_at") VALUES (?, ?, ?, ?, ?)[0m  [["name", "Butter"], ["quantity", 1], ["measurement_type", "Tablespoon"], ["created_at", "2019-10-24 13:45:47.308928"], ["updated_at", "2019-10-24 13:45:47.308928"]]
  [1m[35m (1.0ms)[0m  [1m[36mcommit transaction[0m
  [1m[35m (0.1ms)[0m  [1m[36mbegin transaction[0m
  [1m[36mUser Load (0.2ms)[0m  [1m[34mSELECT "users".* FROM "users" WHERE "users"."id" = ? LIMIT ?[0m  [["id", 55], ["LIMIT", 1]]
  [1m[36mRecipe Create (0.8ms)[0m  [1m[32mINSERT INTO "recipes" ("title", "description", "user_id", "cook_time", "created_at", "updated_at") VALUES (?, ?, ?, ?, ?, ?)[0m  [["title", "Pasta"], ["description", "throw it in the pot"], ["user_id", 55], ["cook_time", 5], ["created_at", "2019-10-24 13:45:47.325455"], ["updated_at", "2019-10-24 13:45:47.325455"]]
  [1m[35m (1.4ms)[0m  [1m[36mcommit transaction[0m
  [1m[35m (0.1ms)[0m  [1m[36mbegin transaction[0m
  [1m[36mUser Load (0.4ms)[0m  [1m[34mSELECT "users".* FROM "users" WHERE "users"."id" = ? LIMIT ?[0m  [["id", 56], ["LIMIT", 1]]
  [1m[36mRecipe Create (0.5ms)[0m  [1m[32mINSERT INTO "recipes" ("title", "description", "user_id", "cook_time", "created_at", "updated_at") VALUES (?, ?, ?, ?, ?, ?)[0m  [["title", "Bread"], ["description", "throw it in the oven"], ["user_id", 56], ["cook_time", 20], ["created_at", "2019-10-24 13:45:47.366097"], ["updated_at", "2019-10-24 13:45:47.366097"]]
  [1m[35m (1.0ms)[0m  [1m[36mcommit transaction[0m
  [1m[35m (0.1ms)[0m  [1m[36mbegin transaction[0m
  [1m[36mUser Load (0.1ms)[0m  [1m[34mSELECT "users".* FROM "users" WHERE "users"."id" = ? LIMIT ?[0m  [["id", 55], ["LIMIT", 1]]
  [1m[36mRecipe Load (0.2ms)[0m  [1m[34mSELECT "recipes".* FROM "recipes" WHERE "recipes"."id" = ? LIMIT ?[0m  [["id", 39], ["LIMIT", 1]]
  [1m[36mReview Create (0.5ms)[0m  [1m[32mINSERT INTO "reviews" ("rating", "comment", "user_id", "recipe_id", "created_at", "updated_at") VALUES (?, ?, ?, ?, ?, ?)[0m  [["rating", 2], ["comment", "eh!"], ["user_id", 55], ["recipe_id", 39], ["created_at", "2019-10-24 13:45:47.376914"], ["updated_at", "2019-10-24 13:45:47.376914"]]
  [1m[35m (1.0ms)[0m  [1m[36mcommit transaction[0m
  [1m[35m (0.0ms)[0m  [1m[36mbegin transaction[0m
  [1m[36mUser Load (0.1ms)[0m  [1m[34mSELECT "users".* FROM "users" WHERE "users"."id" = ? LIMIT ?[0m  [["id", 56], ["LIMIT", 1]]
  [1m[36mRecipe Load (0.0ms)[0m  [1m[34mSELECT "recipes".* FROM "recipes" WHERE "recipes"."id" = ? LIMIT ?[0m  [["id", 40], ["LIMIT", 1]]
  [1m[36mReview Create (0.4ms)[0m  [1m[32mINSERT INTO "reviews" ("rating", "comment", "user_id", "recipe_id", "created_at", "updated_at") VALUES (?, ?, ?, ?, ?, ?)[0m  [["rating", 5], ["comment", "Great!"], ["user_id", 56], ["recipe_id", 40], ["created_at", "2019-10-24 13:45:47.401244"], ["updated_at", "2019-10-24 13:45:47.401244"]]
  [1m[35m (1.0ms)[0m  [1m[36mcommit transaction[0m
  [1m[35m (0.0ms)[0m  [1m[36mbegin transaction[0m
  [1m[36mUser Load (0.1ms)[0m  [1m[34mSELECT "users".* FROM "users" WHERE "users"."id" = ? LIMIT ?[0m  [["id", 57], ["LIMIT", 1]]
  [1m[36mRecipe Load (0.0ms)[0m  [1m[34mSELECT "recipes".* FROM "recipes" WHERE "recipes"."id" = ? LIMIT ?[0m  [["id", 39], ["LIMIT", 1]]
  [1m[36mReview Create (0.6ms)[0m  [1m[32mINSERT INTO "reviews" ("rating", "comment", "user_id", "recipe_id", "created_at", "updated_at") VALUES (?, ?, ?, ?, ?, ?)[0m  [["rating", 4], ["comment", "It's Good!"], ["user_id", 57], ["recipe_id", 39], ["created_at", "2019-10-24 13:45:47.407807"], ["updated_at", "2019-10-24 13:45:47.407807"]]
  [1m[35m (1.0ms)[0m  [1m[36mcommit transaction[0m
  [1m[35m (0.0ms)[0m  [1m[36mbegin transaction[0m
  [1m[36mRecipe Load (0.1ms)[0m  [1m[34mSELECT "recipes".* FROM "recipes" WHERE "recipes"."id" = ? LIMIT ?[0m  [["id", 39], ["LIMIT", 1]]
  [1m[36mUtensil Load (0.1ms)[0m  [1m[34mSELECT "utensils".* FROM "utensils" WHERE "utensils"."id" = ? LIMIT ?[0m  [["id", 56], ["LIMIT", 1]]
  [1m[36mRecipeUtensil Create (0.4ms)[0m  [1m[32mINSERT INTO "recipe_utensils" ("recipe_id", "utensil_id", "created_at", "updated_at") VALUES (?, ?, ?, ?)[0m  [["recipe_id", 39], ["utensil_id", 56], ["created_at", "2019-10-24 13:45:47.415721"], ["updated_at", "2019-10-24 13:45:47.415721"]]
  [1m[35m (1.4ms)[0m  [1m[36mcommit transaction[0m
  [1m[35m (0.1ms)[0m  [1m[36mbegin transaction[0m
  [1m[36mRecipe Load (0.1ms)[0m  [1m[34mSELECT "recipes".* FROM "recipes" WHERE "recipes"."id" = ? LIMIT ?[0m  [["id", 40], ["LIMIT", 1]]
  [1m[36mUtensil Load (0.1ms)[0m  [1m[34mSELECT "utensils".* FROM "utensils" WHERE "utensils"."id" = ? LIMIT ?[0m  [["id", 57], ["LIMIT", 1]]
  [1m[36mRecipeUtensil Create (0.5ms)[0m  [1m[32mINSERT INTO "recipe_utensils" ("recipe_id", "utensil_id", "created_at", "updated_at") VALUES (?, ?, ?, ?)[0m  [["recipe_id", 40], ["utensil_id", 57], ["created_at", "2019-10-24 13:45:47.423529"], ["updated_at", "2019-10-24 13:45:47.423529"]]
  [1m[35m (1.1ms)[0m  [1m[36mcommit transaction[0m
  [1m[35m (0.0ms)[0m  [1m[36mbegin transaction[0m
  [1m[36mRecipe Load (0.1ms)[0m  [1m[34mSELECT "recipes".* FROM "recipes" WHERE "recipes"."id" = ? LIMIT ?[0m  [["id", 39], ["LIMIT", 1]]
  [1m[36mUtensil Load (0.1ms)[0m  [1m[34mSELECT "utensils".* FROM "utensils" WHERE "utensils"."id" = ? LIMIT ?[0m  [["id", 58], ["LIMIT", 1]]
  [1m[36mRecipeUtensil Create (0.4ms)[0m  [1m[32mINSERT INTO "recipe_utensils" ("recipe_id", "utensil_id", "created_at", "updated_at") VALUES (?, ?, ?, ?)[0m  [["recipe_id", 39], ["utensil_id", 58], ["created_at", "2019-10-24 13:45:47.430354"], ["updated_at", "2019-10-24 13:45:47.430354"]]
  [1m[35m (1.1ms)[0m  [1m[36mcommit transaction[0m
  [1m[35m (0.0ms)[0m  [1m[36mbegin transaction[0m
  [1m[36mRecipe Load (0.1ms)[0m  [1m[34mSELECT "recipes".* FROM "recipes" WHERE "recipes"."id" = ? LIMIT ?[0m  [["id", 39], ["LIMIT", 1]]
  [1m[36mIngredient Load (0.1ms)[0m  [1m[34mSELECT "ingredients".* FROM "ingredients" WHERE "ingredients"."id" = ? LIMIT ?[0m  [["id", 55], ["LIMIT", 1]]
  [1m[36mRecipeIngredient Create (0.7ms)[0m  [1m[32mINSERT INTO "recipe_ingredients" ("recipe_id", "ingredient_id", "created_at", "updated_at") VALUES (?, ?, ?, ?)[0m  [["recipe_id", 39], ["ingredient_id", 55], ["created_at", "2019-10-24 13:45:47.438537"], ["updated_at", "2019-10-24 13:45:47.438537"]]
  [1m[35m (1.1ms)[0m  [1m[36mcommit transaction[0m
  [1m[35m (0.0ms)[0m  [1m[36mbegin transaction[0m
  [1m[36mRecipe Load (0.1ms)[0m  [1m[34mSELECT "recipes".* FROM "recipes" WHERE "recipes"."id" = ? LIMIT ?[0m  [["id", 40], ["LIMIT", 1]]
  [1m[36mIngredient Load (0.0ms)[0m  [1m[34mSELECT "ingredients".* FROM "ingredients" WHERE "ingredients"."id" = ? LIMIT ?[0m  [["id", 56], ["LIMIT", 1]]
  [1m[36mRecipeIngredient Create (0.4ms)[0m  [1m[32mINSERT INTO "recipe_ingredients" ("recipe_id", "ingredient_id", "created_at", "updated_at") VALUES (?, ?, ?, ?)[0m  [["recipe_id", 40], ["ingredient_id", 56], ["created_at", "2019-10-24 13:45:47.445565"], ["updated_at", "2019-10-24 13:45:47.445565"]]
  [1m[35m (0.9ms)[0m  [1m[36mcommit transaction[0m
  [1m[35m (0.0ms)[0m  [1m[36mbegin transaction[0m
  [1m[36mRecipe Load (0.1ms)[0m  [1m[34mSELECT "recipes".* FROM "recipes" WHERE "recipes"."id" = ? LIMIT ?[0m  [["id", 39], ["LIMIT", 1]]
  [1m[36mIngredient Load (0.1ms)[0m  [1m[34mSELECT "ingredients".* FROM "ingredients" WHERE "ingredients"."id" = ? LIMIT ?[0m  [["id", 57], ["LIMIT", 1]]
  [1m[36mRecipeIngredient Create (0.7ms)[0m  [1m[32mINSERT INTO "recipe_ingredients" ("recipe_id", "ingredient_id", "created_at", "updated_at") VALUES (?, ?, ?, ?)[0m  [["recipe_id", 39], ["ingredient_id", 57], ["created_at", "2019-10-24 13:45:47.452918"], ["updated_at", "2019-10-24 13:45:47.452918"]]
  [1m[35m (1.1ms)[0m  [1m[36mcommit transaction[0m
  [1m[35m (0.1ms)[0m  [1m[36mbegin transaction[0m
  [1m[36mRecipe Load (0.1ms)[0m  [1m[34mSELECT "recipes".* FROM "recipes" WHERE "recipes"."id" = ? LIMIT ?[0m  [["id", 39], ["LIMIT", 1]]
  [1m[36mIngredient Load (0.1ms)[0m  [1m[34mSELECT "ingredients".* FROM "ingredients" WHERE "ingredients"."id" = ? LIMIT ?[0m  [["id", 56], ["LIMIT", 1]]
  [1m[36mRecipeIngredient Create (0.4ms)[0m  [1m[32mINSERT INTO "recipe_ingredients" ("recipe_id", "ingredient_id", "created_at", "updated_at") VALUES (?, ?, ?, ?)[0m  [["recipe_id", 39], ["ingredient_id", 56], ["created_at", "2019-10-24 13:45:47.460439"], ["updated_at", "2019-10-24 13:45:47.460439"]]
  [1m[35m (1.1ms)[0m  [1m[36mcommit transaction[0m
