Started GET "/recipes" for ::1 at 2019-10-24 08:45:53 -0500
  [1m[35m (1.4ms)[0m  [1m[34mSELECT sqlite_version(*)[0m
  [1m[35m (0.3ms)[0m  [1m[34mSELECT "schema_migrations"."version" FROM "schema_migrations" ORDER BY "schema_migrations"."version" ASC[0m
Processing by RecipesController#index as HTML
  [1m[36mUser Load (0.2ms)[0m  [1m[34mSELECT "users".* FROM "users" WHERE "users"."id" = ? LIMIT ?[0m  [["id", 53], ["LIMIT", 1]]
  ↳ app/controllers/application_controller.rb:6:in `current_user'
Completed 404 Not Found in 14ms (ActiveRecord: 0.8ms | Allocations: 4179)


  
ActiveRecord::RecordNotFound (Couldn't find User with 'id'=53):
  
app/controllers/application_controller.rb:6:in `current_user'
app/controllers/application_controller.rb:14:in `logged_in?'
app/controllers/application_controller.rb:18:in `authenticated'
Started GET "/usr" for ::1 at 2019-10-24 08:45:59 -0500
  
ActionController::RoutingError (No route matches [GET] "/usr"):
  
actionpack (6.0.0) lib/action_dispatch/middleware/debug_exceptions.rb:36:in `call'
web-console (4.0.1) lib/web_console/middleware.rb:132:in `call_app'
web-console (4.0.1) lib/web_console/middleware.rb:28:in `block in call'
web-console (4.0.1) lib/web_console/middleware.rb:17:in `catch'
web-console (4.0.1) lib/web_console/middleware.rb:17:in `call'
actionpack (6.0.0) lib/action_dispatch/middleware/show_exceptions.rb:33:in `call'
railties (6.0.0) lib/rails/rack/logger.rb:38:in `call_app'
railties (6.0.0) lib/rails/rack/logger.rb:26:in `block in call'
activesupport (6.0.0) lib/active_support/tagged_logging.rb:80:in `block in tagged'
activesupport (6.0.0) lib/active_support/tagged_logging.rb:28:in `tagged'
activesupport (6.0.0) lib/active_support/tagged_logging.rb:80:in `tagged'
railties (6.0.0) lib/rails/rack/logger.rb:26:in `call'
sprockets-rails (3.2.1) lib/sprockets/rails/quiet_assets.rb:13:in `call'
actionpack (6.0.0) lib/action_dispatch/middleware/remote_ip.rb:81:in `call'
actionpack (6.0.0) lib/action_dispatch/middleware/request_id.rb:27:in `call'
rack (2.0.7) lib/rack/method_override.rb:22:in `call'
rack (2.0.7) lib/rack/runtime.rb:22:in `call'
activesupport (6.0.0) lib/active_support/cache/strategy/local_cache_middleware.rb:29:in `call'
actionpack (6.0.0) lib/action_dispatch/middleware/executor.rb:14:in `call'
actionpack (6.0.0) lib/action_dispatch/middleware/static.rb:126:in `call'
rack (2.0.7) lib/rack/sendfile.rb:111:in `call'
actionpack (6.0.0) lib/action_dispatch/middleware/host_authorization.rb:83:in `call'
railties (6.0.0) lib/rails/engine.rb:526:in `call'
puma (3.12.1) lib/puma/configuration.rb:227:in `call'
puma (3.12.1) lib/puma/server.rb:660:in `handle_request'
puma (3.12.1) lib/puma/server.rb:474:in `process_client'
puma (3.12.1) lib/puma/server.rb:334:in `block in run'
puma (3.12.1) lib/puma/thread_pool.rb:135:in `block in spawn_thread'
Started GET "/users/login" for ::1 at 2019-10-24 08:46:01 -0500
Processing by UsersController#show as HTML
  Parameters: {"id"=>"login"}
  [1m[36mUser Load (0.4ms)[0m  [1m[34mSELECT "users".* FROM "users" WHERE "users"."id" = ? LIMIT ?[0m  [["id", 53], ["LIMIT", 1]]
  ↳ app/controllers/application_controller.rb:6:in `current_user'
Completed 404 Not Found in 4ms (ActiveRecord: 0.4ms | Allocations: 1282)


  
ActiveRecord::RecordNotFound (Couldn't find User with 'id'=53):
  
app/controllers/application_controller.rb:6:in `current_user'
app/controllers/application_controller.rb:14:in `logged_in?'
app/controllers/application_controller.rb:18:in `authenticated'
Started GET "/login" for ::1 at 2019-10-24 08:46:04 -0500
Processing by SessionsController#new as HTML
  Rendering sessions/new.html.erb within layouts/application
  Rendered sessions/new.html.erb within layouts/application (Duration: 16.8ms | Allocations: 3787)
Completed 200 OK in 24ms (Views: 21.6ms | ActiveRecord: 0.0ms | Allocations: 5138)


Started POST "/login" for ::1 at 2019-10-24 08:46:10 -0500
Processing by SessionsController#create as HTML
  Parameters: {"authenticity_token"=>"9xernwuq++pkHDITRrMI5Zx5oV1UEu0kpEU9uOzUPFvOo2Sb+Xpw09A+K3v4R7rKFDipkjEnLGCTL7Xye5884Q==", "name"=>"Damini", "password"=>"[FILTERED]", "commit"=>"Login"}
  [1m[36mUser Load (0.3ms)[0m  [1m[34mSELECT "users".* FROM "users" WHERE "users"."name" = ? LIMIT ?[0m  [["name", "Damini"], ["LIMIT", 1]]
  ↳ app/controllers/sessions_controller.rb:9:in `create'
Redirected to http://localhost:3000/users/56
Completed 302 Found in 78ms (ActiveRecord: 0.3ms | Allocations: 4198)


Started GET "/users/56" for ::1 at 2019-10-24 08:46:11 -0500
Processing by UsersController#show as HTML
  Parameters: {"id"=>"56"}
  [1m[36mUser Load (0.2ms)[0m  [1m[34mSELECT "users".* FROM "users" WHERE "users"."id" = ? LIMIT ?[0m  [["id", 56], ["LIMIT", 1]]
  ↳ app/controllers/application_controller.rb:6:in `current_user'
  [1m[36mCACHE User Load (0.0ms)[0m  [1m[34mSELECT "users".* FROM "users" WHERE "users"."id" = ? LIMIT ?[0m  [["id", 56], ["LIMIT", 1]]
  ↳ app/controllers/users_controller.rb:22:in `show'
  Rendering users/show.html.erb within layouts/application
  Rendered users/show.html.erb within layouts/application (Duration: 9.8ms | Allocations: 470)
Completed 200 OK in 15ms (Views: 11.8ms | ActiveRecord: 0.2ms | Allocations: 2626)


Started GET "/recipes" for ::1 at 2019-10-24 08:46:12 -0500
Processing by RecipesController#index as HTML
  [1m[36mUser Load (0.5ms)[0m  [1m[34mSELECT "users".* FROM "users" WHERE "users"."id" = ? LIMIT ?[0m  [["id", 56], ["LIMIT", 1]]
  ↳ app/controllers/application_controller.rb:6:in `current_user'
  Rendering recipes/index.html.erb within layouts/application
  [1m[36mRecipe Load (0.2ms)[0m  [1m[34mSELECT "recipes".* FROM "recipes"[0m
  ↳ app/views/recipes/index.html.erb:3
  Rendered recipes/index.html.erb within layouts/application (Duration: 10.9ms | Allocations: 5219)
Completed 200 OK in 31ms (Views: 12.7ms | ActiveRecord: 1.4ms | Allocations: 10967)


Started GET "/users/56" for ::1 at 2019-10-24 08:46:14 -0500
Processing by UsersController#show as HTML
  Parameters: {"id"=>"56"}
  [1m[36mUser Load (0.2ms)[0m  [1m[34mSELECT "users".* FROM "users" WHERE "users"."id" = ? LIMIT ?[0m  [["id", 56], ["LIMIT", 1]]
  ↳ app/controllers/application_controller.rb:6:in `current_user'
  [1m[36mCACHE User Load (0.0ms)[0m  [1m[34mSELECT "users".* FROM "users" WHERE "users"."id" = ? LIMIT ?[0m  [["id", 56], ["LIMIT", 1]]
  ↳ app/controllers/users_controller.rb:22:in `show'
  Rendering users/show.html.erb within layouts/application
  Rendered users/show.html.erb within layouts/application (Duration: 0.7ms | Allocations: 259)
Completed 200 OK in 5ms (Views: 1.7ms | ActiveRecord: 0.3ms | Allocations: 1845)


Started GET "/recipes" for ::1 at 2019-10-24 08:46:16 -0500
Processing by RecipesController#index as HTML
  [1m[36mUser Load (0.8ms)[0m  [1m[34mSELECT "users".* FROM "users" WHERE "users"."id" = ? LIMIT ?[0m  [["id", 56], ["LIMIT", 1]]
  ↳ app/controllers/application_controller.rb:6:in `current_user'
  Rendering recipes/index.html.erb within layouts/application
  [1m[36mRecipe Load (0.3ms)[0m  [1m[34mSELECT "recipes".* FROM "recipes"[0m
  ↳ app/views/recipes/index.html.erb:3
  Rendered recipes/index.html.erb within layouts/application (Duration: 2.7ms | Allocations: 676)
Completed 200 OK in 8ms (Views: 3.7ms | ActiveRecord: 1.0ms | Allocations: 1822)


Started GET "/users/56" for ::1 at 2019-10-24 08:46:17 -0500
Processing by UsersController#show as HTML
  Parameters: {"id"=>"56"}
  [1m[36mUser Load (0.2ms)[0m  [1m[34mSELECT "users".* FROM "users" WHERE "users"."id" = ? LIMIT ?[0m  [["id", 56], ["LIMIT", 1]]
  ↳ app/controllers/application_controller.rb:6:in `current_user'
  [1m[36mCACHE User Load (0.0ms)[0m  [1m[34mSELECT "users".* FROM "users" WHERE "users"."id" = ? LIMIT ?[0m  [["id", 56], ["LIMIT", 1]]
  ↳ app/controllers/users_controller.rb:22:in `show'
  Rendering users/show.html.erb within layouts/application
  Rendered users/show.html.erb within layouts/application (Duration: 0.9ms | Allocations: 250)
Completed 200 OK in 9ms (Views: 2.5ms | ActiveRecord: 0.2ms | Allocations: 1823)


Started GET "/recipes/new" for ::1 at 2019-10-24 08:46:26 -0500
Processing by RecipesController#new as HTML
  [1m[36mUser Load (0.1ms)[0m  [1m[34mSELECT "users".* FROM "users" WHERE "users"."id" = ? LIMIT ?[0m  [["id", 56], ["LIMIT", 1]]
  ↳ app/controllers/application_controller.rb:6:in `current_user'
  [1m[36mCACHE User Load (0.0ms)[0m  [1m[34mSELECT "users".* FROM "users" WHERE "users"."id" = ? LIMIT ?[0m  [["id", 56], ["LIMIT", 1]]
  ↳ app/controllers/application_controller.rb:6:in `current_user'
  [1m[36mCACHE User Load (0.0ms)[0m  [1m[34mSELECT "users".* FROM "users" WHERE "users"."id" = ? LIMIT ?[0m  [["id", 56], ["LIMIT", 1]]
  ↳ app/controllers/application_controller.rb:6:in `current_user'
Completed 500 Internal Server Error in 27ms (ActiveRecord: 0.2ms | Allocations: 4541)


  
NoMethodError (undefined method `user?' for #<User:0x00007ff992fa9518>):
  
app/controllers/recipes_controller.rb:60:in `require_admin'
Started GET "/recipes/new" for ::1 at 2019-10-24 08:46:50 -0500
  [1m[35m (0.2ms)[0m  [1m[34mSELECT sqlite_version(*)[0m
Processing by RecipesController#new as HTML
  [1m[36mUser Load (0.4ms)[0m  [1m[34mSELECT "users".* FROM "users" WHERE "users"."id" = ? LIMIT ?[0m  [["id", 56], ["LIMIT", 1]]
  ↳ app/controllers/application_controller.rb:6:in `current_user'
  [1m[36mCACHE User Load (0.0ms)[0m  [1m[34mSELECT "users".* FROM "users" WHERE "users"."id" = ? LIMIT ?[0m  [["id", 56], ["LIMIT", 1]]
  ↳ app/controllers/application_controller.rb:6:in `current_user'
  [1m[36mCACHE User Load (0.0ms)[0m  [1m[34mSELECT "users".* FROM "users" WHERE "users"."id" = ? LIMIT ?[0m  [["id", 56], ["LIMIT", 1]]
  ↳ app/controllers/application_controller.rb:6:in `current_user'
Redirected to http://localhost:3000/recipes
Filter chain halted as :require_admin rendered or redirected
Completed 302 Found in 44ms (ActiveRecord: 1.9ms | Allocations: 6911)


Started GET "/recipes" for ::1 at 2019-10-24 08:46:50 -0500
Processing by RecipesController#index as HTML
  [1m[36mUser Load (0.2ms)[0m  [1m[34mSELECT "users".* FROM "users" WHERE "users"."id" = ? LIMIT ?[0m  [["id", 56], ["LIMIT", 1]]
  ↳ app/controllers/application_controller.rb:6:in `current_user'
  Rendering recipes/index.html.erb within layouts/application
  [1m[36mRecipe Load (0.2ms)[0m  [1m[34mSELECT "recipes".* FROM "recipes"[0m
  ↳ app/views/recipes/index.html.erb:3
  Rendered recipes/index.html.erb within layouts/application (Duration: 7.1ms | Allocations: 4901)
Completed 200 OK in 17ms (Views: 7.3ms | ActiveRecord: 0.9ms | Allocations: 9617)


Started GET "/users/56" for ::1 at 2019-10-24 08:46:51 -0500
Processing by UsersController#show as HTML
  Parameters: {"id"=>"56"}
  [1m[36mUser Load (0.9ms)[0m  [1m[34mSELECT "users".* FROM "users" WHERE "users"."id" = ? LIMIT ?[0m  [["id", 56], ["LIMIT", 1]]
  ↳ app/controllers/application_controller.rb:6:in `current_user'
  [1m[36mCACHE User Load (0.1ms)[0m  [1m[34mSELECT "users".* FROM "users" WHERE "users"."id" = ? LIMIT ?[0m  [["id", 56], ["LIMIT", 1]]
  ↳ app/controllers/users_controller.rb:22:in `show'
  Rendering users/show.html.erb within layouts/application
  Rendered users/show.html.erb within layouts/application (Duration: 1.1ms | Allocations: 261)
Completed 200 OK in 13ms (Views: 2.4ms | ActiveRecord: 1.0ms | Allocations: 2053)


Started GET "/recipes/new" for ::1 at 2019-10-24 08:46:52 -0500
Processing by RecipesController#new as HTML
  [1m[36mUser Load (0.3ms)[0m  [1m[34mSELECT "users".* FROM "users" WHERE "users"."id" = ? LIMIT ?[0m  [["id", 56], ["LIMIT", 1]]
  ↳ app/controllers/application_controller.rb:6:in `current_user'
  [1m[36mCACHE User Load (0.0ms)[0m  [1m[34mSELECT "users".* FROM "users" WHERE "users"."id" = ? LIMIT ?[0m  [["id", 56], ["LIMIT", 1]]
  ↳ app/controllers/application_controller.rb:6:in `current_user'
  [1m[36mCACHE User Load (0.1ms)[0m  [1m[34mSELECT "users".* FROM "users" WHERE "users"."id" = ? LIMIT ?[0m  [["id", 56], ["LIMIT", 1]]
  ↳ app/controllers/application_controller.rb:6:in `current_user'
Redirected to http://localhost:3000/recipes
Filter chain halted as :require_admin rendered or redirected
Completed 302 Found in 8ms (ActiveRecord: 0.4ms | Allocations: 1918)


Started GET "/recipes" for ::1 at 2019-10-24 08:46:52 -0500
Processing by RecipesController#index as HTML
  [1m[36mUser Load (0.2ms)[0m  [1m[34mSELECT "users".* FROM "users" WHERE "users"."id" = ? LIMIT ?[0m  [["id", 56], ["LIMIT", 1]]
  ↳ app/controllers/application_controller.rb:6:in `current_user'
  Rendering recipes/index.html.erb within layouts/application
  [1m[36mRecipe Load (0.1ms)[0m  [1m[34mSELECT "recipes".* FROM "recipes"[0m
  ↳ app/views/recipes/index.html.erb:3
  Rendered recipes/index.html.erb within layouts/application (Duration: 1.9ms | Allocations: 677)
Completed 200 OK in 6ms (Views: 4.0ms | ActiveRecord: 0.3ms | Allocations: 1839)


Started GET "/users/56" for ::1 at 2019-10-24 08:46:53 -0500
Processing by UsersController#show as HTML
  Parameters: {"id"=>"56"}
  [1m[36mUser Load (0.2ms)[0m  [1m[34mSELECT "users".* FROM "users" WHERE "users"."id" = ? LIMIT ?[0m  [["id", 56], ["LIMIT", 1]]
  ↳ app/controllers/application_controller.rb:6:in `current_user'
  [1m[36mCACHE User Load (0.0ms)[0m  [1m[34mSELECT "users".* FROM "users" WHERE "users"."id" = ? LIMIT ?[0m  [["id", 56], ["LIMIT", 1]]
  ↳ app/controllers/users_controller.rb:22:in `show'
  Rendering users/show.html.erb within layouts/application
  Rendered users/show.html.erb within layouts/application (Duration: 1.2ms | Allocations: 250)
Completed 200 OK in 7ms (Views: 2.7ms | ActiveRecord: 0.2ms | Allocations: 1843)


Started GET "/recipes/new" for ::1 at 2019-10-24 08:46:54 -0500
Processing by RecipesController#new as HTML
  [1m[36mUser Load (0.2ms)[0m  [1m[34mSELECT "users".* FROM "users" WHERE "users"."id" = ? LIMIT ?[0m  [["id", 56], ["LIMIT", 1]]
  ↳ app/controllers/application_controller.rb:6:in `current_user'
  [1m[36mCACHE User Load (0.0ms)[0m  [1m[34mSELECT "users".* FROM "users" WHERE "users"."id" = ? LIMIT ?[0m  [["id", 56], ["LIMIT", 1]]
  ↳ app/controllers/application_controller.rb:6:in `current_user'
  [1m[36mCACHE User Load (0.0ms)[0m  [1m[34mSELECT "users".* FROM "users" WHERE "users"."id" = ? LIMIT ?[0m  [["id", 56], ["LIMIT", 1]]
  ↳ app/controllers/application_controller.rb:6:in `current_user'
Redirected to http://localhost:3000/recipes
Filter chain halted as :require_admin rendered or redirected
Completed 302 Found in 7ms (ActiveRecord: 0.3ms | Allocations: 1918)


Started GET "/recipes" for ::1 at 2019-10-24 08:46:54 -0500
Processing by RecipesController#index as HTML
  [1m[36mUser Load (0.1ms)[0m  [1m[34mSELECT "users".* FROM "users" WHERE "users"."id" = ? LIMIT ?[0m  [["id", 56], ["LIMIT", 1]]
  ↳ app/controllers/application_controller.rb:6:in `current_user'
  Rendering recipes/index.html.erb within layouts/application
  [1m[36mRecipe Load (0.1ms)[0m  [1m[34mSELECT "recipes".* FROM "recipes"[0m
  ↳ app/views/recipes/index.html.erb:3
  Rendered recipes/index.html.erb within layouts/application (Duration: 1.4ms | Allocations: 676)
Completed 200 OK in 4ms (Views: 1.9ms | ActiveRecord: 0.3ms | Allocations: 1834)


Started GET "/recipes" for ::1 at 2019-10-24 08:47:02 -0500
  [1m[35m (0.1ms)[0m  [1m[34mSELECT sqlite_version(*)[0m
Processing by RecipesController#index as HTML
  [1m[36mUser Load (0.1ms)[0m  [1m[34mSELECT "users".* FROM "users" WHERE "users"."id" = ? LIMIT ?[0m  [["id", 56], ["LIMIT", 1]]
  ↳ app/controllers/application_controller.rb:6:in `current_user'
  Rendering recipes/index.html.erb within layouts/application
  [1m[36mRecipe Load (0.5ms)[0m  [1m[34mSELECT "recipes".* FROM "recipes"[0m
  ↳ app/views/recipes/index.html.erb:3
  Rendered recipes/index.html.erb within layouts/application (Duration: 11.5ms | Allocations: 4902)
Completed 200 OK in 30ms (Views: 11.1ms | ActiveRecord: 2.6ms | Allocations: 14521)


Started GET "/users/56" for ::1 at 2019-10-24 08:47:03 -0500
Processing by UsersController#show as HTML
  Parameters: {"id"=>"56"}
  [1m[36mUser Load (0.2ms)[0m  [1m[34mSELECT "users".* FROM "users" WHERE "users"."id" = ? LIMIT ?[0m  [["id", 56], ["LIMIT", 1]]
  ↳ app/controllers/application_controller.rb:6:in `current_user'
  [1m[36mCACHE User Load (0.0ms)[0m  [1m[34mSELECT "users".* FROM "users" WHERE "users"."id" = ? LIMIT ?[0m  [["id", 56], ["LIMIT", 1]]
  ↳ app/controllers/users_controller.rb:22:in `show'
  Rendering users/show.html.erb within layouts/application
  Rendered users/show.html.erb within layouts/application (Duration: 1.0ms | Allocations: 261)
Completed 200 OK in 6ms (Views: 2.3ms | ActiveRecord: 0.2ms | Allocations: 2048)


Started GET "/recipes/new" for ::1 at 2019-10-24 08:47:04 -0500
Processing by RecipesController#new as HTML
  [1m[36mUser Load (0.2ms)[0m  [1m[34mSELECT "users".* FROM "users" WHERE "users"."id" = ? LIMIT ?[0m  [["id", 56], ["LIMIT", 1]]
  ↳ app/controllers/application_controller.rb:6:in `current_user'
  [1m[36mCACHE User Load (0.0ms)[0m  [1m[34mSELECT "users".* FROM "users" WHERE "users"."id" = ? LIMIT ?[0m  [["id", 56], ["LIMIT", 1]]
  ↳ app/controllers/application_controller.rb:6:in `current_user'
  [1m[36mCACHE User Load (0.0ms)[0m  [1m[34mSELECT "users".* FROM "users" WHERE "users"."id" = ? LIMIT ?[0m  [["id", 56], ["LIMIT", 1]]
  ↳ app/controllers/application_controller.rb:6:in `current_user'
  Rendering recipes/new.html.erb within layouts/application
  [1m[36mUtensil Load (0.3ms)[0m  [1m[34mSELECT "utensils".* FROM "utensils"[0m
  ↳ app/views/recipes/_form.html.erb:19
  Rendered recipes/_form.html.erb (Duration: 16.3ms | Allocations: 5288)
  Rendered recipes/new.html.erb within layouts/application (Duration: 17.9ms | Allocations: 5581)
Completed 200 OK in 37ms (Views: 17.7ms | ActiveRecord: 1.8ms | Allocations: 9212)


Started GET "/recipes" for ::1 at 2019-10-24 08:47:07 -0500
Processing by RecipesController#index as HTML
  [1m[36mUser Load (0.2ms)[0m  [1m[34mSELECT "users".* FROM "users" WHERE "users"."id" = ? LIMIT ?[0m  [["id", 56], ["LIMIT", 1]]
  ↳ app/controllers/application_controller.rb:6:in `current_user'
  Rendering recipes/index.html.erb within layouts/application
  [1m[36mRecipe Load (0.2ms)[0m  [1m[34mSELECT "recipes".* FROM "recipes"[0m
  ↳ app/views/recipes/index.html.erb:3
  Rendered recipes/index.html.erb within layouts/application (Duration: 2.0ms | Allocations: 678)
Completed 200 OK in 5ms (Views: 2.8ms | ActiveRecord: 0.3ms | Allocations: 1827)


Started GET "/recipes/new" for ::1 at 2019-10-24 08:47:11 -0500
Processing by RecipesController#new as HTML
  [1m[36mUser Load (0.2ms)[0m  [1m[34mSELECT "users".* FROM "users" WHERE "users"."id" = ? LIMIT ?[0m  [["id", 56], ["LIMIT", 1]]
  ↳ app/controllers/application_controller.rb:6:in `current_user'
  [1m[36mCACHE User Load (0.1ms)[0m  [1m[34mSELECT "users".* FROM "users" WHERE "users"."id" = ? LIMIT ?[0m  [["id", 56], ["LIMIT", 1]]
  ↳ app/controllers/application_controller.rb:6:in `current_user'
  [1m[36mCACHE User Load (0.1ms)[0m  [1m[34mSELECT "users".* FROM "users" WHERE "users"."id" = ? LIMIT ?[0m  [["id", 56], ["LIMIT", 1]]
  ↳ app/controllers/application_controller.rb:6:in `current_user'
  Rendering recipes/new.html.erb within layouts/application
  [1m[36mUtensil Load (0.2ms)[0m  [1m[34mSELECT "utensils".* FROM "utensils"[0m
  ↳ app/views/recipes/_form.html.erb:19
  Rendered recipes/_form.html.erb (Duration: 4.6ms | Allocations: 1899)
  Rendered recipes/new.html.erb within layouts/application (Duration: 5.0ms | Allocations: 1962)
Completed 200 OK in 17ms (Views: 6.2ms | ActiveRecord: 0.5ms | Allocations: 4080)


Started POST "/recipes" for ::1 at 2019-10-24 08:47:12 -0500
Processing by RecipesController#create as HTML
  Parameters: {"authenticity_token"=>"lI1RlZbXa48Wn8c8A3ABNpegmf1Uoj+etYET2hU/vcumASHp/tUvBHpBCBU2w+/4g813/7E/k/I5S4ubVRmfCQ==", "recipe"=>{"title"=>"", "description"=>"", "cook_time"=>"", "id"=>"56", "user_id"=>"56"}, "commit"=>"Create Recipe"}
  [1m[36mUser Load (0.2ms)[0m  [1m[34mSELECT "users".* FROM "users" WHERE "users"."id" = ? LIMIT ?[0m  [["id", 56], ["LIMIT", 1]]
  ↳ app/controllers/application_controller.rb:6:in `current_user'
  [1m[36mCACHE User Load (0.0ms)[0m  [1m[34mSELECT "users".* FROM "users" WHERE "users"."id" = ? LIMIT ?[0m  [["id", 56], ["LIMIT", 1]]
  ↳ app/controllers/application_controller.rb:6:in `current_user'
  [1m[36mCACHE User Load (0.0ms)[0m  [1m[34mSELECT "users".* FROM "users" WHERE "users"."id" = ? LIMIT ?[0m  [["id", 56], ["LIMIT", 1]]
  ↳ app/controllers/application_controller.rb:6:in `current_user'
[31mUnpermitted parameter: :id[0m
  [1m[36mCACHE User Load (0.0ms)[0m  [1m[34mSELECT "users".* FROM "users" WHERE "users"."id" = ? LIMIT ?[0m  [["id", 56], ["LIMIT", 1]]
  ↳ app/controllers/recipes_controller.rb:28:in `create'
Completed 500 Internal Server Error in 17ms (ActiveRecord: 0.3ms | Allocations: 6325)


  
ActionController::UrlGenerationError (No route matches {:action=>"show", :controller=>"recipes", :id=>nil}, missing required keys: [:id]):
  
app/controllers/recipes_controller.rb:29:in `create'
Started GET "/recipes" for ::1 at 2019-10-24 08:47:20 -0500
Processing by RecipesController#index as HTML
  [1m[36mUser Load (0.2ms)[0m  [1m[34mSELECT "users".* FROM "users" WHERE "users"."id" = ? LIMIT ?[0m  [["id", 56], ["LIMIT", 1]]
  ↳ app/controllers/application_controller.rb:6:in `current_user'
  Rendering recipes/index.html.erb within layouts/application
  [1m[36mRecipe Load (0.2ms)[0m  [1m[34mSELECT "recipes".* FROM "recipes"[0m
  ↳ app/views/recipes/index.html.erb:3
  Rendered recipes/index.html.erb within layouts/application (Duration: 2.2ms | Allocations: 676)
Completed 200 OK in 6ms (Views: 3.5ms | ActiveRecord: 0.4ms | Allocations: 1830)


Started GET "/recipes/39" for ::1 at 2019-10-24 08:47:21 -0500
Processing by RecipesController#show as HTML
  Parameters: {"id"=>"39"}
  [1m[36mUser Load (0.1ms)[0m  [1m[34mSELECT "users".* FROM "users" WHERE "users"."id" = ? LIMIT ?[0m  [["id", 56], ["LIMIT", 1]]
  ↳ app/controllers/application_controller.rb:6:in `current_user'
  [1m[36mRecipe Load (0.2ms)[0m  [1m[34mSELECT "recipes".* FROM "recipes" WHERE "recipes"."id" = ? LIMIT ?[0m  [["id", 39], ["LIMIT", 1]]
  ↳ app/controllers/recipes_controller.rb:52:in `current_recipe'
  [1m[36mReview Load (0.9ms)[0m  [1m[34mSELECT "reviews".* FROM "reviews" WHERE "reviews"."recipe_id" = ?[0m  [["recipe_id", 39]]
  ↳ app/controllers/recipes_controller.rb:13:in `show'
  [1m[35m (0.2ms)[0m  [1m[34mSELECT COUNT(*) FROM "reviews" WHERE "reviews"."recipe_id" = ?[0m  [["recipe_id", 39]]
  ↳ app/controllers/recipes_controller.rb:16:in `show'
  Rendering recipes/show.html.erb within layouts/application
  [1m[36mUser Load (0.1ms)[0m  [1m[34mSELECT "users".* FROM "users" WHERE "users"."id" = ? LIMIT ?[0m  [["id", 55], ["LIMIT", 1]]
  ↳ app/views/recipes/show.html.erb:4
  [1m[36mUtensil Load (0.4ms)[0m  [1m[34mSELECT "utensils".* FROM "utensils" INNER JOIN "recipe_utensils" ON "utensils"."id" = "recipe_utensils"."utensil_id" WHERE "recipe_utensils"."recipe_id" = ?[0m  [["recipe_id", 39]]
  ↳ app/views/recipes/show.html.erb:8
  [1m[36mIngredient Load (0.2ms)[0m  [1m[34mSELECT "ingredients".* FROM "ingredients" INNER JOIN "recipe_ingredients" ON "ingredients"."id" = "recipe_ingredients"."ingredient_id" WHERE "recipe_ingredients"."recipe_id" = ?[0m  [["recipe_id", 39]]
  ↳ app/views/recipes/show.html.erb:13
  Rendered recipes/show.html.erb within layouts/application (Duration: 31.6ms | Allocations: 14715)
Completed 200 OK in 66ms (Views: 29.6ms | ActiveRecord: 5.7ms | Allocations: 27033)


Started GET "/recipes/39/edit" for ::1 at 2019-10-24 08:47:23 -0500
Processing by RecipesController#edit as HTML
  Parameters: {"id"=>"39"}
  [1m[36mUser Load (0.2ms)[0m  [1m[34mSELECT "users".* FROM "users" WHERE "users"."id" = ? LIMIT ?[0m  [["id", 56], ["LIMIT", 1]]
  ↳ app/controllers/application_controller.rb:6:in `current_user'
  [1m[36mRecipe Load (0.2ms)[0m  [1m[34mSELECT "recipes".* FROM "recipes" WHERE "recipes"."id" = ? LIMIT ?[0m  [["id", 39], ["LIMIT", 1]]
  ↳ app/controllers/recipes_controller.rb:52:in `current_recipe'
  [1m[36mCACHE User Load (0.0ms)[0m  [1m[34mSELECT "users".* FROM "users" WHERE "users"."id" = ? LIMIT ?[0m  [["id", 56], ["LIMIT", 1]]
  ↳ app/controllers/application_controller.rb:6:in `current_user'
  [1m[36mCACHE User Load (0.0ms)[0m  [1m[34mSELECT "users".* FROM "users" WHERE "users"."id" = ? LIMIT ?[0m  [["id", 56], ["LIMIT", 1]]
  ↳ app/controllers/application_controller.rb:6:in `current_user'
  Rendering recipes/edit.html.erb within layouts/application
  [1m[36mUtensil Load (0.2ms)[0m  [1m[34mSELECT "utensils".* FROM "utensils"[0m
  ↳ app/views/recipes/_form.html.erb:19
  Rendered recipes/_form.html.erb (Duration: 3.4ms | Allocations: 1971)
  Rendered recipes/edit.html.erb within layouts/application (Duration: 4.4ms | Allocations: 2119)
Completed 200 OK in 12ms (Views: 5.0ms | ActiveRecord: 0.6ms | Allocations: 4869)


Started PATCH "/recipes/39" for ::1 at 2019-10-24 08:47:27 -0500
Processing by RecipesController#update as HTML
  Parameters: {"authenticity_token"=>"/2KdhzQLsuIg+KY9f0SJ0D6JlhIi6w+jJ9U8cHT9bjzq6ErExBxzwbxMMclZKlTGLYtxD3/vTpm8xQ0mv0YNOg==", "recipe"=>{"title"=>"Pasta", "description"=>"throw it in the pot", "cook_time"=>"6", "id"=>"56", "user_id"=>"56"}, "commit"=>"Update Recipe", "id"=>"39"}
  [1m[36mUser Load (0.2ms)[0m  [1m[34mSELECT "users".* FROM "users" WHERE "users"."id" = ? LIMIT ?[0m  [["id", 56], ["LIMIT", 1]]
  ↳ app/controllers/application_controller.rb:6:in `current_user'
  [1m[36mRecipe Load (0.2ms)[0m  [1m[34mSELECT "recipes".* FROM "recipes" WHERE "recipes"."id" = ? LIMIT ?[0m  [["id", 39], ["LIMIT", 1]]
  ↳ app/controllers/recipes_controller.rb:52:in `current_recipe'
  [1m[36mCACHE User Load (0.0ms)[0m  [1m[34mSELECT "users".* FROM "users" WHERE "users"."id" = ? LIMIT ?[0m  [["id", 56], ["LIMIT", 1]]
  ↳ app/controllers/application_controller.rb:6:in `current_user'
  [1m[36mCACHE User Load (0.0ms)[0m  [1m[34mSELECT "users".* FROM "users" WHERE "users"."id" = ? LIMIT ?[0m  [["id", 56], ["LIMIT", 1]]
  ↳ app/controllers/application_controller.rb:6:in `current_user'
[31mUnpermitted parameter: :id[0m
  [1m[36mCACHE User Load (0.0ms)[0m  [1m[34mSELECT "users".* FROM "users" WHERE "users"."id" = ? LIMIT ?[0m  [["id", 56], ["LIMIT", 1]]
  ↳ app/controllers/recipes_controller.rb:40:in `update'
  [1m[35m (0.1ms)[0m  [1m[36mbegin transaction[0m
  ↳ app/controllers/recipes_controller.rb:40:in `update'
  [1m[36mRecipe Update (0.5ms)[0m  [1m[33mUPDATE "recipes" SET "user_id" = ?, "cook_time" = ?, "updated_at" = ? WHERE "recipes"."id" = ?[0m  [["user_id", 56], ["cook_time", 6], ["updated_at", "2019-10-24 13:47:27.087490"], ["id", 39]]
  ↳ app/controllers/recipes_controller.rb:40:in `update'
  [1m[35m (8.4ms)[0m  [1m[36mcommit transaction[0m
  ↳ app/controllers/recipes_controller.rb:40:in `update'
Redirected to http://localhost:3000/recipes/39
Completed 302 Found in 21ms (ActiveRecord: 9.4ms | Allocations: 5963)


Started GET "/recipes/39" for ::1 at 2019-10-24 08:47:27 -0500
Processing by RecipesController#show as HTML
  Parameters: {"id"=>"39"}
  [1m[36mUser Load (0.2ms)[0m  [1m[34mSELECT "users".* FROM "users" WHERE "users"."id" = ? LIMIT ?[0m  [["id", 56], ["LIMIT", 1]]
  ↳ app/controllers/application_controller.rb:6:in `current_user'
  [1m[36mRecipe Load (0.3ms)[0m  [1m[34mSELECT "recipes".* FROM "recipes" WHERE "recipes"."id" = ? LIMIT ?[0m  [["id", 39], ["LIMIT", 1]]
  ↳ app/controllers/recipes_controller.rb:52:in `current_recipe'
  [1m[36mReview Load (0.2ms)[0m  [1m[34mSELECT "reviews".* FROM "reviews" WHERE "reviews"."recipe_id" = ?[0m  [["recipe_id", 39]]
  ↳ app/controllers/recipes_controller.rb:13:in `show'
  [1m[35m (0.2ms)[0m  [1m[34mSELECT COUNT(*) FROM "reviews" WHERE "reviews"."recipe_id" = ?[0m  [["recipe_id", 39]]
  ↳ app/controllers/recipes_controller.rb:16:in `show'
  Rendering recipes/show.html.erb within layouts/application
  [1m[36mCACHE User Load (0.0ms)[0m  [1m[34mSELECT "users".* FROM "users" WHERE "users"."id" = ? LIMIT ?[0m  [["id", 56], ["LIMIT", 1]]
  ↳ app/views/recipes/show.html.erb:4
  [1m[36mUtensil Load (0.2ms)[0m  [1m[34mSELECT "utensils".* FROM "utensils" INNER JOIN "recipe_utensils" ON "utensils"."id" = "recipe_utensils"."utensil_id" WHERE "recipe_utensils"."recipe_id" = ?[0m  [["recipe_id", 39]]
  ↳ app/views/recipes/show.html.erb:8
  [1m[36mIngredient Load (0.2ms)[0m  [1m[34mSELECT "ingredients".* FROM "ingredients" INNER JOIN "recipe_ingredients" ON "ingredients"."id" = "recipe_ingredients"."ingredient_id" WHERE "recipe_ingredients"."recipe_id" = ?[0m  [["recipe_id", 39]]
  ↳ app/views/recipes/show.html.erb:13
  Rendered recipes/show.html.erb within layouts/application (Duration: 5.7ms | Allocations: 2636)
Completed 200 OK in 15ms (Views: 5.9ms | ActiveRecord: 1.3ms | Allocations: 5548)


