Started GET "/recipes" for ::1 at 2019-10-24 15:49:18 -0500
  [1m[35m (2.7ms)[0m  [1m[34mSELECT sqlite_version(*)[0m
  [1m[35m (0.6ms)[0m  [1m[34mSELECT "schema_migrations"."version" FROM "schema_migrations" ORDER BY "schema_migrations"."version" ASC[0m
Processing by RecipesController#index as HTML
  [1m[36mUser Load (0.8ms)[0m  [1m[34mSELECT "users".* FROM "users" WHERE "users"."id" = ? LIMIT ?[0m  [["id", 2], ["LIMIT", 1]]
  ↳ app/controllers/application_controller.rb:6:in `current_user'
Started GET "/recipes/2/edit" for ::1 at 2019-10-24 15:49:18 -0500
Completed 500 Internal Server Error in 153ms (ActiveRecord: 1.8ms | Allocations: 11540)


  [1m[35m (0.2ms)[0m  [1m[34mSELECT sqlite_version(*)[0m
  
ArgumentError (Unknown validator: 'PresenseValidator'):
  
app/models/recipe.rb:15:in `<class:Recipe>'
app/models/recipe.rb:1:in `<main>'
app/controllers/recipes_controller.rb:6:in `index'
Processing by RecipesController#edit as HTML
  Parameters: {"id"=>"2"}
  [1m[36mUser Load (0.4ms)[0m  [1m[34mSELECT "users".* FROM "users" WHERE "users"."id" = ? LIMIT ?[0m  [["id", 2], ["LIMIT", 1]]
  ↳ app/controllers/application_controller.rb:6:in `current_user'
  [1m[36mRecipe Load (4.7ms)[0m  [1m[34mSELECT "recipes".* FROM "recipes" WHERE "recipes"."id" = ? LIMIT ?[0m  [["id", 2], ["LIMIT", 1]]
  ↳ app/controllers/recipes_controller.rb:110:in `current_recipe'
  Rendering recipes/edit.html.erb within layouts/application
  [1m[36mIngredient Load (0.9ms)[0m  [1m[34mSELECT "ingredients".* FROM "ingredients" INNER JOIN "recipe_ingredients" ON "ingredients"."id" = "recipe_ingredients"."ingredient_id" WHERE "recipe_ingredients"."recipe_id" = ?[0m  [["recipe_id", 2]]
  ↳ app/views/recipes/_form.html.erb:21
  [1m[36mUtensil Load (5.1ms)[0m  [1m[34mSELECT "utensils".* FROM "utensils" INNER JOIN "recipe_utensils" ON "utensils"."id" = "recipe_utensils"."utensil_id" WHERE "recipe_utensils"."recipe_id" = ?[0m  [["recipe_id", 2]]
  ↳ app/views/recipes/_form.html.erb:39
  Rendered recipes/_form.html.erb (Duration: 123.7ms | Allocations: 27374)
  Rendered recipes/edit.html.erb within layouts/application (Duration: 132.5ms | Allocations: 27938)
Completed 200 OK in 274ms (Views: 133.6ms | ActiveRecord: 15.9ms | Allocations: 38346)


Started GET "/recipes" for ::1 at 2019-10-24 15:49:26 -0500
Processing by RecipesController#index as HTML
  [1m[36mUser Load (0.2ms)[0m  [1m[34mSELECT "users".* FROM "users" WHERE "users"."id" = ? LIMIT ?[0m  [["id", 2], ["LIMIT", 1]]
  ↳ app/controllers/application_controller.rb:6:in `current_user'
  Rendering recipes/index.html.erb within layouts/application
  [1m[36mRecipe Load (0.6ms)[0m  [1m[34mSELECT "recipes".* FROM "recipes"[0m
  ↳ app/views/recipes/index.html.erb:3
  Rendered recipes/index.html.erb within layouts/application (Duration: 3.6ms | Allocations: 946)
Completed 200 OK in 9ms (Views: 4.0ms | ActiveRecord: 0.8ms | Allocations: 2253)


Started GET "/recipes/new" for ::1 at 2019-10-24 15:49:28 -0500
Processing by RecipesController#new as HTML
  [1m[36mUser Load (0.2ms)[0m  [1m[34mSELECT "users".* FROM "users" WHERE "users"."id" = ? LIMIT ?[0m  [["id", 2], ["LIMIT", 1]]
  ↳ app/controllers/application_controller.rb:6:in `current_user'
  Rendering recipes/new.html.erb within layouts/application
  Rendered recipes/_form.html.erb (Duration: 2.4ms | Allocations: 1345)
  Rendered recipes/new.html.erb within layouts/application (Duration: 3.7ms | Allocations: 1494)
Completed 200 OK in 8ms (Views: 4.5ms | ActiveRecord: 0.2ms | Allocations: 2822)


Started POST "/recipes" for ::1 at 2019-10-24 15:49:34 -0500
Processing by RecipesController#create as HTML
  Parameters: {"authenticity_token"=>"bI2oxk3JJPXmga/NWbf3cYxpJvgYv6TKpHHJ76fHfjM4gqZCVyTkvrETneqpn4nCQMd6s00B0CW8muTndXxr3Q==", "recipe"=>{"title"=>"Bread", "description"=>"", "cook_time"=>"", "user_id"=>"2"}, "commit"=>"Create Recipe"}
  [1m[36mUser Load (0.1ms)[0m  [1m[34mSELECT "users".* FROM "users" WHERE "users"."id" = ? LIMIT ?[0m  [["id", 2], ["LIMIT", 1]]
  ↳ app/controllers/application_controller.rb:6:in `current_user'
  [1m[36mCACHE User Load (0.0ms)[0m  [1m[34mSELECT "users".* FROM "users" WHERE "users"."id" = ? LIMIT ?[0m  [["id", 2], ["LIMIT", 1]]
  ↳ app/controllers/recipes_controller.rb:27:in `create'
  [1m[36mRecipe Exists? (0.2ms)[0m  [1m[34mSELECT 1 AS one FROM "recipes" WHERE LOWER("recipes"."title") = LOWER(?) LIMIT ?[0m  [["title", "Bread"], ["LIMIT", 1]]
  ↳ app/controllers/recipes_controller.rb:27:in `create'
  Rendering recipes/new.html.erb within layouts/application
  Rendered recipes/_form.html.erb (Duration: 2.7ms | Allocations: 1317)
  Rendered recipes/new.html.erb within layouts/application (Duration: 3.0ms | Allocations: 1380)
Completed 200 OK in 26ms (Views: 3.7ms | ActiveRecord: 0.4ms | Allocations: 5981)


Started POST "/recipes" for ::1 at 2019-10-24 15:49:48 -0500
Processing by RecipesController#create as HTML
  Parameters: {"authenticity_token"=>"DUVtfVJf+84/H4C0opgQf7KCQV1UlbnUygU5g4NyR+tZSmP5SLI7hWiNspNSsG7MfiwdFgErzTvS7hSLUclSBQ==", "recipe"=>{"title"=>"Bread", "description"=>"dsdsa", "cook_time"=>"2", "user_id"=>"2"}, "add_ingredient"=>"Add ingredient"}
  [1m[36mUser Load (0.2ms)[0m  [1m[34mSELECT "users".* FROM "users" WHERE "users"."id" = ? LIMIT ?[0m  [["id", 2], ["LIMIT", 1]]
  ↳ app/controllers/application_controller.rb:6:in `current_user'
  [1m[36mCACHE User Load (0.0ms)[0m  [1m[34mSELECT "users".* FROM "users" WHERE "users"."id" = ? LIMIT ?[0m  [["id", 2], ["LIMIT", 1]]
  ↳ app/controllers/recipes_controller.rb:27:in `create'
  [1m[36mRecipe Exists? (0.2ms)[0m  [1m[34mSELECT 1 AS one FROM "recipes" WHERE LOWER("recipes"."title") = LOWER(?) LIMIT ?[0m  [["title", "Bread"], ["LIMIT", 1]]
  ↳ app/controllers/recipes_controller.rb:27:in `create'
  Rendering recipes/new.html.erb within layouts/application
  Rendered recipes/_form.html.erb (Duration: 2.7ms | Allocations: 1314)
  Rendered recipes/new.html.erb within layouts/application (Duration: 3.2ms | Allocations: 1377)
Completed 200 OK in 13ms (Views: 4.4ms | ActiveRecord: 0.5ms | Allocations: 4778)


Started POST "/recipes" for ::1 at 2019-10-24 15:49:51 -0500
Processing by RecipesController#create as HTML
  Parameters: {"authenticity_token"=>"swKqQIIBgmqvc/pkd9GE+VNTxlPX8Lmj7krYhsc5Jy/nDaTEmOxCIfjhyEOH+fpKn/2aGIJOzUz2ofWOFYIywQ==", "recipe"=>{"title"=>"Bread", "description"=>"dsdsa", "cook_time"=>"2", "user_id"=>"2"}, "add_ingredient"=>"Add ingredient"}
  [1m[36mUser Load (0.2ms)[0m  [1m[34mSELECT "users".* FROM "users" WHERE "users"."id" = ? LIMIT ?[0m  [["id", 2], ["LIMIT", 1]]
  ↳ app/controllers/application_controller.rb:6:in `current_user'
  [1m[36mCACHE User Load (0.0ms)[0m  [1m[34mSELECT "users".* FROM "users" WHERE "users"."id" = ? LIMIT ?[0m  [["id", 2], ["LIMIT", 1]]
  ↳ app/controllers/recipes_controller.rb:27:in `create'
  [1m[36mRecipe Exists? (0.2ms)[0m  [1m[34mSELECT 1 AS one FROM "recipes" WHERE LOWER("recipes"."title") = LOWER(?) LIMIT ?[0m  [["title", "Bread"], ["LIMIT", 1]]
  ↳ app/controllers/recipes_controller.rb:27:in `create'
  Rendering recipes/new.html.erb within layouts/application
  Rendered recipes/_form.html.erb (Duration: 2.0ms | Allocations: 1314)
  Rendered recipes/new.html.erb within layouts/application (Duration: 2.2ms | Allocations: 1377)
Completed 200 OK in 10ms (Views: 2.9ms | ActiveRecord: 0.4ms | Allocations: 4787)


Started POST "/recipes" for ::1 at 2019-10-24 15:50:00 -0500
Processing by RecipesController#create as HTML
  Parameters: {"authenticity_token"=>"sUNksKfZYeB9UcOKP6w+SHPyJ8NRPZvzkh9bRI97WgPlTGo0vTShqyrD8a3PhED7v1x7iASD7xyK9HZMXcBP7Q==", "recipe"=>{"title"=>"fred", "description"=>"dsdsa", "cook_time"=>"2", "user_id"=>"2"}, "add_ingredient"=>"Add ingredient"}
  [1m[36mUser Load (0.1ms)[0m  [1m[34mSELECT "users".* FROM "users" WHERE "users"."id" = ? LIMIT ?[0m  [["id", 2], ["LIMIT", 1]]
  ↳ app/controllers/application_controller.rb:6:in `current_user'
  [1m[36mCACHE User Load (0.0ms)[0m  [1m[34mSELECT "users".* FROM "users" WHERE "users"."id" = ? LIMIT ?[0m  [["id", 2], ["LIMIT", 1]]
  ↳ app/controllers/recipes_controller.rb:27:in `create'
  [1m[36mRecipe Exists? (0.2ms)[0m  [1m[34mSELECT 1 AS one FROM "recipes" WHERE LOWER("recipes"."title") = LOWER(?) LIMIT ?[0m  [["title", "fred"], ["LIMIT", 1]]
  ↳ app/controllers/recipes_controller.rb:27:in `create'
  Rendering recipes/new.html.erb within layouts/application
  Rendered recipes/_form.html.erb (Duration: 7.0ms | Allocations: 2037)
  Rendered recipes/new.html.erb within layouts/application (Duration: 7.8ms | Allocations: 2100)
Completed 200 OK in 53ms (Views: 30.9ms | ActiveRecord: 0.4ms | Allocations: 7728)


Started POST "/recipes" for ::1 at 2019-10-24 15:50:07 -0500
Processing by RecipesController#create as HTML
  Parameters: {"authenticity_token"=>"nEUOC9eYlOnbMX//vVkL+a95D2BWue8/VTZ8yAeUhe7ISgCPzXVUooyjTdhNcXVKY9dTKwMHm9BN3VHA1S+QAA==", "recipe"=>{"title"=>"fred", "description"=>"dsdsa", "cook_time"=>"2", "ingredients_attributes"=>{"0"=>{"quantity"=>"1", "measurement_type"=>"s", "name"=>"sas", "_destroy"=>"0"}}, "user_id"=>"2"}, "add_ingredient"=>"Add ingredient"}
  [1m[36mUser Load (0.2ms)[0m  [1m[34mSELECT "users".* FROM "users" WHERE "users"."id" = ? LIMIT ?[0m  [["id", 2], ["LIMIT", 1]]
  ↳ app/controllers/application_controller.rb:6:in `current_user'
  [1m[36mCACHE User Load (0.0ms)[0m  [1m[34mSELECT "users".* FROM "users" WHERE "users"."id" = ? LIMIT ?[0m  [["id", 2], ["LIMIT", 1]]
  ↳ app/controllers/recipes_controller.rb:27:in `create'
  [1m[36mRecipe Exists? (0.2ms)[0m  [1m[34mSELECT 1 AS one FROM "recipes" WHERE LOWER("recipes"."title") = LOWER(?) LIMIT ?[0m  [["title", "fred"], ["LIMIT", 1]]
  ↳ app/controllers/recipes_controller.rb:27:in `create'
  Rendering recipes/new.html.erb within layouts/application
  Rendered recipes/_form.html.erb (Duration: 6.6ms | Allocations: 2808)
  Rendered recipes/new.html.erb within layouts/application (Duration: 18.4ms | Allocations: 2871)
Completed 200 OK in 102ms (Views: 62.5ms | ActiveRecord: 0.4ms | Allocations: 6695)


Started POST "/recipes" for ::1 at 2019-10-24 15:50:18 -0500
Processing by RecipesController#create as HTML
  Parameters: {"authenticity_token"=>"Yl4olQS23kcXKy6/V0gBp868cSilV5nThWXt8chyLWQ2USYRHlseDEC5HJinYH8UAhItY/Dp7TydjsD5Gsk4ig==", "recipe"=>{"title"=>"Bread", "description"=>"dsdsa", "cook_time"=>"2", "ingredients_attributes"=>{"0"=>{"quantity"=>"1", "measurement_type"=>"s", "name"=>"sas", "_destroy"=>"0"}, "1"=>{"quantity"=>"2", "measurement_type"=>"ds", "name"=>"dsa", "_destroy"=>"0"}}, "user_id"=>"2"}, "commit"=>"Create Recipe"}
  [1m[36mUser Load (0.2ms)[0m  [1m[34mSELECT "users".* FROM "users" WHERE "users"."id" = ? LIMIT ?[0m  [["id", 2], ["LIMIT", 1]]
  ↳ app/controllers/application_controller.rb:6:in `current_user'
  [1m[36mCACHE User Load (0.1ms)[0m  [1m[34mSELECT "users".* FROM "users" WHERE "users"."id" = ? LIMIT ?[0m  [["id", 2], ["LIMIT", 1]]
  ↳ app/controllers/recipes_controller.rb:27:in `create'
  [1m[36mRecipe Exists? (0.2ms)[0m  [1m[34mSELECT 1 AS one FROM "recipes" WHERE LOWER("recipes"."title") = LOWER(?) LIMIT ?[0m  [["title", "Bread"], ["LIMIT", 1]]
  ↳ app/controllers/recipes_controller.rb:27:in `create'
  Rendering recipes/new.html.erb within layouts/application
  Rendered recipes/_form.html.erb (Duration: 7.1ms | Allocations: 2812)
  Rendered recipes/new.html.erb within layouts/application (Duration: 32.2ms | Allocations: 2875)
Completed 200 OK in 253ms (Views: 70.0ms | ActiveRecord: 0.5ms | Allocations: 7292)


Started POST "/recipes" for ::1 at 2019-10-24 15:50:24 -0500
Processing by RecipesController#create as HTML
  Parameters: {"authenticity_token"=>"BgkCwRzZgZH2hiicDDHPnvvxCpgBcpevrRhpDxK/pT1SBgxFBjRB2qEUGrv8GbEtN19W01TM40C180QHwASw0w==", "recipe"=>{"title"=>"fred", "description"=>"dsdsa", "cook_time"=>"2", "ingredients_attributes"=>{"0"=>{"quantity"=>"1", "measurement_type"=>"s", "name"=>"sas", "_destroy"=>"0"}, "1"=>{"quantity"=>"2", "measurement_type"=>"ds", "name"=>"dsa", "_destroy"=>"0"}}, "user_id"=>"2"}, "add_ingredient"=>"Add ingredient"}
  [1m[36mUser Load (0.2ms)[0m  [1m[34mSELECT "users".* FROM "users" WHERE "users"."id" = ? LIMIT ?[0m  [["id", 2], ["LIMIT", 1]]
  ↳ app/controllers/application_controller.rb:6:in `current_user'
  [1m[36mCACHE User Load (0.0ms)[0m  [1m[34mSELECT "users".* FROM "users" WHERE "users"."id" = ? LIMIT ?[0m  [["id", 2], ["LIMIT", 1]]
  ↳ app/controllers/recipes_controller.rb:27:in `create'
  [1m[36mRecipe Exists? (0.2ms)[0m  [1m[34mSELECT 1 AS one FROM "recipes" WHERE LOWER("recipes"."title") = LOWER(?) LIMIT ?[0m  [["title", "fred"], ["LIMIT", 1]]
  ↳ app/controllers/recipes_controller.rb:27:in `create'
  Rendering recipes/new.html.erb within layouts/application
  Rendered recipes/_form.html.erb (Duration: 6.0ms | Allocations: 3583)
  Rendered recipes/new.html.erb within layouts/application (Duration: 6.4ms | Allocations: 3647)
Completed 200 OK in 16ms (Views: 7.4ms | ActiveRecord: 0.4ms | Allocations: 7820)


Started POST "/recipes" for ::1 at 2019-10-24 15:50:33 -0500
Processing by RecipesController#create as HTML
  Parameters: {"authenticity_token"=>"H/rX6Wrbrs1NdXuBSj1ssaWqbhRpYrpHS++1xiya7EtL9dltcDZuhhrnSaa6FRICaQQyXzzczqhTBJjO/iH5pQ==", "recipe"=>{"title"=>"fred", "description"=>"dsdsa", "cook_time"=>"2", "ingredients_attributes"=>{"0"=>{"quantity"=>"1", "measurement_type"=>"s", "name"=>"sas", "_destroy"=>"0"}, "1"=>{"quantity"=>"2", "measurement_type"=>"ds", "name"=>"dsa", "_destroy"=>"0"}, "2"=>{"quantity"=>"1", "measurement_type"=>"das", "name"=>"ds", "_destroy"=>"0"}}, "user_id"=>"2"}, "add_utensil"=>"Add Utensil"}
  [1m[36mUser Load (0.6ms)[0m  [1m[34mSELECT "users".* FROM "users" WHERE "users"."id" = ? LIMIT ?[0m  [["id", 2], ["LIMIT", 1]]
  ↳ app/controllers/application_controller.rb:6:in `current_user'
  [1m[36mCACHE User Load (0.0ms)[0m  [1m[34mSELECT "users".* FROM "users" WHERE "users"."id" = ? LIMIT ?[0m  [["id", 2], ["LIMIT", 1]]
  ↳ app/controllers/recipes_controller.rb:27:in `create'
  [1m[36mRecipe Exists? (0.3ms)[0m  [1m[34mSELECT 1 AS one FROM "recipes" WHERE LOWER("recipes"."title") = LOWER(?) LIMIT ?[0m  [["title", "fred"], ["LIMIT", 1]]
  ↳ app/controllers/recipes_controller.rb:27:in `create'
  Rendering recipes/new.html.erb within layouts/application
  Rendered recipes/_form.html.erb (Duration: 7.9ms | Allocations: 3878)
  Rendered recipes/new.html.erb within layouts/application (Duration: 8.2ms | Allocations: 3941)
Completed 200 OK in 24ms (Views: 9.0ms | ActiveRecord: 0.8ms | Allocations: 8678)


Started POST "/recipes" for ::1 at 2019-10-24 15:50:37 -0500
Processing by RecipesController#create as HTML
  Parameters: {"authenticity_token"=>"a/hO0qDdfwPwKP0e8mEb3OvmOmHSA5CHfQ4RHUHtgyg/90BWujC/SKe6zzkCSWVvJ0hmKoe95Ghl5TwVk1aWxg==", "recipe"=>{"title"=>"fred", "description"=>"dsdsa", "cook_time"=>"2", "ingredients_attributes"=>{"0"=>{"quantity"=>"1", "measurement_type"=>"s", "name"=>"sas", "_destroy"=>"0"}, "1"=>{"quantity"=>"2", "measurement_type"=>"ds", "name"=>"dsa", "_destroy"=>"0"}, "2"=>{"quantity"=>"1", "measurement_type"=>"das", "name"=>"ds", "_destroy"=>"0"}}, "utensils_attributes"=>{"0"=>{"name"=>"", "_destroy"=>"0"}}, "user_id"=>"2"}, "add_ingredient"=>"Add ingredient"}
  [1m[36mUser Load (0.1ms)[0m  [1m[34mSELECT "users".* FROM "users" WHERE "users"."id" = ? LIMIT ?[0m  [["id", 2], ["LIMIT", 1]]
  ↳ app/controllers/application_controller.rb:6:in `current_user'
  [1m[36mCACHE User Load (0.0ms)[0m  [1m[34mSELECT "users".* FROM "users" WHERE "users"."id" = ? LIMIT ?[0m  [["id", 2], ["LIMIT", 1]]
  ↳ app/controllers/recipes_controller.rb:27:in `create'
  [1m[36mRecipe Exists? (0.3ms)[0m  [1m[34mSELECT 1 AS one FROM "recipes" WHERE LOWER("recipes"."title") = LOWER(?) LIMIT ?[0m  [["title", "fred"], ["LIMIT", 1]]
  ↳ app/controllers/recipes_controller.rb:27:in `create'
  Rendering recipes/new.html.erb within layouts/application
  Rendered recipes/_form.html.erb (Duration: 6.4ms | Allocations: 3874)
  Rendered recipes/new.html.erb within layouts/application (Duration: 6.9ms | Allocations: 3937)
Completed 200 OK in 19ms (Views: 8.7ms | ActiveRecord: 0.5ms | Allocations: 9520)


Started POST "/recipes" for ::1 at 2019-10-24 15:50:46 -0500
Processing by RecipesController#create as HTML
  Parameters: {"authenticity_token"=>"KFKQ7nVvRRXb1u9KcssZSiX9c0Eg4UTZZ5iE9drTYB18XZ5qb4KFXoxE3W2C42f56VMvCnVfMDZ/c6n9CGh18w==", "recipe"=>{"title"=>"fred", "description"=>"dsdsa", "cook_time"=>"2", "ingredients_attributes"=>{"0"=>{"quantity"=>"1", "measurement_type"=>"s", "name"=>"sas", "_destroy"=>"0"}, "1"=>{"quantity"=>"2", "measurement_type"=>"ds", "name"=>"dsa", "_destroy"=>"0"}, "2"=>{"quantity"=>"1", "measurement_type"=>"das", "name"=>"ds", "_destroy"=>"0"}}, "utensils_attributes"=>{"0"=>{"name"=>"dasdas", "_destroy"=>"0"}}, "user_id"=>"2"}, "add_utensil"=>"Add Utensil"}
  [1m[36mUser Load (0.2ms)[0m  [1m[34mSELECT "users".* FROM "users" WHERE "users"."id" = ? LIMIT ?[0m  [["id", 2], ["LIMIT", 1]]
  ↳ app/controllers/application_controller.rb:6:in `current_user'
  [1m[36mCACHE User Load (0.0ms)[0m  [1m[34mSELECT "users".* FROM "users" WHERE "users"."id" = ? LIMIT ?[0m  [["id", 2], ["LIMIT", 1]]
  ↳ app/controllers/recipes_controller.rb:27:in `create'
  [1m[36mRecipe Exists? (0.4ms)[0m  [1m[34mSELECT 1 AS one FROM "recipes" WHERE LOWER("recipes"."title") = LOWER(?) LIMIT ?[0m  [["title", "fred"], ["LIMIT", 1]]
  ↳ app/controllers/recipes_controller.rb:27:in `create'
  Rendering recipes/new.html.erb within layouts/application
  Rendered recipes/_form.html.erb (Duration: 8.2ms | Allocations: 4218)
  Rendered recipes/new.html.erb within layouts/application (Duration: 8.8ms | Allocations: 4281)
Completed 200 OK in 25ms (Views: 10.3ms | ActiveRecord: 0.6ms | Allocations: 9419)


Started POST "/recipes" for ::1 at 2019-10-24 15:50:54 -0500
Processing by RecipesController#create as HTML
  Parameters: {"authenticity_token"=>"+WrpVxAoxKQIi0eo6tV3GlEth0uMQo0r6mki9hbFfMutZefTCsUE718ZdY8a/QmpnYPbANn8+cTygg/+xH5pJQ==", "recipe"=>{"title"=>"fred", "description"=>"dsdsa", "cook_time"=>"2", "ingredients_attributes"=>{"0"=>{"quantity"=>"1", "measurement_type"=>"s", "name"=>"sas", "_destroy"=>"0"}, "1"=>{"quantity"=>"2", "measurement_type"=>"ds", "name"=>"dsa", "_destroy"=>"0"}, "2"=>{"quantity"=>"1", "measurement_type"=>"das", "name"=>"ds", "_destroy"=>"0"}}, "utensils_attributes"=>{"0"=>{"name"=>"dasdas", "_destroy"=>"0"}, "1"=>{"name"=>"dssd", "_destroy"=>"0"}}, "user_id"=>"2"}, "add_utensil"=>"Add Utensil"}
  [1m[36mUser Load (0.1ms)[0m  [1m[34mSELECT "users".* FROM "users" WHERE "users"."id" = ? LIMIT ?[0m  [["id", 2], ["LIMIT", 1]]
  ↳ app/controllers/application_controller.rb:6:in `current_user'
  [1m[36mCACHE User Load (0.0ms)[0m  [1m[34mSELECT "users".* FROM "users" WHERE "users"."id" = ? LIMIT ?[0m  [["id", 2], ["LIMIT", 1]]
  ↳ app/controllers/recipes_controller.rb:27:in `create'
  [1m[36mRecipe Exists? (0.2ms)[0m  [1m[34mSELECT 1 AS one FROM "recipes" WHERE LOWER("recipes"."title") = LOWER(?) LIMIT ?[0m  [["title", "fred"], ["LIMIT", 1]]
  ↳ app/controllers/recipes_controller.rb:27:in `create'
  Rendering recipes/new.html.erb within layouts/application
  Rendered recipes/_form.html.erb (Duration: 10.4ms | Allocations: 4550)
  Rendered recipes/new.html.erb within layouts/application (Duration: 10.7ms | Allocations: 4613)
Completed 200 OK in 21ms (Views: 11.8ms | ActiveRecord: 0.4ms | Allocations: 10086)


Started POST "/recipes" for ::1 at 2019-10-24 15:50:56 -0500
Processing by RecipesController#create as HTML
  Parameters: {"authenticity_token"=>"jGZj++fPwNKhIDx5/UN232T37+Gl9Y135cOBexLYpgzYaW1//SIAmfayDl4NawhsqFmzqvBL+Zj9KKxzwGOz4g==", "recipe"=>{"title"=>"fred", "description"=>"dsdsa", "cook_time"=>"2", "ingredients_attributes"=>{"0"=>{"quantity"=>"1", "measurement_type"=>"s", "name"=>"sas", "_destroy"=>"0"}, "1"=>{"quantity"=>"2", "measurement_type"=>"ds", "name"=>"dsa", "_destroy"=>"0"}, "2"=>{"quantity"=>"1", "measurement_type"=>"das", "name"=>"ds", "_destroy"=>"0"}}, "utensils_attributes"=>{"0"=>{"name"=>"dasdas", "_destroy"=>"0"}, "1"=>{"name"=>"dssd", "_destroy"=>"0"}, "2"=>{"name"=>"", "_destroy"=>"0"}}, "user_id"=>"2"}, "add_utensil"=>"Add Utensil"}
  [1m[36mUser Load (0.2ms)[0m  [1m[34mSELECT "users".* FROM "users" WHERE "users"."id" = ? LIMIT ?[0m  [["id", 2], ["LIMIT", 1]]
  ↳ app/controllers/application_controller.rb:6:in `current_user'
  [1m[36mCACHE User Load (0.0ms)[0m  [1m[34mSELECT "users".* FROM "users" WHERE "users"."id" = ? LIMIT ?[0m  [["id", 2], ["LIMIT", 1]]
  ↳ app/controllers/recipes_controller.rb:27:in `create'
  [1m[36mRecipe Exists? (0.3ms)[0m  [1m[34mSELECT 1 AS one FROM "recipes" WHERE LOWER("recipes"."title") = LOWER(?) LIMIT ?[0m  [["title", "fred"], ["LIMIT", 1]]
  ↳ app/controllers/recipes_controller.rb:27:in `create'
  Rendering recipes/new.html.erb within layouts/application
  Rendered recipes/_form.html.erb (Duration: 7.4ms | Allocations: 4545)
  Rendered recipes/new.html.erb within layouts/application (Duration: 7.8ms | Allocations: 4608)
Completed 200 OK in 46ms (Views: 8.7ms | ActiveRecord: 0.5ms | Allocations: 10725)


Started POST "/recipes" for ::1 at 2019-10-24 15:51:05 -0500
Processing by RecipesController#create as HTML
  Parameters: {"authenticity_token"=>"lJCDfxSnQ2qqFplxuGSrDwIhlxipo02gDVrorRdPsCHAn437DkqDIf2Eq1ZITNW8zo/LU/wdOU8VscWlxfSlzw==", "recipe"=>{"title"=>"fred", "description"=>"dsdsa", "cook_time"=>"2", "ingredients_attributes"=>{"0"=>{"quantity"=>"1", "measurement_type"=>"s", "name"=>"sas", "_destroy"=>"0"}, "1"=>{"quantity"=>"2", "measurement_type"=>"ds", "name"=>"dsa", "_destroy"=>"0"}, "2"=>{"quantity"=>"1", "measurement_type"=>"das", "name"=>"ds", "_destroy"=>"0"}}, "utensils_attributes"=>{"0"=>{"name"=>"dasdas", "_destroy"=>"0"}, "1"=>{"name"=>"dssd", "_destroy"=>"0"}, "2"=>{"name"=>"", "_destroy"=>"1"}}, "user_id"=>"2"}, "add_utensil"=>"Add Utensil"}
  [1m[36mUser Load (0.2ms)[0m  [1m[34mSELECT "users".* FROM "users" WHERE "users"."id" = ? LIMIT ?[0m  [["id", 2], ["LIMIT", 1]]
  ↳ app/controllers/application_controller.rb:6:in `current_user'
  [1m[36mCACHE User Load (0.0ms)[0m  [1m[34mSELECT "users".* FROM "users" WHERE "users"."id" = ? LIMIT ?[0m  [["id", 2], ["LIMIT", 1]]
  ↳ app/controllers/recipes_controller.rb:27:in `create'
  [1m[36mRecipe Exists? (0.3ms)[0m  [1m[34mSELECT 1 AS one FROM "recipes" WHERE LOWER("recipes"."title") = LOWER(?) LIMIT ?[0m  [["title", "fred"], ["LIMIT", 1]]
  ↳ app/controllers/recipes_controller.rb:27:in `create'
  Rendering recipes/new.html.erb within layouts/application
  Rendered recipes/_form.html.erb (Duration: 12.3ms | Allocations: 4554)
  Rendered recipes/new.html.erb within layouts/application (Duration: 12.6ms | Allocations: 4617)
Completed 200 OK in 29ms (Views: 13.8ms | ActiveRecord: 0.6ms | Allocations: 10205)


Started POST "/recipes" for ::1 at 2019-10-24 15:51:11 -0500
Processing by RecipesController#create as HTML
  Parameters: {"authenticity_token"=>"Nls62ufkkcw1gqEO6DYiZOW5lVDBVLi8TBFLl96FmhViVDRe/QlRh2IQkykYHlzXKRfJG5TqzFNU+mafDD6P+w==", "recipe"=>{"title"=>"fred", "description"=>"dsdsa", "cook_time"=>"2", "ingredients_attributes"=>{"0"=>{"quantity"=>"1", "measurement_type"=>"s", "name"=>"sas", "_destroy"=>"0"}, "1"=>{"quantity"=>"2", "measurement_type"=>"ds", "name"=>"dsa", "_destroy"=>"0"}, "2"=>{"quantity"=>"1", "measurement_type"=>"das", "name"=>"ds", "_destroy"=>"0"}}, "utensils_attributes"=>{"0"=>{"name"=>"dasdas", "_destroy"=>"0"}, "1"=>{"name"=>"dssd", "_destroy"=>"0"}, "2"=>{"name"=>"", "_destroy"=>"1"}}, "user_id"=>"2"}, "commit"=>"Create Recipe"}
  [1m[36mUser Load (0.8ms)[0m  [1m[34mSELECT "users".* FROM "users" WHERE "users"."id" = ? LIMIT ?[0m  [["id", 2], ["LIMIT", 1]]
  ↳ app/controllers/application_controller.rb:6:in `current_user'
  [1m[36mCACHE User Load (0.0ms)[0m  [1m[34mSELECT "users".* FROM "users" WHERE "users"."id" = ? LIMIT ?[0m  [["id", 2], ["LIMIT", 1]]
  ↳ app/controllers/recipes_controller.rb:27:in `create'
  [1m[36mRecipe Exists? (0.3ms)[0m  [1m[34mSELECT 1 AS one FROM "recipes" WHERE LOWER("recipes"."title") = LOWER(?) LIMIT ?[0m  [["title", "fred"], ["LIMIT", 1]]
  ↳ app/controllers/recipes_controller.rb:27:in `create'
  [1m[36mCACHE Recipe Exists? (0.0ms)[0m  [1m[34mSELECT 1 AS one FROM "recipes" WHERE LOWER("recipes"."title") = LOWER(?) LIMIT ?[0m  [["title", "fred"], ["LIMIT", 1]]
  ↳ app/controllers/recipes_controller.rb:41:in `create'
  [1m[35m (0.1ms)[0m  [1m[36mbegin transaction[0m
  ↳ app/controllers/recipes_controller.rb:41:in `create'
  [1m[36mRecipe Create (1.4ms)[0m  [1m[32mINSERT INTO "recipes" ("title", "description", "user_id", "cook_time", "created_at", "updated_at") VALUES (?, ?, ?, ?, ?, ?)[0m  [["title", "fred"], ["description", "dsdsa"], ["user_id", 2], ["cook_time", 2], ["created_at", "2019-10-24 20:51:11.407036"], ["updated_at", "2019-10-24 20:51:11.407036"]]
  ↳ app/controllers/recipes_controller.rb:41:in `create'
  [1m[36mIngredient Create (0.9ms)[0m  [1m[32mINSERT INTO "ingredients" ("name", "quantity", "measurement_type", "created_at", "updated_at") VALUES (?, ?, ?, ?, ?)[0m  [["name", "sas"], ["quantity", 1], ["measurement_type", "s"], ["created_at", "2019-10-24 20:51:11.414250"], ["updated_at", "2019-10-24 20:51:11.414250"]]
  ↳ app/controllers/recipes_controller.rb:41:in `create'
  [1m[36mRecipeIngredient Create (3.3ms)[0m  [1m[32mINSERT INTO "recipe_ingredients" ("recipe_id", "ingredient_id", "created_at", "updated_at") VALUES (?, ?, ?, ?)[0m  [["recipe_id", 5], ["ingredient_id", 15], ["created_at", "2019-10-24 20:51:11.431030"], ["updated_at", "2019-10-24 20:51:11.431030"]]
  ↳ app/controllers/recipes_controller.rb:41:in `create'
  [1m[36mIngredient Create (0.2ms)[0m  [1m[32mINSERT INTO "ingredients" ("name", "quantity", "measurement_type", "created_at", "updated_at") VALUES (?, ?, ?, ?, ?)[0m  [["name", "dsa"], ["quantity", 2], ["measurement_type", "ds"], ["created_at", "2019-10-24 20:51:11.436983"], ["updated_at", "2019-10-24 20:51:11.436983"]]
  ↳ app/controllers/recipes_controller.rb:41:in `create'
  [1m[36mRecipeIngredient Create (0.2ms)[0m  [1m[32mINSERT INTO "recipe_ingredients" ("recipe_id", "ingredient_id", "created_at", "updated_at") VALUES (?, ?, ?, ?)[0m  [["recipe_id", 5], ["ingredient_id", 16], ["created_at", "2019-10-24 20:51:11.439991"], ["updated_at", "2019-10-24 20:51:11.439991"]]
  ↳ app/controllers/recipes_controller.rb:41:in `create'
  [1m[36mIngredient Create (0.1ms)[0m  [1m[32mINSERT INTO "ingredients" ("name", "quantity", "measurement_type", "created_at", "updated_at") VALUES (?, ?, ?, ?, ?)[0m  [["name", "ds"], ["quantity", 1], ["measurement_type", "das"], ["created_at", "2019-10-24 20:51:11.457758"], ["updated_at", "2019-10-24 20:51:11.457758"]]
  ↳ app/controllers/recipes_controller.rb:41:in `create'
  [1m[36mRecipeIngredient Create (0.3ms)[0m  [1m[32mINSERT INTO "recipe_ingredients" ("recipe_id", "ingredient_id", "created_at", "updated_at") VALUES (?, ?, ?, ?)[0m  [["recipe_id", 5], ["ingredient_id", 17], ["created_at", "2019-10-24 20:51:11.461205"], ["updated_at", "2019-10-24 20:51:11.461205"]]
  ↳ app/controllers/recipes_controller.rb:41:in `create'
  [1m[36mUtensil Create (0.7ms)[0m  [1m[32mINSERT INTO "utensils" ("name", "created_at", "updated_at") VALUES (?, ?, ?)[0m  [["name", "dasdas"], ["created_at", "2019-10-24 20:51:11.464725"], ["updated_at", "2019-10-24 20:51:11.464725"]]
  ↳ app/controllers/recipes_controller.rb:41:in `create'
  [1m[36mRecipeUtensil Create (0.3ms)[0m  [1m[32mINSERT INTO "recipe_utensils" ("recipe_id", "utensil_id", "created_at", "updated_at") VALUES (?, ?, ?, ?)[0m  [["recipe_id", 5], ["utensil_id", 14], ["created_at", "2019-10-24 20:51:11.472315"], ["updated_at", "2019-10-24 20:51:11.472315"]]
  ↳ app/controllers/recipes_controller.rb:41:in `create'
  [1m[36mUtensil Create (0.1ms)[0m  [1m[32mINSERT INTO "utensils" ("name", "created_at", "updated_at") VALUES (?, ?, ?)[0m  [["name", "dssd"], ["created_at", "2019-10-24 20:51:11.474351"], ["updated_at", "2019-10-24 20:51:11.474351"]]
  ↳ app/controllers/recipes_controller.rb:41:in `create'
  [1m[36mRecipeUtensil Create (0.3ms)[0m  [1m[32mINSERT INTO "recipe_utensils" ("recipe_id", "utensil_id", "created_at", "updated_at") VALUES (?, ?, ?, ?)[0m  [["recipe_id", 5], ["utensil_id", 15], ["created_at", "2019-10-24 20:51:11.477515"], ["updated_at", "2019-10-24 20:51:11.477515"]]
  ↳ app/controllers/recipes_controller.rb:41:in `create'
  [1m[35m (2.3ms)[0m  [1m[36mcommit transaction[0m
  ↳ app/controllers/recipes_controller.rb:41:in `create'
Redirected to http://localhost:3000/recipes/5
Completed 302 Found in 91ms (ActiveRecord: 12.2ms | Allocations: 28321)


Started GET "/recipes/5" for ::1 at 2019-10-24 15:51:11 -0500
Processing by RecipesController#show as HTML
  Parameters: {"id"=>"5"}
  [1m[36mUser Load (0.1ms)[0m  [1m[34mSELECT "users".* FROM "users" WHERE "users"."id" = ? LIMIT ?[0m  [["id", 2], ["LIMIT", 1]]
  ↳ app/controllers/application_controller.rb:6:in `current_user'
  [1m[36mRecipe Load (0.2ms)[0m  [1m[34mSELECT "recipes".* FROM "recipes" WHERE "recipes"."id" = ? LIMIT ?[0m  [["id", 5], ["LIMIT", 1]]
  ↳ app/controllers/recipes_controller.rb:110:in `current_recipe'
  [1m[36mReview Load (0.6ms)[0m  [1m[34mSELECT "reviews".* FROM "reviews" WHERE "reviews"."recipe_id" = ?[0m  [["recipe_id", 5]]
  ↳ app/controllers/recipes_controller.rb:11:in `show'
  [1m[35m (0.2ms)[0m  [1m[34mSELECT COUNT(*) FROM "reviews" WHERE "reviews"."recipe_id" = ?[0m  [["recipe_id", 5]]
  ↳ app/controllers/recipes_controller.rb:14:in `show'
  Rendering recipes/show.html.erb within layouts/application
  [1m[36mCACHE User Load (0.0ms)[0m  [1m[34mSELECT "users".* FROM "users" WHERE "users"."id" = ? LIMIT ?[0m  [["id", 2], ["LIMIT", 1]]
  ↳ app/views/recipes/show.html.erb:7
  [1m[36mUtensil Load (0.2ms)[0m  [1m[34mSELECT "utensils".* FROM "utensils" INNER JOIN "recipe_utensils" ON "utensils"."id" = "recipe_utensils"."utensil_id" WHERE "recipe_utensils"."recipe_id" = ?[0m  [["recipe_id", 5]]
  ↳ app/views/recipes/show.html.erb:11
  [1m[36mIngredient Load (0.2ms)[0m  [1m[34mSELECT "ingredients".* FROM "ingredients" INNER JOIN "recipe_ingredients" ON "ingredients"."id" = "recipe_ingredients"."ingredient_id" WHERE "recipe_ingredients"."recipe_id" = ?[0m  [["recipe_id", 5]]
  ↳ app/views/recipes/show.html.erb:16
  Rendered recipes/show.html.erb within layouts/application (Duration: 263.3ms | Allocations: 293313)
Completed 200 OK in 283ms (Views: 264.1ms | ActiveRecord: 2.1ms | Allocations: 300095)


Started GET "/recipes" for ::1 at 2019-10-24 15:51:15 -0500
Processing by RecipesController#index as HTML
  [1m[36mUser Load (0.4ms)[0m  [1m[34mSELECT "users".* FROM "users" WHERE "users"."id" = ? LIMIT ?[0m  [["id", 2], ["LIMIT", 1]]
  ↳ app/controllers/application_controller.rb:6:in `current_user'
  Rendering recipes/index.html.erb within layouts/application
  [1m[36mRecipe Load (0.2ms)[0m  [1m[34mSELECT "recipes".* FROM "recipes"[0m
  ↳ app/views/recipes/index.html.erb:3
  Rendered recipes/index.html.erb within layouts/application (Duration: 2.4ms | Allocations: 789)
Completed 200 OK in 65ms (Views: 3.2ms | ActiveRecord: 0.6ms | Allocations: 1947)


Started GET "/recipes/5" for ::1 at 2019-10-24 15:51:17 -0500
Processing by RecipesController#show as HTML
  Parameters: {"id"=>"5"}
  [1m[36mUser Load (0.3ms)[0m  [1m[34mSELECT "users".* FROM "users" WHERE "users"."id" = ? LIMIT ?[0m  [["id", 2], ["LIMIT", 1]]
  ↳ app/controllers/application_controller.rb:6:in `current_user'
  [1m[36mRecipe Load (0.2ms)[0m  [1m[34mSELECT "recipes".* FROM "recipes" WHERE "recipes"."id" = ? LIMIT ?[0m  [["id", 5], ["LIMIT", 1]]
  ↳ app/controllers/recipes_controller.rb:110:in `current_recipe'
  [1m[36mReview Load (0.2ms)[0m  [1m[34mSELECT "reviews".* FROM "reviews" WHERE "reviews"."recipe_id" = ?[0m  [["recipe_id", 5]]
  ↳ app/controllers/recipes_controller.rb:11:in `show'
  [1m[35m (0.5ms)[0m  [1m[34mSELECT COUNT(*) FROM "reviews" WHERE "reviews"."recipe_id" = ?[0m  [["recipe_id", 5]]
  ↳ app/controllers/recipes_controller.rb:14:in `show'
  Rendering recipes/show.html.erb within layouts/application
  [1m[36mCACHE User Load (0.0ms)[0m  [1m[34mSELECT "users".* FROM "users" WHERE "users"."id" = ? LIMIT ?[0m  [["id", 2], ["LIMIT", 1]]
  ↳ app/views/recipes/show.html.erb:7
  [1m[36mUtensil Load (0.2ms)[0m  [1m[34mSELECT "utensils".* FROM "utensils" INNER JOIN "recipe_utensils" ON "utensils"."id" = "recipe_utensils"."utensil_id" WHERE "recipe_utensils"."recipe_id" = ?[0m  [["recipe_id", 5]]
  ↳ app/views/recipes/show.html.erb:11
  [1m[36mIngredient Load (0.1ms)[0m  [1m[34mSELECT "ingredients".* FROM "ingredients" INNER JOIN "recipe_ingredients" ON "ingredients"."id" = "recipe_ingredients"."ingredient_id" WHERE "recipe_ingredients"."recipe_id" = ?[0m  [["recipe_id", 5]]
  ↳ app/views/recipes/show.html.erb:16
  Rendered recipes/show.html.erb within layouts/application (Duration: 25.9ms | Allocations: 4198)
Completed 200 OK in 89ms (Views: 27.1ms | ActiveRecord: 1.6ms | Allocations: 7086)


Started DELETE "/recipes/5" for ::1 at 2019-10-24 15:51:19 -0500
Processing by RecipesController#destroy as HTML
  Parameters: {"authenticity_token"=>"pLFQ5XaaB6NO/xHzDNgnbVEI9mgaJZlfuivD+1C1Uc9YGqcBxfI2h+iCg8hp8H3JCfb0LXBtYiWvWuJ2QAxNgQ==", "commit"=>"Remove Recipe", "id"=>"5"}
  [1m[36mUser Load (0.1ms)[0m  [1m[34mSELECT "users".* FROM "users" WHERE "users"."id" = ? LIMIT ?[0m  [["id", 2], ["LIMIT", 1]]
  ↳ app/controllers/application_controller.rb:6:in `current_user'
  [1m[36mRecipe Load (0.1ms)[0m  [1m[34mSELECT "recipes".* FROM "recipes" WHERE "recipes"."id" = ? LIMIT ?[0m  [["id", 5], ["LIMIT", 1]]
  ↳ app/controllers/recipes_controller.rb:110:in `current_recipe'
  [1m[35m (0.1ms)[0m  [1m[36mbegin transaction[0m
  ↳ app/controllers/recipes_controller.rb:104:in `destroy'
  [1m[36mRecipe Destroy (0.7ms)[0m  [1m[31mDELETE FROM "recipes" WHERE "recipes"."id" = ?[0m  [["id", 5]]
  ↳ app/controllers/recipes_controller.rb:104:in `destroy'
  [1m[35m (1.4ms)[0m  [1m[36mcommit transaction[0m
  ↳ app/controllers/recipes_controller.rb:104:in `destroy'
Redirected to http://localhost:3000/recipes
Completed 302 Found in 9ms (ActiveRecord: 2.4ms | Allocations: 3190)


Started GET "/recipes" for ::1 at 2019-10-24 15:51:19 -0500
Processing by RecipesController#index as HTML
  [1m[36mUser Load (0.2ms)[0m  [1m[34mSELECT "users".* FROM "users" WHERE "users"."id" = ? LIMIT ?[0m  [["id", 2], ["LIMIT", 1]]
  ↳ app/controllers/application_controller.rb:6:in `current_user'
  Rendering recipes/index.html.erb within layouts/application
  [1m[36mRecipe Load (0.3ms)[0m  [1m[34mSELECT "recipes".* FROM "recipes"[0m
  ↳ app/views/recipes/index.html.erb:3
  Rendered recipes/index.html.erb within layouts/application (Duration: 2.4ms | Allocations: 751)
Completed 200 OK in 65ms (Views: 41.6ms | ActiveRecord: 0.4ms | Allocations: 1907)


