Started GET "/users/2" for ::1 at 2019-10-24 18:00:37 -0500
  [1m[35m (6.0ms)[0m  [1m[34mSELECT sqlite_version(*)[0m
  [1m[35m (1.3ms)[0m  [1m[34mSELECT "schema_migrations"."version" FROM "schema_migrations" ORDER BY "schema_migrations"."version" ASC[0m
Processing by UsersController#show as HTML
  Parameters: {"id"=>"2"}
  [1m[36mUser Load (0.8ms)[0m  [1m[34mSELECT "users".* FROM "users" WHERE "users"."id" = ? LIMIT ?[0m  [["id", 2], ["LIMIT", 1]]
  ↳ app/controllers/application_controller.rb:6:in `current_user'
  [1m[36mCACHE User Load (0.0ms)[0m  [1m[34mSELECT "users".* FROM "users" WHERE "users"."id" = ? LIMIT ?[0m  [["id", 2], ["LIMIT", 1]]
  ↳ app/controllers/users_controller.rb:23:in `show'
Completed 500 Internal Server Error in 90ms (ActiveRecord: 4.4ms | Allocations: 11322)


  
ArgumentError (Unknown validator: 'PresenseValidator'):
  
app/models/recipe.rb:15:in `<class:Recipe>'
app/models/recipe.rb:1:in `<main>'
app/controllers/users_controller.rb:24:in `show'
Started GET "/users/login" for ::1 at 2019-10-24 18:00:45 -0500
Processing by UsersController#show as HTML
  Parameters: {"id"=>"login"}
  [1m[36mUser Load (0.2ms)[0m  [1m[34mSELECT "users".* FROM "users" WHERE "users"."id" = ? LIMIT ?[0m  [["id", 2], ["LIMIT", 1]]
  ↳ app/controllers/application_controller.rb:6:in `current_user'
  [1m[36mCACHE User Load (0.0ms)[0m  [1m[34mSELECT "users".* FROM "users" WHERE "users"."id" = ? LIMIT ?[0m  [["id", 2], ["LIMIT", 1]]
  ↳ app/controllers/users_controller.rb:23:in `show'
  Rendering users/show.html.erb within layouts/application
  [1m[36mRecipe Load (1.7ms)[0m  [1m[34mSELECT "recipes".* FROM "recipes" WHERE "recipes"."user_id" = ?[0m  [["user_id", 2]]
  ↳ app/views/users/show.html.erb:9
  Rendered users/show.html.erb within layouts/application (Duration: 736.6ms | Allocations: 306733)
Completed 200 OK in 749ms (Views: 741.4ms | ActiveRecord: 2.9ms | Allocations: 309360)


Started DELETE "/logout" for ::1 at 2019-10-24 18:00:49 -0500
Processing by SessionsController#destroy as HTML
  Parameters: {"authenticity_token"=>"LLt0JlRG7qraOQB7XT/PmsAwWSaUg7F7FsfK5V3UDZVqyCKGvoK9Aqz7XkYfAVaB8klPinc8wM+5yeP+vR3LEA==", "commit"=>"Logout"}
  [1m[36mUser Load (0.1ms)[0m  [1m[34mSELECT "users".* FROM "users" WHERE "users"."id" = ? LIMIT ?[0m  [["id", 2], ["LIMIT", 1]]
  ↳ app/controllers/application_controller.rb:6:in `current_user'
No template found for SessionsController#destroy, rendering head :no_content
Completed 204 No Content in 6ms (ActiveRecord: 0.1ms | Allocations: 2396)


Started DELETE "/logout" for ::1 at 2019-10-24 18:00:49 -0500
Processing by SessionsController#destroy as HTML
  Parameters: {"authenticity_token"=>"LLt0JlRG7qraOQB7XT/PmsAwWSaUg7F7FsfK5V3UDZVqyCKGvoK9Aqz7XkYfAVaB8klPinc8wM+5yeP+vR3LEA==", "commit"=>"Logout"}
Redirected to http://localhost:3000/login
Filter chain halted as :authenticated rendered or redirected
Completed 302 Found in 2ms (ActiveRecord: 0.0ms | Allocations: 530)


Started GET "/login" for ::1 at 2019-10-24 18:00:49 -0500
Processing by SessionsController#new as HTML
  Rendering sessions/new.html.erb within layouts/application
  Rendered sessions/new.html.erb within layouts/application (Duration: 50.8ms | Allocations: 5691)
Completed 200 OK in 59ms (Views: 57.1ms | ActiveRecord: 0.0ms | Allocations: 6614)


Started GET "/users/new" for ::1 at 2019-10-24 18:00:56 -0500
Processing by UsersController#new as HTML
  Rendering users/new.html.erb within layouts/application
  Rendered users/new.html.erb within layouts/application (Duration: 5.4ms | Allocations: 3291)
Completed 200 OK in 7ms (Views: 6.3ms | ActiveRecord: 0.0ms | Allocations: 3790)


Started POST "/login" for ::1 at 2019-10-24 18:01:04 -0500
Processing by SessionsController#create as HTML
  Parameters: {"authenticity_token"=>"6Bk7A1cUiJQk0FJG74pZ5RrvRdaovSQPwFmvlGbB5cf0Lb2eCqvidDJrsp/vyYpZuMMdc5SQOHlsl0A/CwSdTg==", "name"=>"Damini", "password"=>"[FILTERED]", "commit"=>"Login"}
  [1m[36mUser Load (0.2ms)[0m  [1m[34mSELECT "users".* FROM "users" WHERE "users"."name" = ? LIMIT ?[0m  [["name", "Damini"], ["LIMIT", 1]]
  ↳ app/controllers/sessions_controller.rb:9:in `create'
Redirected to http://localhost:3000/users/2
Completed 302 Found in 80ms (ActiveRecord: 0.2ms | Allocations: 1212)


Started GET "/users/2" for ::1 at 2019-10-24 18:01:04 -0500
Processing by UsersController#show as HTML
  Parameters: {"id"=>"2"}
  [1m[36mUser Load (0.2ms)[0m  [1m[34mSELECT "users".* FROM "users" WHERE "users"."id" = ? LIMIT ?[0m  [["id", 2], ["LIMIT", 1]]
  ↳ app/controllers/application_controller.rb:6:in `current_user'
  [1m[36mCACHE User Load (0.1ms)[0m  [1m[34mSELECT "users".* FROM "users" WHERE "users"."id" = ? LIMIT ?[0m  [["id", 2], ["LIMIT", 1]]
  ↳ app/controllers/users_controller.rb:23:in `show'
  Rendering users/show.html.erb within layouts/application
  [1m[36mRecipe Load (0.2ms)[0m  [1m[34mSELECT "recipes".* FROM "recipes" WHERE "recipes"."user_id" = ?[0m  [["user_id", 2]]
  ↳ app/views/users/show.html.erb:9
  Rendered users/show.html.erb within layouts/application (Duration: 7.5ms | Allocations: 2638)
Completed 200 OK in 14ms (Views: 8.3ms | ActiveRecord: 0.4ms | Allocations: 4221)


Started GET "/reviews/new" for ::1 at 2019-10-24 18:01:13 -0500
Processing by ReviewsController#new as HTML
  [1m[36mUser Load (0.3ms)[0m  [1m[34mSELECT "users".* FROM "users" WHERE "users"."id" = ? LIMIT ?[0m  [["id", 2], ["LIMIT", 1]]
  ↳ app/controllers/application_controller.rb:6:in `current_user'
  Rendering reviews/new.html.erb within layouts/application
  [1m[36mRecipe Load (0.4ms)[0m  [1m[34mSELECT "recipes".* FROM "recipes"[0m
  ↳ app/views/reviews/_form.html.erb:18
  Rendered reviews/_form.html.erb (Duration: 11.9ms | Allocations: 3137)
  Rendered reviews/new.html.erb within layouts/application (Duration: 17.2ms | Allocations: 5094)
Completed 200 OK in 34ms (Views: 18.6ms | ActiveRecord: 1.3ms | Allocations: 11945)


Started GET "/recipes/new" for ::1 at 2019-10-24 18:01:20 -0500
Processing by RecipesController#new as HTML
  [1m[36mUser Load (0.2ms)[0m  [1m[34mSELECT "users".* FROM "users" WHERE "users"."id" = ? LIMIT ?[0m  [["id", 2], ["LIMIT", 1]]
  ↳ app/controllers/application_controller.rb:6:in `current_user'
  Rendering recipes/new.html.erb within layouts/application
  Rendered recipes/_form.html.erb (Duration: 27.6ms | Allocations: 9064)
  Rendered recipes/new.html.erb within layouts/application (Duration: 29.7ms | Allocations: 9346)
Completed 200 OK in 41ms (Views: 32.4ms | ActiveRecord: 0.2ms | Allocations: 12366)


Started POST "/recipes" for ::1 at 2019-10-24 18:01:25 -0500
Processing by RecipesController#create as HTML
  Parameters: {"authenticity_token"=>"KleyZNiOikDms0ijFvGw1nAQJJp9Xngzw12Ne9IMk79+WLzgwmNKC7EheoTm2c5lvL540SjgDNzbtqBzALeGUQ==", "recipe"=>{"title"=>"", "description"=>"", "cook_time"=>"", "user_id"=>"2"}, "add_ingredient"=>"Add ingredient"}
  [1m[36mUser Load (0.2ms)[0m  [1m[34mSELECT "users".* FROM "users" WHERE "users"."id" = ? LIMIT ?[0m  [["id", 2], ["LIMIT", 1]]
  ↳ app/controllers/application_controller.rb:6:in `current_user'
  [1m[36mCACHE User Load (0.0ms)[0m  [1m[34mSELECT "users".* FROM "users" WHERE "users"."id" = ? LIMIT ?[0m  [["id", 2], ["LIMIT", 1]]
  ↳ app/controllers/recipes_controller.rb:27:in `create'
  [1m[36mRecipe Exists? (1.9ms)[0m  [1m[34mSELECT 1 AS one FROM "recipes" WHERE LOWER("recipes"."title") = LOWER(?) LIMIT ?[0m  [["title", ""], ["LIMIT", 1]]
  ↳ app/controllers/recipes_controller.rb:27:in `create'
  Rendering recipes/new.html.erb within layouts/application
  Rendered recipes/_form.html.erb (Duration: 6.0ms | Allocations: 2870)
  Rendered recipes/new.html.erb within layouts/application (Duration: 6.4ms | Allocations: 2933)
Completed 200 OK in 23ms (Views: 8.4ms | ActiveRecord: 2.2ms | Allocations: 6781)


