Started POST "/login" for ::1 at 2019-10-24 15:26:51 -0500
  [1m[35m (1.1ms)[0m  [1m[34mSELECT sqlite_version(*)[0m
  [1m[35m (0.5ms)[0m  [1m[34mSELECT "schema_migrations"."version" FROM "schema_migrations" ORDER BY "schema_migrations"."version" ASC[0m
Processing by SessionsController#create as HTML
  Parameters: {"authenticity_token"=>"GmXIpfsJRwvN8JDZjNUwvJRBLjpaZHcjvxqNqr20VCMGUU44prYt69tLcACMluMANm12n2ZJa1UT1GIB0HEsqg==", "name"=>"Damini", "password"=>"[FILTERED]", "commit"=>"Login"}
  [1m[36mUser Load (0.6ms)[0m  [1m[34mSELECT "users".* FROM "users" WHERE "users"."name" = ? LIMIT ?[0m  [["name", "Damini"], ["LIMIT", 1]]
  ↳ app/controllers/sessions_controller.rb:9:in `create'
Redirected to http://localhost:3000/users/2
Completed 302 Found in 93ms (ActiveRecord: 1.4ms | Allocations: 7070)


Started GET "/users/2" for ::1 at 2019-10-24 15:26:51 -0500
Processing by UsersController#show as HTML
  Parameters: {"id"=>"2"}
  [1m[36mUser Load (0.2ms)[0m  [1m[34mSELECT "users".* FROM "users" WHERE "users"."id" = ? LIMIT ?[0m  [["id", 2], ["LIMIT", 1]]
  ↳ app/controllers/application_controller.rb:6:in `current_user'
  [1m[36mCACHE User Load (0.0ms)[0m  [1m[34mSELECT "users".* FROM "users" WHERE "users"."id" = ? LIMIT ?[0m  [["id", 2], ["LIMIT", 1]]
  ↳ app/controllers/users_controller.rb:23:in `show'
  Rendering users/show.html.erb within layouts/application
  [1m[36mRecipe Load (0.7ms)[0m  [1m[34mSELECT "recipes".* FROM "recipes" WHERE "recipes"."user_id" = ?[0m  [["user_id", 2]]
  ↳ app/views/users/show.html.erb:9
  Rendered users/show.html.erb within layouts/application (Duration: 35.6ms | Allocations: 9064)
Completed 200 OK in 56ms (Views: 40.6ms | ActiveRecord: 2.2ms | Allocations: 16326)


Started GET "/recipes" for ::1 at 2019-10-24 15:26:52 -0500
Processing by RecipesController#index as HTML
  [1m[36mUser Load (0.6ms)[0m  [1m[34mSELECT "users".* FROM "users" WHERE "users"."id" = ? LIMIT ?[0m  [["id", 2], ["LIMIT", 1]]
  ↳ app/controllers/application_controller.rb:6:in `current_user'
  Rendering recipes/index.html.erb within layouts/application
  [1m[36mRecipe Load (0.3ms)[0m  [1m[34mSELECT "recipes".* FROM "recipes"[0m
  ↳ app/views/recipes/index.html.erb:3
  Rendered recipes/index.html.erb within layouts/application (Duration: 5.7ms | Allocations: 941)
Completed 200 OK in 21ms (Views: 13.4ms | ActiveRecord: 0.9ms | Allocations: 2745)


Started GET "/users/2" for ::1 at 2019-10-24 15:26:54 -0500
Processing by UsersController#show as HTML
  Parameters: {"id"=>"2"}
  [1m[36mUser Load (0.2ms)[0m  [1m[34mSELECT "users".* FROM "users" WHERE "users"."id" = ? LIMIT ?[0m  [["id", 2], ["LIMIT", 1]]
  ↳ app/controllers/application_controller.rb:6:in `current_user'
  [1m[36mCACHE User Load (0.0ms)[0m  [1m[34mSELECT "users".* FROM "users" WHERE "users"."id" = ? LIMIT ?[0m  [["id", 2], ["LIMIT", 1]]
  ↳ app/controllers/users_controller.rb:23:in `show'
  Rendering users/show.html.erb within layouts/application
  [1m[36mRecipe Load (0.4ms)[0m  [1m[34mSELECT "recipes".* FROM "recipes" WHERE "recipes"."user_id" = ?[0m  [["user_id", 2]]
  ↳ app/views/users/show.html.erb:9
  Rendered users/show.html.erb within layouts/application (Duration: 5.0ms | Allocations: 1043)
Completed 200 OK in 13ms (Views: 6.5ms | ActiveRecord: 0.6ms | Allocations: 2635)


Started GET "/recipes/2" for ::1 at 2019-10-24 15:26:55 -0500
Processing by RecipesController#show as HTML
  Parameters: {"id"=>"2"}
  [1m[36mUser Load (0.1ms)[0m  [1m[34mSELECT "users".* FROM "users" WHERE "users"."id" = ? LIMIT ?[0m  [["id", 2], ["LIMIT", 1]]
  ↳ app/controllers/application_controller.rb:6:in `current_user'
  [1m[36mRecipe Load (0.2ms)[0m  [1m[34mSELECT "recipes".* FROM "recipes" WHERE "recipes"."id" = ? LIMIT ?[0m  [["id", 2], ["LIMIT", 1]]
  ↳ app/controllers/recipes_controller.rb:108:in `current_recipe'
  [1m[36mReview Load (4.2ms)[0m  [1m[34mSELECT "reviews".* FROM "reviews" WHERE "reviews"."recipe_id" = ?[0m  [["recipe_id", 2]]
  ↳ app/controllers/recipes_controller.rb:11:in `show'
  [1m[35m (0.2ms)[0m  [1m[34mSELECT COUNT(*) FROM "reviews" WHERE "reviews"."recipe_id" = ?[0m  [["recipe_id", 2]]
  ↳ app/controllers/recipes_controller.rb:14:in `show'
  Rendering recipes/show.html.erb within layouts/application
  [1m[36mCACHE User Load (0.0ms)[0m  [1m[34mSELECT "users".* FROM "users" WHERE "users"."id" = ? LIMIT ?[0m  [["id", 2], ["LIMIT", 1]]
  ↳ app/views/recipes/show.html.erb:4
  [1m[36mUtensil Load (1.0ms)[0m  [1m[34mSELECT "utensils".* FROM "utensils" INNER JOIN "recipe_utensils" ON "utensils"."id" = "recipe_utensils"."utensil_id" WHERE "recipe_utensils"."recipe_id" = ?[0m  [["recipe_id", 2]]
  ↳ app/views/recipes/show.html.erb:8
  [1m[36mIngredient Load (1.3ms)[0m  [1m[34mSELECT "ingredients".* FROM "ingredients" INNER JOIN "recipe_ingredients" ON "ingredients"."id" = "recipe_ingredients"."ingredient_id" WHERE "recipe_ingredients"."recipe_id" = ?[0m  [["recipe_id", 2]]
  ↳ app/views/recipes/show.html.erb:13
  Rendered recipes/show.html.erb within layouts/application (Duration: 42.0ms | Allocations: 18488)
Completed 200 OK in 117ms (Views: 37.7ms | ActiveRecord: 10.5ms | Allocations: 27684)


Started GET "/recipes" for ::1 at 2019-10-24 15:26:57 -0500
Processing by RecipesController#index as HTML
  [1m[36mUser Load (0.2ms)[0m  [1m[34mSELECT "users".* FROM "users" WHERE "users"."id" = ? LIMIT ?[0m  [["id", 2], ["LIMIT", 1]]
  ↳ app/controllers/application_controller.rb:6:in `current_user'
  Rendering recipes/index.html.erb within layouts/application
  [1m[36mRecipe Load (0.5ms)[0m  [1m[34mSELECT "recipes".* FROM "recipes"[0m
  ↳ app/views/recipes/index.html.erb:3
  Rendered recipes/index.html.erb within layouts/application (Duration: 4.6ms | Allocations: 754)
Completed 200 OK in 12ms (Views: 6.9ms | ActiveRecord: 0.7ms | Allocations: 1917)


Started GET "/reviews/new" for ::1 at 2019-10-24 15:26:58 -0500
Processing by ReviewsController#new as HTML
  [1m[36mUser Load (0.2ms)[0m  [1m[34mSELECT "users".* FROM "users" WHERE "users"."id" = ? LIMIT ?[0m  [["id", 2], ["LIMIT", 1]]
  ↳ app/controllers/application_controller.rb:6:in `current_user'
  Rendering reviews/new.html.erb within layouts/application
  [1m[36mRecipe Load (0.2ms)[0m  [1m[34mSELECT "recipes".* FROM "recipes"[0m
  ↳ app/views/reviews/_form.html.erb:16
  Rendered reviews/_form.html.erb (Duration: 33.6ms | Allocations: 3692)
  Rendered reviews/new.html.erb within layouts/application (Duration: 35.8ms | Allocations: 3985)
Completed 200 OK in 51ms (Views: 40.4ms | ActiveRecord: 0.4ms | Allocations: 5775)


Started GET "/recipes/4" for ::1 at 2019-10-24 15:27:05 -0500
Processing by RecipesController#show as HTML
  Parameters: {"id"=>"4"}
  [1m[36mUser Load (0.3ms)[0m  [1m[34mSELECT "users".* FROM "users" WHERE "users"."id" = ? LIMIT ?[0m  [["id", 2], ["LIMIT", 1]]
  ↳ app/controllers/application_controller.rb:6:in `current_user'
  [1m[36mRecipe Load (0.2ms)[0m  [1m[34mSELECT "recipes".* FROM "recipes" WHERE "recipes"."id" = ? LIMIT ?[0m  [["id", 4], ["LIMIT", 1]]
  ↳ app/controllers/recipes_controller.rb:108:in `current_recipe'
  [1m[36mReview Load (0.2ms)[0m  [1m[34mSELECT "reviews".* FROM "reviews" WHERE "reviews"."recipe_id" = ?[0m  [["recipe_id", 4]]
  ↳ app/controllers/recipes_controller.rb:11:in `show'
  [1m[35m (0.2ms)[0m  [1m[34mSELECT COUNT(*) FROM "reviews" WHERE "reviews"."recipe_id" = ?[0m  [["recipe_id", 4]]
  ↳ app/controllers/recipes_controller.rb:14:in `show'
  Rendering recipes/show.html.erb within layouts/application
  [1m[36mCACHE User Load (0.0ms)[0m  [1m[34mSELECT "users".* FROM "users" WHERE "users"."id" = ? LIMIT ?[0m  [["id", 2], ["LIMIT", 1]]
  ↳ app/views/recipes/show.html.erb:4
  [1m[36mUtensil Load (0.5ms)[0m  [1m[34mSELECT "utensils".* FROM "utensils" INNER JOIN "recipe_utensils" ON "utensils"."id" = "recipe_utensils"."utensil_id" WHERE "recipe_utensils"."recipe_id" = ?[0m  [["recipe_id", 4]]
  ↳ app/views/recipes/show.html.erb:8
  [1m[36mIngredient Load (0.2ms)[0m  [1m[34mSELECT "ingredients".* FROM "ingredients" INNER JOIN "recipe_ingredients" ON "ingredients"."id" = "recipe_ingredients"."ingredient_id" WHERE "recipe_ingredients"."recipe_id" = ?[0m  [["recipe_id", 4]]
  ↳ app/views/recipes/show.html.erb:13
  Rendered recipes/show.html.erb within layouts/application (Duration: 17.3ms | Allocations: 2589)
Completed 200 OK in 28ms (Views: 17.5ms | ActiveRecord: 1.5ms | Allocations: 5468)


Started GET "/recipes" for ::1 at 2019-10-24 15:27:07 -0500
Processing by RecipesController#index as HTML
  [1m[36mUser Load (0.3ms)[0m  [1m[34mSELECT "users".* FROM "users" WHERE "users"."id" = ? LIMIT ?[0m  [["id", 2], ["LIMIT", 1]]
  ↳ app/controllers/application_controller.rb:6:in `current_user'
  Rendering recipes/index.html.erb within layouts/application
  [1m[36mRecipe Load (0.1ms)[0m  [1m[34mSELECT "recipes".* FROM "recipes"[0m
  ↳ app/views/recipes/index.html.erb:3
  Rendered recipes/index.html.erb within layouts/application (Duration: 3.1ms | Allocations: 752)
Completed 200 OK in 9ms (Views: 3.7ms | ActiveRecord: 0.4ms | Allocations: 1899)


Started GET "/recipes" for ::1 at 2019-10-24 15:27:40 -0500
Processing by RecipesController#index as HTML
  [1m[36mUser Load (0.4ms)[0m  [1m[34mSELECT "users".* FROM "users" WHERE "users"."id" = ? LIMIT ?[0m  [["id", 2], ["LIMIT", 1]]
  ↳ app/controllers/application_controller.rb:6:in `current_user'
  Rendering recipes/index.html.erb within layouts/application
  [1m[36mRecipe Load (0.2ms)[0m  [1m[34mSELECT "recipes".* FROM "recipes"[0m
  ↳ app/views/recipes/index.html.erb:3
  Rendered recipes/index.html.erb within layouts/application (Duration: 2.6ms | Allocations: 751)
Completed 200 OK in 9ms (Views: 4.1ms | ActiveRecord: 0.6ms | Allocations: 1897)


Started GET "/users/2" for ::1 at 2019-10-24 15:27:42 -0500
Processing by UsersController#show as HTML
  Parameters: {"id"=>"2"}
  [1m[36mUser Load (0.2ms)[0m  [1m[34mSELECT "users".* FROM "users" WHERE "users"."id" = ? LIMIT ?[0m  [["id", 2], ["LIMIT", 1]]
  ↳ app/controllers/application_controller.rb:6:in `current_user'
  [1m[36mCACHE User Load (0.0ms)[0m  [1m[34mSELECT "users".* FROM "users" WHERE "users"."id" = ? LIMIT ?[0m  [["id", 2], ["LIMIT", 1]]
  ↳ app/controllers/users_controller.rb:23:in `show'
  Rendering users/show.html.erb within layouts/application
  [1m[36mRecipe Load (0.2ms)[0m  [1m[34mSELECT "recipes".* FROM "recipes" WHERE "recipes"."user_id" = ?[0m  [["user_id", 2]]
  ↳ app/views/users/show.html.erb:9
  Rendered users/show.html.erb within layouts/application (Duration: 5.8ms | Allocations: 1042)
Completed 200 OK in 15ms (Views: 7.6ms | ActiveRecord: 0.4ms | Allocations: 2623)


Started GET "/recipes" for ::1 at 2019-10-24 15:27:43 -0500
Processing by RecipesController#index as HTML
  [1m[36mUser Load (0.2ms)[0m  [1m[34mSELECT "users".* FROM "users" WHERE "users"."id" = ? LIMIT ?[0m  [["id", 2], ["LIMIT", 1]]
  ↳ app/controllers/application_controller.rb:6:in `current_user'
  Rendering recipes/index.html.erb within layouts/application
  [1m[36mRecipe Load (0.2ms)[0m  [1m[34mSELECT "recipes".* FROM "recipes"[0m
  ↳ app/views/recipes/index.html.erb:3
  Rendered recipes/index.html.erb within layouts/application (Duration: 3.2ms | Allocations: 751)
Completed 200 OK in 7ms (Views: 4.2ms | ActiveRecord: 0.4ms | Allocations: 1901)


Started GET "/recipes/1" for ::1 at 2019-10-24 15:27:45 -0500
Processing by RecipesController#show as HTML
  Parameters: {"id"=>"1"}
  [1m[36mUser Load (0.3ms)[0m  [1m[34mSELECT "users".* FROM "users" WHERE "users"."id" = ? LIMIT ?[0m  [["id", 2], ["LIMIT", 1]]
  ↳ app/controllers/application_controller.rb:6:in `current_user'
  [1m[36mRecipe Load (0.8ms)[0m  [1m[34mSELECT "recipes".* FROM "recipes" WHERE "recipes"."id" = ? LIMIT ?[0m  [["id", 1], ["LIMIT", 1]]
  ↳ app/controllers/recipes_controller.rb:108:in `current_recipe'
  [1m[36mReview Load (0.3ms)[0m  [1m[34mSELECT "reviews".* FROM "reviews" WHERE "reviews"."recipe_id" = ?[0m  [["recipe_id", 1]]
  ↳ app/controllers/recipes_controller.rb:11:in `show'
  [1m[35m (0.3ms)[0m  [1m[34mSELECT COUNT(*) FROM "reviews" WHERE "reviews"."recipe_id" = ?[0m  [["recipe_id", 1]]
  ↳ app/controllers/recipes_controller.rb:14:in `show'
  Rendering recipes/show.html.erb within layouts/application
  [1m[36mUser Load (0.1ms)[0m  [1m[34mSELECT "users".* FROM "users" WHERE "users"."id" = ? LIMIT ?[0m  [["id", 1], ["LIMIT", 1]]
  ↳ app/views/recipes/show.html.erb:4
  [1m[36mUtensil Load (0.2ms)[0m  [1m[34mSELECT "utensils".* FROM "utensils" INNER JOIN "recipe_utensils" ON "utensils"."id" = "recipe_utensils"."utensil_id" WHERE "recipe_utensils"."recipe_id" = ?[0m  [["recipe_id", 1]]
  ↳ app/views/recipes/show.html.erb:8
  [1m[36mIngredient Load (0.3ms)[0m  [1m[34mSELECT "ingredients".* FROM "ingredients" INNER JOIN "recipe_ingredients" ON "ingredients"."id" = "recipe_ingredients"."ingredient_id" WHERE "recipe_ingredients"."recipe_id" = ?[0m  [["recipe_id", 1]]
  ↳ app/views/recipes/show.html.erb:13
  Rendered recipes/show.html.erb within layouts/application (Duration: 8.3ms | Allocations: 2691)
Completed 200 OK in 26ms (Views: 8.7ms | ActiveRecord: 2.3ms | Allocations: 5600)


Started GET "/recipes" for ::1 at 2019-10-24 15:28:40 -0500
Processing by RecipesController#index as HTML
  [1m[36mUser Load (0.3ms)[0m  [1m[34mSELECT "users".* FROM "users" WHERE "users"."id" = ? LIMIT ?[0m  [["id", 2], ["LIMIT", 1]]
  ↳ app/controllers/application_controller.rb:6:in `current_user'
  Rendering recipes/index.html.erb within layouts/application
  [1m[36mRecipe Load (0.2ms)[0m  [1m[34mSELECT "recipes".* FROM "recipes"[0m
  ↳ app/views/recipes/index.html.erb:3
  Rendered recipes/index.html.erb within layouts/application (Duration: 3.2ms | Allocations: 751)
Completed 200 OK in 11ms (Views: 4.8ms | ActiveRecord: 0.5ms | Allocations: 1901)


Started GET "/users/2" for ::1 at 2019-10-24 15:28:41 -0500
Processing by UsersController#show as HTML
  Parameters: {"id"=>"2"}
  [1m[36mUser Load (0.2ms)[0m  [1m[34mSELECT "users".* FROM "users" WHERE "users"."id" = ? LIMIT ?[0m  [["id", 2], ["LIMIT", 1]]
  ↳ app/controllers/application_controller.rb:6:in `current_user'
  [1m[36mCACHE User Load (0.0ms)[0m  [1m[34mSELECT "users".* FROM "users" WHERE "users"."id" = ? LIMIT ?[0m  [["id", 2], ["LIMIT", 1]]
  ↳ app/controllers/users_controller.rb:23:in `show'
  Rendering users/show.html.erb within layouts/application
  [1m[36mRecipe Load (0.3ms)[0m  [1m[34mSELECT "recipes".* FROM "recipes" WHERE "recipes"."user_id" = ?[0m  [["user_id", 2]]
  ↳ app/views/users/show.html.erb:9
  Rendered users/show.html.erb within layouts/application (Duration: 4.0ms | Allocations: 1032)
Completed 200 OK in 9ms (Views: 5.1ms | ActiveRecord: 0.5ms | Allocations: 2611)


Started GET "/recipes" for ::1 at 2019-10-24 15:28:42 -0500
Processing by RecipesController#index as HTML
  [1m[36mUser Load (0.2ms)[0m  [1m[34mSELECT "users".* FROM "users" WHERE "users"."id" = ? LIMIT ?[0m  [["id", 2], ["LIMIT", 1]]
  ↳ app/controllers/application_controller.rb:6:in `current_user'
  Rendering recipes/index.html.erb within layouts/application
  [1m[36mRecipe Load (0.3ms)[0m  [1m[34mSELECT "recipes".* FROM "recipes"[0m
  ↳ app/views/recipes/index.html.erb:3
  Rendered recipes/index.html.erb within layouts/application (Duration: 3.0ms | Allocations: 751)
Completed 200 OK in 12ms (Views: 5.1ms | ActiveRecord: 0.6ms | Allocations: 1896)


Started GET "/recipes/3" for ::1 at 2019-10-24 15:28:43 -0500
Processing by RecipesController#show as HTML
  Parameters: {"id"=>"3"}
  [1m[36mUser Load (0.2ms)[0m  [1m[34mSELECT "users".* FROM "users" WHERE "users"."id" = ? LIMIT ?[0m  [["id", 2], ["LIMIT", 1]]
  ↳ app/controllers/application_controller.rb:6:in `current_user'
  [1m[36mRecipe Load (0.3ms)[0m  [1m[34mSELECT "recipes".* FROM "recipes" WHERE "recipes"."id" = ? LIMIT ?[0m  [["id", 3], ["LIMIT", 1]]
  ↳ app/controllers/recipes_controller.rb:108:in `current_recipe'
  [1m[36mReview Load (0.2ms)[0m  [1m[34mSELECT "reviews".* FROM "reviews" WHERE "reviews"."recipe_id" = ?[0m  [["recipe_id", 3]]
  ↳ app/controllers/recipes_controller.rb:11:in `show'
  [1m[35m (0.2ms)[0m  [1m[34mSELECT COUNT(*) FROM "reviews" WHERE "reviews"."recipe_id" = ?[0m  [["recipe_id", 3]]
  ↳ app/controllers/recipes_controller.rb:14:in `show'
  Rendering recipes/show.html.erb within layouts/application
  [1m[36mCACHE User Load (0.0ms)[0m  [1m[34mSELECT "users".* FROM "users" WHERE "users"."id" = ? LIMIT ?[0m  [["id", 2], ["LIMIT", 1]]
  ↳ app/views/recipes/show.html.erb:4
  [1m[36mUtensil Load (0.4ms)[0m  [1m[34mSELECT "utensils".* FROM "utensils" INNER JOIN "recipe_utensils" ON "utensils"."id" = "recipe_utensils"."utensil_id" WHERE "recipe_utensils"."recipe_id" = ?[0m  [["recipe_id", 3]]
  ↳ app/views/recipes/show.html.erb:8
  [1m[36mIngredient Load (0.2ms)[0m  [1m[34mSELECT "ingredients".* FROM "ingredients" INNER JOIN "recipe_ingredients" ON "ingredients"."id" = "recipe_ingredients"."ingredient_id" WHERE "recipe_ingredients"."recipe_id" = ?[0m  [["recipe_id", 3]]
  ↳ app/views/recipes/show.html.erb:13
  Rendered recipes/show.html.erb within layouts/application (Duration: 9.0ms | Allocations: 2714)
Completed 200 OK in 19ms (Views: 9.4ms | ActiveRecord: 1.6ms | Allocations: 5625)


Started GET "/recipes" for ::1 at 2019-10-24 15:28:45 -0500
Processing by RecipesController#index as HTML
  [1m[36mUser Load (0.3ms)[0m  [1m[34mSELECT "users".* FROM "users" WHERE "users"."id" = ? LIMIT ?[0m  [["id", 2], ["LIMIT", 1]]
  ↳ app/controllers/application_controller.rb:6:in `current_user'
  Rendering recipes/index.html.erb within layouts/application
  [1m[36mRecipe Load (0.2ms)[0m  [1m[34mSELECT "recipes".* FROM "recipes"[0m
  ↳ app/views/recipes/index.html.erb:3
  Rendered recipes/index.html.erb within layouts/application (Duration: 4.0ms | Allocations: 751)
Completed 200 OK in 9ms (Views: 4.9ms | ActiveRecord: 0.5ms | Allocations: 1892)


Started GET "/recipes" for ::1 at 2019-10-24 15:29:03 -0500
Processing by RecipesController#index as HTML
  [1m[36mUser Load (0.3ms)[0m  [1m[34mSELECT "users".* FROM "users" WHERE "users"."id" = ? LIMIT ?[0m  [["id", 2], ["LIMIT", 1]]
  ↳ app/controllers/application_controller.rb:6:in `current_user'
  Rendering recipes/index.html.erb within layouts/application
  [1m[36mRecipe Load (0.2ms)[0m  [1m[34mSELECT "recipes".* FROM "recipes"[0m
  ↳ app/views/recipes/index.html.erb:3
  Rendered recipes/index.html.erb within layouts/application (Duration: 2.2ms | Allocations: 751)
Completed 200 OK in 7ms (Views: 3.1ms | ActiveRecord: 0.4ms | Allocations: 1894)


Started GET "/recipes/2" for ::1 at 2019-10-24 15:29:04 -0500
Processing by RecipesController#show as HTML
  Parameters: {"id"=>"2"}
  [1m[36mUser Load (0.2ms)[0m  [1m[34mSELECT "users".* FROM "users" WHERE "users"."id" = ? LIMIT ?[0m  [["id", 2], ["LIMIT", 1]]
  ↳ app/controllers/application_controller.rb:6:in `current_user'
  [1m[36mRecipe Load (0.2ms)[0m  [1m[34mSELECT "recipes".* FROM "recipes" WHERE "recipes"."id" = ? LIMIT ?[0m  [["id", 2], ["LIMIT", 1]]
  ↳ app/controllers/recipes_controller.rb:108:in `current_recipe'
  [1m[36mReview Load (0.2ms)[0m  [1m[34mSELECT "reviews".* FROM "reviews" WHERE "reviews"."recipe_id" = ?[0m  [["recipe_id", 2]]
  ↳ app/controllers/recipes_controller.rb:11:in `show'
  [1m[35m (0.2ms)[0m  [1m[34mSELECT COUNT(*) FROM "reviews" WHERE "reviews"."recipe_id" = ?[0m  [["recipe_id", 2]]
  ↳ app/controllers/recipes_controller.rb:14:in `show'
  Rendering recipes/show.html.erb within layouts/application
  [1m[36mCACHE User Load (0.0ms)[0m  [1m[34mSELECT "users".* FROM "users" WHERE "users"."id" = ? LIMIT ?[0m  [["id", 2], ["LIMIT", 1]]
  ↳ app/views/recipes/show.html.erb:4
  [1m[36mUtensil Load (0.3ms)[0m  [1m[34mSELECT "utensils".* FROM "utensils" INNER JOIN "recipe_utensils" ON "utensils"."id" = "recipe_utensils"."utensil_id" WHERE "recipe_utensils"."recipe_id" = ?[0m  [["recipe_id", 2]]
  ↳ app/views/recipes/show.html.erb:8
  [1m[36mIngredient Load (0.1ms)[0m  [1m[34mSELECT "ingredients".* FROM "ingredients" INNER JOIN "recipe_ingredients" ON "ingredients"."id" = "recipe_ingredients"."ingredient_id" WHERE "recipe_ingredients"."recipe_id" = ?[0m  [["recipe_id", 2]]
  ↳ app/views/recipes/show.html.erb:13
  Rendered recipes/show.html.erb within layouts/application (Duration: 22.8ms | Allocations: 2588)
Completed 200 OK in 32ms (Views: 23.2ms | ActiveRecord: 1.2ms | Allocations: 5490)


Started GET "/recipes" for ::1 at 2019-10-24 15:29:05 -0500
Processing by RecipesController#index as HTML
  [1m[36mUser Load (0.1ms)[0m  [1m[34mSELECT "users".* FROM "users" WHERE "users"."id" = ? LIMIT ?[0m  [["id", 2], ["LIMIT", 1]]
  ↳ app/controllers/application_controller.rb:6:in `current_user'
  Rendering recipes/index.html.erb within layouts/application
  [1m[36mRecipe Load (0.2ms)[0m  [1m[34mSELECT "recipes".* FROM "recipes"[0m
  ↳ app/views/recipes/index.html.erb:3
  Rendered recipes/index.html.erb within layouts/application (Duration: 1.4ms | Allocations: 751)
Completed 200 OK in 4ms (Views: 2.0ms | ActiveRecord: 0.3ms | Allocations: 1902)


Started GET "/recipes" for ::1 at 2019-10-24 15:29:42 -0500
Processing by RecipesController#index as HTML
  [1m[36mUser Load (0.2ms)[0m  [1m[34mSELECT "users".* FROM "users" WHERE "users"."id" = ? LIMIT ?[0m  [["id", 2], ["LIMIT", 1]]
  ↳ app/controllers/application_controller.rb:6:in `current_user'
  Rendering recipes/index.html.erb within layouts/application
  [1m[36mRecipe Load (0.2ms)[0m  [1m[34mSELECT "recipes".* FROM "recipes"[0m
  ↳ app/views/recipes/index.html.erb:3
  Rendered recipes/index.html.erb within layouts/application (Duration: 1.9ms | Allocations: 751)
Completed 200 OK in 5ms (Views: 2.8ms | ActiveRecord: 0.4ms | Allocations: 1902)


Started GET "/users/2" for ::1 at 2019-10-24 15:29:43 -0500
Processing by UsersController#show as HTML
  Parameters: {"id"=>"2"}
  [1m[36mUser Load (0.2ms)[0m  [1m[34mSELECT "users".* FROM "users" WHERE "users"."id" = ? LIMIT ?[0m  [["id", 2], ["LIMIT", 1]]
  ↳ app/controllers/application_controller.rb:6:in `current_user'
  [1m[36mCACHE User Load (0.0ms)[0m  [1m[34mSELECT "users".* FROM "users" WHERE "users"."id" = ? LIMIT ?[0m  [["id", 2], ["LIMIT", 1]]
  ↳ app/controllers/users_controller.rb:23:in `show'
  Rendering users/show.html.erb within layouts/application
  [1m[36mRecipe Load (0.2ms)[0m  [1m[34mSELECT "recipes".* FROM "recipes" WHERE "recipes"."user_id" = ?[0m  [["user_id", 2]]
  ↳ app/views/users/show.html.erb:9
  Rendered users/show.html.erb within layouts/application (Duration: 3.0ms | Allocations: 1032)
Completed 200 OK in 8ms (Views: 3.8ms | ActiveRecord: 0.4ms | Allocations: 2609)


Started GET "/recipes" for ::1 at 2019-10-24 15:29:44 -0500
Processing by RecipesController#index as HTML
  [1m[36mUser Load (0.2ms)[0m  [1m[34mSELECT "users".* FROM "users" WHERE "users"."id" = ? LIMIT ?[0m  [["id", 2], ["LIMIT", 1]]
  ↳ app/controllers/application_controller.rb:6:in `current_user'
  Rendering recipes/index.html.erb within layouts/application
  [1m[36mRecipe Load (0.3ms)[0m  [1m[34mSELECT "recipes".* FROM "recipes"[0m
  ↳ app/views/recipes/index.html.erb:3
  Rendered recipes/index.html.erb within layouts/application (Duration: 2.3ms | Allocations: 751)
Completed 200 OK in 8ms (Views: 4.2ms | ActiveRecord: 0.5ms | Allocations: 1899)


Started GET "/users/2" for ::1 at 2019-10-24 15:29:46 -0500
Processing by UsersController#show as HTML
  Parameters: {"id"=>"2"}
  [1m[36mUser Load (0.3ms)[0m  [1m[34mSELECT "users".* FROM "users" WHERE "users"."id" = ? LIMIT ?[0m  [["id", 2], ["LIMIT", 1]]
  ↳ app/controllers/application_controller.rb:6:in `current_user'
  [1m[36mCACHE User Load (0.0ms)[0m  [1m[34mSELECT "users".* FROM "users" WHERE "users"."id" = ? LIMIT ?[0m  [["id", 2], ["LIMIT", 1]]
  ↳ app/controllers/users_controller.rb:23:in `show'
  Rendering users/show.html.erb within layouts/application
  [1m[36mRecipe Load (0.4ms)[0m  [1m[34mSELECT "recipes".* FROM "recipes" WHERE "recipes"."user_id" = ?[0m  [["user_id", 2]]
  ↳ app/views/users/show.html.erb:9
  Rendered users/show.html.erb within layouts/application (Duration: 4.1ms | Allocations: 1032)
Completed 200 OK in 11ms (Views: 5.0ms | ActiveRecord: 0.7ms | Allocations: 2617)


Started GET "/recipes/3" for ::1 at 2019-10-24 15:29:47 -0500
Processing by RecipesController#show as HTML
  Parameters: {"id"=>"3"}
  [1m[36mUser Load (0.2ms)[0m  [1m[34mSELECT "users".* FROM "users" WHERE "users"."id" = ? LIMIT ?[0m  [["id", 2], ["LIMIT", 1]]
  ↳ app/controllers/application_controller.rb:6:in `current_user'
  [1m[36mRecipe Load (0.2ms)[0m  [1m[34mSELECT "recipes".* FROM "recipes" WHERE "recipes"."id" = ? LIMIT ?[0m  [["id", 3], ["LIMIT", 1]]
  ↳ app/controllers/recipes_controller.rb:108:in `current_recipe'
  [1m[36mReview Load (0.3ms)[0m  [1m[34mSELECT "reviews".* FROM "reviews" WHERE "reviews"."recipe_id" = ?[0m  [["recipe_id", 3]]
  ↳ app/controllers/recipes_controller.rb:11:in `show'
  [1m[35m (0.2ms)[0m  [1m[34mSELECT COUNT(*) FROM "reviews" WHERE "reviews"."recipe_id" = ?[0m  [["recipe_id", 3]]
  ↳ app/controllers/recipes_controller.rb:14:in `show'
  Rendering recipes/show.html.erb within layouts/application
  [1m[36mCACHE User Load (0.0ms)[0m  [1m[34mSELECT "users".* FROM "users" WHERE "users"."id" = ? LIMIT ?[0m  [["id", 2], ["LIMIT", 1]]
  ↳ app/views/recipes/show.html.erb:4
  [1m[36mUtensil Load (0.1ms)[0m  [1m[34mSELECT "utensils".* FROM "utensils" INNER JOIN "recipe_utensils" ON "utensils"."id" = "recipe_utensils"."utensil_id" WHERE "recipe_utensils"."recipe_id" = ?[0m  [["recipe_id", 3]]
  ↳ app/views/recipes/show.html.erb:8
  [1m[36mIngredient Load (0.4ms)[0m  [1m[34mSELECT "ingredients".* FROM "ingredients" INNER JOIN "recipe_ingredients" ON "ingredients"."id" = "recipe_ingredients"."ingredient_id" WHERE "recipe_ingredients"."recipe_id" = ?[0m  [["recipe_id", 3]]
  ↳ app/views/recipes/show.html.erb:13
  Rendered recipes/show.html.erb within layouts/application (Duration: 7.4ms | Allocations: 2714)
Completed 200 OK in 16ms (Views: 7.7ms | ActiveRecord: 1.4ms | Allocations: 5620)


Started GET "/recipes" for ::1 at 2019-10-24 15:29:48 -0500
Processing by RecipesController#index as HTML
  [1m[36mUser Load (0.3ms)[0m  [1m[34mSELECT "users".* FROM "users" WHERE "users"."id" = ? LIMIT ?[0m  [["id", 2], ["LIMIT", 1]]
  ↳ app/controllers/application_controller.rb:6:in `current_user'
  Rendering recipes/index.html.erb within layouts/application
  [1m[36mRecipe Load (0.2ms)[0m  [1m[34mSELECT "recipes".* FROM "recipes"[0m
  ↳ app/views/recipes/index.html.erb:3
  Rendered recipes/index.html.erb within layouts/application (Duration: 3.2ms | Allocations: 751)
Completed 200 OK in 9ms (Views: 4.8ms | ActiveRecord: 0.5ms | Allocations: 1894)


Started GET "/recipes" for ::1 at 2019-10-24 15:30:15 -0500
Processing by RecipesController#index as HTML
  [1m[36mUser Load (0.2ms)[0m  [1m[34mSELECT "users".* FROM "users" WHERE "users"."id" = ? LIMIT ?[0m  [["id", 2], ["LIMIT", 1]]
  ↳ app/controllers/application_controller.rb:6:in `current_user'
  Rendering recipes/index.html.erb within layouts/application
  [1m[36mRecipe Load (0.2ms)[0m  [1m[34mSELECT "recipes".* FROM "recipes"[0m
  ↳ app/views/recipes/index.html.erb:3
  Rendered recipes/index.html.erb within layouts/application (Duration: 1.3ms | Allocations: 751)
Completed 200 OK in 4ms (Views: 1.9ms | ActiveRecord: 0.3ms | Allocations: 1897)


Started GET "/recipes/3" for ::1 at 2019-10-24 15:30:16 -0500
Processing by RecipesController#show as HTML
  Parameters: {"id"=>"3"}
  [1m[36mUser Load (0.3ms)[0m  [1m[34mSELECT "users".* FROM "users" WHERE "users"."id" = ? LIMIT ?[0m  [["id", 2], ["LIMIT", 1]]
  ↳ app/controllers/application_controller.rb:6:in `current_user'
  [1m[36mRecipe Load (0.2ms)[0m  [1m[34mSELECT "recipes".* FROM "recipes" WHERE "recipes"."id" = ? LIMIT ?[0m  [["id", 3], ["LIMIT", 1]]
  ↳ app/controllers/recipes_controller.rb:108:in `current_recipe'
  [1m[36mReview Load (0.2ms)[0m  [1m[34mSELECT "reviews".* FROM "reviews" WHERE "reviews"."recipe_id" = ?[0m  [["recipe_id", 3]]
  ↳ app/controllers/recipes_controller.rb:11:in `show'
  [1m[35m (0.3ms)[0m  [1m[34mSELECT COUNT(*) FROM "reviews" WHERE "reviews"."recipe_id" = ?[0m  [["recipe_id", 3]]
  ↳ app/controllers/recipes_controller.rb:14:in `show'
  Rendering recipes/show.html.erb within layouts/application
  [1m[36mCACHE User Load (0.0ms)[0m  [1m[34mSELECT "users".* FROM "users" WHERE "users"."id" = ? LIMIT ?[0m  [["id", 2], ["LIMIT", 1]]
  ↳ app/views/recipes/show.html.erb:4
  [1m[36mUtensil Load (0.2ms)[0m  [1m[34mSELECT "utensils".* FROM "utensils" INNER JOIN "recipe_utensils" ON "utensils"."id" = "recipe_utensils"."utensil_id" WHERE "recipe_utensils"."recipe_id" = ?[0m  [["recipe_id", 3]]
  ↳ app/views/recipes/show.html.erb:8
  [1m[36mIngredient Load (0.1ms)[0m  [1m[34mSELECT "ingredients".* FROM "ingredients" INNER JOIN "recipe_ingredients" ON "ingredients"."id" = "recipe_ingredients"."ingredient_id" WHERE "recipe_ingredients"."recipe_id" = ?[0m  [["recipe_id", 3]]
  ↳ app/views/recipes/show.html.erb:13
  Rendered recipes/show.html.erb within layouts/application (Duration: 5.5ms | Allocations: 2714)
Completed 200 OK in 17ms (Views: 6.2ms | ActiveRecord: 1.3ms | Allocations: 5622)


Started GET "/users/2" for ::1 at 2019-10-24 15:30:18 -0500
Processing by UsersController#show as HTML
  Parameters: {"id"=>"2"}
  [1m[36mUser Load (0.2ms)[0m  [1m[34mSELECT "users".* FROM "users" WHERE "users"."id" = ? LIMIT ?[0m  [["id", 2], ["LIMIT", 1]]
  ↳ app/controllers/application_controller.rb:6:in `current_user'
  [1m[36mCACHE User Load (0.0ms)[0m  [1m[34mSELECT "users".* FROM "users" WHERE "users"."id" = ? LIMIT ?[0m  [["id", 2], ["LIMIT", 1]]
  ↳ app/controllers/users_controller.rb:23:in `show'
  Rendering users/show.html.erb within layouts/application
  [1m[36mRecipe Load (0.6ms)[0m  [1m[34mSELECT "recipes".* FROM "recipes" WHERE "recipes"."user_id" = ?[0m  [["user_id", 2]]
  ↳ app/views/users/show.html.erb:9
  Rendered users/show.html.erb within layouts/application (Duration: 7.9ms | Allocations: 1032)
Completed 200 OK in 13ms (Views: 8.7ms | ActiveRecord: 0.8ms | Allocations: 2612)


Started GET "/recipes" for ::1 at 2019-10-24 15:32:49 -0500
Processing by RecipesController#index as HTML
  [1m[36mUser Load (0.2ms)[0m  [1m[34mSELECT "users".* FROM "users" WHERE "users"."id" = ? LIMIT ?[0m  [["id", 2], ["LIMIT", 1]]
  ↳ app/controllers/application_controller.rb:6:in `current_user'
  Rendering recipes/index.html.erb within layouts/application
  [1m[36mRecipe Load (0.2ms)[0m  [1m[34mSELECT "recipes".* FROM "recipes"[0m
  ↳ app/views/recipes/index.html.erb:3
  Rendered recipes/index.html.erb within layouts/application (Duration: 4.1ms | Allocations: 917)
Completed 200 OK in 14ms (Views: 11.6ms | ActiveRecord: 0.3ms | Allocations: 2957)


Started GET "/users/2" for ::1 at 2019-10-24 15:32:50 -0500
Processing by UsersController#show as HTML
  Parameters: {"id"=>"2"}
  [1m[36mUser Load (0.4ms)[0m  [1m[34mSELECT "users".* FROM "users" WHERE "users"."id" = ? LIMIT ?[0m  [["id", 2], ["LIMIT", 1]]
  ↳ app/controllers/application_controller.rb:6:in `current_user'
  [1m[36mCACHE User Load (0.0ms)[0m  [1m[34mSELECT "users".* FROM "users" WHERE "users"."id" = ? LIMIT ?[0m  [["id", 2], ["LIMIT", 1]]
  ↳ app/controllers/users_controller.rb:23:in `show'
  Rendering users/show.html.erb within layouts/application
  [1m[36mRecipe Load (0.3ms)[0m  [1m[34mSELECT "recipes".* FROM "recipes" WHERE "recipes"."user_id" = ?[0m  [["user_id", 2]]
  ↳ app/views/users/show.html.erb:9
  Rendered users/show.html.erb within layouts/application (Duration: 12.4ms | Allocations: 1302)
Completed 200 OK in 23ms (Views: 15.4ms | ActiveRecord: 0.7ms | Allocations: 3463)


Started GET "/recipes" for ::1 at 2019-10-24 15:32:51 -0500
Processing by RecipesController#index as HTML
  [1m[36mUser Load (0.2ms)[0m  [1m[34mSELECT "users".* FROM "users" WHERE "users"."id" = ? LIMIT ?[0m  [["id", 2], ["LIMIT", 1]]
  ↳ app/controllers/application_controller.rb:6:in `current_user'
  Rendering recipes/index.html.erb within layouts/application
  [1m[36mRecipe Load (0.2ms)[0m  [1m[34mSELECT "recipes".* FROM "recipes"[0m
  ↳ app/views/recipes/index.html.erb:3
  Rendered recipes/index.html.erb within layouts/application (Duration: 2.6ms | Allocations: 757)
Completed 200 OK in 6ms (Views: 3.7ms | ActiveRecord: 0.4ms | Allocations: 1909)


Started GET "/recipes/3" for ::1 at 2019-10-24 15:32:55 -0500
Processing by RecipesController#show as HTML
  Parameters: {"id"=>"3"}
  [1m[36mUser Load (0.3ms)[0m  [1m[34mSELECT "users".* FROM "users" WHERE "users"."id" = ? LIMIT ?[0m  [["id", 2], ["LIMIT", 1]]
  ↳ app/controllers/application_controller.rb:6:in `current_user'
  [1m[36mRecipe Load (0.2ms)[0m  [1m[34mSELECT "recipes".* FROM "recipes" WHERE "recipes"."id" = ? LIMIT ?[0m  [["id", 3], ["LIMIT", 1]]
  ↳ app/controllers/recipes_controller.rb:108:in `current_recipe'
  [1m[36mReview Load (0.4ms)[0m  [1m[34mSELECT "reviews".* FROM "reviews" WHERE "reviews"."recipe_id" = ?[0m  [["recipe_id", 3]]
  ↳ app/controllers/recipes_controller.rb:11:in `show'
  [1m[35m (2.1ms)[0m  [1m[34mSELECT COUNT(*) FROM "reviews" WHERE "reviews"."recipe_id" = ?[0m  [["recipe_id", 3]]
  ↳ app/controllers/recipes_controller.rb:14:in `show'
  Rendering recipes/show.html.erb within layouts/application
  [1m[36mCACHE User Load (0.0ms)[0m  [1m[34mSELECT "users".* FROM "users" WHERE "users"."id" = ? LIMIT ?[0m  [["id", 2], ["LIMIT", 1]]
  ↳ app/views/recipes/show.html.erb:4
  [1m[36mUtensil Load (0.4ms)[0m  [1m[34mSELECT "utensils".* FROM "utensils" INNER JOIN "recipe_utensils" ON "utensils"."id" = "recipe_utensils"."utensil_id" WHERE "recipe_utensils"."recipe_id" = ?[0m  [["recipe_id", 3]]
  ↳ app/views/recipes/show.html.erb:8
  [1m[36mIngredient Load (0.3ms)[0m  [1m[34mSELECT "ingredients".* FROM "ingredients" INNER JOIN "recipe_ingredients" ON "ingredients"."id" = "recipe_ingredients"."ingredient_id" WHERE "recipe_ingredients"."recipe_id" = ?[0m  [["recipe_id", 3]]
  ↳ app/views/recipes/show.html.erb:13
  Rendered recipes/show.html.erb within layouts/application (Duration: 45.2ms | Allocations: 3131)
Completed 200 OK in 65ms (Views: 45.8ms | ActiveRecord: 3.7ms | Allocations: 6179)


Started GET "/recipes/3" for ::1 at 2019-10-24 15:40:40 -0500
  [1m[35m (0.1ms)[0m  [1m[34mSELECT sqlite_version(*)[0m
Processing by RecipesController#show as HTML
  Parameters: {"id"=>"3"}
  [1m[36mUser Load (0.6ms)[0m  [1m[34mSELECT "users".* FROM "users" WHERE "users"."id" = ? LIMIT ?[0m  [["id", 2], ["LIMIT", 1]]
  ↳ app/controllers/application_controller.rb:6:in `current_user'
  [1m[36mRecipe Load (0.6ms)[0m  [1m[34mSELECT "recipes".* FROM "recipes" WHERE "recipes"."id" = ? LIMIT ?[0m  [["id", 3], ["LIMIT", 1]]
  ↳ app/controllers/recipes_controller.rb:108:in `current_recipe'
  [1m[36mReview Load (0.6ms)[0m  [1m[34mSELECT "reviews".* FROM "reviews" WHERE "reviews"."recipe_id" = ?[0m  [["recipe_id", 3]]
  ↳ app/controllers/recipes_controller.rb:11:in `show'
  [1m[35m (0.2ms)[0m  [1m[34mSELECT COUNT(*) FROM "reviews" WHERE "reviews"."recipe_id" = ?[0m  [["recipe_id", 3]]
  ↳ app/controllers/recipes_controller.rb:14:in `show'
  Rendering recipes/show.html.erb within layouts/application
  Rendered recipes/show.html.erb within layouts/application (Duration: 368.8ms | Allocations: 304485)
Completed 500 Internal Server Error in 383ms (ActiveRecord: 1.9ms | Allocations: 308132)


  
ActionView::Template::Error (Asset was not declared to be precompiled in production.
Add `Rails.application.config.assets.precompile += %w( recipes.css )` to `config/initializers/assets.rb` and restart your server):
    1: <%= stylesheet_link_tag "recipes" %>
    2: 
    3: 
    4: <h1><%=@recipe.title%></h1>
  
app/views/recipes/show.html.erb:1
