Started GET "/users/2" for ::1 at 2019-10-24 16:37:53 -0500
  [1m[35m (1.2ms)[0m  [1m[34mSELECT sqlite_version(*)[0m
  [1m[35m (0.5ms)[0m  [1m[34mSELECT "schema_migrations"."version" FROM "schema_migrations" ORDER BY "schema_migrations"."version" ASC[0m
Processing by UsersController#show as HTML
  Parameters: {"id"=>"2"}
  [1m[36mUser Load (0.6ms)[0m  [1m[34mSELECT "users".* FROM "users" WHERE "users"."id" = ? LIMIT ?[0m  [["id", 2], ["LIMIT", 1]]
  ↳ app/controllers/application_controller.rb:6:in `current_user'
  [1m[36mCACHE User Load (0.0ms)[0m  [1m[34mSELECT "users".* FROM "users" WHERE "users"."id" = ? LIMIT ?[0m  [["id", 2], ["LIMIT", 1]]
  ↳ app/controllers/users_controller.rb:23:in `show'
Completed 500 Internal Server Error in 30ms (ActiveRecord: 1.4ms | Allocations: 11391)


  
ArgumentError (Unknown validator: 'PresenseValidator'):
  
app/models/recipe.rb:15:in `<class:Recipe>'
app/models/recipe.rb:1:in `<main>'
app/controllers/users_controller.rb:24:in `show'
Started GET "/users" for ::1 at 2019-10-24 16:37:58 -0500
  
AbstractController::ActionNotFound (The action 'index' could not be found for UsersController):
  
actionpack (6.0.0) lib/abstract_controller/base.rb:131:in `process'
actionview (6.0.0) lib/action_view/rendering.rb:39:in `process'
actionpack (6.0.0) lib/action_controller/metal.rb:191:in `dispatch'
actionpack (6.0.0) lib/action_controller/metal.rb:252:in `dispatch'
actionpack (6.0.0) lib/action_dispatch/routing/route_set.rb:51:in `dispatch'
actionpack (6.0.0) lib/action_dispatch/routing/route_set.rb:33:in `serve'
actionpack (6.0.0) lib/action_dispatch/journey/router.rb:49:in `block in serve'
actionpack (6.0.0) lib/action_dispatch/journey/router.rb:32:in `each'
actionpack (6.0.0) lib/action_dispatch/journey/router.rb:32:in `serve'
actionpack (6.0.0) lib/action_dispatch/routing/route_set.rb:837:in `call'
rack (2.0.7) lib/rack/tempfile_reaper.rb:15:in `call'
rack (2.0.7) lib/rack/etag.rb:25:in `call'
rack (2.0.7) lib/rack/conditional_get.rb:25:in `call'
rack (2.0.7) lib/rack/head.rb:12:in `call'
actionpack (6.0.0) lib/action_dispatch/http/content_security_policy.rb:18:in `call'
rack (2.0.7) lib/rack/session/abstract/id.rb:232:in `context'
rack (2.0.7) lib/rack/session/abstract/id.rb:226:in `call'
actionpack (6.0.0) lib/action_dispatch/middleware/cookies.rb:648:in `call'
activerecord (6.0.0) lib/active_record/migration.rb:567:in `call'
actionpack (6.0.0) lib/action_dispatch/middleware/callbacks.rb:27:in `block in call'
activesupport (6.0.0) lib/active_support/callbacks.rb:101:in `run_callbacks'
actionpack (6.0.0) lib/action_dispatch/middleware/callbacks.rb:26:in `call'
actionpack (6.0.0) lib/action_dispatch/middleware/executor.rb:14:in `call'
actionpack (6.0.0) lib/action_dispatch/middleware/actionable_exceptions.rb:17:in `call'
actionpack (6.0.0) lib/action_dispatch/middleware/debug_exceptions.rb:32:in `call'
web-console (4.0.1) lib/web_console/middleware.rb:132:in `call_app'
web-console (4.0.1) lib/web_console/middleware.rb:28:in `block in call'
web-console (4.0.1) lib/web_console/middleware.rb:17:in `catch'
web-console (4.0.1) lib/web_console/middleware.rb:17:in `call'
actionpack (6.0.0) lib/action_dispatch/middleware/show_exceptions.rb:33:in `call'
railties (6.0.0) lib/rails/rack/logger.rb:38:in `call_app'
railties (6.0.0) lib/rails/rack/logger.rb:26:in `block in call'
activesupport (6.0.0) lib/active_support/tagged_logging.rb:80:in `block in tagged'
activesupport (6.0.0) lib/active_support/tagged_logging.rb:28:in `tagged'
activesupport (6.0.0) lib/active_support/tagged_logging.rb:80:in `tagged'
railties (6.0.0) lib/rails/rack/logger.rb:26:in `call'
sprockets-rails (3.2.1) lib/sprockets/rails/quiet_assets.rb:13:in `call'
actionpack (6.0.0) lib/action_dispatch/middleware/remote_ip.rb:81:in `call'
actionpack (6.0.0) lib/action_dispatch/middleware/request_id.rb:27:in `call'
rack (2.0.7) lib/rack/method_override.rb:22:in `call'
rack (2.0.7) lib/rack/runtime.rb:22:in `call'
activesupport (6.0.0) lib/active_support/cache/strategy/local_cache_middleware.rb:29:in `call'
actionpack (6.0.0) lib/action_dispatch/middleware/executor.rb:14:in `call'
actionpack (6.0.0) lib/action_dispatch/middleware/static.rb:126:in `call'
rack (2.0.7) lib/rack/sendfile.rb:111:in `call'
actionpack (6.0.0) lib/action_dispatch/middleware/host_authorization.rb:83:in `call'
railties (6.0.0) lib/rails/engine.rb:526:in `call'
puma (3.12.1) lib/puma/configuration.rb:227:in `call'
puma (3.12.1) lib/puma/server.rb:660:in `handle_request'
puma (3.12.1) lib/puma/server.rb:474:in `process_client'
puma (3.12.1) lib/puma/server.rb:334:in `block in run'
puma (3.12.1) lib/puma/thread_pool.rb:135:in `block in spawn_thread'
Started GET "/users/login" for ::1 at 2019-10-24 16:38:02 -0500
Processing by UsersController#show as HTML
  Parameters: {"id"=>"login"}
  [1m[36mUser Load (0.4ms)[0m  [1m[34mSELECT "users".* FROM "users" WHERE "users"."id" = ? LIMIT ?[0m  [["id", 2], ["LIMIT", 1]]
  ↳ app/controllers/application_controller.rb:6:in `current_user'
  [1m[36mCACHE User Load (0.1ms)[0m  [1m[34mSELECT "users".* FROM "users" WHERE "users"."id" = ? LIMIT ?[0m  [["id", 2], ["LIMIT", 1]]
  ↳ app/controllers/users_controller.rb:23:in `show'
  Rendering users/show.html.erb within layouts/application
  [1m[36mRecipe Load (0.5ms)[0m  [1m[34mSELECT "recipes".* FROM "recipes" WHERE "recipes"."user_id" = ?[0m  [["user_id", 2]]
  ↳ app/views/users/show.html.erb:9
  Rendered users/show.html.erb within layouts/application (Duration: 294.9ms | Allocations: 301561)
Completed 200 OK in 308ms (Views: 298.0ms | ActiveRecord: 1.3ms | Allocations: 304187)


Started GET "/recipes" for ::1 at 2019-10-24 16:38:05 -0500
Processing by RecipesController#index as HTML
  [1m[36mUser Load (0.2ms)[0m  [1m[34mSELECT "users".* FROM "users" WHERE "users"."id" = ? LIMIT ?[0m  [["id", 2], ["LIMIT", 1]]
  ↳ app/controllers/application_controller.rb:6:in `current_user'
  Rendering recipes/index.html.erb within layouts/application
  [1m[36mRecipe Load (0.7ms)[0m  [1m[34mSELECT "recipes".* FROM "recipes"[0m
  ↳ app/views/recipes/index.html.erb:5
  Rendered recipes/index.html.erb within layouts/application (Duration: 23.1ms | Allocations: 2701)
Completed 200 OK in 29ms (Views: 25.0ms | ActiveRecord: 0.9ms | Allocations: 4500)


Started GET "/recipes/3" for ::1 at 2019-10-24 16:38:06 -0500
Processing by RecipesController#show as HTML
  Parameters: {"id"=>"3"}
  [1m[36mUser Load (0.2ms)[0m  [1m[34mSELECT "users".* FROM "users" WHERE "users"."id" = ? LIMIT ?[0m  [["id", 2], ["LIMIT", 1]]
  ↳ app/controllers/application_controller.rb:6:in `current_user'
  [1m[36mRecipe Load (0.2ms)[0m  [1m[34mSELECT "recipes".* FROM "recipes" WHERE "recipes"."id" = ? LIMIT ?[0m  [["id", 3], ["LIMIT", 1]]
  ↳ app/controllers/recipes_controller.rb:110:in `current_recipe'
  [1m[36mReview Load (2.9ms)[0m  [1m[34mSELECT "reviews".* FROM "reviews" WHERE "reviews"."recipe_id" = ?[0m  [["recipe_id", 3]]
  ↳ app/controllers/recipes_controller.rb:11:in `show'
  [1m[35m (0.3ms)[0m  [1m[34mSELECT COUNT(*) FROM "reviews" WHERE "reviews"."recipe_id" = ?[0m  [["recipe_id", 3]]
  ↳ app/controllers/recipes_controller.rb:14:in `show'
  Rendering recipes/show.html.erb within layouts/application
  [1m[36mCACHE User Load (0.0ms)[0m  [1m[34mSELECT "users".* FROM "users" WHERE "users"."id" = ? LIMIT ?[0m  [["id", 2], ["LIMIT", 1]]
  ↳ app/views/recipes/show.html.erb:7
  [1m[36mUtensil Load (2.0ms)[0m  [1m[34mSELECT "utensils".* FROM "utensils" INNER JOIN "recipe_utensils" ON "utensils"."id" = "recipe_utensils"."utensil_id" WHERE "recipe_utensils"."recipe_id" = ?[0m  [["recipe_id", 3]]
  ↳ app/views/recipes/show.html.erb:11
  [1m[36mIngredient Load (0.9ms)[0m  [1m[34mSELECT "ingredients".* FROM "ingredients" INNER JOIN "recipe_ingredients" ON "ingredients"."id" = "recipe_ingredients"."ingredient_id" WHERE "recipe_ingredients"."recipe_id" = ?[0m  [["recipe_id", 3]]
  ↳ app/views/recipes/show.html.erb:16
  Rendered recipes/show.html.erb within layouts/application (Duration: 52.0ms | Allocations: 20154)
Completed 200 OK in 76ms (Views: 48.5ms | ActiveRecord: 9.7ms | Allocations: 29393)


Started GET "/recipes" for ::1 at 2019-10-24 16:38:09 -0500
Processing by RecipesController#index as HTML
  [1m[36mUser Load (0.2ms)[0m  [1m[34mSELECT "users".* FROM "users" WHERE "users"."id" = ? LIMIT ?[0m  [["id", 2], ["LIMIT", 1]]
  ↳ app/controllers/application_controller.rb:6:in `current_user'
  Rendering recipes/index.html.erb within layouts/application
  [1m[36mRecipe Load (0.2ms)[0m  [1m[34mSELECT "recipes".* FROM "recipes"[0m
  ↳ app/views/recipes/index.html.erb:5
  Rendered recipes/index.html.erb within layouts/application (Duration: 4.9ms | Allocations: 2311)
Completed 200 OK in 9ms (Views: 5.8ms | ActiveRecord: 0.4ms | Allocations: 3470)


Started GET "/recipes/new" for ::1 at 2019-10-24 16:38:11 -0500
Processing by RecipesController#new as HTML
  [1m[36mUser Load (0.1ms)[0m  [1m[34mSELECT "users".* FROM "users" WHERE "users"."id" = ? LIMIT ?[0m  [["id", 2], ["LIMIT", 1]]
  ↳ app/controllers/application_controller.rb:6:in `current_user'
  Rendering recipes/new.html.erb within layouts/application
  Rendered recipes/_form.html.erb (Duration: 21.3ms | Allocations: 5430)
  Rendered recipes/new.html.erb within layouts/application (Duration: 22.8ms | Allocations: 5718)
Completed 200 OK in 26ms (Views: 23.5ms | ActiveRecord: 0.1ms | Allocations: 7026)


Started GET "/recipes/new" for ::1 at 2019-10-24 16:38:45 -0500
Processing by RecipesController#new as HTML
  [1m[36mUser Load (0.1ms)[0m  [1m[34mSELECT "users".* FROM "users" WHERE "users"."id" = ? LIMIT ?[0m  [["id", 2], ["LIMIT", 1]]
  ↳ app/controllers/application_controller.rb:6:in `current_user'
  Rendering recipes/new.html.erb within layouts/application
  Rendered recipes/_form.html.erb (Duration: 9.2ms | Allocations: 3580)
  Rendered recipes/new.html.erb within layouts/application (Duration: 11.2ms | Allocations: 3865)
Completed 200 OK in 20ms (Views: 16.6ms | ActiveRecord: 0.1ms | Allocations: 5918)


Started POST "/recipes" for ::1 at 2019-10-24 16:38:56 -0500
Processing by RecipesController#create as HTML
  Parameters: {"authenticity_token"=>"cGeO7MdqS6yG0H2N+/Gad9pYOqu8zG24jgNC+qJixi8kaIBo3YeL59FCT6oL2eTEFvZm4OlyGVeW6G/ycNnTwQ==", "recipe"=>{"title"=>"", "description"=>"", "cook_time"=>"", "user_id"=>"2"}, "add_ingredient"=>"Add ingredient"}
  [1m[36mUser Load (0.1ms)[0m  [1m[34mSELECT "users".* FROM "users" WHERE "users"."id" = ? LIMIT ?[0m  [["id", 2], ["LIMIT", 1]]
  ↳ app/controllers/application_controller.rb:6:in `current_user'
  [1m[36mCACHE User Load (0.1ms)[0m  [1m[34mSELECT "users".* FROM "users" WHERE "users"."id" = ? LIMIT ?[0m  [["id", 2], ["LIMIT", 1]]
  ↳ app/controllers/recipes_controller.rb:27:in `create'
  [1m[36mRecipe Exists? (0.4ms)[0m  [1m[34mSELECT 1 AS one FROM "recipes" WHERE LOWER("recipes"."title") = LOWER(?) LIMIT ?[0m  [["title", ""], ["LIMIT", 1]]
  ↳ app/controllers/recipes_controller.rb:27:in `create'
  Rendering recipes/new.html.erb within layouts/application
  Rendered recipes/_form.html.erb (Duration: 11.2ms | Allocations: 3949)
  Rendered recipes/new.html.erb within layouts/application (Duration: 11.8ms | Allocations: 4012)
Completed 200 OK in 25ms (Views: 13.9ms | ActiveRecord: 0.6ms | Allocations: 7683)


Started POST "/recipes" for ::1 at 2019-10-24 16:38:58 -0500
Processing by RecipesController#create as HTML
  Parameters: {"authenticity_token"=>"kH1+Cl60P8uqfgp7pOi5HkBirmu3OGC7WznOpJ4ZqLbEcnCORFn/gP3sOFxUwMetjMzyIOKGFFRD0uOsTKK9WA==", "recipe"=>{"title"=>"", "description"=>"", "cook_time"=>"", "ingredients_attributes"=>{"0"=>{"quantity"=>"", "measurement_type"=>"", "name"=>"", "_destroy"=>"0"}}, "user_id"=>"2"}, "add_utensil"=>"Add Utensil"}
  [1m[36mUser Load (0.3ms)[0m  [1m[34mSELECT "users".* FROM "users" WHERE "users"."id" = ? LIMIT ?[0m  [["id", 2], ["LIMIT", 1]]
  ↳ app/controllers/application_controller.rb:6:in `current_user'
  [1m[36mCACHE User Load (0.0ms)[0m  [1m[34mSELECT "users".* FROM "users" WHERE "users"."id" = ? LIMIT ?[0m  [["id", 2], ["LIMIT", 1]]
  ↳ app/controllers/recipes_controller.rb:27:in `create'
  [1m[36mRecipe Exists? (0.2ms)[0m  [1m[34mSELECT 1 AS one FROM "recipes" WHERE LOWER("recipes"."title") = LOWER(?) LIMIT ?[0m  [["title", ""], ["LIMIT", 1]]
  ↳ app/controllers/recipes_controller.rb:27:in `create'
  Rendering recipes/new.html.erb within layouts/application
  Rendered recipes/_form.html.erb (Duration: 4.7ms | Allocations: 3595)
  Rendered recipes/new.html.erb within layouts/application (Duration: 5.0ms | Allocations: 3659)
Completed 200 OK in 16ms (Views: 5.7ms | ActiveRecord: 0.5ms | Allocations: 7903)


Started POST "/recipes" for ::1 at 2019-10-24 16:39:02 -0500
Processing by RecipesController#create as HTML
  Parameters: {"authenticity_token"=>"qjDZxjx7CSN0Vj4S/4dtYDTWr0y6dJNeh2ggWRYLbqf+P9dCJpbJaCPEDDUPrxPT+HjzB+/K57Gfgw1RxLB7SQ==", "recipe"=>{"title"=>"", "description"=>"", "cook_time"=>"", "ingredients_attributes"=>{"0"=>{"quantity"=>"", "measurement_type"=>"", "name"=>"", "_destroy"=>"0"}}, "user_id"=>"2"}, "add_utensil"=>"Add Utensil"}
  [1m[36mUser Load (0.2ms)[0m  [1m[34mSELECT "users".* FROM "users" WHERE "users"."id" = ? LIMIT ?[0m  [["id", 2], ["LIMIT", 1]]
  ↳ app/controllers/application_controller.rb:6:in `current_user'
  [1m[36mCACHE User Load (0.0ms)[0m  [1m[34mSELECT "users".* FROM "users" WHERE "users"."id" = ? LIMIT ?[0m  [["id", 2], ["LIMIT", 1]]
  ↳ app/controllers/recipes_controller.rb:27:in `create'
  [1m[36mRecipe Exists? (0.2ms)[0m  [1m[34mSELECT 1 AS one FROM "recipes" WHERE LOWER("recipes"."title") = LOWER(?) LIMIT ?[0m  [["title", ""], ["LIMIT", 1]]
  ↳ app/controllers/recipes_controller.rb:27:in `create'
  Rendering recipes/new.html.erb within layouts/application
  Rendered recipes/_form.html.erb (Duration: 51.2ms | Allocations: 3588)
  Rendered recipes/new.html.erb within layouts/application (Duration: 51.4ms | Allocations: 3651)
Completed 200 OK in 61ms (Views: 52.1ms | ActiveRecord: 0.5ms | Allocations: 7732)


Started GET "/recipes" for ::1 at 2019-10-24 16:39:10 -0500
Processing by RecipesController#index as HTML
  [1m[36mUser Load (0.2ms)[0m  [1m[34mSELECT "users".* FROM "users" WHERE "users"."id" = ? LIMIT ?[0m  [["id", 2], ["LIMIT", 1]]
  ↳ app/controllers/application_controller.rb:6:in `current_user'
  Rendering recipes/index.html.erb within layouts/application
  [1m[36mRecipe Load (0.1ms)[0m  [1m[34mSELECT "recipes".* FROM "recipes"[0m
  ↳ app/views/recipes/index.html.erb:5
  Rendered recipes/index.html.erb within layouts/application (Duration: 4.2ms | Allocations: 2486)
Completed 200 OK in 8ms (Views: 5.0ms | ActiveRecord: 0.3ms | Allocations: 3789)


Started GET "/users/2" for ::1 at 2019-10-24 16:40:03 -0500
Processing by UsersController#show as HTML
  Parameters: {"id"=>"2"}
  [1m[36mUser Load (0.5ms)[0m  [1m[34mSELECT "users".* FROM "users" WHERE "users"."id" = ? LIMIT ?[0m  [["id", 2], ["LIMIT", 1]]
  ↳ app/controllers/application_controller.rb:6:in `current_user'
  [1m[36mCACHE User Load (0.0ms)[0m  [1m[34mSELECT "users".* FROM "users" WHERE "users"."id" = ? LIMIT ?[0m  [["id", 2], ["LIMIT", 1]]
  ↳ app/controllers/users_controller.rb:23:in `show'
  Rendering users/show.html.erb within layouts/application
  [1m[36mRecipe Load (0.3ms)[0m  [1m[34mSELECT "recipes".* FROM "recipes" WHERE "recipes"."user_id" = ?[0m  [["user_id", 2]]
  ↳ app/views/users/show.html.erb:9
  Rendered users/show.html.erb within layouts/application (Duration: 18.7ms | Allocations: 2872)
Completed 200 OK in 29ms (Views: 21.5ms | ActiveRecord: 0.8ms | Allocations: 5047)


Started GET "/recipes/new" for ::1 at 2019-10-24 16:40:05 -0500
Processing by RecipesController#new as HTML
  [1m[36mUser Load (0.2ms)[0m  [1m[34mSELECT "users".* FROM "users" WHERE "users"."id" = ? LIMIT ?[0m  [["id", 2], ["LIMIT", 1]]
  ↳ app/controllers/application_controller.rb:6:in `current_user'
  Rendering recipes/new.html.erb within layouts/application
  Rendered recipes/_form.html.erb (Duration: 4.8ms | Allocations: 2882)
  Rendered recipes/new.html.erb within layouts/application (Duration: 5.2ms | Allocations: 2945)
Completed 200 OK in 10ms (Views: 6.0ms | ActiveRecord: 0.2ms | Allocations: 4122)


Started POST "/recipes" for ::1 at 2019-10-24 16:40:10 -0500
Processing by RecipesController#create as HTML
  Parameters: {"authenticity_token"=>"oCe9/bIOfBHm8MMuKwUKzY3uo8q22jC/g3GT3Ke4qyH0KLN5qOO8WrFi8QnbLXR+QUD/geNkRFCbmr7UdQO+zw==", "recipe"=>{"title"=>"", "description"=>"", "cook_time"=>"", "user_id"=>"2"}, "add_ingredient"=>"Add ingredient"}
  [1m[36mUser Load (0.2ms)[0m  [1m[34mSELECT "users".* FROM "users" WHERE "users"."id" = ? LIMIT ?[0m  [["id", 2], ["LIMIT", 1]]
  ↳ app/controllers/application_controller.rb:6:in `current_user'
  [1m[36mCACHE User Load (0.0ms)[0m  [1m[34mSELECT "users".* FROM "users" WHERE "users"."id" = ? LIMIT ?[0m  [["id", 2], ["LIMIT", 1]]
  ↳ app/controllers/recipes_controller.rb:27:in `create'
  [1m[36mRecipe Exists? (1.2ms)[0m  [1m[34mSELECT 1 AS one FROM "recipes" WHERE LOWER("recipes"."title") = LOWER(?) LIMIT ?[0m  [["title", ""], ["LIMIT", 1]]
  ↳ app/controllers/recipes_controller.rb:27:in `create'
  Rendering recipes/new.html.erb within layouts/application
  Rendered recipes/_form.html.erb (Duration: 4.8ms | Allocations: 3583)
  Rendered recipes/new.html.erb within layouts/application (Duration: 5.1ms | Allocations: 3646)
Completed 200 OK in 19ms (Views: 6.1ms | ActiveRecord: 1.5ms | Allocations: 6952)


Started POST "/recipes" for ::1 at 2019-10-24 16:40:30 -0500
Processing by RecipesController#create as HTML
  Parameters: {"authenticity_token"=>"oCe9/bIOfBHm8MMuKwUKzY3uo8q22jC/g3GT3Ke4qyH0KLN5qOO8WrFi8QnbLXR+QUD/geNkRFCbmr7UdQO+zw==", "recipe"=>{"title"=>"", "description"=>"", "cook_time"=>"", "user_id"=>"2"}, "add_ingredient"=>"Add ingredient"}
  [1m[36mUser Load (0.3ms)[0m  [1m[34mSELECT "users".* FROM "users" WHERE "users"."id" = ? LIMIT ?[0m  [["id", 2], ["LIMIT", 1]]
  ↳ app/controllers/application_controller.rb:6:in `current_user'
  [1m[36mCACHE User Load (0.0ms)[0m  [1m[34mSELECT "users".* FROM "users" WHERE "users"."id" = ? LIMIT ?[0m  [["id", 2], ["LIMIT", 1]]
  ↳ app/controllers/recipes_controller.rb:27:in `create'
  [1m[36mRecipe Exists? (0.4ms)[0m  [1m[34mSELECT 1 AS one FROM "recipes" WHERE LOWER("recipes"."title") = LOWER(?) LIMIT ?[0m  [["title", ""], ["LIMIT", 1]]
  ↳ app/controllers/recipes_controller.rb:27:in `create'
  Rendering recipes/new.html.erb within layouts/application
  Rendered recipes/_form.html.erb (Duration: 16.2ms | Allocations: 4292)
  Rendered recipes/new.html.erb within layouts/application (Duration: 19.6ms | Allocations: 4578)
Completed 200 OK in 35ms (Views: 25.7ms | ActiveRecord: 0.7ms | Allocations: 8777)


Started GET "/recipes" for ::1 at 2019-10-24 16:40:33 -0500
Processing by RecipesController#index as HTML
  [1m[36mUser Load (0.2ms)[0m  [1m[34mSELECT "users".* FROM "users" WHERE "users"."id" = ? LIMIT ?[0m  [["id", 2], ["LIMIT", 1]]
  ↳ app/controllers/application_controller.rb:6:in `current_user'
  Rendering recipes/index.html.erb within layouts/application
  [1m[36mRecipe Load (0.2ms)[0m  [1m[34mSELECT "recipes".* FROM "recipes"[0m
  ↳ app/views/recipes/index.html.erb:5
  Rendered recipes/index.html.erb within layouts/application (Duration: 11.6ms | Allocations: 2480)
Completed 200 OK in 15ms (Views: 12.3ms | ActiveRecord: 0.4ms | Allocations: 3771)


Started GET "/users/2" for ::1 at 2019-10-24 16:41:04 -0500
Processing by UsersController#show as HTML
  Parameters: {"id"=>"2"}
  [1m[36mUser Load (0.4ms)[0m  [1m[34mSELECT "users".* FROM "users" WHERE "users"."id" = ? LIMIT ?[0m  [["id", 2], ["LIMIT", 1]]
  ↳ app/controllers/application_controller.rb:6:in `current_user'
  [1m[36mCACHE User Load (0.0ms)[0m  [1m[34mSELECT "users".* FROM "users" WHERE "users"."id" = ? LIMIT ?[0m  [["id", 2], ["LIMIT", 1]]
  ↳ app/controllers/users_controller.rb:23:in `show'
  Rendering users/show.html.erb within layouts/application
  [1m[36mRecipe Load (0.2ms)[0m  [1m[34mSELECT "recipes".* FROM "recipes" WHERE "recipes"."user_id" = ?[0m  [["user_id", 2]]
  ↳ app/views/users/show.html.erb:9
  Rendered users/show.html.erb within layouts/application (Duration: 8.7ms | Allocations: 2873)
Completed 200 OK in 16ms (Views: 10.6ms | ActiveRecord: 0.5ms | Allocations: 5026)


Started GET "/users/2" for ::1 at 2019-10-24 16:42:08 -0500
Processing by UsersController#show as HTML
  Parameters: {"id"=>"2"}
  [1m[36mUser Load (0.2ms)[0m  [1m[34mSELECT "users".* FROM "users" WHERE "users"."id" = ? LIMIT ?[0m  [["id", 2], ["LIMIT", 1]]
  ↳ app/controllers/application_controller.rb:6:in `current_user'
  [1m[36mCACHE User Load (0.0ms)[0m  [1m[34mSELECT "users".* FROM "users" WHERE "users"."id" = ? LIMIT ?[0m  [["id", 2], ["LIMIT", 1]]
  ↳ app/controllers/users_controller.rb:23:in `show'
  Rendering users/show.html.erb within layouts/application
  [1m[36mRecipe Load (0.2ms)[0m  [1m[34mSELECT "recipes".* FROM "recipes" WHERE "recipes"."user_id" = ?[0m  [["user_id", 2]]
  ↳ app/views/users/show.html.erb:9
  Rendered users/show.html.erb within layouts/application (Duration: 5.7ms | Allocations: 2873)
Completed 200 OK in 12ms (Views: 8.1ms | ActiveRecord: 0.4ms | Allocations: 5345)


Started GET "/users/2" for ::1 at 2019-10-24 16:42:09 -0500
Processing by UsersController#show as HTML
  Parameters: {"id"=>"2"}
  [1m[36mUser Load (0.3ms)[0m  [1m[34mSELECT "users".* FROM "users" WHERE "users"."id" = ? LIMIT ?[0m  [["id", 2], ["LIMIT", 1]]
  ↳ app/controllers/application_controller.rb:6:in `current_user'
  [1m[36mCACHE User Load (0.1ms)[0m  [1m[34mSELECT "users".* FROM "users" WHERE "users"."id" = ? LIMIT ?[0m  [["id", 2], ["LIMIT", 1]]
  ↳ app/controllers/users_controller.rb:23:in `show'
  Rendering users/show.html.erb within layouts/application
  [1m[36mRecipe Load (0.3ms)[0m  [1m[34mSELECT "recipes".* FROM "recipes" WHERE "recipes"."user_id" = ?[0m  [["user_id", 2]]
  ↳ app/views/users/show.html.erb:9
  Rendered users/show.html.erb within layouts/application (Duration: 6.6ms | Allocations: 2594)
Completed 200 OK in 15ms (Views: 7.3ms | ActiveRecord: 0.6ms | Allocations: 4173)


Started GET "/recipes" for ::1 at 2019-10-24 16:42:14 -0500
Processing by RecipesController#index as HTML
  [1m[36mUser Load (0.2ms)[0m  [1m[34mSELECT "users".* FROM "users" WHERE "users"."id" = ? LIMIT ?[0m  [["id", 2], ["LIMIT", 1]]
  ↳ app/controllers/application_controller.rb:6:in `current_user'
  Rendering recipes/index.html.erb within layouts/application
  [1m[36mRecipe Load (0.2ms)[0m  [1m[34mSELECT "recipes".* FROM "recipes"[0m
  ↳ app/views/recipes/index.html.erb:5
  Rendered recipes/index.html.erb within layouts/application (Duration: 12.5ms | Allocations: 2480)
Completed 200 OK in 18ms (Views: 14.2ms | ActiveRecord: 0.3ms | Allocations: 4197)


Started GET "/users/2" for ::1 at 2019-10-24 16:42:16 -0500
Processing by UsersController#show as HTML
  Parameters: {"id"=>"2"}
  [1m[36mUser Load (0.2ms)[0m  [1m[34mSELECT "users".* FROM "users" WHERE "users"."id" = ? LIMIT ?[0m  [["id", 2], ["LIMIT", 1]]
  ↳ app/controllers/application_controller.rb:6:in `current_user'
  [1m[36mCACHE User Load (0.0ms)[0m  [1m[34mSELECT "users".* FROM "users" WHERE "users"."id" = ? LIMIT ?[0m  [["id", 2], ["LIMIT", 1]]
  ↳ app/controllers/users_controller.rb:23:in `show'
  Rendering users/show.html.erb within layouts/application
  [1m[36mRecipe Load (0.1ms)[0m  [1m[34mSELECT "recipes".* FROM "recipes" WHERE "recipes"."user_id" = ?[0m  [["user_id", 2]]
  ↳ app/views/users/show.html.erb:9
  Rendered users/show.html.erb within layouts/application (Duration: 4.2ms | Allocations: 2596)
Completed 200 OK in 9ms (Views: 5.1ms | ActiveRecord: 0.3ms | Allocations: 4180)


Started GET "/recipes" for ::1 at 2019-10-24 16:42:33 -0500
Processing by RecipesController#index as HTML
  [1m[36mUser Load (0.1ms)[0m  [1m[34mSELECT "users".* FROM "users" WHERE "users"."id" = ? LIMIT ?[0m  [["id", 2], ["LIMIT", 1]]
  ↳ app/controllers/application_controller.rb:6:in `current_user'
  Rendering recipes/index.html.erb within layouts/application
  [1m[36mRecipe Load (0.2ms)[0m  [1m[34mSELECT "recipes".* FROM "recipes"[0m
  ↳ app/views/recipes/index.html.erb:5
  Rendered recipes/index.html.erb within layouts/application (Duration: 6.6ms | Allocations: 2480)
Completed 200 OK in 11ms (Views: 8.6ms | ActiveRecord: 0.3ms | Allocations: 4518)


Started GET "/recipes" for ::1 at 2019-10-24 16:42:42 -0500
Processing by RecipesController#index as HTML
  [1m[36mUser Load (0.2ms)[0m  [1m[34mSELECT "users".* FROM "users" WHERE "users"."id" = ? LIMIT ?[0m  [["id", 2], ["LIMIT", 1]]
  ↳ app/controllers/application_controller.rb:6:in `current_user'
  Rendering recipes/index.html.erb within layouts/application
  [1m[36mRecipe Load (0.2ms)[0m  [1m[34mSELECT "recipes".* FROM "recipes"[0m
  ↳ app/views/recipes/index.html.erb:5
  Rendered recipes/index.html.erb within layouts/application (Duration: 5.3ms | Allocations: 2311)
Completed 200 OK in 10ms (Views: 6.5ms | ActiveRecord: 0.4ms | Allocations: 3451)


Started GET "/recipes" for ::1 at 2019-10-24 16:43:07 -0500
Processing by RecipesController#index as HTML
  [1m[36mUser Load (0.1ms)[0m  [1m[34mSELECT "users".* FROM "users" WHERE "users"."id" = ? LIMIT ?[0m  [["id", 2], ["LIMIT", 1]]
  ↳ app/controllers/application_controller.rb:6:in `current_user'
  Rendering recipes/index.html.erb within layouts/application
  [1m[36mRecipe Load (0.2ms)[0m  [1m[34mSELECT "recipes".* FROM "recipes"[0m
  ↳ app/views/recipes/index.html.erb:5
  Rendered recipes/index.html.erb within layouts/application (Duration: 5.7ms | Allocations: 2482)
Completed 200 OK in 10ms (Views: 7.9ms | ActiveRecord: 0.4ms | Allocations: 4516)


Started GET "/users/2" for ::1 at 2019-10-24 16:43:12 -0500
Processing by UsersController#show as HTML
  Parameters: {"id"=>"2"}
  [1m[36mUser Load (0.1ms)[0m  [1m[34mSELECT "users".* FROM "users" WHERE "users"."id" = ? LIMIT ?[0m  [["id", 2], ["LIMIT", 1]]
  ↳ app/controllers/application_controller.rb:6:in `current_user'
  [1m[36mCACHE User Load (0.0ms)[0m  [1m[34mSELECT "users".* FROM "users" WHERE "users"."id" = ? LIMIT ?[0m  [["id", 2], ["LIMIT", 1]]
  ↳ app/controllers/users_controller.rb:23:in `show'
  Rendering users/show.html.erb within layouts/application
  [1m[36mRecipe Load (0.2ms)[0m  [1m[34mSELECT "recipes".* FROM "recipes" WHERE "recipes"."user_id" = ?[0m  [["user_id", 2]]
  ↳ app/views/users/show.html.erb:9
  Rendered users/show.html.erb within layouts/application (Duration: 10.3ms | Allocations: 2873)
Completed 200 OK in 16ms (Views: 12.4ms | ActiveRecord: 0.4ms | Allocations: 5038)


Started GET "/recipes" for ::1 at 2019-10-24 16:43:24 -0500
Processing by RecipesController#index as HTML
  [1m[36mUser Load (0.4ms)[0m  [1m[34mSELECT "users".* FROM "users" WHERE "users"."id" = ? LIMIT ?[0m  [["id", 2], ["LIMIT", 1]]
  ↳ app/controllers/application_controller.rb:6:in `current_user'
  Rendering recipes/index.html.erb within layouts/application
  [1m[36mRecipe Load (0.2ms)[0m  [1m[34mSELECT "recipes".* FROM "recipes"[0m
  ↳ app/views/recipes/index.html.erb:5
  Rendered recipes/index.html.erb within layouts/application (Duration: 5.9ms | Allocations: 2488)
Completed 200 OK in 14ms (Views: 9.3ms | ActiveRecord: 0.5ms | Allocations: 4525)


Started GET "/recipes" for ::1 at 2019-10-24 16:43:40 -0500
Processing by RecipesController#index as HTML
  [1m[36mUser Load (0.2ms)[0m  [1m[34mSELECT "users".* FROM "users" WHERE "users"."id" = ? LIMIT ?[0m  [["id", 2], ["LIMIT", 1]]
  ↳ app/controllers/application_controller.rb:6:in `current_user'
  Rendering recipes/index.html.erb within layouts/application
  [1m[36mRecipe Load (0.4ms)[0m  [1m[34mSELECT "recipes".* FROM "recipes"[0m
  ↳ app/views/recipes/index.html.erb:5
  Rendered recipes/index.html.erb within layouts/application (Duration: 8.1ms | Allocations: 2483)
Completed 200 OK in 17ms (Views: 12.0ms | ActiveRecord: 0.7ms | Allocations: 4517)


Started GET "/users/2" for ::1 at 2019-10-24 16:43:48 -0500
Processing by UsersController#show as HTML
  Parameters: {"id"=>"2"}
  [1m[36mUser Load (0.2ms)[0m  [1m[34mSELECT "users".* FROM "users" WHERE "users"."id" = ? LIMIT ?[0m  [["id", 2], ["LIMIT", 1]]
  ↳ app/controllers/application_controller.rb:6:in `current_user'
  [1m[36mCACHE User Load (0.0ms)[0m  [1m[34mSELECT "users".* FROM "users" WHERE "users"."id" = ? LIMIT ?[0m  [["id", 2], ["LIMIT", 1]]
  ↳ app/controllers/users_controller.rb:23:in `show'
  Rendering users/show.html.erb within layouts/application
  [1m[36mRecipe Load (0.5ms)[0m  [1m[34mSELECT "recipes".* FROM "recipes" WHERE "recipes"."user_id" = ?[0m  [["user_id", 2]]
  ↳ app/views/users/show.html.erb:9
  Rendered users/show.html.erb within layouts/application (Duration: 15.7ms | Allocations: 2873)
Completed 200 OK in 23ms (Views: 17.6ms | ActiveRecord: 0.7ms | Allocations: 5037)


Started GET "/reviews/new" for ::1 at 2019-10-24 16:44:00 -0500
Processing by ReviewsController#new as HTML
  [1m[36mUser Load (0.1ms)[0m  [1m[34mSELECT "users".* FROM "users" WHERE "users"."id" = ? LIMIT ?[0m  [["id", 2], ["LIMIT", 1]]
  ↳ app/controllers/application_controller.rb:6:in `current_user'
  Rendering reviews/new.html.erb within layouts/application
  [1m[36mRecipe Load (0.5ms)[0m  [1m[34mSELECT "recipes".* FROM "recipes"[0m
  ↳ app/views/reviews/_form.html.erb:18
  Rendered reviews/_form.html.erb (Duration: 8.8ms | Allocations: 2870)
  Rendered reviews/new.html.erb within layouts/application (Duration: 19.3ms | Allocations: 5150)
Completed 200 OK in 24ms (Views: 21.6ms | ActiveRecord: 0.6ms | Allocations: 6934)


Started GET "/reviews" for ::1 at 2019-10-24 16:44:04 -0500
Processing by ReviewsController#index as HTML
  [1m[36mUser Load (0.2ms)[0m  [1m[34mSELECT "users".* FROM "users" WHERE "users"."id" = ? LIMIT ?[0m  [["id", 2], ["LIMIT", 1]]
  ↳ app/controllers/application_controller.rb:6:in `current_user'
  Rendering reviews/index.html.erb within layouts/application
  [1m[36mReview Load (0.3ms)[0m  [1m[34mSELECT "reviews".* FROM "reviews"[0m
  ↳ app/views/reviews/index.html.erb:6
  [1m[36mRecipe Load (0.2ms)[0m  [1m[34mSELECT "recipes".* FROM "recipes" WHERE "recipes"."id" = ? LIMIT ?[0m  [["id", 1], ["LIMIT", 1]]
  ↳ app/views/reviews/index.html.erb:9
  [1m[36mRecipe Load (0.2ms)[0m  [1m[34mSELECT "recipes".* FROM "recipes" WHERE "recipes"."id" = ? LIMIT ?[0m  [["id", 2], ["LIMIT", 1]]
  ↳ app/views/reviews/index.html.erb:9
  [1m[36mCACHE Recipe Load (0.0ms)[0m  [1m[34mSELECT "recipes".* FROM "recipes" WHERE "recipes"."id" = ? LIMIT ?[0m  [["id", 1], ["LIMIT", 1]]
  ↳ app/views/reviews/index.html.erb:9
  [1m[36mRecipe Load (1.2ms)[0m  [1m[34mSELECT "recipes".* FROM "recipes" WHERE "recipes"."id" = ? LIMIT ?[0m  [["id", 3], ["LIMIT", 1]]
  ↳ app/views/reviews/index.html.erb:9
  [1m[36mCACHE Recipe Load (0.1ms)[0m  [1m[34mSELECT "recipes".* FROM "recipes" WHERE "recipes"."id" = ? LIMIT ?[0m  [["id", 3], ["LIMIT", 1]]
  ↳ app/views/reviews/index.html.erb:9
  Rendered reviews/index.html.erb within layouts/application (Duration: 27.5ms | Allocations: 5934)
Completed 200 OK in 33ms (Views: 27.5ms | ActiveRecord: 2.3ms | Allocations: 7222)


Started GET "/recipes" for ::1 at 2019-10-24 16:44:07 -0500
Processing by RecipesController#index as HTML
  [1m[36mUser Load (0.1ms)[0m  [1m[34mSELECT "users".* FROM "users" WHERE "users"."id" = ? LIMIT ?[0m  [["id", 2], ["LIMIT", 1]]
  ↳ app/controllers/application_controller.rb:6:in `current_user'
  Rendering recipes/index.html.erb within layouts/application
  [1m[36mRecipe Load (0.1ms)[0m  [1m[34mSELECT "recipes".* FROM "recipes"[0m
  ↳ app/views/recipes/index.html.erb:5
  Rendered recipes/index.html.erb within layouts/application (Duration: 3.0ms | Allocations: 2311)
Completed 200 OK in 5ms (Views: 3.6ms | ActiveRecord: 0.3ms | Allocations: 3457)


Started GET "/recipes/2" for ::1 at 2019-10-24 16:44:09 -0500
Processing by RecipesController#show as HTML
  Parameters: {"id"=>"2"}
  [1m[36mUser Load (0.2ms)[0m  [1m[34mSELECT "users".* FROM "users" WHERE "users"."id" = ? LIMIT ?[0m  [["id", 2], ["LIMIT", 1]]
  ↳ app/controllers/application_controller.rb:6:in `current_user'
  [1m[36mRecipe Load (0.4ms)[0m  [1m[34mSELECT "recipes".* FROM "recipes" WHERE "recipes"."id" = ? LIMIT ?[0m  [["id", 2], ["LIMIT", 1]]
  ↳ app/controllers/recipes_controller.rb:110:in `current_recipe'
  [1m[36mReview Load (0.2ms)[0m  [1m[34mSELECT "reviews".* FROM "reviews" WHERE "reviews"."recipe_id" = ?[0m  [["recipe_id", 2]]
  ↳ app/controllers/recipes_controller.rb:11:in `show'
  [1m[35m (0.4ms)[0m  [1m[34mSELECT COUNT(*) FROM "reviews" WHERE "reviews"."recipe_id" = ?[0m  [["recipe_id", 2]]
  ↳ app/controllers/recipes_controller.rb:14:in `show'
  Rendering recipes/show.html.erb within layouts/application
  [1m[36mCACHE User Load (0.0ms)[0m  [1m[34mSELECT "users".* FROM "users" WHERE "users"."id" = ? LIMIT ?[0m  [["id", 2], ["LIMIT", 1]]
  ↳ app/views/recipes/show.html.erb:7
  [1m[36mUtensil Load (0.2ms)[0m  [1m[34mSELECT "utensils".* FROM "utensils" INNER JOIN "recipe_utensils" ON "utensils"."id" = "recipe_utensils"."utensil_id" WHERE "recipe_utensils"."recipe_id" = ?[0m  [["recipe_id", 2]]
  ↳ app/views/recipes/show.html.erb:11
  [1m[36mIngredient Load (0.3ms)[0m  [1m[34mSELECT "ingredients".* FROM "ingredients" INNER JOIN "recipe_ingredients" ON "ingredients"."id" = "recipe_ingredients"."ingredient_id" WHERE "recipe_ingredients"."recipe_id" = ?[0m  [["recipe_id", 2]]
  ↳ app/views/recipes/show.html.erb:16
  Rendered recipes/show.html.erb within layouts/application (Duration: 11.5ms | Allocations: 4611)
Completed 200 OK in 25ms (Views: 12.1ms | ActiveRecord: 1.7ms | Allocations: 7646)


Started GET "/recipes/2" for ::1 at 2019-10-24 16:45:53 -0500
Processing by RecipesController#show as HTML
  Parameters: {"id"=>"2"}
  [1m[36mUser Load (0.2ms)[0m  [1m[34mSELECT "users".* FROM "users" WHERE "users"."id" = ? LIMIT ?[0m  [["id", 2], ["LIMIT", 1]]
  ↳ app/controllers/application_controller.rb:6:in `current_user'
  [1m[36mRecipe Load (0.2ms)[0m  [1m[34mSELECT "recipes".* FROM "recipes" WHERE "recipes"."id" = ? LIMIT ?[0m  [["id", 2], ["LIMIT", 1]]
  ↳ app/controllers/recipes_controller.rb:110:in `current_recipe'
  [1m[36mReview Load (0.2ms)[0m  [1m[34mSELECT "reviews".* FROM "reviews" WHERE "reviews"."recipe_id" = ?[0m  [["recipe_id", 2]]
  ↳ app/controllers/recipes_controller.rb:11:in `show'
  [1m[35m (0.4ms)[0m  [1m[34mSELECT COUNT(*) FROM "reviews" WHERE "reviews"."recipe_id" = ?[0m  [["recipe_id", 2]]
  ↳ app/controllers/recipes_controller.rb:14:in `show'
  Rendering recipes/show.html.erb within layouts/application
  [1m[36mCACHE User Load (0.0ms)[0m  [1m[34mSELECT "users".* FROM "users" WHERE "users"."id" = ? LIMIT ?[0m  [["id", 2], ["LIMIT", 1]]
  ↳ app/views/recipes/show.html.erb:7
  [1m[36mUtensil Load (0.2ms)[0m  [1m[34mSELECT "utensils".* FROM "utensils" INNER JOIN "recipe_utensils" ON "utensils"."id" = "recipe_utensils"."utensil_id" WHERE "recipe_utensils"."recipe_id" = ?[0m  [["recipe_id", 2]]
  ↳ app/views/recipes/show.html.erb:11
  [1m[36mIngredient Load (0.4ms)[0m  [1m[34mSELECT "ingredients".* FROM "ingredients" INNER JOIN "recipe_ingredients" ON "ingredients"."id" = "recipe_ingredients"."ingredient_id" WHERE "recipe_ingredients"."recipe_id" = ?[0m  [["recipe_id", 2]]
  ↳ app/views/recipes/show.html.erb:16
  Rendered recipes/show.html.erb within layouts/application (Duration: 14.5ms | Allocations: 4613)
Completed 200 OK in 26ms (Views: 16.3ms | ActiveRecord: 1.6ms | Allocations: 8397)


Started GET "/recipes/2" for ::1 at 2019-10-24 16:46:18 -0500
Processing by RecipesController#show as HTML
  Parameters: {"id"=>"2"}
  [1m[36mUser Load (0.2ms)[0m  [1m[34mSELECT "users".* FROM "users" WHERE "users"."id" = ? LIMIT ?[0m  [["id", 2], ["LIMIT", 1]]
  ↳ app/controllers/application_controller.rb:6:in `current_user'
  [1m[36mRecipe Load (0.2ms)[0m  [1m[34mSELECT "recipes".* FROM "recipes" WHERE "recipes"."id" = ? LIMIT ?[0m  [["id", 2], ["LIMIT", 1]]
  ↳ app/controllers/recipes_controller.rb:110:in `current_recipe'
  [1m[36mReview Load (0.2ms)[0m  [1m[34mSELECT "reviews".* FROM "reviews" WHERE "reviews"."recipe_id" = ?[0m  [["recipe_id", 2]]
  ↳ app/controllers/recipes_controller.rb:11:in `show'
  [1m[35m (0.2ms)[0m  [1m[34mSELECT COUNT(*) FROM "reviews" WHERE "reviews"."recipe_id" = ?[0m  [["recipe_id", 2]]
  ↳ app/controllers/recipes_controller.rb:14:in `show'
  Rendering recipes/show.html.erb within layouts/application
  [1m[36mCACHE User Load (0.0ms)[0m  [1m[34mSELECT "users".* FROM "users" WHERE "users"."id" = ? LIMIT ?[0m  [["id", 2], ["LIMIT", 1]]
  ↳ app/views/recipes/show.html.erb:7
  [1m[36mUtensil Load (0.2ms)[0m  [1m[34mSELECT "utensils".* FROM "utensils" INNER JOIN "recipe_utensils" ON "utensils"."id" = "recipe_utensils"."utensil_id" WHERE "recipe_utensils"."recipe_id" = ?[0m  [["recipe_id", 2]]
  ↳ app/views/recipes/show.html.erb:11
  [1m[36mIngredient Load (0.2ms)[0m  [1m[34mSELECT "ingredients".* FROM "ingredients" INNER JOIN "recipe_ingredients" ON "ingredients"."id" = "recipe_ingredients"."ingredient_id" WHERE "recipe_ingredients"."recipe_id" = ?[0m  [["recipe_id", 2]]
  ↳ app/views/recipes/show.html.erb:16
  Rendered recipes/show.html.erb within layouts/application (Duration: 12.4ms | Allocations: 4613)
Completed 200 OK in 26ms (Views: 16.9ms | ActiveRecord: 1.2ms | Allocations: 8393)


Started GET "/recipes/2" for ::1 at 2019-10-24 16:46:34 -0500
Processing by RecipesController#show as HTML
  Parameters: {"id"=>"2"}
  [1m[36mUser Load (0.2ms)[0m  [1m[34mSELECT "users".* FROM "users" WHERE "users"."id" = ? LIMIT ?[0m  [["id", 2], ["LIMIT", 1]]
  ↳ app/controllers/application_controller.rb:6:in `current_user'
  [1m[36mRecipe Load (0.2ms)[0m  [1m[34mSELECT "recipes".* FROM "recipes" WHERE "recipes"."id" = ? LIMIT ?[0m  [["id", 2], ["LIMIT", 1]]
  ↳ app/controllers/recipes_controller.rb:110:in `current_recipe'
  [1m[36mReview Load (0.4ms)[0m  [1m[34mSELECT "reviews".* FROM "reviews" WHERE "reviews"."recipe_id" = ?[0m  [["recipe_id", 2]]
  ↳ app/controllers/recipes_controller.rb:11:in `show'
  [1m[35m (0.2ms)[0m  [1m[34mSELECT COUNT(*) FROM "reviews" WHERE "reviews"."recipe_id" = ?[0m  [["recipe_id", 2]]
  ↳ app/controllers/recipes_controller.rb:14:in `show'
  Rendering recipes/show.html.erb within layouts/application
  [1m[36mCACHE User Load (0.0ms)[0m  [1m[34mSELECT "users".* FROM "users" WHERE "users"."id" = ? LIMIT ?[0m  [["id", 2], ["LIMIT", 1]]
  ↳ app/views/recipes/show.html.erb:7
  [1m[36mUtensil Load (0.2ms)[0m  [1m[34mSELECT "utensils".* FROM "utensils" INNER JOIN "recipe_utensils" ON "utensils"."id" = "recipe_utensils"."utensil_id" WHERE "recipe_utensils"."recipe_id" = ?[0m  [["recipe_id", 2]]
  ↳ app/views/recipes/show.html.erb:11
  [1m[36mIngredient Load (0.4ms)[0m  [1m[34mSELECT "ingredients".* FROM "ingredients" INNER JOIN "recipe_ingredients" ON "ingredients"."id" = "recipe_ingredients"."ingredient_id" WHERE "recipe_ingredients"."recipe_id" = ?[0m  [["recipe_id", 2]]
  ↳ app/views/recipes/show.html.erb:16
  Rendered recipes/show.html.erb within layouts/application (Duration: 11.8ms | Allocations: 4612)
Completed 200 OK in 27ms (Views: 14.8ms | ActiveRecord: 1.5ms | Allocations: 8392)


Started GET "/recipes/2" for ::1 at 2019-10-24 16:46:52 -0500
Processing by RecipesController#show as HTML
  Parameters: {"id"=>"2"}
  [1m[36mUser Load (0.2ms)[0m  [1m[34mSELECT "users".* FROM "users" WHERE "users"."id" = ? LIMIT ?[0m  [["id", 2], ["LIMIT", 1]]
  ↳ app/controllers/application_controller.rb:6:in `current_user'
  [1m[36mRecipe Load (0.2ms)[0m  [1m[34mSELECT "recipes".* FROM "recipes" WHERE "recipes"."id" = ? LIMIT ?[0m  [["id", 2], ["LIMIT", 1]]
  ↳ app/controllers/recipes_controller.rb:110:in `current_recipe'
  [1m[36mReview Load (0.2ms)[0m  [1m[34mSELECT "reviews".* FROM "reviews" WHERE "reviews"."recipe_id" = ?[0m  [["recipe_id", 2]]
  ↳ app/controllers/recipes_controller.rb:11:in `show'
  [1m[35m (0.2ms)[0m  [1m[34mSELECT COUNT(*) FROM "reviews" WHERE "reviews"."recipe_id" = ?[0m  [["recipe_id", 2]]
  ↳ app/controllers/recipes_controller.rb:14:in `show'
  Rendering recipes/show.html.erb within layouts/application
  [1m[36mCACHE User Load (0.1ms)[0m  [1m[34mSELECT "users".* FROM "users" WHERE "users"."id" = ? LIMIT ?[0m  [["id", 2], ["LIMIT", 1]]
  ↳ app/views/recipes/show.html.erb:7
  [1m[36mUtensil Load (0.3ms)[0m  [1m[34mSELECT "utensils".* FROM "utensils" INNER JOIN "recipe_utensils" ON "utensils"."id" = "recipe_utensils"."utensil_id" WHERE "recipe_utensils"."recipe_id" = ?[0m  [["recipe_id", 2]]
  ↳ app/views/recipes/show.html.erb:11
  [1m[36mIngredient Load (0.2ms)[0m  [1m[34mSELECT "ingredients".* FROM "ingredients" INNER JOIN "recipe_ingredients" ON "ingredients"."id" = "recipe_ingredients"."ingredient_id" WHERE "recipe_ingredients"."recipe_id" = ?[0m  [["recipe_id", 2]]
  ↳ app/views/recipes/show.html.erb:16
  Rendered recipes/show.html.erb within layouts/application (Duration: 15.7ms | Allocations: 4612)
Completed 200 OK in 26ms (Views: 17.7ms | ActiveRecord: 1.4ms | Allocations: 8393)


Started GET "/recipes/2" for ::1 at 2019-10-24 16:47:05 -0500
Processing by RecipesController#show as HTML
  Parameters: {"id"=>"2"}
  [1m[36mUser Load (0.4ms)[0m  [1m[34mSELECT "users".* FROM "users" WHERE "users"."id" = ? LIMIT ?[0m  [["id", 2], ["LIMIT", 1]]
  ↳ app/controllers/application_controller.rb:6:in `current_user'
  [1m[36mRecipe Load (0.3ms)[0m  [1m[34mSELECT "recipes".* FROM "recipes" WHERE "recipes"."id" = ? LIMIT ?[0m  [["id", 2], ["LIMIT", 1]]
  ↳ app/controllers/recipes_controller.rb:110:in `current_recipe'
  [1m[36mReview Load (0.3ms)[0m  [1m[34mSELECT "reviews".* FROM "reviews" WHERE "reviews"."recipe_id" = ?[0m  [["recipe_id", 2]]
  ↳ app/controllers/recipes_controller.rb:11:in `show'
  [1m[35m (0.3ms)[0m  [1m[34mSELECT COUNT(*) FROM "reviews" WHERE "reviews"."recipe_id" = ?[0m  [["recipe_id", 2]]
  ↳ app/controllers/recipes_controller.rb:14:in `show'
  Rendering recipes/show.html.erb within layouts/application
  [1m[36mCACHE User Load (0.1ms)[0m  [1m[34mSELECT "users".* FROM "users" WHERE "users"."id" = ? LIMIT ?[0m  [["id", 2], ["LIMIT", 1]]
  ↳ app/views/recipes/show.html.erb:7
  [1m[36mUtensil Load (0.1ms)[0m  [1m[34mSELECT "utensils".* FROM "utensils" INNER JOIN "recipe_utensils" ON "utensils"."id" = "recipe_utensils"."utensil_id" WHERE "recipe_utensils"."recipe_id" = ?[0m  [["recipe_id", 2]]
  ↳ app/views/recipes/show.html.erb:11
  [1m[36mIngredient Load (0.1ms)[0m  [1m[34mSELECT "ingredients".* FROM "ingredients" INNER JOIN "recipe_ingredients" ON "ingredients"."id" = "recipe_ingredients"."ingredient_id" WHERE "recipe_ingredients"."recipe_id" = ?[0m  [["recipe_id", 2]]
  ↳ app/views/recipes/show.html.erb:16
  Rendered recipes/show.html.erb within layouts/application (Duration: 8.8ms | Allocations: 4613)
Completed 200 OK in 26ms (Views: 11.8ms | ActiveRecord: 1.6ms | Allocations: 8394)


Started GET "/recipes" for ::1 at 2019-10-24 16:47:36 -0500
Processing by RecipesController#index as HTML
  [1m[36mUser Load (0.2ms)[0m  [1m[34mSELECT "users".* FROM "users" WHERE "users"."id" = ? LIMIT ?[0m  [["id", 2], ["LIMIT", 1]]
  ↳ app/controllers/application_controller.rb:6:in `current_user'
  Rendering recipes/index.html.erb within layouts/application
  [1m[36mRecipe Load (0.2ms)[0m  [1m[34mSELECT "recipes".* FROM "recipes"[0m
  ↳ app/views/recipes/index.html.erb:5
  Rendered recipes/index.html.erb within layouts/application (Duration: 5.1ms | Allocations: 2487)
Completed 200 OK in 10ms (Views: 6.4ms | ActiveRecord: 0.4ms | Allocations: 3769)


Started GET "/recipes" for ::1 at 2019-10-24 16:47:53 -0500
Processing by RecipesController#index as HTML
  [1m[36mUser Load (0.2ms)[0m  [1m[34mSELECT "users".* FROM "users" WHERE "users"."id" = ? LIMIT ?[0m  [["id", 2], ["LIMIT", 1]]
  ↳ app/controllers/application_controller.rb:6:in `current_user'
  Rendering recipes/index.html.erb within layouts/application
  [1m[36mRecipe Load (0.2ms)[0m  [1m[34mSELECT "recipes".* FROM "recipes"[0m
  ↳ app/views/recipes/index.html.erb:5
  Rendered recipes/index.html.erb within layouts/application (Duration: 6.2ms | Allocations: 2305)
Completed 200 OK in 11ms (Views: 7.2ms | ActiveRecord: 0.4ms | Allocations: 3449)


Started GET "/recipes" for ::1 at 2019-10-24 16:47:55 -0500
Processing by RecipesController#index as HTML
  [1m[36mUser Load (0.5ms)[0m  [1m[34mSELECT "users".* FROM "users" WHERE "users"."id" = ? LIMIT ?[0m  [["id", 2], ["LIMIT", 1]]
  ↳ app/controllers/application_controller.rb:6:in `current_user'
  Rendering recipes/index.html.erb within layouts/application
  [1m[36mRecipe Load (0.3ms)[0m  [1m[34mSELECT "recipes".* FROM "recipes"[0m
  ↳ app/views/recipes/index.html.erb:5
  Rendered recipes/index.html.erb within layouts/application (Duration: 8.5ms | Allocations: 2305)
Completed 200 OK in 14ms (Views: 9.3ms | ActiveRecord: 0.8ms | Allocations: 3449)


Started GET "/users/2" for ::1 at 2019-10-24 16:48:07 -0500
Processing by UsersController#show as HTML
  Parameters: {"id"=>"2"}
  [1m[36mUser Load (0.2ms)[0m  [1m[34mSELECT "users".* FROM "users" WHERE "users"."id" = ? LIMIT ?[0m  [["id", 2], ["LIMIT", 1]]
  ↳ app/controllers/application_controller.rb:6:in `current_user'
  [1m[36mCACHE User Load (0.0ms)[0m  [1m[34mSELECT "users".* FROM "users" WHERE "users"."id" = ? LIMIT ?[0m  [["id", 2], ["LIMIT", 1]]
  ↳ app/controllers/users_controller.rb:23:in `show'
  Rendering users/show.html.erb within layouts/application
  [1m[36mRecipe Load (0.2ms)[0m  [1m[34mSELECT "recipes".* FROM "recipes" WHERE "recipes"."user_id" = ?[0m  [["user_id", 2]]
  ↳ app/views/users/show.html.erb:9
  Rendered users/show.html.erb within layouts/application (Duration: 14.7ms | Allocations: 2873)
Completed 200 OK in 23ms (Views: 17.9ms | ActiveRecord: 0.5ms | Allocations: 5027)


Started GET "/reviews/new" for ::1 at 2019-10-24 16:49:17 -0500
Processing by ReviewsController#new as HTML
  [1m[36mUser Load (0.2ms)[0m  [1m[34mSELECT "users".* FROM "users" WHERE "users"."id" = ? LIMIT ?[0m  [["id", 2], ["LIMIT", 1]]
  ↳ app/controllers/application_controller.rb:6:in `current_user'
  Rendering reviews/new.html.erb within layouts/application
  [1m[36mRecipe Load (0.4ms)[0m  [1m[34mSELECT "recipes".* FROM "recipes"[0m
  ↳ app/views/reviews/_form.html.erb:18
  Rendered reviews/_form.html.erb (Duration: 7.1ms | Allocations: 2636)
  Rendered reviews/new.html.erb within layouts/application (Duration: 18.8ms | Allocations: 4448)
Completed 200 OK in 26ms (Views: 21.6ms | ActiveRecord: 0.6ms | Allocations: 6189)


Started GET "/reviews" for ::1 at 2019-10-24 16:49:21 -0500
Processing by ReviewsController#index as HTML
  [1m[36mUser Load (0.6ms)[0m  [1m[34mSELECT "users".* FROM "users" WHERE "users"."id" = ? LIMIT ?[0m  [["id", 2], ["LIMIT", 1]]
  ↳ app/controllers/application_controller.rb:6:in `current_user'
  Rendering reviews/index.html.erb within layouts/application
  [1m[36mReview Load (0.3ms)[0m  [1m[34mSELECT "reviews".* FROM "reviews"[0m
  ↳ app/views/reviews/index.html.erb:6
  [1m[36mRecipe Load (0.2ms)[0m  [1m[34mSELECT "recipes".* FROM "recipes" WHERE "recipes"."id" = ? LIMIT ?[0m  [["id", 1], ["LIMIT", 1]]
  ↳ app/views/reviews/index.html.erb:9
  [1m[36mRecipe Load (0.2ms)[0m  [1m[34mSELECT "recipes".* FROM "recipes" WHERE "recipes"."id" = ? LIMIT ?[0m  [["id", 2], ["LIMIT", 1]]
  ↳ app/views/reviews/index.html.erb:9
  [1m[36mCACHE Recipe Load (0.0ms)[0m  [1m[34mSELECT "recipes".* FROM "recipes" WHERE "recipes"."id" = ? LIMIT ?[0m  [["id", 1], ["LIMIT", 1]]
  ↳ app/views/reviews/index.html.erb:9
  [1m[36mRecipe Load (0.2ms)[0m  [1m[34mSELECT "recipes".* FROM "recipes" WHERE "recipes"."id" = ? LIMIT ?[0m  [["id", 3], ["LIMIT", 1]]
  ↳ app/views/reviews/index.html.erb:9
  [1m[36mCACHE Recipe Load (0.0ms)[0m  [1m[34mSELECT "recipes".* FROM "recipes" WHERE "recipes"."id" = ? LIMIT ?[0m  [["id", 3], ["LIMIT", 1]]
  ↳ app/views/reviews/index.html.erb:9
  Rendered reviews/index.html.erb within layouts/application (Duration: 17.0ms | Allocations: 5746)
Completed 200 OK in 26ms (Views: 17.2ms | ActiveRecord: 1.6ms | Allocations: 7036)


Started GET "/reviews" for ::1 at 2019-10-24 16:49:47 -0500
Processing by ReviewsController#index as HTML
  [1m[36mUser Load (0.2ms)[0m  [1m[34mSELECT "users".* FROM "users" WHERE "users"."id" = ? LIMIT ?[0m  [["id", 2], ["LIMIT", 1]]
  ↳ app/controllers/application_controller.rb:6:in `current_user'
  Rendering reviews/index.html.erb within layouts/application
  [1m[36mReview Load (0.3ms)[0m  [1m[34mSELECT "reviews".* FROM "reviews"[0m
  ↳ app/views/reviews/index.html.erb:6
  [1m[36mRecipe Load (0.4ms)[0m  [1m[34mSELECT "recipes".* FROM "recipes" WHERE "recipes"."id" = ? LIMIT ?[0m  [["id", 1], ["LIMIT", 1]]
  ↳ app/views/reviews/index.html.erb:9
  [1m[36mRecipe Load (0.2ms)[0m  [1m[34mSELECT "recipes".* FROM "recipes" WHERE "recipes"."id" = ? LIMIT ?[0m  [["id", 2], ["LIMIT", 1]]
  ↳ app/views/reviews/index.html.erb:9
  [1m[36mCACHE Recipe Load (0.0ms)[0m  [1m[34mSELECT "recipes".* FROM "recipes" WHERE "recipes"."id" = ? LIMIT ?[0m  [["id", 1], ["LIMIT", 1]]
  ↳ app/views/reviews/index.html.erb:9
  [1m[36mRecipe Load (0.5ms)[0m  [1m[34mSELECT "recipes".* FROM "recipes" WHERE "recipes"."id" = ? LIMIT ?[0m  [["id", 3], ["LIMIT", 1]]
  ↳ app/views/reviews/index.html.erb:9
  [1m[36mCACHE Recipe Load (0.0ms)[0m  [1m[34mSELECT "recipes".* FROM "recipes" WHERE "recipes"."id" = ? LIMIT ?[0m  [["id", 3], ["LIMIT", 1]]
  ↳ app/views/reviews/index.html.erb:9
  Rendered reviews/index.html.erb within layouts/application (Duration: 26.0ms | Allocations: 5752)
Completed 200 OK in 35ms (Views: 29.8ms | ActiveRecord: 1.5ms | Allocations: 7789)


Started GET "/reviews/3" for ::1 at 2019-10-24 16:49:48 -0500
Processing by ReviewsController#show as HTML
  Parameters: {"id"=>"3"}
  [1m[36mUser Load (0.4ms)[0m  [1m[34mSELECT "users".* FROM "users" WHERE "users"."id" = ? LIMIT ?[0m  [["id", 2], ["LIMIT", 1]]
  ↳ app/controllers/application_controller.rb:6:in `current_user'
  [1m[36mReview Load (0.4ms)[0m  [1m[34mSELECT "reviews".* FROM "reviews" WHERE "reviews"."id" = ? LIMIT ?[0m  [["id", 3], ["LIMIT", 1]]
  ↳ app/controllers/reviews_controller.rb:10:in `show'
  Rendering reviews/show.html.erb within layouts/application
  Rendered reviews/show.html.erb within layouts/application (Duration: 2.8ms | Allocations: 1973)
Completed 200 OK in 14ms (Views: 4.1ms | ActiveRecord: 0.8ms | Allocations: 3872)


Started GET "/reviews/4" for ::1 at 2019-10-24 16:50:02 -0500
Processing by ReviewsController#show as HTML
  Parameters: {"id"=>"4"}
  [1m[36mUser Load (0.1ms)[0m  [1m[34mSELECT "users".* FROM "users" WHERE "users"."id" = ? LIMIT ?[0m  [["id", 2], ["LIMIT", 1]]
  ↳ app/controllers/application_controller.rb:6:in `current_user'
  [1m[36mReview Load (0.1ms)[0m  [1m[34mSELECT "reviews".* FROM "reviews" WHERE "reviews"."id" = ? LIMIT ?[0m  [["id", 4], ["LIMIT", 1]]
  ↳ app/controllers/reviews_controller.rb:10:in `show'
  Rendering reviews/show.html.erb within layouts/application
  Rendered reviews/show.html.erb within layouts/application (Duration: 2.4ms | Allocations: 1770)
Completed 200 OK in 6ms (Views: 3.3ms | ActiveRecord: 0.3ms | Allocations: 3404)


Started GET "/reviews" for ::1 at 2019-10-24 16:50:27 -0500
Processing by ReviewsController#index as HTML
  [1m[36mUser Load (0.2ms)[0m  [1m[34mSELECT "users".* FROM "users" WHERE "users"."id" = ? LIMIT ?[0m  [["id", 2], ["LIMIT", 1]]
  ↳ app/controllers/application_controller.rb:6:in `current_user'
  Rendering reviews/index.html.erb within layouts/application
  [1m[36mReview Load (0.2ms)[0m  [1m[34mSELECT "reviews".* FROM "reviews"[0m
  ↳ app/views/reviews/index.html.erb:6
  [1m[36mRecipe Load (0.3ms)[0m  [1m[34mSELECT "recipes".* FROM "recipes" WHERE "recipes"."id" = ? LIMIT ?[0m  [["id", 1], ["LIMIT", 1]]
  ↳ app/views/reviews/index.html.erb:9
  [1m[36mRecipe Load (0.4ms)[0m  [1m[34mSELECT "recipes".* FROM "recipes" WHERE "recipes"."id" = ? LIMIT ?[0m  [["id", 2], ["LIMIT", 1]]
  ↳ app/views/reviews/index.html.erb:9
  [1m[36mCACHE Recipe Load (0.0ms)[0m  [1m[34mSELECT "recipes".* FROM "recipes" WHERE "recipes"."id" = ? LIMIT ?[0m  [["id", 1], ["LIMIT", 1]]
  ↳ app/views/reviews/index.html.erb:9
  [1m[36mRecipe Load (0.4ms)[0m  [1m[34mSELECT "recipes".* FROM "recipes" WHERE "recipes"."id" = ? LIMIT ?[0m  [["id", 3], ["LIMIT", 1]]
  ↳ app/views/reviews/index.html.erb:9
  [1m[36mCACHE Recipe Load (0.0ms)[0m  [1m[34mSELECT "recipes".* FROM "recipes" WHERE "recipes"."id" = ? LIMIT ?[0m  [["id", 3], ["LIMIT", 1]]
  ↳ app/views/reviews/index.html.erb:9
  Rendered reviews/index.html.erb within layouts/application (Duration: 19.9ms | Allocations: 5748)
Completed 200 OK in 25ms (Views: 20.9ms | ActiveRecord: 1.5ms | Allocations: 7796)


Started GET "/reviews" for ::1 at 2019-10-24 16:50:49 -0500
Processing by ReviewsController#index as HTML
  [1m[36mUser Load (0.2ms)[0m  [1m[34mSELECT "users".* FROM "users" WHERE "users"."id" = ? LIMIT ?[0m  [["id", 2], ["LIMIT", 1]]
  ↳ app/controllers/application_controller.rb:6:in `current_user'
  Rendering reviews/index.html.erb within layouts/application
  [1m[36mReview Load (0.3ms)[0m  [1m[34mSELECT "reviews".* FROM "reviews"[0m
  ↳ app/views/reviews/index.html.erb:6
  [1m[36mRecipe Load (0.2ms)[0m  [1m[34mSELECT "recipes".* FROM "recipes" WHERE "recipes"."id" = ? LIMIT ?[0m  [["id", 1], ["LIMIT", 1]]
  ↳ app/views/reviews/index.html.erb:9
  [1m[36mRecipe Load (0.1ms)[0m  [1m[34mSELECT "recipes".* FROM "recipes" WHERE "recipes"."id" = ? LIMIT ?[0m  [["id", 2], ["LIMIT", 1]]
  ↳ app/views/reviews/index.html.erb:9
  [1m[36mCACHE Recipe Load (0.0ms)[0m  [1m[34mSELECT "recipes".* FROM "recipes" WHERE "recipes"."id" = ? LIMIT ?[0m  [["id", 1], ["LIMIT", 1]]
  ↳ app/views/reviews/index.html.erb:9
  [1m[36mRecipe Load (0.3ms)[0m  [1m[34mSELECT "recipes".* FROM "recipes" WHERE "recipes"."id" = ? LIMIT ?[0m  [["id", 3], ["LIMIT", 1]]
  ↳ app/views/reviews/index.html.erb:9
  [1m[36mCACHE Recipe Load (0.3ms)[0m  [1m[34mSELECT "recipes".* FROM "recipes" WHERE "recipes"."id" = ? LIMIT ?[0m  [["id", 3], ["LIMIT", 1]]
  ↳ app/views/reviews/index.html.erb:9
  Rendered reviews/index.html.erb within layouts/application (Duration: 21.5ms | Allocations: 5745)
Completed 200 OK in 30ms (Views: 25.4ms | ActiveRecord: 1.3ms | Allocations: 7782)


Started GET "/reviews/5" for ::1 at 2019-10-24 16:50:51 -0500
Processing by ReviewsController#show as HTML
  Parameters: {"id"=>"5"}
  [1m[36mUser Load (0.3ms)[0m  [1m[34mSELECT "users".* FROM "users" WHERE "users"."id" = ? LIMIT ?[0m  [["id", 2], ["LIMIT", 1]]
  ↳ app/controllers/application_controller.rb:6:in `current_user'
  [1m[36mReview Load (0.2ms)[0m  [1m[34mSELECT "reviews".* FROM "reviews" WHERE "reviews"."id" = ? LIMIT ?[0m  [["id", 5], ["LIMIT", 1]]
  ↳ app/controllers/reviews_controller.rb:10:in `show'
  Rendering reviews/show.html.erb within layouts/application
  Rendered reviews/show.html.erb within layouts/application (Duration: 12.2ms | Allocations: 1965)
Completed 200 OK in 20ms (Views: 13.5ms | ActiveRecord: 0.6ms | Allocations: 3740)


Started GET "/reviews/5/edit" for ::1 at 2019-10-24 16:50:52 -0500
Processing by ReviewsController#edit as HTML
  Parameters: {"id"=>"5"}
  [1m[36mUser Load (0.1ms)[0m  [1m[34mSELECT "users".* FROM "users" WHERE "users"."id" = ? LIMIT ?[0m  [["id", 2], ["LIMIT", 1]]
  ↳ app/controllers/application_controller.rb:6:in `current_user'
  [1m[36mReview Load (0.1ms)[0m  [1m[34mSELECT "reviews".* FROM "reviews" WHERE "reviews"."id" = ? LIMIT ?[0m  [["id", 5], ["LIMIT", 1]]
  ↳ app/controllers/reviews_controller.rb:35:in `edit'
  Rendering reviews/edit.html.erb within layouts/application
  [1m[36mRecipe Load (0.2ms)[0m  [1m[34mSELECT "recipes".* FROM "recipes"[0m
  ↳ app/views/reviews/_form.html.erb:18
  Rendered reviews/_form.html.erb (Duration: 4.9ms | Allocations: 2697)
  Rendered reviews/edit.html.erb within layouts/application (Duration: 8.6ms | Allocations: 4517)
Completed 200 OK in 13ms (Views: 9.1ms | ActiveRecord: 0.4ms | Allocations: 6303)


Started GET "/recipes" for ::1 at 2019-10-24 16:50:55 -0500
Processing by RecipesController#index as HTML
  [1m[36mUser Load (0.7ms)[0m  [1m[34mSELECT "users".* FROM "users" WHERE "users"."id" = ? LIMIT ?[0m  [["id", 2], ["LIMIT", 1]]
  ↳ app/controllers/application_controller.rb:6:in `current_user'
  Rendering recipes/index.html.erb within layouts/application
  [1m[36mRecipe Load (0.2ms)[0m  [1m[34mSELECT "recipes".* FROM "recipes"[0m
  ↳ app/views/recipes/index.html.erb:5
  Rendered recipes/index.html.erb within layouts/application (Duration: 9.0ms | Allocations: 2481)
Completed 200 OK in 22ms (Views: 13.7ms | ActiveRecord: 0.9ms | Allocations: 4202)


Started GET "/recipes" for ::1 at 2019-10-24 16:50:58 -0500
Processing by RecipesController#index as HTML
  [1m[36mUser Load (0.1ms)[0m  [1m[34mSELECT "users".* FROM "users" WHERE "users"."id" = ? LIMIT ?[0m  [["id", 2], ["LIMIT", 1]]
  ↳ app/controllers/application_controller.rb:6:in `current_user'
  Rendering recipes/index.html.erb within layouts/application
  [1m[36mRecipe Load (0.2ms)[0m  [1m[34mSELECT "recipes".* FROM "recipes"[0m
  ↳ app/views/recipes/index.html.erb:5
  Rendered recipes/index.html.erb within layouts/application (Duration: 3.8ms | Allocations: 2305)
Completed 200 OK in 8ms (Views: 4.8ms | ActiveRecord: 0.3ms | Allocations: 3448)


Started GET "/reviews" for ::1 at 2019-10-24 16:51:30 -0500
Processing by ReviewsController#index as HTML
  [1m[36mUser Load (0.3ms)[0m  [1m[34mSELECT "users".* FROM "users" WHERE "users"."id" = ? LIMIT ?[0m  [["id", 2], ["LIMIT", 1]]
  ↳ app/controllers/application_controller.rb:6:in `current_user'
  Rendering reviews/index.html.erb within layouts/application
  [1m[36mReview Load (0.2ms)[0m  [1m[34mSELECT "reviews".* FROM "reviews"[0m
  ↳ app/views/reviews/index.html.erb:6
  [1m[36mRecipe Load (0.2ms)[0m  [1m[34mSELECT "recipes".* FROM "recipes" WHERE "recipes"."id" = ? LIMIT ?[0m  [["id", 1], ["LIMIT", 1]]
  ↳ app/views/reviews/index.html.erb:9
  [1m[36mRecipe Load (0.3ms)[0m  [1m[34mSELECT "recipes".* FROM "recipes" WHERE "recipes"."id" = ? LIMIT ?[0m  [["id", 2], ["LIMIT", 1]]
  ↳ app/views/reviews/index.html.erb:9
  [1m[36mCACHE Recipe Load (0.0ms)[0m  [1m[34mSELECT "recipes".* FROM "recipes" WHERE "recipes"."id" = ? LIMIT ?[0m  [["id", 1], ["LIMIT", 1]]
  ↳ app/views/reviews/index.html.erb:9
  [1m[36mRecipe Load (0.2ms)[0m  [1m[34mSELECT "recipes".* FROM "recipes" WHERE "recipes"."id" = ? LIMIT ?[0m  [["id", 3], ["LIMIT", 1]]
  ↳ app/views/reviews/index.html.erb:9
  [1m[36mCACHE Recipe Load (0.0ms)[0m  [1m[34mSELECT "recipes".* FROM "recipes" WHERE "recipes"."id" = ? LIMIT ?[0m  [["id", 3], ["LIMIT", 1]]
  ↳ app/views/reviews/index.html.erb:9
  Rendered reviews/index.html.erb within layouts/application (Duration: 23.6ms | Allocations: 5754)
Completed 200 OK in 31ms (Views: 26.5ms | ActiveRecord: 1.4ms | Allocations: 7796)


Started GET "/reviews" for ::1 at 2019-10-24 16:52:19 -0500
Processing by ReviewsController#index as HTML
  [1m[36mUser Load (0.4ms)[0m  [1m[34mSELECT "users".* FROM "users" WHERE "users"."id" = ? LIMIT ?[0m  [["id", 2], ["LIMIT", 1]]
  ↳ app/controllers/application_controller.rb:6:in `current_user'
  Rendering reviews/index.html.erb within layouts/application
  [1m[36mReview Load (0.3ms)[0m  [1m[34mSELECT "reviews".* FROM "reviews"[0m
  ↳ app/views/reviews/index.html.erb:6
  [1m[36mRecipe Load (0.2ms)[0m  [1m[34mSELECT "recipes".* FROM "recipes" WHERE "recipes"."id" = ? LIMIT ?[0m  [["id", 1], ["LIMIT", 1]]
  ↳ app/views/reviews/index.html.erb:9
  [1m[36mRecipe Load (0.5ms)[0m  [1m[34mSELECT "recipes".* FROM "recipes" WHERE "recipes"."id" = ? LIMIT ?[0m  [["id", 2], ["LIMIT", 1]]
  ↳ app/views/reviews/index.html.erb:9
  [1m[36mCACHE Recipe Load (0.1ms)[0m  [1m[34mSELECT "recipes".* FROM "recipes" WHERE "recipes"."id" = ? LIMIT ?[0m  [["id", 1], ["LIMIT", 1]]
  ↳ app/views/reviews/index.html.erb:9
  [1m[36mRecipe Load (0.3ms)[0m  [1m[34mSELECT "recipes".* FROM "recipes" WHERE "recipes"."id" = ? LIMIT ?[0m  [["id", 3], ["LIMIT", 1]]
  ↳ app/views/reviews/index.html.erb:9
  [1m[36mCACHE Recipe Load (0.0ms)[0m  [1m[34mSELECT "recipes".* FROM "recipes" WHERE "recipes"."id" = ? LIMIT ?[0m  [["id", 3], ["LIMIT", 1]]
  ↳ app/views/reviews/index.html.erb:9
  Rendered reviews/index.html.erb within layouts/application (Duration: 24.7ms | Allocations: 5746)
Completed 200 OK in 33ms (Views: 27.2ms | ActiveRecord: 1.9ms | Allocations: 7785)


Started GET "/reviews/2" for ::1 at 2019-10-24 16:52:20 -0500
Processing by ReviewsController#show as HTML
  Parameters: {"id"=>"2"}
  [1m[36mUser Load (0.5ms)[0m  [1m[34mSELECT "users".* FROM "users" WHERE "users"."id" = ? LIMIT ?[0m  [["id", 2], ["LIMIT", 1]]
  ↳ app/controllers/application_controller.rb:6:in `current_user'
  [1m[36mReview Load (0.3ms)[0m  [1m[34mSELECT "reviews".* FROM "reviews" WHERE "reviews"."id" = ? LIMIT ?[0m  [["id", 2], ["LIMIT", 1]]
  ↳ app/controllers/reviews_controller.rb:10:in `show'
  Rendering reviews/show.html.erb within layouts/application
  Rendered reviews/show.html.erb within layouts/application (Duration: 3.4ms | Allocations: 1965)
Completed 200 OK in 14ms (Views: 4.2ms | ActiveRecord: 0.8ms | Allocations: 3737)


Started GET "/recipes" for ::1 at 2019-10-24 16:54:16 -0500
Processing by RecipesController#index as HTML
  [1m[36mUser Load (0.5ms)[0m  [1m[34mSELECT "users".* FROM "users" WHERE "users"."id" = ? LIMIT ?[0m  [["id", 2], ["LIMIT", 1]]
  ↳ app/controllers/application_controller.rb:6:in `current_user'
  Rendering recipes/index.html.erb within layouts/application
  [1m[36mRecipe Load (0.1ms)[0m  [1m[34mSELECT "recipes".* FROM "recipes"[0m
  ↳ app/views/recipes/index.html.erb:5
  Rendered recipes/index.html.erb within layouts/application (Duration: 5.0ms | Allocations: 2484)
Completed 200 OK in 12ms (Views: 7.6ms | ActiveRecord: 0.6ms | Allocations: 4525)


Started GET "/recipes" for ::1 at 2019-10-24 16:54:19 -0500
Processing by RecipesController#index as HTML
  [1m[36mUser Load (0.2ms)[0m  [1m[34mSELECT "users".* FROM "users" WHERE "users"."id" = ? LIMIT ?[0m  [["id", 2], ["LIMIT", 1]]
  ↳ app/controllers/application_controller.rb:6:in `current_user'
  Rendering recipes/index.html.erb within layouts/application
  [1m[36mRecipe Load (0.3ms)[0m  [1m[34mSELECT "recipes".* FROM "recipes"[0m
  ↳ app/views/recipes/index.html.erb:5
  Rendered recipes/index.html.erb within layouts/application (Duration: 8.5ms | Allocations: 2311)
Completed 200 OK in 12ms (Views: 9.3ms | ActiveRecord: 0.5ms | Allocations: 3462)


Started GET "/users/login" for ::1 at 2019-10-24 16:54:21 -0500
Processing by UsersController#show as HTML
  Parameters: {"id"=>"login"}
  [1m[36mUser Load (0.3ms)[0m  [1m[34mSELECT "users".* FROM "users" WHERE "users"."id" = ? LIMIT ?[0m  [["id", 2], ["LIMIT", 1]]
  ↳ app/controllers/application_controller.rb:6:in `current_user'
  [1m[36mCACHE User Load (0.1ms)[0m  [1m[34mSELECT "users".* FROM "users" WHERE "users"."id" = ? LIMIT ?[0m  [["id", 2], ["LIMIT", 1]]
  ↳ app/controllers/users_controller.rb:23:in `show'
  Rendering users/show.html.erb within layouts/application
  [1m[36mRecipe Load (0.2ms)[0m  [1m[34mSELECT "recipes".* FROM "recipes" WHERE "recipes"."user_id" = ?[0m  [["user_id", 2]]
  ↳ app/views/users/show.html.erb:9
  Rendered users/show.html.erb within layouts/application (Duration: 9.6ms | Allocations: 2873)
Completed 200 OK in 19ms (Views: 13.5ms | ActiveRecord: 0.5ms | Allocations: 5039)


Started DELETE "/logout" for ::1 at 2019-10-24 16:54:23 -0500
Processing by SessionsController#destroy as HTML
  Parameters: {"authenticity_token"=>"EvbwRa416EHX3NNy/DmT5vCHJYl+VjFP65uc6pfNGahUhablRPG76aEejU++Bwr9wv4zJZ3pQPtElbXxdwTfLQ==", "commit"=>"Logout"}
  [1m[36mUser Load (0.2ms)[0m  [1m[34mSELECT "users".* FROM "users" WHERE "users"."id" = ? LIMIT ?[0m  [["id", 2], ["LIMIT", 1]]
  ↳ app/controllers/application_controller.rb:6:in `current_user'
No template found for SessionsController#destroy, rendering head :no_content
Completed 204 No Content in 8ms (ActiveRecord: 0.2ms | Allocations: 2370)


Started DELETE "/logout" for ::1 at 2019-10-24 16:54:24 -0500
Processing by SessionsController#destroy as HTML
  Parameters: {"authenticity_token"=>"EvbwRa416EHX3NNy/DmT5vCHJYl+VjFP65uc6pfNGahUhablRPG76aEejU++Bwr9wv4zJZ3pQPtElbXxdwTfLQ==", "commit"=>"Logout"}
Redirected to http://localhost:3000/login
Filter chain halted as :authenticated rendered or redirected
Completed 302 Found in 2ms (ActiveRecord: 0.0ms | Allocations: 532)


Started GET "/login" for ::1 at 2019-10-24 16:54:24 -0500
Processing by SessionsController#new as HTML
  Rendering sessions/new.html.erb within layouts/application
  Rendered sessions/new.html.erb within layouts/application (Duration: 13.2ms | Allocations: 4636)
Completed 200 OK in 16ms (Views: 15.5ms | ActiveRecord: 0.0ms | Allocations: 5556)


Started GET "/login" for ::1 at 2019-10-24 16:54:26 -0500
Processing by SessionsController#new as HTML
  Rendering sessions/new.html.erb within layouts/application
  Rendered sessions/new.html.erb within layouts/application (Duration: 6.6ms | Allocations: 3802)
Completed 200 OK in 9ms (Views: 8.7ms | ActiveRecord: 0.0ms | Allocations: 4141)


Started GET "/users/2" for ::1 at 2019-10-24 16:54:40 -0500
Processing by UsersController#show as HTML
  Parameters: {"id"=>"2"}
Redirected to http://localhost:3000/login
Filter chain halted as :authenticated rendered or redirected
Completed 302 Found in 2ms (ActiveRecord: 0.0ms | Allocations: 443)


Started GET "/login" for ::1 at 2019-10-24 16:54:40 -0500
Processing by SessionsController#new as HTML
  Rendering sessions/new.html.erb within layouts/application
  Rendered sessions/new.html.erb within layouts/application (Duration: 4.2ms | Allocations: 3790)
Completed 200 OK in 6ms (Views: 5.1ms | ActiveRecord: 0.0ms | Allocations: 4128)


Started GET "/recipes/new" for ::1 at 2019-10-24 16:54:42 -0500
Processing by RecipesController#new as HTML
Redirected to http://localhost:3000/login
Filter chain halted as :authenticated rendered or redirected
Completed 302 Found in 2ms (ActiveRecord: 0.0ms | Allocations: 437)


Started GET "/login" for ::1 at 2019-10-24 16:54:42 -0500
Processing by SessionsController#new as HTML
  Rendering sessions/new.html.erb within layouts/application
  Rendered sessions/new.html.erb within layouts/application (Duration: 4.2ms | Allocations: 3793)
Completed 200 OK in 6ms (Views: 5.8ms | ActiveRecord: 0.0ms | Allocations: 4131)


Started POST "/login" for ::1 at 2019-10-24 16:54:47 -0500
Processing by SessionsController#create as HTML
  Parameters: {"authenticity_token"=>"Ai6s+wJB+z46AgbrZtVRlqTtDgs3a1OgrGFF8PG70vEeGipmX/6R3iy55jJmloIqBsFWrgtGT9YAr6pbnH6qeA==", "name"=>"Damini", "password"=>"[FILTERED]", "commit"=>"Login"}
  [1m[36mUser Load (0.3ms)[0m  [1m[34mSELECT "users".* FROM "users" WHERE "users"."name" = ? LIMIT ?[0m  [["name", "Damini"], ["LIMIT", 1]]
  ↳ app/controllers/sessions_controller.rb:9:in `create'
Redirected to http://localhost:3000/users/2
Completed 302 Found in 76ms (ActiveRecord: 0.3ms | Allocations: 1249)


Started GET "/users/2" for ::1 at 2019-10-24 16:54:47 -0500
Processing by UsersController#show as HTML
  Parameters: {"id"=>"2"}
  [1m[36mUser Load (0.1ms)[0m  [1m[34mSELECT "users".* FROM "users" WHERE "users"."id" = ? LIMIT ?[0m  [["id", 2], ["LIMIT", 1]]
  ↳ app/controllers/application_controller.rb:6:in `current_user'
  [1m[36mCACHE User Load (0.0ms)[0m  [1m[34mSELECT "users".* FROM "users" WHERE "users"."id" = ? LIMIT ?[0m  [["id", 2], ["LIMIT", 1]]
  ↳ app/controllers/users_controller.rb:23:in `show'
  Rendering users/show.html.erb within layouts/application
  [1m[36mRecipe Load (0.2ms)[0m  [1m[34mSELECT "recipes".* FROM "recipes" WHERE "recipes"."user_id" = ?[0m  [["user_id", 2]]
  ↳ app/views/users/show.html.erb:9
  Rendered users/show.html.erb within layouts/application (Duration: 6.0ms | Allocations: 2596)
Completed 200 OK in 10ms (Views: 6.7ms | ActiveRecord: 0.3ms | Allocations: 4178)


Started GET "/recipes/2" for ::1 at 2019-10-24 16:54:48 -0500
Processing by RecipesController#show as HTML
  Parameters: {"id"=>"2"}
  [1m[36mUser Load (0.2ms)[0m  [1m[34mSELECT "users".* FROM "users" WHERE "users"."id" = ? LIMIT ?[0m  [["id", 2], ["LIMIT", 1]]
  ↳ app/controllers/application_controller.rb:6:in `current_user'
  [1m[36mRecipe Load (0.2ms)[0m  [1m[34mSELECT "recipes".* FROM "recipes" WHERE "recipes"."id" = ? LIMIT ?[0m  [["id", 2], ["LIMIT", 1]]
  ↳ app/controllers/recipes_controller.rb:110:in `current_recipe'
  [1m[36mReview Load (0.1ms)[0m  [1m[34mSELECT "reviews".* FROM "reviews" WHERE "reviews"."recipe_id" = ?[0m  [["recipe_id", 2]]
  ↳ app/controllers/recipes_controller.rb:11:in `show'
  [1m[35m (0.2ms)[0m  [1m[34mSELECT COUNT(*) FROM "reviews" WHERE "reviews"."recipe_id" = ?[0m  [["recipe_id", 2]]
  ↳ app/controllers/recipes_controller.rb:14:in `show'
  Rendering recipes/show.html.erb within layouts/application
  [1m[36mCACHE User Load (0.0ms)[0m  [1m[34mSELECT "users".* FROM "users" WHERE "users"."id" = ? LIMIT ?[0m  [["id", 2], ["LIMIT", 1]]
  ↳ app/views/recipes/show.html.erb:7
  [1m[36mUtensil Load (0.1ms)[0m  [1m[34mSELECT "utensils".* FROM "utensils" INNER JOIN "recipe_utensils" ON "utensils"."id" = "recipe_utensils"."utensil_id" WHERE "recipe_utensils"."recipe_id" = ?[0m  [["recipe_id", 2]]
  ↳ app/views/recipes/show.html.erb:11
  [1m[36mIngredient Load (0.2ms)[0m  [1m[34mSELECT "ingredients".* FROM "ingredients" INNER JOIN "recipe_ingredients" ON "ingredients"."id" = "recipe_ingredients"."ingredient_id" WHERE "recipe_ingredients"."recipe_id" = ?[0m  [["recipe_id", 2]]
  ↳ app/views/recipes/show.html.erb:16
  Rendered recipes/show.html.erb within layouts/application (Duration: 20.2ms | Allocations: 4611)
Completed 200 OK in 30ms (Views: 21.7ms | ActiveRecord: 1.1ms | Allocations: 7634)


Started GET "/recipes" for ::1 at 2019-10-24 16:58:17 -0500
Processing by RecipesController#index as HTML
  [1m[36mUser Load (0.7ms)[0m  [1m[34mSELECT "users".* FROM "users" WHERE "users"."id" = ? LIMIT ?[0m  [["id", 2], ["LIMIT", 1]]
  ↳ app/controllers/application_controller.rb:6:in `current_user'
  Rendering recipes/index.html.erb within layouts/application
  [1m[36mRecipe Load (0.3ms)[0m  [1m[34mSELECT "recipes".* FROM "recipes"[0m
  ↳ app/views/recipes/index.html.erb:5
  Rendered recipes/index.html.erb within layouts/application (Duration: 7.7ms | Allocations: 2306)
Completed 200 OK in 15ms (Views: 9.3ms | ActiveRecord: 0.9ms | Allocations: 3455)


Started GET "/users/2" for ::1 at 2019-10-24 16:58:18 -0500
Processing by UsersController#show as HTML
  Parameters: {"id"=>"2"}
  [1m[36mUser Load (0.3ms)[0m  [1m[34mSELECT "users".* FROM "users" WHERE "users"."id" = ? LIMIT ?[0m  [["id", 2], ["LIMIT", 1]]
  ↳ app/controllers/application_controller.rb:6:in `current_user'
  [1m[36mCACHE User Load (0.0ms)[0m  [1m[34mSELECT "users".* FROM "users" WHERE "users"."id" = ? LIMIT ?[0m  [["id", 2], ["LIMIT", 1]]
  ↳ app/controllers/users_controller.rb:23:in `show'
  Rendering users/show.html.erb within layouts/application
  [1m[36mRecipe Load (0.2ms)[0m  [1m[34mSELECT "recipes".* FROM "recipes" WHERE "recipes"."user_id" = ?[0m  [["user_id", 2]]
  ↳ app/views/users/show.html.erb:9
  Rendered users/show.html.erb within layouts/application (Duration: 28.1ms | Allocations: 2599)
Completed 200 OK in 34ms (Views: 29.0ms | ActiveRecord: 0.5ms | Allocations: 4186)


Started GET "/reviews/new" for ::1 at 2019-10-24 16:58:22 -0500
Processing by ReviewsController#new as HTML
  [1m[36mUser Load (0.2ms)[0m  [1m[34mSELECT "users".* FROM "users" WHERE "users"."id" = ? LIMIT ?[0m  [["id", 2], ["LIMIT", 1]]
  ↳ app/controllers/application_controller.rb:6:in `current_user'
  Rendering reviews/new.html.erb within layouts/application
  [1m[36mRecipe Load (0.2ms)[0m  [1m[34mSELECT "recipes".* FROM "recipes"[0m
  ↳ app/views/reviews/_form.html.erb:18
  Rendered reviews/_form.html.erb (Duration: 5.0ms | Allocations: 2636)
  Rendered reviews/new.html.erb within layouts/application (Duration: 10.8ms | Allocations: 4453)
Completed 200 OK in 17ms (Views: 13.6ms | ActiveRecord: 0.3ms | Allocations: 6189)


Started GET "/recipes/new" for ::1 at 2019-10-24 16:58:25 -0500
Processing by RecipesController#new as HTML
  [1m[36mUser Load (0.4ms)[0m  [1m[34mSELECT "users".* FROM "users" WHERE "users"."id" = ? LIMIT ?[0m  [["id", 2], ["LIMIT", 1]]
  ↳ app/controllers/application_controller.rb:6:in `current_user'
  Rendering recipes/new.html.erb within layouts/application
  Rendered recipes/_form.html.erb (Duration: 8.2ms | Allocations: 3578)
  Rendered recipes/new.html.erb within layouts/application (Duration: 10.0ms | Allocations: 3858)
Completed 200 OK in 19ms (Views: 11.9ms | ActiveRecord: 0.4ms | Allocations: 5157)


Started POST "/recipes" for ::1 at 2019-10-24 16:58:26 -0500
Processing by RecipesController#create as HTML
  Parameters: {"authenticity_token"=>"Sv19azjxiQQWFs3Lr/sClAbSAQY+VzPENASDLzNdVXke8nPvIhxJT0GE/+xf03wnynxdTWvpRyss764n4eZAlw==", "recipe"=>{"title"=>"", "description"=>"", "cook_time"=>"", "user_id"=>"2"}, "add_ingredient"=>"Add ingredient"}
  [1m[36mUser Load (0.2ms)[0m  [1m[34mSELECT "users".* FROM "users" WHERE "users"."id" = ? LIMIT ?[0m  [["id", 2], ["LIMIT", 1]]
  ↳ app/controllers/application_controller.rb:6:in `current_user'
  [1m[36mCACHE User Load (0.0ms)[0m  [1m[34mSELECT "users".* FROM "users" WHERE "users"."id" = ? LIMIT ?[0m  [["id", 2], ["LIMIT", 1]]
  ↳ app/controllers/recipes_controller.rb:27:in `create'
  [1m[36mRecipe Exists? (0.9ms)[0m  [1m[34mSELECT 1 AS one FROM "recipes" WHERE LOWER("recipes"."title") = LOWER(?) LIMIT ?[0m  [["title", ""], ["LIMIT", 1]]
  ↳ app/controllers/recipes_controller.rb:27:in `create'
  Rendering recipes/new.html.erb within layouts/application
  Rendered recipes/_form.html.erb (Duration: 4.9ms | Allocations: 3583)
  Rendered recipes/new.html.erb within layouts/application (Duration: 5.1ms | Allocations: 3646)
Completed 200 OK in 18ms (Views: 5.8ms | ActiveRecord: 1.2ms | Allocations: 6951)


Started POST "/recipes" for ::1 at 2019-10-24 16:58:28 -0500
Processing by RecipesController#create as HTML
  Parameters: {"authenticity_token"=>"fJfrz3WyX74VGZm+S6UZ0iQYQM+Zxdk4LehJp4qnpRAomOVLb1+f9UKLq5m7jWdh6LYchMx7rdc1A2SvWByw/g==", "recipe"=>{"title"=>"", "description"=>"", "cook_time"=>"", "ingredients_attributes"=>{"0"=>{"quantity"=>"", "measurement_type"=>"", "name"=>"", "_destroy"=>"0"}}, "user_id"=>"2"}, "add_utensil"=>"Add Utensil"}
  [1m[36mUser Load (0.4ms)[0m  [1m[34mSELECT "users".* FROM "users" WHERE "users"."id" = ? LIMIT ?[0m  [["id", 2], ["LIMIT", 1]]
  ↳ app/controllers/application_controller.rb:6:in `current_user'
  [1m[36mCACHE User Load (0.0ms)[0m  [1m[34mSELECT "users".* FROM "users" WHERE "users"."id" = ? LIMIT ?[0m  [["id", 2], ["LIMIT", 1]]
  ↳ app/controllers/recipes_controller.rb:27:in `create'
  [1m[36mRecipe Exists? (0.2ms)[0m  [1m[34mSELECT 1 AS one FROM "recipes" WHERE LOWER("recipes"."title") = LOWER(?) LIMIT ?[0m  [["title", ""], ["LIMIT", 1]]
  ↳ app/controllers/recipes_controller.rb:27:in `create'
  Rendering recipes/new.html.erb within layouts/application
  Rendered recipes/_form.html.erb (Duration: 6.8ms | Allocations: 3588)
  Rendered recipes/new.html.erb within layouts/application (Duration: 7.1ms | Allocations: 3651)
Completed 200 OK in 17ms (Views: 7.7ms | ActiveRecord: 0.7ms | Allocations: 7712)


