Started GET "/users/login" for ::1 at 2019-10-24 17:09:19 -0500
  [1m[35m (1.3ms)[0m  [1m[34mSELECT sqlite_version(*)[0m
  [1m[35m (0.8ms)[0m  [1m[34mSELECT "schema_migrations"."version" FROM "schema_migrations" ORDER BY "schema_migrations"."version" ASC[0m
Processing by UsersController#show as HTML
  Parameters: {"id"=>"login"}
  [1m[36mUser Load (3.9ms)[0m  [1m[34mSELECT "users".* FROM "users" WHERE "users"."id" = ? LIMIT ?[0m  [["id", 2], ["LIMIT", 1]]
  ↳ app/controllers/application_controller.rb:6:in `current_user'
  [1m[36mCACHE User Load (0.0ms)[0m  [1m[34mSELECT "users".* FROM "users" WHERE "users"."id" = ? LIMIT ?[0m  [["id", 2], ["LIMIT", 1]]
  ↳ app/controllers/users_controller.rb:23:in `show'
Completed 500 Internal Server Error in 53ms (ActiveRecord: 4.7ms | Allocations: 11448)


  
ArgumentError (Unknown validator: 'PresenseValidator'):
  
app/models/recipe.rb:15:in `<class:Recipe>'
app/models/recipe.rb:1:in `<main>'
app/controllers/users_controller.rb:24:in `show'
Started GET "/users/login" for ::1 at 2019-10-24 17:09:24 -0500
Processing by UsersController#show as HTML
  Parameters: {"id"=>"login"}
  [1m[36mUser Load (0.2ms)[0m  [1m[34mSELECT "users".* FROM "users" WHERE "users"."id" = ? LIMIT ?[0m  [["id", 2], ["LIMIT", 1]]
  ↳ app/controllers/application_controller.rb:6:in `current_user'
  [1m[36mCACHE User Load (0.0ms)[0m  [1m[34mSELECT "users".* FROM "users" WHERE "users"."id" = ? LIMIT ?[0m  [["id", 2], ["LIMIT", 1]]
  ↳ app/controllers/users_controller.rb:23:in `show'
  Rendering users/show.html.erb within layouts/application
  [1m[36mRecipe Load (0.5ms)[0m  [1m[34mSELECT "recipes".* FROM "recipes" WHERE "recipes"."user_id" = ?[0m  [["user_id", 2]]
  ↳ app/views/users/show.html.erb:9
  Rendered users/show.html.erb within layouts/application (Duration: 367.6ms | Allocations: 307057)
Completed 200 OK in 374ms (Views: 368.9ms | ActiveRecord: 1.5ms | Allocations: 309699)


Started DELETE "/logout" for ::1 at 2019-10-24 17:09:27 -0500
Processing by SessionsController#destroy as HTML
  Parameters: {"authenticity_token"=>"vPSzKkWeS0Bq7M/t9/epcVXADI6ivQV/dJIEWkc4Mfj6h+WKr1oY6BwukdC1yTBqZ7kaIkECdMvbnC1Bp/H3fQ==", "commit"=>"Logout"}
  [1m[36mUser Load (0.3ms)[0m  [1m[34mSELECT "users".* FROM "users" WHERE "users"."id" = ? LIMIT ?[0m  [["id", 2], ["LIMIT", 1]]
  ↳ app/controllers/application_controller.rb:6:in `current_user'
No template found for SessionsController#destroy, rendering head :no_content
Completed 204 No Content in 7ms (ActiveRecord: 0.3ms | Allocations: 2407)


Started DELETE "/logout" for ::1 at 2019-10-24 17:09:27 -0500
Processing by SessionsController#destroy as HTML
  Parameters: {"authenticity_token"=>"vPSzKkWeS0Bq7M/t9/epcVXADI6ivQV/dJIEWkc4Mfj6h+WKr1oY6BwukdC1yTBqZ7kaIkECdMvbnC1Bp/H3fQ==", "commit"=>"Logout"}
Redirected to http://localhost:3000/login
Filter chain halted as :authenticated rendered or redirected
Completed 302 Found in 3ms (ActiveRecord: 0.0ms | Allocations: 545)


Started GET "/login" for ::1 at 2019-10-24 17:09:27 -0500
Processing by SessionsController#new as HTML
  Rendering sessions/new.html.erb within layouts/application
  Rendered sessions/new.html.erb within layouts/application (Duration: 29.5ms | Allocations: 5706)
Completed 200 OK in 33ms (Views: 31.6ms | ActiveRecord: 0.0ms | Allocations: 6628)


Started GET "/login" for ::1 at 2019-10-24 17:11:28 -0500
Processing by SessionsController#new as HTML
  Rendering sessions/new.html.erb within layouts/application
  Rendered sessions/new.html.erb within layouts/application (Duration: 7.2ms | Allocations: 4086)
Completed 200 OK in 13ms (Views: 11.2ms | ActiveRecord: 0.0ms | Allocations: 5312)


Started POST "/login" for ::1 at 2019-10-24 17:11:39 -0500
Processing by SessionsController#create as HTML
  Parameters: {"authenticity_token"=>"LAKt2N6uQ050CfWr4gpiXMylJLqlbxuoUemU0rCkJLMwNitFgxEprmKyFXLiSbHgbol8H5lCB979J3t53WFcOg==", "name"=>"Damini", "password"=>"[FILTERED]", "commit"=>"Login"}
  [1m[36mUser Load (0.5ms)[0m  [1m[34mSELECT "users".* FROM "users" WHERE "users"."name" = ? LIMIT ?[0m  [["name", "Damini"], ["LIMIT", 1]]
  ↳ app/controllers/sessions_controller.rb:9:in `create'
Redirected to http://localhost:3000/users/2
Completed 302 Found in 77ms (ActiveRecord: 0.5ms | Allocations: 1257)


Started GET "/users/2" for ::1 at 2019-10-24 17:11:39 -0500
Processing by UsersController#show as HTML
  Parameters: {"id"=>"2"}
  [1m[36mUser Load (0.1ms)[0m  [1m[34mSELECT "users".* FROM "users" WHERE "users"."id" = ? LIMIT ?[0m  [["id", 2], ["LIMIT", 1]]
  ↳ app/controllers/application_controller.rb:6:in `current_user'
  [1m[36mCACHE User Load (0.0ms)[0m  [1m[34mSELECT "users".* FROM "users" WHERE "users"."id" = ? LIMIT ?[0m  [["id", 2], ["LIMIT", 1]]
  ↳ app/controllers/users_controller.rb:23:in `show'
  Rendering users/show.html.erb within layouts/application
  [1m[36mRecipe Load (0.2ms)[0m  [1m[34mSELECT "recipes".* FROM "recipes" WHERE "recipes"."user_id" = ?[0m  [["user_id", 2]]
  ↳ app/views/users/show.html.erb:9
  Rendered users/show.html.erb within layouts/application (Duration: 7.8ms | Allocations: 2873)
Completed 200 OK in 13ms (Views: 9.7ms | ActiveRecord: 0.3ms | Allocations: 5033)


Started GET "/users/2" for ::1 at 2019-10-24 17:12:18 -0500
Processing by UsersController#show as HTML
  Parameters: {"id"=>"2"}
  [1m[36mUser Load (0.5ms)[0m  [1m[34mSELECT "users".* FROM "users" WHERE "users"."id" = ? LIMIT ?[0m  [["id", 2], ["LIMIT", 1]]
  ↳ app/controllers/application_controller.rb:6:in `current_user'
  [1m[36mCACHE User Load (0.2ms)[0m  [1m[34mSELECT "users".* FROM "users" WHERE "users"."id" = ? LIMIT ?[0m  [["id", 2], ["LIMIT", 1]]
  ↳ app/controllers/users_controller.rb:23:in `show'
  Rendering users/show.html.erb within layouts/application
  [1m[36mRecipe Load (0.4ms)[0m  [1m[34mSELECT "recipes".* FROM "recipes" WHERE "recipes"."user_id" = ?[0m  [["user_id", 2]]
  ↳ app/views/users/show.html.erb:9
  Rendered users/show.html.erb within layouts/application (Duration: 15.6ms | Allocations: 2881)
Completed 200 OK in 45ms (Views: 23.9ms | ActiveRecord: 1.1ms | Allocations: 5348)


Started GET "/users/2" for ::1 at 2019-10-24 17:12:52 -0500
Processing by UsersController#show as HTML
  Parameters: {"id"=>"2"}
  [1m[36mUser Load (0.3ms)[0m  [1m[34mSELECT "users".* FROM "users" WHERE "users"."id" = ? LIMIT ?[0m  [["id", 2], ["LIMIT", 1]]
  ↳ app/controllers/application_controller.rb:6:in `current_user'
  [1m[36mCACHE User Load (0.1ms)[0m  [1m[34mSELECT "users".* FROM "users" WHERE "users"."id" = ? LIMIT ?[0m  [["id", 2], ["LIMIT", 1]]
  ↳ app/controllers/users_controller.rb:23:in `show'
  Rendering users/show.html.erb within layouts/application
  [1m[36mRecipe Load (0.2ms)[0m  [1m[34mSELECT "recipes".* FROM "recipes" WHERE "recipes"."user_id" = ?[0m  [["user_id", 2]]
  ↳ app/views/users/show.html.erb:9
  Rendered users/show.html.erb within layouts/application (Duration: 7.1ms | Allocations: 2885)
Completed 200 OK in 18ms (Views: 11.2ms | ActiveRecord: 0.5ms | Allocations: 5368)


Started GET "/users/2" for ::1 at 2019-10-24 17:13:03 -0500
Processing by UsersController#show as HTML
  Parameters: {"id"=>"2"}
  [1m[36mUser Load (0.2ms)[0m  [1m[34mSELECT "users".* FROM "users" WHERE "users"."id" = ? LIMIT ?[0m  [["id", 2], ["LIMIT", 1]]
  ↳ app/controllers/application_controller.rb:6:in `current_user'
  [1m[36mCACHE User Load (0.0ms)[0m  [1m[34mSELECT "users".* FROM "users" WHERE "users"."id" = ? LIMIT ?[0m  [["id", 2], ["LIMIT", 1]]
  ↳ app/controllers/users_controller.rb:23:in `show'
  Rendering users/show.html.erb within layouts/application
  [1m[36mRecipe Load (0.2ms)[0m  [1m[34mSELECT "recipes".* FROM "recipes" WHERE "recipes"."user_id" = ?[0m  [["user_id", 2]]
  ↳ app/views/users/show.html.erb:9
  Rendered users/show.html.erb within layouts/application (Duration: 13.3ms | Allocations: 2880)
Completed 200 OK in 35ms (Views: 17.0ms | ActiveRecord: 0.5ms | Allocations: 5354)


Started GET "/users/2" for ::1 at 2019-10-24 17:13:18 -0500
Processing by UsersController#show as HTML
  Parameters: {"id"=>"2"}
  [1m[36mUser Load (0.2ms)[0m  [1m[34mSELECT "users".* FROM "users" WHERE "users"."id" = ? LIMIT ?[0m  [["id", 2], ["LIMIT", 1]]
  ↳ app/controllers/application_controller.rb:6:in `current_user'
  [1m[36mCACHE User Load (0.0ms)[0m  [1m[34mSELECT "users".* FROM "users" WHERE "users"."id" = ? LIMIT ?[0m  [["id", 2], ["LIMIT", 1]]
  ↳ app/controllers/users_controller.rb:23:in `show'
  Rendering users/show.html.erb within layouts/application
  [1m[36mRecipe Load (0.2ms)[0m  [1m[34mSELECT "recipes".* FROM "recipes" WHERE "recipes"."user_id" = ?[0m  [["user_id", 2]]
  ↳ app/views/users/show.html.erb:9
  Rendered users/show.html.erb within layouts/application (Duration: 10.4ms | Allocations: 2884)
Completed 200 OK in 18ms (Views: 13.6ms | ActiveRecord: 0.3ms | Allocations: 5360)


Started GET "/users/2" for ::1 at 2019-10-24 17:13:49 -0500
Processing by UsersController#show as HTML
  Parameters: {"id"=>"2"}
  [1m[36mUser Load (0.1ms)[0m  [1m[34mSELECT "users".* FROM "users" WHERE "users"."id" = ? LIMIT ?[0m  [["id", 2], ["LIMIT", 1]]
  ↳ app/controllers/application_controller.rb:6:in `current_user'
  [1m[36mCACHE User Load (0.0ms)[0m  [1m[34mSELECT "users".* FROM "users" WHERE "users"."id" = ? LIMIT ?[0m  [["id", 2], ["LIMIT", 1]]
  ↳ app/controllers/users_controller.rb:23:in `show'
  Rendering users/show.html.erb within layouts/application
  [1m[36mRecipe Load (0.2ms)[0m  [1m[34mSELECT "recipes".* FROM "recipes" WHERE "recipes"."user_id" = ?[0m  [["user_id", 2]]
  ↳ app/views/users/show.html.erb:9
  Rendered users/show.html.erb within layouts/application (Duration: 9.6ms | Allocations: 2880)
Completed 200 OK in 16ms (Views: 12.5ms | ActiveRecord: 0.4ms | Allocations: 5348)


Started GET "/users/2" for ::1 at 2019-10-24 17:14:01 -0500
Processing by UsersController#show as HTML
  Parameters: {"id"=>"2"}
  [1m[36mUser Load (0.1ms)[0m  [1m[34mSELECT "users".* FROM "users" WHERE "users"."id" = ? LIMIT ?[0m  [["id", 2], ["LIMIT", 1]]
  ↳ app/controllers/application_controller.rb:6:in `current_user'
  [1m[36mCACHE User Load (0.0ms)[0m  [1m[34mSELECT "users".* FROM "users" WHERE "users"."id" = ? LIMIT ?[0m  [["id", 2], ["LIMIT", 1]]
  ↳ app/controllers/users_controller.rb:23:in `show'
  Rendering users/show.html.erb within layouts/application
  [1m[36mRecipe Load (0.3ms)[0m  [1m[34mSELECT "recipes".* FROM "recipes" WHERE "recipes"."user_id" = ?[0m  [["user_id", 2]]
  ↳ app/views/users/show.html.erb:9
  Rendered users/show.html.erb within layouts/application (Duration: 23.7ms | Allocations: 2880)
Completed 200 OK in 47ms (Views: 42.5ms | ActiveRecord: 0.4ms | Allocations: 5355)


Started GET "/users/2" for ::1 at 2019-10-24 17:14:02 -0500
Processing by UsersController#show as HTML
  Parameters: {"id"=>"2"}
  [1m[36mUser Load (0.1ms)[0m  [1m[34mSELECT "users".* FROM "users" WHERE "users"."id" = ? LIMIT ?[0m  [["id", 2], ["LIMIT", 1]]
  ↳ app/controllers/application_controller.rb:6:in `current_user'
  [1m[36mCACHE User Load (0.0ms)[0m  [1m[34mSELECT "users".* FROM "users" WHERE "users"."id" = ? LIMIT ?[0m  [["id", 2], ["LIMIT", 1]]
  ↳ app/controllers/users_controller.rb:23:in `show'
  Rendering users/show.html.erb within layouts/application
  [1m[36mRecipe Load (0.1ms)[0m  [1m[34mSELECT "recipes".* FROM "recipes" WHERE "recipes"."user_id" = ?[0m  [["user_id", 2]]
  ↳ app/views/users/show.html.erb:9
  Rendered users/show.html.erb within layouts/application (Duration: 4.1ms | Allocations: 2594)
Completed 200 OK in 7ms (Views: 4.6ms | ActiveRecord: 0.3ms | Allocations: 4171)


Started GET "/users/2" for ::1 at 2019-10-24 17:14:10 -0500
Processing by UsersController#show as HTML
  Parameters: {"id"=>"2"}
  [1m[36mUser Load (0.2ms)[0m  [1m[34mSELECT "users".* FROM "users" WHERE "users"."id" = ? LIMIT ?[0m  [["id", 2], ["LIMIT", 1]]
  ↳ app/controllers/application_controller.rb:6:in `current_user'
  [1m[36mCACHE User Load (0.0ms)[0m  [1m[34mSELECT "users".* FROM "users" WHERE "users"."id" = ? LIMIT ?[0m  [["id", 2], ["LIMIT", 1]]
  ↳ app/controllers/users_controller.rb:23:in `show'
  Rendering users/show.html.erb within layouts/application
  [1m[36mRecipe Load (0.2ms)[0m  [1m[34mSELECT "recipes".* FROM "recipes" WHERE "recipes"."user_id" = ?[0m  [["user_id", 2]]
  ↳ app/views/users/show.html.erb:9
  Rendered users/show.html.erb within layouts/application (Duration: 8.1ms | Allocations: 2885)
Completed 200 OK in 16ms (Views: 11.0ms | ActiveRecord: 0.4ms | Allocations: 5363)


Started GET "/users/2" for ::1 at 2019-10-24 17:14:29 -0500
Processing by UsersController#show as HTML
  Parameters: {"id"=>"2"}
  [1m[36mUser Load (0.2ms)[0m  [1m[34mSELECT "users".* FROM "users" WHERE "users"."id" = ? LIMIT ?[0m  [["id", 2], ["LIMIT", 1]]
  ↳ app/controllers/application_controller.rb:6:in `current_user'
  [1m[36mCACHE User Load (0.0ms)[0m  [1m[34mSELECT "users".* FROM "users" WHERE "users"."id" = ? LIMIT ?[0m  [["id", 2], ["LIMIT", 1]]
  ↳ app/controllers/users_controller.rb:23:in `show'
  Rendering users/show.html.erb within layouts/application
  [1m[36mRecipe Load (0.3ms)[0m  [1m[34mSELECT "recipes".* FROM "recipes" WHERE "recipes"."user_id" = ?[0m  [["user_id", 2]]
  ↳ app/views/users/show.html.erb:9
  Rendered users/show.html.erb within layouts/application (Duration: 7.3ms | Allocations: 2879)
Completed 200 OK in 16ms (Views: 10.0ms | ActiveRecord: 0.5ms | Allocations: 5347)


Started GET "/users/2" for ::1 at 2019-10-24 17:14:48 -0500
Processing by UsersController#show as HTML
  Parameters: {"id"=>"2"}
  [1m[36mUser Load (0.3ms)[0m  [1m[34mSELECT "users".* FROM "users" WHERE "users"."id" = ? LIMIT ?[0m  [["id", 2], ["LIMIT", 1]]
  ↳ app/controllers/application_controller.rb:6:in `current_user'
  [1m[36mCACHE User Load (0.0ms)[0m  [1m[34mSELECT "users".* FROM "users" WHERE "users"."id" = ? LIMIT ?[0m  [["id", 2], ["LIMIT", 1]]
  ↳ app/controllers/users_controller.rb:23:in `show'
  Rendering users/show.html.erb within layouts/application
  [1m[36mRecipe Load (0.2ms)[0m  [1m[34mSELECT "recipes".* FROM "recipes" WHERE "recipes"."user_id" = ?[0m  [["user_id", 2]]
  ↳ app/views/users/show.html.erb:9
  Rendered users/show.html.erb within layouts/application (Duration: 8.2ms | Allocations: 2879)
Completed 200 OK in 18ms (Views: 11.4ms | ActiveRecord: 0.6ms | Allocations: 5349)


Started GET "/users/2" for ::1 at 2019-10-24 17:15:01 -0500
Processing by UsersController#show as HTML
  Parameters: {"id"=>"2"}
  [1m[36mUser Load (0.2ms)[0m  [1m[34mSELECT "users".* FROM "users" WHERE "users"."id" = ? LIMIT ?[0m  [["id", 2], ["LIMIT", 1]]
  ↳ app/controllers/application_controller.rb:6:in `current_user'
  [1m[36mCACHE User Load (0.0ms)[0m  [1m[34mSELECT "users".* FROM "users" WHERE "users"."id" = ? LIMIT ?[0m  [["id", 2], ["LIMIT", 1]]
  ↳ app/controllers/users_controller.rb:23:in `show'
  Rendering users/show.html.erb within layouts/application
  [1m[36mRecipe Load (0.2ms)[0m  [1m[34mSELECT "recipes".* FROM "recipes" WHERE "recipes"."user_id" = ?[0m  [["user_id", 2]]
  ↳ app/views/users/show.html.erb:9
  Rendered users/show.html.erb within layouts/application (Duration: 5.8ms | Allocations: 2879)
Completed 200 OK in 12ms (Views: 8.4ms | ActiveRecord: 0.4ms | Allocations: 5344)


Started GET "/recipes" for ::1 at 2019-10-24 17:15:07 -0500
Processing by RecipesController#index as HTML
  [1m[36mUser Load (0.2ms)[0m  [1m[34mSELECT "users".* FROM "users" WHERE "users"."id" = ? LIMIT ?[0m  [["id", 2], ["LIMIT", 1]]
  ↳ app/controllers/application_controller.rb:6:in `current_user'
  Rendering recipes/index.html.erb within layouts/application
  [1m[36mRecipe Load (0.5ms)[0m  [1m[34mSELECT "recipes".* FROM "recipes"[0m
  ↳ app/views/recipes/index.html.erb:5
  Rendered recipes/index.html.erb within layouts/application (Duration: 9.0ms | Allocations: 2605)
Completed 200 OK in 14ms (Views: 10.3ms | ActiveRecord: 0.8ms | Allocations: 4396)


Started GET "/users/2" for ::1 at 2019-10-24 17:18:43 -0500
Processing by UsersController#show as HTML
  Parameters: {"id"=>"2"}
  [1m[36mUser Load (0.2ms)[0m  [1m[34mSELECT "users".* FROM "users" WHERE "users"."id" = ? LIMIT ?[0m  [["id", 2], ["LIMIT", 1]]
  ↳ app/controllers/application_controller.rb:6:in `current_user'
  [1m[36mCACHE User Load (0.0ms)[0m  [1m[34mSELECT "users".* FROM "users" WHERE "users"."id" = ? LIMIT ?[0m  [["id", 2], ["LIMIT", 1]]
  ↳ app/controllers/users_controller.rb:23:in `show'
  Rendering users/show.html.erb within layouts/application
  [1m[36mRecipe Load (0.2ms)[0m  [1m[34mSELECT "recipes".* FROM "recipes" WHERE "recipes"."user_id" = ?[0m  [["user_id", 2]]
  ↳ app/views/users/show.html.erb:9
  Rendered users/show.html.erb within layouts/application (Duration: 4.9ms | Allocations: 2596)
Completed 200 OK in 9ms (Views: 5.6ms | ActiveRecord: 0.4ms | Allocations: 4184)


Started GET "/recipes/2" for ::1 at 2019-10-24 17:18:49 -0500
Processing by RecipesController#show as HTML
  Parameters: {"id"=>"2"}
  [1m[36mUser Load (0.2ms)[0m  [1m[34mSELECT "users".* FROM "users" WHERE "users"."id" = ? LIMIT ?[0m  [["id", 2], ["LIMIT", 1]]
  ↳ app/controllers/application_controller.rb:6:in `current_user'
  [1m[36mRecipe Load (0.4ms)[0m  [1m[34mSELECT "recipes".* FROM "recipes" WHERE "recipes"."id" = ? LIMIT ?[0m  [["id", 2], ["LIMIT", 1]]
  ↳ app/controllers/recipes_controller.rb:110:in `current_recipe'
  [1m[36mReview Load (1.8ms)[0m  [1m[34mSELECT "reviews".* FROM "reviews" WHERE "reviews"."recipe_id" = ?[0m  [["recipe_id", 2]]
  ↳ app/controllers/recipes_controller.rb:11:in `show'
  [1m[35m (0.3ms)[0m  [1m[34mSELECT COUNT(*) FROM "reviews" WHERE "reviews"."recipe_id" = ?[0m  [["recipe_id", 2]]
  ↳ app/controllers/recipes_controller.rb:14:in `show'
  Rendering recipes/show.html.erb within layouts/application
  [1m[36mCACHE User Load (0.0ms)[0m  [1m[34mSELECT "users".* FROM "users" WHERE "users"."id" = ? LIMIT ?[0m  [["id", 2], ["LIMIT", 1]]
  ↳ app/views/recipes/show.html.erb:7
  [1m[36mUtensil Load (0.9ms)[0m  [1m[34mSELECT "utensils".* FROM "utensils" INNER JOIN "recipe_utensils" ON "utensils"."id" = "recipe_utensils"."utensil_id" WHERE "recipe_utensils"."recipe_id" = ?[0m  [["recipe_id", 2]]
  ↳ app/views/recipes/show.html.erb:11
  [1m[36mIngredient Load (0.8ms)[0m  [1m[34mSELECT "ingredients".* FROM "ingredients" INNER JOIN "recipe_ingredients" ON "ingredients"."id" = "recipe_ingredients"."ingredient_id" WHERE "recipe_ingredients"."recipe_id" = ?[0m  [["recipe_id", 2]]
  ↳ app/views/recipes/show.html.erb:16
  Rendered recipes/show.html.erb within layouts/application (Duration: 63.4ms | Allocations: 20054)
Completed 200 OK in 113ms (Views: 58.9ms | ActiveRecord: 9.6ms | Allocations: 31423)


Started GET "/recipes" for ::1 at 2019-10-24 17:18:52 -0500
Processing by RecipesController#index as HTML
  [1m[36mUser Load (0.2ms)[0m  [1m[34mSELECT "users".* FROM "users" WHERE "users"."id" = ? LIMIT ?[0m  [["id", 2], ["LIMIT", 1]]
  ↳ app/controllers/application_controller.rb:6:in `current_user'
  Rendering recipes/index.html.erb within layouts/application
  [1m[36mRecipe Load (0.4ms)[0m  [1m[34mSELECT "recipes".* FROM "recipes"[0m
  ↳ app/views/recipes/index.html.erb:5
  Rendered recipes/index.html.erb within layouts/application (Duration: 5.3ms | Allocations: 2307)
Completed 200 OK in 28ms (Views: 5.8ms | ActiveRecord: 0.6ms | Allocations: 3451)


Started GET "/recipes/1" for ::1 at 2019-10-24 17:18:55 -0500
Processing by RecipesController#show as HTML
  Parameters: {"id"=>"1"}
  [1m[36mUser Load (0.2ms)[0m  [1m[34mSELECT "users".* FROM "users" WHERE "users"."id" = ? LIMIT ?[0m  [["id", 2], ["LIMIT", 1]]
  ↳ app/controllers/application_controller.rb:6:in `current_user'
  [1m[36mRecipe Load (0.3ms)[0m  [1m[34mSELECT "recipes".* FROM "recipes" WHERE "recipes"."id" = ? LIMIT ?[0m  [["id", 1], ["LIMIT", 1]]
  ↳ app/controllers/recipes_controller.rb:110:in `current_recipe'
  [1m[36mReview Load (0.3ms)[0m  [1m[34mSELECT "reviews".* FROM "reviews" WHERE "reviews"."recipe_id" = ?[0m  [["recipe_id", 1]]
  ↳ app/controllers/recipes_controller.rb:11:in `show'
  [1m[35m (0.2ms)[0m  [1m[34mSELECT COUNT(*) FROM "reviews" WHERE "reviews"."recipe_id" = ?[0m  [["recipe_id", 1]]
  ↳ app/controllers/recipes_controller.rb:14:in `show'
  Rendering recipes/show.html.erb within layouts/application
  [1m[36mUser Load (0.2ms)[0m  [1m[34mSELECT "users".* FROM "users" WHERE "users"."id" = ? LIMIT ?[0m  [["id", 1], ["LIMIT", 1]]
  ↳ app/views/recipes/show.html.erb:7
  [1m[36mUtensil Load (0.3ms)[0m  [1m[34mSELECT "utensils".* FROM "utensils" INNER JOIN "recipe_utensils" ON "utensils"."id" = "recipe_utensils"."utensil_id" WHERE "recipe_utensils"."recipe_id" = ?[0m  [["recipe_id", 1]]
  ↳ app/views/recipes/show.html.erb:11
  [1m[36mIngredient Load (0.2ms)[0m  [1m[34mSELECT "ingredients".* FROM "ingredients" INNER JOIN "recipe_ingredients" ON "ingredients"."id" = "recipe_ingredients"."ingredient_id" WHERE "recipe_ingredients"."recipe_id" = ?[0m  [["recipe_id", 1]]
  ↳ app/views/recipes/show.html.erb:16
  Rendered recipes/show.html.erb within layouts/application (Duration: 9.2ms | Allocations: 4245)
Completed 200 OK in 17ms (Views: 9.2ms | ActiveRecord: 1.5ms | Allocations: 7157)


Started GET "/recipes" for ::1 at 2019-10-24 17:19:47 -0500
Processing by RecipesController#index as HTML
  [1m[36mUser Load (0.3ms)[0m  [1m[34mSELECT "users".* FROM "users" WHERE "users"."id" = ? LIMIT ?[0m  [["id", 2], ["LIMIT", 1]]
  ↳ app/controllers/application_controller.rb:6:in `current_user'
  Rendering recipes/index.html.erb within layouts/application
  [1m[36mRecipe Load (0.2ms)[0m  [1m[34mSELECT "recipes".* FROM "recipes"[0m
  ↳ app/views/recipes/index.html.erb:5
  Rendered recipes/index.html.erb within layouts/application (Duration: 7.4ms | Allocations: 2305)
Completed 200 OK in 11ms (Views: 8.3ms | ActiveRecord: 0.5ms | Allocations: 3457)


Started GET "/users/2" for ::1 at 2019-10-24 17:19:48 -0500
Processing by UsersController#show as HTML
  Parameters: {"id"=>"2"}
  [1m[36mUser Load (0.2ms)[0m  [1m[34mSELECT "users".* FROM "users" WHERE "users"."id" = ? LIMIT ?[0m  [["id", 2], ["LIMIT", 1]]
  ↳ app/controllers/application_controller.rb:6:in `current_user'
  [1m[36mCACHE User Load (0.0ms)[0m  [1m[34mSELECT "users".* FROM "users" WHERE "users"."id" = ? LIMIT ?[0m  [["id", 2], ["LIMIT", 1]]
  ↳ app/controllers/users_controller.rb:23:in `show'
  Rendering users/show.html.erb within layouts/application
  [1m[36mRecipe Load (0.1ms)[0m  [1m[34mSELECT "recipes".* FROM "recipes" WHERE "recipes"."user_id" = ?[0m  [["user_id", 2]]
  ↳ app/views/users/show.html.erb:9
  Rendered users/show.html.erb within layouts/application (Duration: 4.5ms | Allocations: 2596)
Completed 200 OK in 10ms (Views: 5.1ms | ActiveRecord: 0.4ms | Allocations: 4178)


Started GET "/reviews/new" for ::1 at 2019-10-24 17:19:50 -0500
Processing by ReviewsController#new as HTML
  [1m[36mUser Load (0.3ms)[0m  [1m[34mSELECT "users".* FROM "users" WHERE "users"."id" = ? LIMIT ?[0m  [["id", 2], ["LIMIT", 1]]
  ↳ app/controllers/application_controller.rb:6:in `current_user'
  Rendering reviews/new.html.erb within layouts/application
  [1m[36mRecipe Load (0.2ms)[0m  [1m[34mSELECT "recipes".* FROM "recipes"[0m
  ↳ app/views/reviews/_form.html.erb:18
  Rendered reviews/_form.html.erb (Duration: 9.6ms | Allocations: 3055)
  Rendered reviews/new.html.erb within layouts/application (Duration: 16.4ms | Allocations: 4969)
Completed 200 OK in 23ms (Views: 18.6ms | ActiveRecord: 0.4ms | Allocations: 6763)


Started POST "/reviews" for ::1 at 2019-10-24 17:19:55 -0500
Processing by ReviewsController#create as HTML
  Parameters: {"authenticity_token"=>"f3VBbF693VglZDMvdVQYjIRnLgwlzvj274cLEAoLK5Kz1f4bSIuoUqX9Q0SrMns+079k2FjJMDs6hZxVhmZ0Fg==", "review"=>{"rating"=>"", "comment"=>"", "recipe_id"=>"1", "user_id"=>"2"}, "commit"=>"Create Review"}
  [1m[36mUser Load (0.3ms)[0m  [1m[34mSELECT "users".* FROM "users" WHERE "users"."id" = ? LIMIT ?[0m  [["id", 2], ["LIMIT", 1]]
  ↳ app/controllers/application_controller.rb:6:in `current_user'
  [1m[36mCACHE User Load (0.1ms)[0m  [1m[34mSELECT "users".* FROM "users" WHERE "users"."id" = ? LIMIT ?[0m  [["id", 2], ["LIMIT", 1]]
  ↳ app/controllers/reviews_controller.rb:24:in `create'
  [1m[36mRecipe Load (0.2ms)[0m  [1m[34mSELECT "recipes".* FROM "recipes" WHERE "recipes"."id" = ? LIMIT ?[0m  [["id", 1], ["LIMIT", 1]]
  ↳ app/controllers/reviews_controller.rb:24:in `create'
Redirected to http://localhost:3000/reviews/new
Completed 302 Found in 14ms (ActiveRecord: 0.5ms | Allocations: 4530)


Started GET "/reviews/new" for ::1 at 2019-10-24 17:19:55 -0500
Processing by ReviewsController#new as HTML
  [1m[36mUser Load (0.2ms)[0m  [1m[34mSELECT "users".* FROM "users" WHERE "users"."id" = ? LIMIT ?[0m  [["id", 2], ["LIMIT", 1]]
  ↳ app/controllers/application_controller.rb:6:in `current_user'
  Rendering reviews/new.html.erb within layouts/application
  [1m[36mRecipe Load (0.3ms)[0m  [1m[34mSELECT "recipes".* FROM "recipes"[0m
  ↳ app/views/reviews/_form.html.erb:18
  Rendered reviews/_form.html.erb (Duration: 4.3ms | Allocations: 2314)
  Rendered reviews/new.html.erb within layouts/application (Duration: 6.7ms | Allocations: 3884)
Completed 200 OK in 9ms (Views: 7.1ms | ActiveRecord: 0.5ms | Allocations: 5067)


Started GET "/recipes/new" for ::1 at 2019-10-24 17:20:00 -0500
Processing by RecipesController#new as HTML
  [1m[36mUser Load (0.7ms)[0m  [1m[34mSELECT "users".* FROM "users" WHERE "users"."id" = ? LIMIT ?[0m  [["id", 2], ["LIMIT", 1]]
  ↳ app/controllers/application_controller.rb:6:in `current_user'
  Rendering recipes/new.html.erb within layouts/application
  Rendered recipes/_form.html.erb (Duration: 7.6ms | Allocations: 3834)
  Rendered recipes/new.html.erb within layouts/application (Duration: 9.1ms | Allocations: 4116)
Completed 200 OK in 17ms (Views: 10.1ms | ActiveRecord: 0.7ms | Allocations: 5414)


Started POST "/recipes" for ::1 at 2019-10-24 17:20:04 -0500
Processing by RecipesController#create as HTML
  Parameters: {"authenticity_token"=>"+xMZGkqOywAsnvBmVXSTuq5Hfv3xwlCPoj92bkuBgDqvHBeeUGMLS3sMwkGlXO0JYukitqR8JGC61FtmmTqV1A==", "recipe"=>{"title"=>"", "description"=>"", "cook_time"=>"", "user_id"=>"2"}, "commit"=>"Create Recipe"}
  [1m[36mUser Load (0.2ms)[0m  [1m[34mSELECT "users".* FROM "users" WHERE "users"."id" = ? LIMIT ?[0m  [["id", 2], ["LIMIT", 1]]
  ↳ app/controllers/application_controller.rb:6:in `current_user'
  [1m[36mCACHE User Load (0.1ms)[0m  [1m[34mSELECT "users".* FROM "users" WHERE "users"."id" = ? LIMIT ?[0m  [["id", 2], ["LIMIT", 1]]
  ↳ app/controllers/recipes_controller.rb:27:in `create'
  [1m[36mRecipe Exists? (0.3ms)[0m  [1m[34mSELECT 1 AS one FROM "recipes" WHERE LOWER("recipes"."title") = LOWER(?) LIMIT ?[0m  [["title", ""], ["LIMIT", 1]]
  ↳ app/controllers/recipes_controller.rb:27:in `create'
  [1m[36mCACHE Recipe Exists? (0.0ms)[0m  [1m[34mSELECT 1 AS one FROM "recipes" WHERE LOWER("recipes"."title") = LOWER(?) LIMIT ?[0m  [["title", ""], ["LIMIT", 1]]
  ↳ app/controllers/recipes_controller.rb:41:in `create'
  [1m[35m (0.1ms)[0m  [1m[36mbegin transaction[0m
  ↳ app/controllers/recipes_controller.rb:41:in `create'
  [1m[36mRecipe Create (5.3ms)[0m  [1m[32mINSERT INTO "recipes" ("title", "description", "user_id", "created_at", "updated_at") VALUES (?, ?, ?, ?, ?)[0m  [["title", ""], ["description", ""], ["user_id", 2], ["created_at", "2019-10-24 22:20:04.303273"], ["updated_at", "2019-10-24 22:20:04.303273"]]
  ↳ app/controllers/recipes_controller.rb:41:in `create'
  [1m[35m (9.4ms)[0m  [1m[36mcommit transaction[0m
  ↳ app/controllers/recipes_controller.rb:41:in `create'
Redirected to http://localhost:3000/recipes/6
Completed 302 Found in 34ms (ActiveRecord: 15.4ms | Allocations: 6191)


Started GET "/recipes/6" for ::1 at 2019-10-24 17:20:04 -0500
Processing by RecipesController#show as HTML
  Parameters: {"id"=>"6"}
  [1m[36mUser Load (0.2ms)[0m  [1m[34mSELECT "users".* FROM "users" WHERE "users"."id" = ? LIMIT ?[0m  [["id", 2], ["LIMIT", 1]]
  ↳ app/controllers/application_controller.rb:6:in `current_user'
  [1m[36mRecipe Load (0.2ms)[0m  [1m[34mSELECT "recipes".* FROM "recipes" WHERE "recipes"."id" = ? LIMIT ?[0m  [["id", 6], ["LIMIT", 1]]
  ↳ app/controllers/recipes_controller.rb:110:in `current_recipe'
  [1m[36mReview Load (0.3ms)[0m  [1m[34mSELECT "reviews".* FROM "reviews" WHERE "reviews"."recipe_id" = ?[0m  [["recipe_id", 6]]
  ↳ app/controllers/recipes_controller.rb:11:in `show'
  [1m[35m (0.3ms)[0m  [1m[34mSELECT COUNT(*) FROM "reviews" WHERE "reviews"."recipe_id" = ?[0m  [["recipe_id", 6]]
  ↳ app/controllers/recipes_controller.rb:14:in `show'
  Rendering recipes/show.html.erb within layouts/application
  [1m[36mCACHE User Load (0.0ms)[0m  [1m[34mSELECT "users".* FROM "users" WHERE "users"."id" = ? LIMIT ?[0m  [["id", 2], ["LIMIT", 1]]
  ↳ app/views/recipes/show.html.erb:7
  [1m[36mUtensil Load (0.2ms)[0m  [1m[34mSELECT "utensils".* FROM "utensils" INNER JOIN "recipe_utensils" ON "utensils"."id" = "recipe_utensils"."utensil_id" WHERE "recipe_utensils"."recipe_id" = ?[0m  [["recipe_id", 6]]
  ↳ app/views/recipes/show.html.erb:11
  [1m[36mIngredient Load (0.2ms)[0m  [1m[34mSELECT "ingredients".* FROM "ingredients" INNER JOIN "recipe_ingredients" ON "ingredients"."id" = "recipe_ingredients"."ingredient_id" WHERE "recipe_ingredients"."recipe_id" = ?[0m  [["recipe_id", 6]]
  ↳ app/views/recipes/show.html.erb:16
  Rendered recipes/show.html.erb within layouts/application (Duration: 9.1ms | Allocations: 4107)
Completed 200 OK in 18ms (Views: 9.4ms | ActiveRecord: 1.3ms | Allocations: 6993)


Started GET "/recipes" for ::1 at 2019-10-24 17:20:08 -0500
Processing by RecipesController#index as HTML
  [1m[36mUser Load (0.2ms)[0m  [1m[34mSELECT "users".* FROM "users" WHERE "users"."id" = ? LIMIT ?[0m  [["id", 2], ["LIMIT", 1]]
  ↳ app/controllers/application_controller.rb:6:in `current_user'
  Rendering recipes/index.html.erb within layouts/application
  [1m[36mRecipe Load (0.3ms)[0m  [1m[34mSELECT "recipes".* FROM "recipes"[0m
  ↳ app/views/recipes/index.html.erb:5
  Rendered recipes/index.html.erb within layouts/application (Duration: 5.3ms | Allocations: 2342)
Completed 200 OK in 9ms (Views: 6.1ms | ActiveRecord: 0.5ms | Allocations: 3501)


Started GET "/recipes" for ::1 at 2019-10-24 17:21:00 -0500
Processing by RecipesController#index as HTML
  [1m[36mUser Load (0.2ms)[0m  [1m[34mSELECT "users".* FROM "users" WHERE "users"."id" = ? LIMIT ?[0m  [["id", 2], ["LIMIT", 1]]
  ↳ app/controllers/application_controller.rb:6:in `current_user'
  Rendering recipes/index.html.erb within layouts/application
  [1m[36mRecipe Load (0.2ms)[0m  [1m[34mSELECT "recipes".* FROM "recipes"[0m
  ↳ app/views/recipes/index.html.erb:5
  Rendered recipes/index.html.erb within layouts/application (Duration: 4.3ms | Allocations: 2519)
Completed 200 OK in 12ms (Views: 7.3ms | ActiveRecord: 0.4ms | Allocations: 4569)


Started GET "/users/2" for ::1 at 2019-10-24 17:21:02 -0500
Processing by UsersController#show as HTML
  Parameters: {"id"=>"2"}
  [1m[36mUser Load (0.2ms)[0m  [1m[34mSELECT "users".* FROM "users" WHERE "users"."id" = ? LIMIT ?[0m  [["id", 2], ["LIMIT", 1]]
  ↳ app/controllers/application_controller.rb:6:in `current_user'
  [1m[36mCACHE User Load (0.0ms)[0m  [1m[34mSELECT "users".* FROM "users" WHERE "users"."id" = ? LIMIT ?[0m  [["id", 2], ["LIMIT", 1]]
  ↳ app/controllers/users_controller.rb:23:in `show'
  Rendering users/show.html.erb within layouts/application
  [1m[36mRecipe Load (0.2ms)[0m  [1m[34mSELECT "recipes".* FROM "recipes" WHERE "recipes"."user_id" = ?[0m  [["user_id", 2]]
  ↳ app/views/users/show.html.erb:9
  Rendered users/show.html.erb within layouts/application (Duration: 14.3ms | Allocations: 2921)
Completed 200 OK in 21ms (Views: 16.3ms | ActiveRecord: 0.4ms | Allocations: 5099)


Started GET "/recipes" for ::1 at 2019-10-24 17:21:11 -0500
Processing by RecipesController#index as HTML
  [1m[36mUser Load (0.2ms)[0m  [1m[34mSELECT "users".* FROM "users" WHERE "users"."id" = ? LIMIT ?[0m  [["id", 2], ["LIMIT", 1]]
  ↳ app/controllers/application_controller.rb:6:in `current_user'
  Rendering recipes/index.html.erb within layouts/application
  [1m[36mRecipe Load (0.2ms)[0m  [1m[34mSELECT "recipes".* FROM "recipes"[0m
  ↳ app/views/recipes/index.html.erb:5
  Rendered recipes/index.html.erb within layouts/application (Duration: 4.5ms | Allocations: 2347)
Completed 200 OK in 8ms (Views: 5.4ms | ActiveRecord: 0.3ms | Allocations: 3512)


Started GET "/recipes/2" for ::1 at 2019-10-24 17:21:19 -0500
Processing by RecipesController#show as HTML
  Parameters: {"id"=>"2"}
  [1m[36mUser Load (0.2ms)[0m  [1m[34mSELECT "users".* FROM "users" WHERE "users"."id" = ? LIMIT ?[0m  [["id", 2], ["LIMIT", 1]]
  ↳ app/controllers/application_controller.rb:6:in `current_user'
  [1m[36mRecipe Load (0.2ms)[0m  [1m[34mSELECT "recipes".* FROM "recipes" WHERE "recipes"."id" = ? LIMIT ?[0m  [["id", 2], ["LIMIT", 1]]
  ↳ app/controllers/recipes_controller.rb:110:in `current_recipe'
  [1m[36mReview Load (0.2ms)[0m  [1m[34mSELECT "reviews".* FROM "reviews" WHERE "reviews"."recipe_id" = ?[0m  [["recipe_id", 2]]
  ↳ app/controllers/recipes_controller.rb:11:in `show'
  [1m[35m (0.3ms)[0m  [1m[34mSELECT COUNT(*) FROM "reviews" WHERE "reviews"."recipe_id" = ?[0m  [["recipe_id", 2]]
  ↳ app/controllers/recipes_controller.rb:14:in `show'
  Rendering recipes/show.html.erb within layouts/application
  [1m[36mCACHE User Load (0.1ms)[0m  [1m[34mSELECT "users".* FROM "users" WHERE "users"."id" = ? LIMIT ?[0m  [["id", 2], ["LIMIT", 1]]
  ↳ app/views/recipes/show.html.erb:7
  [1m[36mUtensil Load (0.2ms)[0m  [1m[34mSELECT "utensils".* FROM "utensils" INNER JOIN "recipe_utensils" ON "utensils"."id" = "recipe_utensils"."utensil_id" WHERE "recipe_utensils"."recipe_id" = ?[0m  [["recipe_id", 2]]
  ↳ app/views/recipes/show.html.erb:11
  [1m[36mIngredient Load (0.1ms)[0m  [1m[34mSELECT "ingredients".* FROM "ingredients" INNER JOIN "recipe_ingredients" ON "ingredients"."id" = "recipe_ingredients"."ingredient_id" WHERE "recipe_ingredients"."recipe_id" = ?[0m  [["recipe_id", 2]]
  ↳ app/views/recipes/show.html.erb:16
  Rendered recipes/show.html.erb within layouts/application (Duration: 12.5ms | Allocations: 4617)
Completed 200 OK in 22ms (Views: 13.0ms | ActiveRecord: 1.3ms | Allocations: 7655)


Started GET "/recipes/2" for ::1 at 2019-10-24 17:21:50 -0500
Processing by RecipesController#show as HTML
  Parameters: {"id"=>"2"}
  [1m[36mUser Load (0.3ms)[0m  [1m[34mSELECT "users".* FROM "users" WHERE "users"."id" = ? LIMIT ?[0m  [["id", 2], ["LIMIT", 1]]
  ↳ app/controllers/application_controller.rb:6:in `current_user'
  [1m[36mRecipe Load (0.3ms)[0m  [1m[34mSELECT "recipes".* FROM "recipes" WHERE "recipes"."id" = ? LIMIT ?[0m  [["id", 2], ["LIMIT", 1]]
  ↳ app/controllers/recipes_controller.rb:110:in `current_recipe'
  [1m[36mReview Load (0.1ms)[0m  [1m[34mSELECT "reviews".* FROM "reviews" WHERE "reviews"."recipe_id" = ?[0m  [["recipe_id", 2]]
  ↳ app/controllers/recipes_controller.rb:11:in `show'
  [1m[35m (0.2ms)[0m  [1m[34mSELECT COUNT(*) FROM "reviews" WHERE "reviews"."recipe_id" = ?[0m  [["recipe_id", 2]]
  ↳ app/controllers/recipes_controller.rb:14:in `show'
  Rendering recipes/show.html.erb within layouts/application
  [1m[36mCACHE User Load (0.0ms)[0m  [1m[34mSELECT "users".* FROM "users" WHERE "users"."id" = ? LIMIT ?[0m  [["id", 2], ["LIMIT", 1]]
  ↳ app/views/recipes/show.html.erb:7
  [1m[36mUtensil Load (0.4ms)[0m  [1m[34mSELECT "utensils".* FROM "utensils" INNER JOIN "recipe_utensils" ON "utensils"."id" = "recipe_utensils"."utensil_id" WHERE "recipe_utensils"."recipe_id" = ?[0m  [["recipe_id", 2]]
  ↳ app/views/recipes/show.html.erb:11
  [1m[36mIngredient Load (0.2ms)[0m  [1m[34mSELECT "ingredients".* FROM "ingredients" INNER JOIN "recipe_ingredients" ON "ingredients"."id" = "recipe_ingredients"."ingredient_id" WHERE "recipe_ingredients"."recipe_id" = ?[0m  [["recipe_id", 2]]
  ↳ app/views/recipes/show.html.erb:16
  Rendered recipes/show.html.erb within layouts/application (Duration: 35.2ms | Allocations: 4619)
Completed 200 OK in 50ms (Views: 40.3ms | ActiveRecord: 1.6ms | Allocations: 8423)


Started GET "/recipes/2" for ::1 at 2019-10-24 17:21:58 -0500
Processing by RecipesController#show as HTML
  Parameters: {"id"=>"2"}
  [1m[36mUser Load (0.1ms)[0m  [1m[34mSELECT "users".* FROM "users" WHERE "users"."id" = ? LIMIT ?[0m  [["id", 2], ["LIMIT", 1]]
  ↳ app/controllers/application_controller.rb:6:in `current_user'
  [1m[36mRecipe Load (0.2ms)[0m  [1m[34mSELECT "recipes".* FROM "recipes" WHERE "recipes"."id" = ? LIMIT ?[0m  [["id", 2], ["LIMIT", 1]]
  ↳ app/controllers/recipes_controller.rb:110:in `current_recipe'
  [1m[36mReview Load (0.2ms)[0m  [1m[34mSELECT "reviews".* FROM "reviews" WHERE "reviews"."recipe_id" = ?[0m  [["recipe_id", 2]]
  ↳ app/controllers/recipes_controller.rb:11:in `show'
  [1m[35m (0.7ms)[0m  [1m[34mSELECT COUNT(*) FROM "reviews" WHERE "reviews"."recipe_id" = ?[0m  [["recipe_id", 2]]
  ↳ app/controllers/recipes_controller.rb:14:in `show'
  Rendering recipes/show.html.erb within layouts/application
  [1m[36mCACHE User Load (0.0ms)[0m  [1m[34mSELECT "users".* FROM "users" WHERE "users"."id" = ? LIMIT ?[0m  [["id", 2], ["LIMIT", 1]]
  ↳ app/views/recipes/show.html.erb:7
  [1m[36mUtensil Load (0.1ms)[0m  [1m[34mSELECT "utensils".* FROM "utensils" INNER JOIN "recipe_utensils" ON "utensils"."id" = "recipe_utensils"."utensil_id" WHERE "recipe_utensils"."recipe_id" = ?[0m  [["recipe_id", 2]]
  ↳ app/views/recipes/show.html.erb:11
  [1m[36mIngredient Load (0.1ms)[0m  [1m[34mSELECT "ingredients".* FROM "ingredients" INNER JOIN "recipe_ingredients" ON "ingredients"."id" = "recipe_ingredients"."ingredient_id" WHERE "recipe_ingredients"."recipe_id" = ?[0m  [["recipe_id", 2]]
  ↳ app/views/recipes/show.html.erb:16
  Rendered recipes/show.html.erb within layouts/application (Duration: 9.6ms | Allocations: 4619)
Completed 200 OK in 22ms (Views: 12.8ms | ActiveRecord: 1.4ms | Allocations: 8415)


Started GET "/recipes/2" for ::1 at 2019-10-24 17:22:07 -0500
Processing by RecipesController#show as HTML
  Parameters: {"id"=>"2"}
  [1m[36mUser Load (0.6ms)[0m  [1m[34mSELECT "users".* FROM "users" WHERE "users"."id" = ? LIMIT ?[0m  [["id", 2], ["LIMIT", 1]]
  ↳ app/controllers/application_controller.rb:6:in `current_user'
  [1m[36mRecipe Load (0.3ms)[0m  [1m[34mSELECT "recipes".* FROM "recipes" WHERE "recipes"."id" = ? LIMIT ?[0m  [["id", 2], ["LIMIT", 1]]
  ↳ app/controllers/recipes_controller.rb:110:in `current_recipe'
  [1m[36mReview Load (0.2ms)[0m  [1m[34mSELECT "reviews".* FROM "reviews" WHERE "reviews"."recipe_id" = ?[0m  [["recipe_id", 2]]
  ↳ app/controllers/recipes_controller.rb:11:in `show'
  [1m[35m (0.6ms)[0m  [1m[34mSELECT COUNT(*) FROM "reviews" WHERE "reviews"."recipe_id" = ?[0m  [["recipe_id", 2]]
  ↳ app/controllers/recipes_controller.rb:14:in `show'
  Rendering recipes/show.html.erb within layouts/application
  [1m[36mCACHE User Load (0.1ms)[0m  [1m[34mSELECT "users".* FROM "users" WHERE "users"."id" = ? LIMIT ?[0m  [["id", 2], ["LIMIT", 1]]
  ↳ app/views/recipes/show.html.erb:7
  [1m[36mUtensil Load (0.2ms)[0m  [1m[34mSELECT "utensils".* FROM "utensils" INNER JOIN "recipe_utensils" ON "utensils"."id" = "recipe_utensils"."utensil_id" WHERE "recipe_utensils"."recipe_id" = ?[0m  [["recipe_id", 2]]
  ↳ app/views/recipes/show.html.erb:11
  [1m[36mIngredient Load (0.2ms)[0m  [1m[34mSELECT "ingredients".* FROM "ingredients" INNER JOIN "recipe_ingredients" ON "ingredients"."id" = "recipe_ingredients"."ingredient_id" WHERE "recipe_ingredients"."recipe_id" = ?[0m  [["recipe_id", 2]]
  ↳ app/views/recipes/show.html.erb:16
  Rendered recipes/show.html.erb within layouts/application (Duration: 14.1ms | Allocations: 4618)
Completed 200 OK in 31ms (Views: 15.9ms | ActiveRecord: 2.0ms | Allocations: 8406)


Started GET "/recipes/2" for ::1 at 2019-10-24 17:22:19 -0500
Processing by RecipesController#show as HTML
  Parameters: {"id"=>"2"}
  [1m[36mUser Load (0.2ms)[0m  [1m[34mSELECT "users".* FROM "users" WHERE "users"."id" = ? LIMIT ?[0m  [["id", 2], ["LIMIT", 1]]
  ↳ app/controllers/application_controller.rb:6:in `current_user'
  [1m[36mRecipe Load (0.2ms)[0m  [1m[34mSELECT "recipes".* FROM "recipes" WHERE "recipes"."id" = ? LIMIT ?[0m  [["id", 2], ["LIMIT", 1]]
  ↳ app/controllers/recipes_controller.rb:110:in `current_recipe'
  [1m[36mReview Load (0.2ms)[0m  [1m[34mSELECT "reviews".* FROM "reviews" WHERE "reviews"."recipe_id" = ?[0m  [["recipe_id", 2]]
  ↳ app/controllers/recipes_controller.rb:11:in `show'
  [1m[35m (0.2ms)[0m  [1m[34mSELECT COUNT(*) FROM "reviews" WHERE "reviews"."recipe_id" = ?[0m  [["recipe_id", 2]]
  ↳ app/controllers/recipes_controller.rb:14:in `show'
  Rendering recipes/show.html.erb within layouts/application
  [1m[36mCACHE User Load (0.0ms)[0m  [1m[34mSELECT "users".* FROM "users" WHERE "users"."id" = ? LIMIT ?[0m  [["id", 2], ["LIMIT", 1]]
  ↳ app/views/recipes/show.html.erb:7
  [1m[36mUtensil Load (0.2ms)[0m  [1m[34mSELECT "utensils".* FROM "utensils" INNER JOIN "recipe_utensils" ON "utensils"."id" = "recipe_utensils"."utensil_id" WHERE "recipe_utensils"."recipe_id" = ?[0m  [["recipe_id", 2]]
  ↳ app/views/recipes/show.html.erb:11
  [1m[36mIngredient Load (0.2ms)[0m  [1m[34mSELECT "ingredients".* FROM "ingredients" INNER JOIN "recipe_ingredients" ON "ingredients"."id" = "recipe_ingredients"."ingredient_id" WHERE "recipe_ingredients"."recipe_id" = ?[0m  [["recipe_id", 2]]
  ↳ app/views/recipes/show.html.erb:16
  Rendered recipes/show.html.erb within layouts/application (Duration: 11.1ms | Allocations: 4618)
Completed 200 OK in 24ms (Views: 16.2ms | ActiveRecord: 1.3ms | Allocations: 8412)


Started GET "/recipes" for ::1 at 2019-10-24 17:22:23 -0500
Processing by RecipesController#index as HTML
  [1m[36mUser Load (0.1ms)[0m  [1m[34mSELECT "users".* FROM "users" WHERE "users"."id" = ? LIMIT ?[0m  [["id", 2], ["LIMIT", 1]]
  ↳ app/controllers/application_controller.rb:6:in `current_user'
  Rendering recipes/index.html.erb within layouts/application
  [1m[36mRecipe Load (0.3ms)[0m  [1m[34mSELECT "recipes".* FROM "recipes"[0m
  ↳ app/views/recipes/index.html.erb:5
  Rendered recipes/index.html.erb within layouts/application (Duration: 11.2ms | Allocations: 2519)
Completed 200 OK in 15ms (Views: 12.0ms | ActiveRecord: 0.4ms | Allocations: 3826)


Started GET "/recipes" for ::1 at 2019-10-24 17:22:43 -0500
Processing by RecipesController#index as HTML
  [1m[36mUser Load (0.2ms)[0m  [1m[34mSELECT "users".* FROM "users" WHERE "users"."id" = ? LIMIT ?[0m  [["id", 2], ["LIMIT", 1]]
  ↳ app/controllers/application_controller.rb:6:in `current_user'
  Rendering recipes/index.html.erb within layouts/application
  [1m[36mRecipe Load (0.2ms)[0m  [1m[34mSELECT "recipes".* FROM "recipes"[0m
  ↳ app/views/recipes/index.html.erb:5
  Rendered recipes/index.html.erb within layouts/application (Duration: 5.5ms | Allocations: 2522)
Completed 200 OK in 13ms (Views: 8.7ms | ActiveRecord: 0.4ms | Allocations: 4563)


Started GET "/recipes" for ::1 at 2019-10-24 17:22:51 -0500
Processing by RecipesController#index as HTML
  [1m[36mUser Load (0.1ms)[0m  [1m[34mSELECT "users".* FROM "users" WHERE "users"."id" = ? LIMIT ?[0m  [["id", 2], ["LIMIT", 1]]
  ↳ app/controllers/application_controller.rb:6:in `current_user'
  Rendering recipes/index.html.erb within layouts/application
  [1m[36mRecipe Load (0.2ms)[0m  [1m[34mSELECT "recipes".* FROM "recipes"[0m
  ↳ app/views/recipes/index.html.erb:5
  Rendered recipes/index.html.erb within layouts/application (Duration: 4.7ms | Allocations: 2522)
Completed 200 OK in 10ms (Views: 7.3ms | ActiveRecord: 0.3ms | Allocations: 4575)


Started GET "/recipes/1" for ::1 at 2019-10-24 17:22:54 -0500
Processing by RecipesController#show as HTML
  Parameters: {"id"=>"1"}
  [1m[36mUser Load (0.2ms)[0m  [1m[34mSELECT "users".* FROM "users" WHERE "users"."id" = ? LIMIT ?[0m  [["id", 2], ["LIMIT", 1]]
  ↳ app/controllers/application_controller.rb:6:in `current_user'
  [1m[36mRecipe Load (0.2ms)[0m  [1m[34mSELECT "recipes".* FROM "recipes" WHERE "recipes"."id" = ? LIMIT ?[0m  [["id", 1], ["LIMIT", 1]]
  ↳ app/controllers/recipes_controller.rb:110:in `current_recipe'
  [1m[36mReview Load (0.3ms)[0m  [1m[34mSELECT "reviews".* FROM "reviews" WHERE "reviews"."recipe_id" = ?[0m  [["recipe_id", 1]]
  ↳ app/controllers/recipes_controller.rb:11:in `show'
  [1m[35m (0.2ms)[0m  [1m[34mSELECT COUNT(*) FROM "reviews" WHERE "reviews"."recipe_id" = ?[0m  [["recipe_id", 1]]
  ↳ app/controllers/recipes_controller.rb:14:in `show'
  Rendering recipes/show.html.erb within layouts/application
  [1m[36mUser Load (0.2ms)[0m  [1m[34mSELECT "users".* FROM "users" WHERE "users"."id" = ? LIMIT ?[0m  [["id", 1], ["LIMIT", 1]]
  ↳ app/views/recipes/show.html.erb:7
  [1m[36mUtensil Load (0.1ms)[0m  [1m[34mSELECT "utensils".* FROM "utensils" INNER JOIN "recipe_utensils" ON "utensils"."id" = "recipe_utensils"."utensil_id" WHERE "recipe_utensils"."recipe_id" = ?[0m  [["recipe_id", 1]]
  ↳ app/views/recipes/show.html.erb:11
  [1m[36mIngredient Load (0.1ms)[0m  [1m[34mSELECT "ingredients".* FROM "ingredients" INNER JOIN "recipe_ingredients" ON "ingredients"."id" = "recipe_ingredients"."ingredient_id" WHERE "recipe_ingredients"."recipe_id" = ?[0m  [["recipe_id", 1]]
  ↳ app/views/recipes/show.html.erb:16
  Rendered recipes/show.html.erb within layouts/application (Duration: 9.5ms | Allocations: 4682)
Completed 200 OK in 34ms (Views: 25.3ms | ActiveRecord: 1.4ms | Allocations: 7748)


Started GET "/recipes" for ::1 at 2019-10-24 17:22:56 -0500
Processing by RecipesController#index as HTML
  [1m[36mUser Load (0.2ms)[0m  [1m[34mSELECT "users".* FROM "users" WHERE "users"."id" = ? LIMIT ?[0m  [["id", 2], ["LIMIT", 1]]
  ↳ app/controllers/application_controller.rb:6:in `current_user'
  Rendering recipes/index.html.erb within layouts/application
  [1m[36mRecipe Load (0.3ms)[0m  [1m[34mSELECT "recipes".* FROM "recipes"[0m
  ↳ app/views/recipes/index.html.erb:5
  Rendered recipes/index.html.erb within layouts/application (Duration: 6.5ms | Allocations: 2343)
Completed 200 OK in 11ms (Views: 7.6ms | ActiveRecord: 0.5ms | Allocations: 3501)


Started GET "/users/2" for ::1 at 2019-10-24 17:22:57 -0500
Processing by UsersController#show as HTML
  Parameters: {"id"=>"2"}
  [1m[36mUser Load (0.2ms)[0m  [1m[34mSELECT "users".* FROM "users" WHERE "users"."id" = ? LIMIT ?[0m  [["id", 2], ["LIMIT", 1]]
  ↳ app/controllers/application_controller.rb:6:in `current_user'
  [1m[36mCACHE User Load (0.0ms)[0m  [1m[34mSELECT "users".* FROM "users" WHERE "users"."id" = ? LIMIT ?[0m  [["id", 2], ["LIMIT", 1]]
  ↳ app/controllers/users_controller.rb:23:in `show'
  Rendering users/show.html.erb within layouts/application
  [1m[36mRecipe Load (0.2ms)[0m  [1m[34mSELECT "recipes".* FROM "recipes" WHERE "recipes"."user_id" = ?[0m  [["user_id", 2]]
  ↳ app/views/users/show.html.erb:9
  Rendered users/show.html.erb within layouts/application (Duration: 14.9ms | Allocations: 2926)
Completed 200 OK in 21ms (Views: 17.0ms | ActiveRecord: 0.4ms | Allocations: 5090)


Started GET "/recipes/new" for ::1 at 2019-10-24 17:22:58 -0500
Processing by RecipesController#new as HTML
  [1m[36mUser Load (0.3ms)[0m  [1m[34mSELECT "users".* FROM "users" WHERE "users"."id" = ? LIMIT ?[0m  [["id", 2], ["LIMIT", 1]]
  ↳ app/controllers/application_controller.rb:6:in `current_user'
  Rendering recipes/new.html.erb within layouts/application
  Rendered recipes/_form.html.erb (Duration: 5.3ms | Allocations: 3577)
  Rendered recipes/new.html.erb within layouts/application (Duration: 14.4ms | Allocations: 3863)
Completed 200 OK in 19ms (Views: 15.3ms | ActiveRecord: 0.3ms | Allocations: 5176)


Started GET "/recipes/new" for ::1 at 2019-10-24 17:23:52 -0500
Processing by RecipesController#new as HTML
  [1m[36mUser Load (0.1ms)[0m  [1m[34mSELECT "users".* FROM "users" WHERE "users"."id" = ? LIMIT ?[0m  [["id", 2], ["LIMIT", 1]]
  ↳ app/controllers/application_controller.rb:6:in `current_user'
  Rendering recipes/new.html.erb within layouts/application
  Rendered recipes/_form.html.erb (Duration: 6.7ms | Allocations: 3582)
  Rendered recipes/new.html.erb within layouts/application (Duration: 7.8ms | Allocations: 3867)
Completed 200 OK in 13ms (Views: 10.7ms | ActiveRecord: 0.1ms | Allocations: 5921)


Started GET "/recipes/new" for ::1 at 2019-10-24 17:24:06 -0500
Processing by RecipesController#new as HTML
  [1m[36mUser Load (0.1ms)[0m  [1m[34mSELECT "users".* FROM "users" WHERE "users"."id" = ? LIMIT ?[0m  [["id", 2], ["LIMIT", 1]]
  ↳ app/controllers/application_controller.rb:6:in `current_user'
  Rendering recipes/new.html.erb within layouts/application
  Rendered recipes/_form.html.erb (Duration: 10.8ms | Allocations: 3579)
  Rendered recipes/new.html.erb within layouts/application (Duration: 14.0ms | Allocations: 3864)
Completed 200 OK in 21ms (Views: 17.8ms | ActiveRecord: 0.1ms | Allocations: 5920)


Started GET "/recipes/new" for ::1 at 2019-10-24 17:25:10 -0500
Processing by RecipesController#new as HTML
  [1m[36mUser Load (0.2ms)[0m  [1m[34mSELECT "users".* FROM "users" WHERE "users"."id" = ? LIMIT ?[0m  [["id", 2], ["LIMIT", 1]]
  ↳ app/controllers/application_controller.rb:6:in `current_user'
  Rendering recipes/new.html.erb within layouts/application
  Rendered recipes/_form.html.erb (Duration: 6.4ms | Allocations: 3579)
  Rendered recipes/new.html.erb within layouts/application (Duration: 7.6ms | Allocations: 3864)
Completed 200 OK in 13ms (Views: 10.2ms | ActiveRecord: 0.2ms | Allocations: 5914)


Started GET "/recipes" for ::1 at 2019-10-24 17:25:14 -0500
Processing by RecipesController#index as HTML
  [1m[36mUser Load (0.5ms)[0m  [1m[34mSELECT "users".* FROM "users" WHERE "users"."id" = ? LIMIT ?[0m  [["id", 2], ["LIMIT", 1]]
  ↳ app/controllers/application_controller.rb:6:in `current_user'
  Rendering recipes/index.html.erb within layouts/application
  [1m[36mRecipe Load (0.2ms)[0m  [1m[34mSELECT "recipes".* FROM "recipes"[0m
  ↳ app/views/recipes/index.html.erb:5
  Rendered recipes/index.html.erb within layouts/application (Duration: 5.5ms | Allocations: 2521)
Completed 200 OK in 11ms (Views: 6.7ms | ActiveRecord: 0.7ms | Allocations: 3811)


Started GET "/users/2" for ::1 at 2019-10-24 17:25:15 -0500
Processing by UsersController#show as HTML
  Parameters: {"id"=>"2"}
  [1m[36mUser Load (0.3ms)[0m  [1m[34mSELECT "users".* FROM "users" WHERE "users"."id" = ? LIMIT ?[0m  [["id", 2], ["LIMIT", 1]]
  ↳ app/controllers/application_controller.rb:6:in `current_user'
  [1m[36mCACHE User Load (0.0ms)[0m  [1m[34mSELECT "users".* FROM "users" WHERE "users"."id" = ? LIMIT ?[0m  [["id", 2], ["LIMIT", 1]]
  ↳ app/controllers/users_controller.rb:23:in `show'
  Rendering users/show.html.erb within layouts/application
  [1m[36mRecipe Load (0.2ms)[0m  [1m[34mSELECT "recipes".* FROM "recipes" WHERE "recipes"."user_id" = ?[0m  [["user_id", 2]]
  ↳ app/views/users/show.html.erb:9
  Rendered users/show.html.erb within layouts/application (Duration: 6.0ms | Allocations: 2921)
Completed 200 OK in 13ms (Views: 7.4ms | ActiveRecord: 0.6ms | Allocations: 5074)


Started GET "/recipes/new" for ::1 at 2019-10-24 17:25:17 -0500
Processing by RecipesController#new as HTML
  [1m[36mUser Load (0.2ms)[0m  [1m[34mSELECT "users".* FROM "users" WHERE "users"."id" = ? LIMIT ?[0m  [["id", 2], ["LIMIT", 1]]
  ↳ app/controllers/application_controller.rb:6:in `current_user'
  Rendering recipes/new.html.erb within layouts/application
  Rendered recipes/_form.html.erb (Duration: 4.9ms | Allocations: 2878)
  Rendered recipes/new.html.erb within layouts/application (Duration: 5.3ms | Allocations: 2941)
Completed 200 OK in 10ms (Views: 6.6ms | ActiveRecord: 0.2ms | Allocations: 4109)


Started GET "/recipes/new" for ::1 at 2019-10-24 17:25:35 -0500
Processing by RecipesController#new as HTML
  [1m[36mUser Load (0.2ms)[0m  [1m[34mSELECT "users".* FROM "users" WHERE "users"."id" = ? LIMIT ?[0m  [["id", 2], ["LIMIT", 1]]
  ↳ app/controllers/application_controller.rb:6:in `current_user'
  Rendering recipes/new.html.erb within layouts/application
  Rendered recipes/_form.html.erb (Duration: 5.3ms | Allocations: 3577)
  Rendered recipes/new.html.erb within layouts/application (Duration: 6.6ms | Allocations: 3862)
Completed 200 OK in 15ms (Views: 10.9ms | ActiveRecord: 0.2ms | Allocations: 5909)


Started GET "/recipes/new" for ::1 at 2019-10-24 17:25:42 -0500
Processing by RecipesController#new as HTML
  [1m[36mUser Load (0.4ms)[0m  [1m[34mSELECT "users".* FROM "users" WHERE "users"."id" = ? LIMIT ?[0m  [["id", 2], ["LIMIT", 1]]
  ↳ app/controllers/application_controller.rb:6:in `current_user'
  Rendering recipes/new.html.erb within layouts/application
  Rendered recipes/_form.html.erb (Duration: 6.3ms | Allocations: 3577)
  Rendered recipes/new.html.erb within layouts/application (Duration: 7.5ms | Allocations: 3862)
Completed 200 OK in 17ms (Views: 11.6ms | ActiveRecord: 0.4ms | Allocations: 5907)


Started GET "/recipes/new" for ::1 at 2019-10-24 17:25:52 -0500
Processing by RecipesController#new as HTML
  [1m[36mUser Load (0.2ms)[0m  [1m[34mSELECT "users".* FROM "users" WHERE "users"."id" = ? LIMIT ?[0m  [["id", 2], ["LIMIT", 1]]
  ↳ app/controllers/application_controller.rb:6:in `current_user'
  Rendering recipes/new.html.erb within layouts/application
  Rendered recipes/_form.html.erb (Duration: 9.2ms | Allocations: 3577)
  Rendered recipes/new.html.erb within layouts/application (Duration: 27.6ms | Allocations: 3862)
Completed 200 OK in 33ms (Views: 30.2ms | ActiveRecord: 0.2ms | Allocations: 5914)


Started POST "/recipes" for ::1 at 2019-10-24 17:40:23 -0500
  [1m[35m (1.0ms)[0m  [1m[34mSELECT sqlite_version(*)[0m
Processing by RecipesController#create as HTML
  Parameters: {"authenticity_token"=>"LSRvbnpkcluS28Piuz9sQuTpTVt7uHUq6XNd6h+36AZ5K2HqYImyEMVJ8cVLFxLxKEcREC4GAcXxmHDizQz96A==", "recipe"=>{"title"=>"", "description"=>"", "cook_time"=>"", "user_id"=>"2"}, "commit"=>"Create Recipe"}
  [1m[36mUser Load (1.6ms)[0m  [1m[34mSELECT "users".* FROM "users" WHERE "users"."id" = ? LIMIT ?[0m  [["id", 2], ["LIMIT", 1]]
  ↳ app/controllers/application_controller.rb:6:in `current_user'
  [1m[36mCACHE User Load (0.0ms)[0m  [1m[34mSELECT "users".* FROM "users" WHERE "users"."id" = ? LIMIT ?[0m  [["id", 2], ["LIMIT", 1]]
  ↳ app/controllers/recipes_controller.rb:27:in `create'
  [1m[36mRecipe Exists? (0.5ms)[0m  [1m[34mSELECT 1 AS one FROM "recipes" WHERE LOWER("recipes"."title") = LOWER(?) LIMIT ?[0m  [["title", ""], ["LIMIT", 1]]
  ↳ app/controllers/recipes_controller.rb:27:in `create'
  Rendering recipes/new.html.erb within layouts/application
  Rendered recipes/_form.html.erb (Duration: 42.3ms | Allocations: 2878)
  Rendered recipes/new.html.erb within layouts/application (Duration: 45.3ms | Allocations: 2941)
Completed 200 OK in 107ms (Views: 48.8ms | ActiveRecord: 2.1ms | Allocations: 6435)


Started GET "/recipes" for ::1 at 2019-10-24 17:40:27 -0500
Processing by RecipesController#index as HTML
  [1m[36mUser Load (0.4ms)[0m  [1m[34mSELECT "users".* FROM "users" WHERE "users"."id" = ? LIMIT ?[0m  [["id", 2], ["LIMIT", 1]]
  ↳ app/controllers/application_controller.rb:6:in `current_user'
  Rendering recipes/index.html.erb within layouts/application
  [1m[36mRecipe Load (0.2ms)[0m  [1m[34mSELECT "recipes".* FROM "recipes"[0m
  ↳ app/views/recipes/index.html.erb:5
  Rendered recipes/index.html.erb within layouts/application (Duration: 13.2ms | Allocations: 2545)
Completed 200 OK in 27ms (Views: 14.3ms | ActiveRecord: 0.6ms | Allocations: 3858)


Started GET "/users/2" for ::1 at 2019-10-24 17:43:06 -0500
Processing by UsersController#show as HTML
  Parameters: {"id"=>"2"}
  [1m[36mUser Load (0.3ms)[0m  [1m[34mSELECT "users".* FROM "users" WHERE "users"."id" = ? LIMIT ?[0m  [["id", 2], ["LIMIT", 1]]
  ↳ app/controllers/application_controller.rb:6:in `current_user'
  [1m[36mCACHE User Load (0.0ms)[0m  [1m[34mSELECT "users".* FROM "users" WHERE "users"."id" = ? LIMIT ?[0m  [["id", 2], ["LIMIT", 1]]
  ↳ app/controllers/users_controller.rb:23:in `show'
  Rendering users/show.html.erb within layouts/application
  [1m[36mRecipe Load (0.6ms)[0m  [1m[34mSELECT "recipes".* FROM "recipes" WHERE "recipes"."user_id" = ?[0m  [["user_id", 2]]
  ↳ app/views/users/show.html.erb:9
  Rendered users/show.html.erb within layouts/application (Duration: 34.6ms | Allocations: 2940)
Completed 200 OK in 91ms (Views: 66.3ms | ActiveRecord: 0.9ms | Allocations: 5115)


Started GET "/reviews/new" for ::1 at 2019-10-24 17:43:09 -0500
Processing by ReviewsController#new as HTML
  [1m[36mUser Load (0.2ms)[0m  [1m[34mSELECT "users".* FROM "users" WHERE "users"."id" = ? LIMIT ?[0m  [["id", 2], ["LIMIT", 1]]
  ↳ app/controllers/application_controller.rb:6:in `current_user'
  Rendering reviews/new.html.erb within layouts/application
  [1m[36mRecipe Load (0.3ms)[0m  [1m[34mSELECT "recipes".* FROM "recipes"[0m
  ↳ app/views/reviews/_form.html.erb:18
  Rendered reviews/_form.html.erb (Duration: 15.9ms | Allocations: 2674)
  Rendered reviews/new.html.erb within layouts/application (Duration: 28.1ms | Allocations: 4480)
Completed 200 OK in 44ms (Views: 33.9ms | ActiveRecord: 0.5ms | Allocations: 6230)


Started GET "/reviews/new" for ::1 at 2019-10-24 17:43:34 -0500
Processing by ReviewsController#new as HTML
  [1m[36mUser Load (0.3ms)[0m  [1m[34mSELECT "users".* FROM "users" WHERE "users"."id" = ? LIMIT ?[0m  [["id", 2], ["LIMIT", 1]]
  ↳ app/controllers/application_controller.rb:6:in `current_user'
  Rendering reviews/new.html.erb within layouts/application
  [1m[36mRecipe Load (0.1ms)[0m  [1m[34mSELECT "recipes".* FROM "recipes"[0m
  ↳ app/views/reviews/_form.html.erb:18
  Rendered reviews/_form.html.erb (Duration: 6.0ms | Allocations: 2676)
  Rendered reviews/new.html.erb within layouts/application (Duration: 10.1ms | Allocations: 4487)
Completed 200 OK in 21ms (Views: 14.0ms | ActiveRecord: 0.5ms | Allocations: 6533)


Started GET "/reviews/new" for ::1 at 2019-10-24 17:43:54 -0500
Processing by ReviewsController#new as HTML
  [1m[36mUser Load (0.2ms)[0m  [1m[34mSELECT "users".* FROM "users" WHERE "users"."id" = ? LIMIT ?[0m  [["id", 2], ["LIMIT", 1]]
  ↳ app/controllers/application_controller.rb:6:in `current_user'
  Rendering reviews/new.html.erb within layouts/application
  [1m[36mRecipe Load (0.2ms)[0m  [1m[34mSELECT "recipes".* FROM "recipes"[0m
  ↳ app/views/reviews/_form.html.erb:18
  Rendered reviews/_form.html.erb (Duration: 5.9ms | Allocations: 2675)
  Rendered reviews/new.html.erb within layouts/application (Duration: 12.5ms | Allocations: 4486)
Completed 200 OK in 21ms (Views: 15.7ms | ActiveRecord: 0.4ms | Allocations: 6539)


Started GET "/reviews/new" for ::1 at 2019-10-24 17:44:15 -0500
Processing by ReviewsController#new as HTML
  [1m[36mUser Load (0.3ms)[0m  [1m[34mSELECT "users".* FROM "users" WHERE "users"."id" = ? LIMIT ?[0m  [["id", 2], ["LIMIT", 1]]
  ↳ app/controllers/application_controller.rb:6:in `current_user'
  Rendering reviews/new.html.erb within layouts/application
  [1m[36mRecipe Load (0.3ms)[0m  [1m[34mSELECT "recipes".* FROM "recipes"[0m
  ↳ app/views/reviews/_form.html.erb:18
  Rendered reviews/_form.html.erb (Duration: 8.2ms | Allocations: 3428)
  Rendered reviews/new.html.erb within layouts/application (Duration: 10.5ms | Allocations: 3719)
Completed 200 OK in 22ms (Views: 15.1ms | ActiveRecord: 0.7ms | Allocations: 5767)


Started GET "/reviews/new" for ::1 at 2019-10-24 17:44:43 -0500
Processing by ReviewsController#new as HTML
  [1m[36mUser Load (0.2ms)[0m  [1m[34mSELECT "users".* FROM "users" WHERE "users"."id" = ? LIMIT ?[0m  [["id", 2], ["LIMIT", 1]]
  ↳ app/controllers/application_controller.rb:6:in `current_user'
  Rendering reviews/new.html.erb within layouts/application
  [1m[36mRecipe Load (0.2ms)[0m  [1m[34mSELECT "recipes".* FROM "recipes"[0m
  ↳ app/views/reviews/_form.html.erb:18
  Rendered reviews/_form.html.erb (Duration: 17.8ms | Allocations: 2671)
  Rendered reviews/new.html.erb within layouts/application (Duration: 21.9ms | Allocations: 4489)
Completed 200 OK in 33ms (Views: 28.3ms | ActiveRecord: 0.4ms | Allocations: 6541)


Started GET "/reviews/new" for ::1 at 2019-10-24 17:44:50 -0500
Processing by ReviewsController#new as HTML
  [1m[36mUser Load (0.3ms)[0m  [1m[34mSELECT "users".* FROM "users" WHERE "users"."id" = ? LIMIT ?[0m  [["id", 2], ["LIMIT", 1]]
  ↳ app/controllers/application_controller.rb:6:in `current_user'
  Rendering reviews/new.html.erb within layouts/application
  [1m[36mRecipe Load (0.2ms)[0m  [1m[34mSELECT "recipes".* FROM "recipes"[0m
  ↳ app/views/reviews/_form.html.erb:18
  Rendered reviews/_form.html.erb (Duration: 6.2ms | Allocations: 2672)
  Rendered reviews/new.html.erb within layouts/application (Duration: 9.6ms | Allocations: 4483)
Completed 200 OK in 17ms (Views: 12.6ms | ActiveRecord: 0.5ms | Allocations: 6533)


Started GET "/reviews/new" for ::1 at 2019-10-24 17:45:49 -0500
Processing by ReviewsController#new as HTML
  [1m[36mUser Load (0.2ms)[0m  [1m[34mSELECT "users".* FROM "users" WHERE "users"."id" = ? LIMIT ?[0m  [["id", 2], ["LIMIT", 1]]
  ↳ app/controllers/application_controller.rb:6:in `current_user'
  Rendering reviews/new.html.erb within layouts/application
  [1m[36mRecipe Load (0.2ms)[0m  [1m[34mSELECT "recipes".* FROM "recipes"[0m
  ↳ app/views/reviews/_form.html.erb:18
  Rendered reviews/_form.html.erb (Duration: 4.0ms | Allocations: 2413)
  Rendered reviews/new.html.erb within layouts/application (Duration: 16.4ms | Allocations: 5432)
Completed 200 OK in 21ms (Views: 17.1ms | ActiveRecord: 0.4ms | Allocations: 6600)


Started GET "/reviews/new" for ::1 at 2019-10-24 17:46:03 -0500
Processing by ReviewsController#new as HTML
  [1m[36mUser Load (0.2ms)[0m  [1m[34mSELECT "users".* FROM "users" WHERE "users"."id" = ? LIMIT ?[0m  [["id", 2], ["LIMIT", 1]]
  ↳ app/controllers/application_controller.rb:6:in `current_user'
  Rendering reviews/new.html.erb within layouts/application
  [1m[36mRecipe Load (0.2ms)[0m  [1m[34mSELECT "recipes".* FROM "recipes"[0m
  ↳ app/views/reviews/_form.html.erb:18
  Rendered reviews/_form.html.erb (Duration: 9.1ms | Allocations: 2738)
  Rendered reviews/new.html.erb within layouts/application (Duration: 17.4ms | Allocations: 4605)
Completed 200 OK in 28ms (Views: 22.7ms | ActiveRecord: 0.4ms | Allocations: 6656)


Started GET "/reviews/new" for ::1 at 2019-10-24 17:46:04 -0500
Processing by ReviewsController#new as HTML
  [1m[36mUser Load (0.4ms)[0m  [1m[34mSELECT "users".* FROM "users" WHERE "users"."id" = ? LIMIT ?[0m  [["id", 2], ["LIMIT", 1]]
  ↳ app/controllers/application_controller.rb:6:in `current_user'
  Rendering reviews/new.html.erb within layouts/application
  [1m[36mRecipe Load (0.2ms)[0m  [1m[34mSELECT "recipes".* FROM "recipes"[0m
  ↳ app/views/reviews/_form.html.erb:18
  Rendered reviews/_form.html.erb (Duration: 11.3ms | Allocations: 2413)
  Rendered reviews/new.html.erb within layouts/application (Duration: 17.6ms | Allocations: 4031)
Completed 200 OK in 24ms (Views: 18.6ms | ActiveRecord: 0.7ms | Allocations: 5196)


Started GET "/reviews/new" for ::1 at 2019-10-24 17:46:15 -0500
Processing by ReviewsController#new as HTML
  [1m[36mUser Load (0.1ms)[0m  [1m[34mSELECT "users".* FROM "users" WHERE "users"."id" = ? LIMIT ?[0m  [["id", 2], ["LIMIT", 1]]
  ↳ app/controllers/application_controller.rb:6:in `current_user'
  Rendering reviews/new.html.erb within layouts/application
  [1m[36mRecipe Load (0.2ms)[0m  [1m[34mSELECT "recipes".* FROM "recipes"[0m
  ↳ app/views/reviews/_form.html.erb:18
  Rendered reviews/_form.html.erb (Duration: 7.7ms | Allocations: 2738)
  Rendered reviews/new.html.erb within layouts/application (Duration: 11.7ms | Allocations: 4597)
Completed 200 OK in 21ms (Views: 17.2ms | ActiveRecord: 0.3ms | Allocations: 6646)


Started GET "/reviews/new" for ::1 at 2019-10-24 17:46:21 -0500
Processing by ReviewsController#new as HTML
  [1m[36mUser Load (0.1ms)[0m  [1m[34mSELECT "users".* FROM "users" WHERE "users"."id" = ? LIMIT ?[0m  [["id", 2], ["LIMIT", 1]]
  ↳ app/controllers/application_controller.rb:6:in `current_user'
  Rendering reviews/new.html.erb within layouts/application
  [1m[36mRecipe Load (0.2ms)[0m  [1m[34mSELECT "recipes".* FROM "recipes"[0m
  ↳ app/views/reviews/_form.html.erb:18
  Rendered reviews/_form.html.erb (Duration: 3.9ms | Allocations: 2739)
  Rendered reviews/new.html.erb within layouts/application (Duration: 10.0ms | Allocations: 4598)
Completed 200 OK in 15ms (Views: 12.7ms | ActiveRecord: 0.3ms | Allocations: 6641)


Started GET "/reviews/new" for ::1 at 2019-10-24 17:47:00 -0500
Processing by ReviewsController#new as HTML
  [1m[36mUser Load (0.3ms)[0m  [1m[34mSELECT "users".* FROM "users" WHERE "users"."id" = ? LIMIT ?[0m  [["id", 2], ["LIMIT", 1]]
  ↳ app/controllers/application_controller.rb:6:in `current_user'
  Rendering reviews/new.html.erb within layouts/application
  [1m[36mRecipe Load (0.2ms)[0m  [1m[34mSELECT "recipes".* FROM "recipes"[0m
  ↳ app/views/reviews/_form.html.erb:18
  Rendered reviews/_form.html.erb (Duration: 14.5ms | Allocations: 2736)
  Rendered reviews/new.html.erb within layouts/application (Duration: 19.7ms | Allocations: 4595)
Completed 200 OK in 31ms (Views: 24.5ms | ActiveRecord: 0.5ms | Allocations: 6645)


Started GET "/reviews/new" for ::1 at 2019-10-24 17:47:20 -0500
Processing by ReviewsController#new as HTML
  [1m[36mUser Load (0.2ms)[0m  [1m[34mSELECT "users".* FROM "users" WHERE "users"."id" = ? LIMIT ?[0m  [["id", 2], ["LIMIT", 1]]
  ↳ app/controllers/application_controller.rb:6:in `current_user'
  Rendering reviews/new.html.erb within layouts/application
  [1m[36mRecipe Load (0.2ms)[0m  [1m[34mSELECT "recipes".* FROM "recipes"[0m
  ↳ app/views/reviews/_form.html.erb:18
  Rendered reviews/_form.html.erb (Duration: 7.1ms | Allocations: 2733)
  Rendered reviews/new.html.erb within layouts/application (Duration: 11.5ms | Allocations: 4592)
Completed 200 OK in 20ms (Views: 14.7ms | ActiveRecord: 0.4ms | Allocations: 6645)


Started GET "/reviews/new" for ::1 at 2019-10-24 17:47:30 -0500
Processing by ReviewsController#new as HTML
  [1m[36mUser Load (0.1ms)[0m  [1m[34mSELECT "users".* FROM "users" WHERE "users"."id" = ? LIMIT ?[0m  [["id", 2], ["LIMIT", 1]]
  ↳ app/controllers/application_controller.rb:6:in `current_user'
  Rendering reviews/new.html.erb within layouts/application
  [1m[36mRecipe Load (0.2ms)[0m  [1m[34mSELECT "recipes".* FROM "recipes"[0m
  ↳ app/views/reviews/_form.html.erb:18
  Rendered reviews/_form.html.erb (Duration: 6.0ms | Allocations: 2742)
  Rendered reviews/new.html.erb within layouts/application (Duration: 24.3ms | Allocations: 4602)
Completed 200 OK in 38ms (Views: 35.7ms | ActiveRecord: 0.3ms | Allocations: 6654)


Started GET "/reviews/new" for ::1 at 2019-10-24 17:48:05 -0500
Processing by ReviewsController#new as HTML
  [1m[36mUser Load (0.5ms)[0m  [1m[34mSELECT "users".* FROM "users" WHERE "users"."id" = ? LIMIT ?[0m  [["id", 2], ["LIMIT", 1]]
  ↳ app/controllers/application_controller.rb:6:in `current_user'
  Rendering reviews/new.html.erb within layouts/application
  [1m[36mRecipe Load (0.3ms)[0m  [1m[34mSELECT "recipes".* FROM "recipes"[0m
  ↳ app/views/reviews/_form.html.erb:18
  Rendered reviews/_form.html.erb (Duration: 11.3ms | Allocations: 2730)
  Rendered reviews/new.html.erb within layouts/application (Duration: 19.4ms | Allocations: 4589)
Completed 200 OK in 29ms (Views: 23.2ms | ActiveRecord: 0.9ms | Allocations: 6639)


Started POST "/reviews" for ::1 at 2019-10-24 17:48:17 -0500
Processing by ReviewsController#create as HTML
  Parameters: {"authenticity_token"=>"yvwXR3LCbsrySr3iHOacnqUvI8iA5Bdp6v/9KQU/43UGXKgwZPQbwHLTzYnCgP8s8vdpHP3j36Q//WpsiVK88Q==", "review"=>{"rating"=>"3", "comment"=>"not bad!", "recipe_id"=>"3", "user_id"=>"2"}, "commit"=>"Create Review"}
  [1m[36mUser Load (0.2ms)[0m  [1m[34mSELECT "users".* FROM "users" WHERE "users"."id" = ? LIMIT ?[0m  [["id", 2], ["LIMIT", 1]]
  ↳ app/controllers/application_controller.rb:6:in `current_user'
  [1m[36mCACHE User Load (0.0ms)[0m  [1m[34mSELECT "users".* FROM "users" WHERE "users"."id" = ? LIMIT ?[0m  [["id", 2], ["LIMIT", 1]]
  ↳ app/controllers/reviews_controller.rb:24:in `create'
  [1m[36mRecipe Load (0.2ms)[0m  [1m[34mSELECT "recipes".* FROM "recipes" WHERE "recipes"."id" = ? LIMIT ?[0m  [["id", 3], ["LIMIT", 1]]
  ↳ app/controllers/reviews_controller.rb:24:in `create'
  [1m[35m (1.6ms)[0m  [1m[36mbegin transaction[0m
  ↳ app/controllers/reviews_controller.rb:25:in `create'
  [1m[36mReview Create (2.8ms)[0m  [1m[32mINSERT INTO "reviews" ("rating", "comment", "user_id", "recipe_id", "created_at", "updated_at") VALUES (?, ?, ?, ?, ?, ?)[0m  [["rating", 3], ["comment", "not bad!"], ["user_id", 2], ["recipe_id", 3], ["created_at", "2019-10-24 22:48:17.156923"], ["updated_at", "2019-10-24 22:48:17.156923"]]
  ↳ app/controllers/reviews_controller.rb:25:in `create'
  [1m[35m (3.3ms)[0m  [1m[36mcommit transaction[0m
  ↳ app/controllers/reviews_controller.rb:25:in `create'
Redirected to http://localhost:3000/reviews/6
Completed 302 Found in 33ms (ActiveRecord: 8.3ms | Allocations: 4818)


Started GET "/reviews/6" for ::1 at 2019-10-24 17:48:17 -0500
Processing by ReviewsController#show as HTML
  Parameters: {"id"=>"6"}
  [1m[36mUser Load (0.2ms)[0m  [1m[34mSELECT "users".* FROM "users" WHERE "users"."id" = ? LIMIT ?[0m  [["id", 2], ["LIMIT", 1]]
  ↳ app/controllers/application_controller.rb:6:in `current_user'
  [1m[36mReview Load (0.2ms)[0m  [1m[34mSELECT "reviews".* FROM "reviews" WHERE "reviews"."id" = ? LIMIT ?[0m  [["id", 6], ["LIMIT", 1]]
  ↳ app/controllers/reviews_controller.rb:10:in `show'
  Rendering reviews/show.html.erb within layouts/application
  Rendered reviews/show.html.erb within layouts/application (Duration: 5.0ms | Allocations: 2023)
Completed 200 OK in 10ms (Views: 5.9ms | ActiveRecord: 0.3ms | Allocations: 3915)


Started GET "/reviews/6" for ::1 at 2019-10-24 17:48:48 -0500
Processing by ReviewsController#show as HTML
  Parameters: {"id"=>"6"}
  [1m[36mUser Load (0.5ms)[0m  [1m[34mSELECT "users".* FROM "users" WHERE "users"."id" = ? LIMIT ?[0m  [["id", 2], ["LIMIT", 1]]
  ↳ app/controllers/application_controller.rb:6:in `current_user'
  [1m[36mReview Load (0.2ms)[0m  [1m[34mSELECT "reviews".* FROM "reviews" WHERE "reviews"."id" = ? LIMIT ?[0m  [["id", 6], ["LIMIT", 1]]
  ↳ app/controllers/reviews_controller.rb:10:in `show'
  Rendering reviews/show.html.erb within layouts/application
  Rendered reviews/show.html.erb within layouts/application (Duration: 4.1ms | Allocations: 2013)
Completed 200 OK in 13ms (Views: 6.9ms | ActiveRecord: 0.7ms | Allocations: 4530)


Started GET "/reviews" for ::1 at 2019-10-24 17:48:49 -0500
Processing by ReviewsController#index as HTML
  [1m[36mUser Load (0.2ms)[0m  [1m[34mSELECT "users".* FROM "users" WHERE "users"."id" = ? LIMIT ?[0m  [["id", 2], ["LIMIT", 1]]
  ↳ app/controllers/application_controller.rb:6:in `current_user'
  Rendering reviews/index.html.erb within layouts/application
  [1m[36mReview Load (0.2ms)[0m  [1m[34mSELECT "reviews".* FROM "reviews"[0m
  ↳ app/views/reviews/index.html.erb:6
  [1m[36mRecipe Load (0.2ms)[0m  [1m[34mSELECT "recipes".* FROM "recipes" WHERE "recipes"."id" = ? LIMIT ?[0m  [["id", 1], ["LIMIT", 1]]
  ↳ app/views/reviews/index.html.erb:9
  [1m[36mRecipe Load (0.1ms)[0m  [1m[34mSELECT "recipes".* FROM "recipes" WHERE "recipes"."id" = ? LIMIT ?[0m  [["id", 2], ["LIMIT", 1]]
  ↳ app/views/reviews/index.html.erb:9
  [1m[36mCACHE Recipe Load (0.0ms)[0m  [1m[34mSELECT "recipes".* FROM "recipes" WHERE "recipes"."id" = ? LIMIT ?[0m  [["id", 1], ["LIMIT", 1]]
  ↳ app/views/reviews/index.html.erb:9
  [1m[36mRecipe Load (0.2ms)[0m  [1m[34mSELECT "recipes".* FROM "recipes" WHERE "recipes"."id" = ? LIMIT ?[0m  [["id", 3], ["LIMIT", 1]]
  ↳ app/views/reviews/index.html.erb:9
  [1m[36mCACHE Recipe Load (0.0ms)[0m  [1m[34mSELECT "recipes".* FROM "recipes" WHERE "recipes"."id" = ? LIMIT ?[0m  [["id", 3], ["LIMIT", 1]]
  ↳ app/views/reviews/index.html.erb:9
  [1m[36mCACHE Recipe Load (0.1ms)[0m  [1m[34mSELECT "recipes".* FROM "recipes" WHERE "recipes"."id" = ? LIMIT ?[0m  [["id", 3], ["LIMIT", 1]]
  ↳ app/views/reviews/index.html.erb:9
  Rendered reviews/index.html.erb within layouts/application (Duration: 25.2ms | Allocations: 6474)
Completed 200 OK in 31ms (Views: 26.5ms | ActiveRecord: 1.0ms | Allocations: 7770)


Started GET "/reviews" for ::1 at 2019-10-24 17:49:08 -0500
Processing by ReviewsController#index as HTML
  [1m[36mUser Load (0.3ms)[0m  [1m[34mSELECT "users".* FROM "users" WHERE "users"."id" = ? LIMIT ?[0m  [["id", 2], ["LIMIT", 1]]
  ↳ app/controllers/application_controller.rb:6:in `current_user'
  Rendering reviews/index.html.erb within layouts/application
  [1m[36mReview Load (0.2ms)[0m  [1m[34mSELECT "reviews".* FROM "reviews"[0m
  ↳ app/views/reviews/index.html.erb:6
  [1m[36mRecipe Load (0.2ms)[0m  [1m[34mSELECT "recipes".* FROM "recipes" WHERE "recipes"."id" = ? LIMIT ?[0m  [["id", 1], ["LIMIT", 1]]
  ↳ app/views/reviews/index.html.erb:9
  [1m[36mRecipe Load (0.2ms)[0m  [1m[34mSELECT "recipes".* FROM "recipes" WHERE "recipes"."id" = ? LIMIT ?[0m  [["id", 2], ["LIMIT", 1]]
  ↳ app/views/reviews/index.html.erb:9
  [1m[36mCACHE Recipe Load (0.0ms)[0m  [1m[34mSELECT "recipes".* FROM "recipes" WHERE "recipes"."id" = ? LIMIT ?[0m  [["id", 1], ["LIMIT", 1]]
  ↳ app/views/reviews/index.html.erb:9
  [1m[36mRecipe Load (0.4ms)[0m  [1m[34mSELECT "recipes".* FROM "recipes" WHERE "recipes"."id" = ? LIMIT ?[0m  [["id", 3], ["LIMIT", 1]]
  ↳ app/views/reviews/index.html.erb:9
  [1m[36mCACHE Recipe Load (0.0ms)[0m  [1m[34mSELECT "recipes".* FROM "recipes" WHERE "recipes"."id" = ? LIMIT ?[0m  [["id", 3], ["LIMIT", 1]]
  ↳ app/views/reviews/index.html.erb:9
  [1m[36mCACHE Recipe Load (0.0ms)[0m  [1m[34mSELECT "recipes".* FROM "recipes" WHERE "recipes"."id" = ? LIMIT ?[0m  [["id", 3], ["LIMIT", 1]]
  ↳ app/views/reviews/index.html.erb:9
  Rendered reviews/index.html.erb within layouts/application (Duration: 20.0ms | Allocations: 6449)
Completed 200 OK in 30ms (Views: 23.8ms | ActiveRecord: 1.4ms | Allocations: 8487)


Started GET "/reviews" for ::1 at 2019-10-24 17:49:17 -0500
Processing by ReviewsController#index as HTML
  [1m[36mUser Load (0.2ms)[0m  [1m[34mSELECT "users".* FROM "users" WHERE "users"."id" = ? LIMIT ?[0m  [["id", 2], ["LIMIT", 1]]
  ↳ app/controllers/application_controller.rb:6:in `current_user'
  Rendering reviews/index.html.erb within layouts/application
  [1m[36mReview Load (0.4ms)[0m  [1m[34mSELECT "reviews".* FROM "reviews"[0m
  ↳ app/views/reviews/index.html.erb:6
  [1m[36mRecipe Load (0.2ms)[0m  [1m[34mSELECT "recipes".* FROM "recipes" WHERE "recipes"."id" = ? LIMIT ?[0m  [["id", 1], ["LIMIT", 1]]
  ↳ app/views/reviews/index.html.erb:9
  [1m[36mRecipe Load (0.2ms)[0m  [1m[34mSELECT "recipes".* FROM "recipes" WHERE "recipes"."id" = ? LIMIT ?[0m  [["id", 2], ["LIMIT", 1]]
  ↳ app/views/reviews/index.html.erb:9
  [1m[36mCACHE Recipe Load (0.0ms)[0m  [1m[34mSELECT "recipes".* FROM "recipes" WHERE "recipes"."id" = ? LIMIT ?[0m  [["id", 1], ["LIMIT", 1]]
  ↳ app/views/reviews/index.html.erb:9
  [1m[36mRecipe Load (0.2ms)[0m  [1m[34mSELECT "recipes".* FROM "recipes" WHERE "recipes"."id" = ? LIMIT ?[0m  [["id", 3], ["LIMIT", 1]]
  ↳ app/views/reviews/index.html.erb:9
  [1m[36mCACHE Recipe Load (0.0ms)[0m  [1m[34mSELECT "recipes".* FROM "recipes" WHERE "recipes"."id" = ? LIMIT ?[0m  [["id", 3], ["LIMIT", 1]]
  ↳ app/views/reviews/index.html.erb:9
  [1m[36mCACHE Recipe Load (0.1ms)[0m  [1m[34mSELECT "recipes".* FROM "recipes" WHERE "recipes"."id" = ? LIMIT ?[0m  [["id", 3], ["LIMIT", 1]]
  ↳ app/views/reviews/index.html.erb:9
  Rendered reviews/index.html.erb within layouts/application (Duration: 23.0ms | Allocations: 6449)
Completed 200 OK in 30ms (Views: 25.6ms | ActiveRecord: 1.4ms | Allocations: 8482)


Started GET "/reviews" for ::1 at 2019-10-24 17:49:26 -0500
Processing by ReviewsController#index as HTML
  [1m[36mUser Load (0.2ms)[0m  [1m[34mSELECT "users".* FROM "users" WHERE "users"."id" = ? LIMIT ?[0m  [["id", 2], ["LIMIT", 1]]
  ↳ app/controllers/application_controller.rb:6:in `current_user'
  Rendering reviews/index.html.erb within layouts/application
  [1m[36mReview Load (0.7ms)[0m  [1m[34mSELECT "reviews".* FROM "reviews"[0m
  ↳ app/views/reviews/index.html.erb:6
  [1m[36mRecipe Load (0.2ms)[0m  [1m[34mSELECT "recipes".* FROM "recipes" WHERE "recipes"."id" = ? LIMIT ?[0m  [["id", 1], ["LIMIT", 1]]
  ↳ app/views/reviews/index.html.erb:9
  [1m[36mRecipe Load (0.2ms)[0m  [1m[34mSELECT "recipes".* FROM "recipes" WHERE "recipes"."id" = ? LIMIT ?[0m  [["id", 2], ["LIMIT", 1]]
  ↳ app/views/reviews/index.html.erb:9
  [1m[36mCACHE Recipe Load (0.0ms)[0m  [1m[34mSELECT "recipes".* FROM "recipes" WHERE "recipes"."id" = ? LIMIT ?[0m  [["id", 1], ["LIMIT", 1]]
  ↳ app/views/reviews/index.html.erb:9
  [1m[36mRecipe Load (0.2ms)[0m  [1m[34mSELECT "recipes".* FROM "recipes" WHERE "recipes"."id" = ? LIMIT ?[0m  [["id", 3], ["LIMIT", 1]]
  ↳ app/views/reviews/index.html.erb:9
  [1m[36mCACHE Recipe Load (0.0ms)[0m  [1m[34mSELECT "recipes".* FROM "recipes" WHERE "recipes"."id" = ? LIMIT ?[0m  [["id", 3], ["LIMIT", 1]]
  ↳ app/views/reviews/index.html.erb:9
  [1m[36mCACHE Recipe Load (0.0ms)[0m  [1m[34mSELECT "recipes".* FROM "recipes" WHERE "recipes"."id" = ? LIMIT ?[0m  [["id", 3], ["LIMIT", 1]]
  ↳ app/views/reviews/index.html.erb:9
  Rendered reviews/index.html.erb within layouts/application (Duration: 115.4ms | Allocations: 6449)
Completed 200 OK in 169ms (Views: 151.0ms | ActiveRecord: 1.6ms | Allocations: 8490)


Started GET "/reviews/1" for ::1 at 2019-10-24 17:49:32 -0500
Processing by ReviewsController#show as HTML
  Parameters: {"id"=>"1"}
  [1m[36mUser Load (0.2ms)[0m  [1m[34mSELECT "users".* FROM "users" WHERE "users"."id" = ? LIMIT ?[0m  [["id", 2], ["LIMIT", 1]]
  ↳ app/controllers/application_controller.rb:6:in `current_user'
  [1m[36mReview Load (0.2ms)[0m  [1m[34mSELECT "reviews".* FROM "reviews" WHERE "reviews"."id" = ? LIMIT ?[0m  [["id", 1], ["LIMIT", 1]]
  ↳ app/controllers/reviews_controller.rb:10:in `show'
  Rendering reviews/show.html.erb within layouts/application
  Rendered reviews/show.html.erb within layouts/application (Duration: 7.1ms | Allocations: 2011)
Completed 200 OK in 70ms (Views: 38.3ms | ActiveRecord: 0.4ms | Allocations: 3787)


Started GET "/recipes" for ::1 at 2019-10-24 17:49:34 -0500
Processing by RecipesController#index as HTML
  [1m[36mUser Load (0.5ms)[0m  [1m[34mSELECT "users".* FROM "users" WHERE "users"."id" = ? LIMIT ?[0m  [["id", 2], ["LIMIT", 1]]
  ↳ app/controllers/application_controller.rb:6:in `current_user'
  Rendering recipes/index.html.erb within layouts/application
  [1m[36mRecipe Load (0.2ms)[0m  [1m[34mSELECT "recipes".* FROM "recipes"[0m
  ↳ app/views/recipes/index.html.erb:5
  Rendered recipes/index.html.erb within layouts/application (Duration: 43.0ms | Allocations: 2521)
Completed 200 OK in 51ms (Views: 45.7ms | ActiveRecord: 0.7ms | Allocations: 4245)


Started GET "/recipes/1" for ::1 at 2019-10-24 17:49:37 -0500
Processing by RecipesController#show as HTML
  Parameters: {"id"=>"1"}
  [1m[36mUser Load (0.2ms)[0m  [1m[34mSELECT "users".* FROM "users" WHERE "users"."id" = ? LIMIT ?[0m  [["id", 2], ["LIMIT", 1]]
  ↳ app/controllers/application_controller.rb:6:in `current_user'
  [1m[36mRecipe Load (0.1ms)[0m  [1m[34mSELECT "recipes".* FROM "recipes" WHERE "recipes"."id" = ? LIMIT ?[0m  [["id", 1], ["LIMIT", 1]]
  ↳ app/controllers/recipes_controller.rb:110:in `current_recipe'
  [1m[36mReview Load (0.2ms)[0m  [1m[34mSELECT "reviews".* FROM "reviews" WHERE "reviews"."recipe_id" = ?[0m  [["recipe_id", 1]]
  ↳ app/controllers/recipes_controller.rb:11:in `show'
  [1m[35m (0.2ms)[0m  [1m[34mSELECT COUNT(*) FROM "reviews" WHERE "reviews"."recipe_id" = ?[0m  [["recipe_id", 1]]
  ↳ app/controllers/recipes_controller.rb:14:in `show'
  Rendering recipes/show.html.erb within layouts/application
  [1m[36mUser Load (0.2ms)[0m  [1m[34mSELECT "users".* FROM "users" WHERE "users"."id" = ? LIMIT ?[0m  [["id", 1], ["LIMIT", 1]]
  ↳ app/views/recipes/show.html.erb:7
  [1m[36mUtensil Load (0.9ms)[0m  [1m[34mSELECT "utensils".* FROM "utensils" INNER JOIN "recipe_utensils" ON "utensils"."id" = "recipe_utensils"."utensil_id" WHERE "recipe_utensils"."recipe_id" = ?[0m  [["recipe_id", 1]]
  ↳ app/views/recipes/show.html.erb:11
  [1m[36mIngredient Load (0.7ms)[0m  [1m[34mSELECT "ingredients".* FROM "ingredients" INNER JOIN "recipe_ingredients" ON "ingredients"."id" = "recipe_ingredients"."ingredient_id" WHERE "recipe_ingredients"."recipe_id" = ?[0m  [["recipe_id", 1]]
  ↳ app/views/recipes/show.html.erb:16
  Rendered recipes/show.html.erb within layouts/application (Duration: 17.9ms | Allocations: 4718)
Completed 200 OK in 27ms (Views: 17.4ms | ActiveRecord: 2.5ms | Allocations: 7783)


Started GET "/recipes" for ::1 at 2019-10-24 17:49:40 -0500
Processing by RecipesController#index as HTML
  [1m[36mUser Load (0.2ms)[0m  [1m[34mSELECT "users".* FROM "users" WHERE "users"."id" = ? LIMIT ?[0m  [["id", 2], ["LIMIT", 1]]
  ↳ app/controllers/application_controller.rb:6:in `current_user'
  Rendering recipes/index.html.erb within layouts/application
  [1m[36mRecipe Load (0.2ms)[0m  [1m[34mSELECT "recipes".* FROM "recipes"[0m
  ↳ app/views/recipes/index.html.erb:5
  Rendered recipes/index.html.erb within layouts/application (Duration: 3.9ms | Allocations: 2342)
Completed 200 OK in 8ms (Views: 4.8ms | ActiveRecord: 0.3ms | Allocations: 3493)


Started GET "/recipes/2" for ::1 at 2019-10-24 17:49:41 -0500
Processing by RecipesController#show as HTML
  Parameters: {"id"=>"2"}
  [1m[36mUser Load (0.2ms)[0m  [1m[34mSELECT "users".* FROM "users" WHERE "users"."id" = ? LIMIT ?[0m  [["id", 2], ["LIMIT", 1]]
  ↳ app/controllers/application_controller.rb:6:in `current_user'
  [1m[36mRecipe Load (0.5ms)[0m  [1m[34mSELECT "recipes".* FROM "recipes" WHERE "recipes"."id" = ? LIMIT ?[0m  [["id", 2], ["LIMIT", 1]]
  ↳ app/controllers/recipes_controller.rb:110:in `current_recipe'
  [1m[36mReview Load (0.2ms)[0m  [1m[34mSELECT "reviews".* FROM "reviews" WHERE "reviews"."recipe_id" = ?[0m  [["recipe_id", 2]]
  ↳ app/controllers/recipes_controller.rb:11:in `show'
  [1m[35m (0.2ms)[0m  [1m[34mSELECT COUNT(*) FROM "reviews" WHERE "reviews"."recipe_id" = ?[0m  [["recipe_id", 2]]
  ↳ app/controllers/recipes_controller.rb:14:in `show'
  Rendering recipes/show.html.erb within layouts/application
  [1m[36mCACHE User Load (0.0ms)[0m  [1m[34mSELECT "users".* FROM "users" WHERE "users"."id" = ? LIMIT ?[0m  [["id", 2], ["LIMIT", 1]]
  ↳ app/views/recipes/show.html.erb:7
  [1m[36mUtensil Load (0.1ms)[0m  [1m[34mSELECT "utensils".* FROM "utensils" INNER JOIN "recipe_utensils" ON "utensils"."id" = "recipe_utensils"."utensil_id" WHERE "recipe_utensils"."recipe_id" = ?[0m  [["recipe_id", 2]]
  ↳ app/views/recipes/show.html.erb:11
  [1m[36mIngredient Load (0.2ms)[0m  [1m[34mSELECT "ingredients".* FROM "ingredients" INNER JOIN "recipe_ingredients" ON "ingredients"."id" = "recipe_ingredients"."ingredient_id" WHERE "recipe_ingredients"."recipe_id" = ?[0m  [["recipe_id", 2]]
  ↳ app/views/recipes/show.html.erb:16
  Rendered recipes/show.html.erb within layouts/application (Duration: 7.8ms | Allocations: 4180)
Completed 200 OK in 21ms (Views: 8.7ms | ActiveRecord: 1.5ms | Allocations: 7075)


Started GET "/recipes" for ::1 at 2019-10-24 17:49:42 -0500
Processing by RecipesController#index as HTML
  [1m[36mUser Load (0.2ms)[0m  [1m[34mSELECT "users".* FROM "users" WHERE "users"."id" = ? LIMIT ?[0m  [["id", 2], ["LIMIT", 1]]
  ↳ app/controllers/application_controller.rb:6:in `current_user'
  Rendering recipes/index.html.erb within layouts/application
  [1m[36mRecipe Load (0.3ms)[0m  [1m[34mSELECT "recipes".* FROM "recipes"[0m
  ↳ app/views/recipes/index.html.erb:5
  Rendered recipes/index.html.erb within layouts/application (Duration: 5.3ms | Allocations: 2341)
Completed 200 OK in 8ms (Views: 5.9ms | ActiveRecord: 0.5ms | Allocations: 3488)


Started GET "/users/2" for ::1 at 2019-10-24 17:49:43 -0500
Processing by UsersController#show as HTML
  Parameters: {"id"=>"2"}
  [1m[36mUser Load (0.2ms)[0m  [1m[34mSELECT "users".* FROM "users" WHERE "users"."id" = ? LIMIT ?[0m  [["id", 2], ["LIMIT", 1]]
  ↳ app/controllers/application_controller.rb:6:in `current_user'
  [1m[36mCACHE User Load (0.0ms)[0m  [1m[34mSELECT "users".* FROM "users" WHERE "users"."id" = ? LIMIT ?[0m  [["id", 2], ["LIMIT", 1]]
  ↳ app/controllers/users_controller.rb:23:in `show'
  Rendering users/show.html.erb within layouts/application
  [1m[36mRecipe Load (0.2ms)[0m  [1m[34mSELECT "recipes".* FROM "recipes" WHERE "recipes"."user_id" = ?[0m  [["user_id", 2]]
  ↳ app/views/users/show.html.erb:9
  Rendered users/show.html.erb within layouts/application (Duration: 16.1ms | Allocations: 2921)
Completed 200 OK in 24ms (Views: 18.2ms | ActiveRecord: 0.4ms | Allocations: 5074)


Started DELETE "/logout" for ::1 at 2019-10-24 17:49:48 -0500
Processing by SessionsController#destroy as HTML
  Parameters: {"authenticity_token"=>"IjPCIJKloC2/3JHmt7GgZNc0OpXBfYvJaOlpvDUlz/lkQJSAeGHzhckez9v1jzl/5U0sOSLC+n3H50Cn1ewJfA==", "commit"=>"Logout"}
  [1m[36mUser Load (0.2ms)[0m  [1m[34mSELECT "users".* FROM "users" WHERE "users"."id" = ? LIMIT ?[0m  [["id", 2], ["LIMIT", 1]]
  ↳ app/controllers/application_controller.rb:6:in `current_user'
No template found for SessionsController#destroy, rendering head :no_content
Completed 204 No Content in 8ms (ActiveRecord: 0.2ms | Allocations: 2311)


Started DELETE "/logout" for ::1 at 2019-10-24 17:49:49 -0500
Processing by SessionsController#destroy as HTML
  Parameters: {"authenticity_token"=>"IjPCIJKloC2/3JHmt7GgZNc0OpXBfYvJaOlpvDUlz/lkQJSAeGHzhckez9v1jzl/5U0sOSLC+n3H50Cn1ewJfA==", "commit"=>"Logout"}
Redirected to http://localhost:3000/login
Filter chain halted as :authenticated rendered or redirected
Completed 302 Found in 2ms (ActiveRecord: 0.0ms | Allocations: 511)


Started GET "/login" for ::1 at 2019-10-24 17:49:49 -0500
Processing by SessionsController#new as HTML
  Rendering sessions/new.html.erb within layouts/application
  Rendered sessions/new.html.erb within layouts/application (Duration: 11.4ms | Allocations: 4085)
Completed 200 OK in 16ms (Views: 15.0ms | ActiveRecord: 0.0ms | Allocations: 5005)


Started GET "/login" for ::1 at 2019-10-24 17:50:37 -0500
Processing by SessionsController#new as HTML
  Rendering sessions/new.html.erb within layouts/application
  Rendered sessions/new.html.erb within layouts/application (Duration: 43.1ms | Allocations: 4080)
Completed 200 OK in 65ms (Views: 63.6ms | ActiveRecord: 0.0ms | Allocations: 5307)


Started GET "/login" for ::1 at 2019-10-24 17:56:06 -0500
Processing by SessionsController#new as HTML
  Rendering sessions/new.html.erb within layouts/application
  Rendered sessions/new.html.erb within layouts/application (Duration: 21.8ms | Allocations: 4080)
Completed 200 OK in 29ms (Views: 27.7ms | ActiveRecord: 0.0ms | Allocations: 5305)


Started GET "/login" for ::1 at 2019-10-24 17:56:27 -0500
Processing by SessionsController#new as HTML
  Rendering sessions/new.html.erb within layouts/application
  Rendered sessions/new.html.erb within layouts/application (Duration: 18.5ms | Allocations: 4087)
Completed 200 OK in 23ms (Views: 21.7ms | ActiveRecord: 0.0ms | Allocations: 5312)


Started POST "/login" for ::1 at 2019-10-24 17:56:32 -0500
Processing by SessionsController#create as HTML
  Parameters: {"authenticity_token"=>"8yv6r9+OP9ZdTwKtM3DeiOBBOyH0utPmLTA7OOboxt/vH3wygjFVNkv04nQzMw00Qm1jhMiXz5CB/tSTiy2+Vg==", "name"=>"Damini", "password"=>"[FILTERED]", "commit"=>"Login"}
  [1m[36mUser Load (0.2ms)[0m  [1m[34mSELECT "users".* FROM "users" WHERE "users"."name" = ? LIMIT ?[0m  [["name", "Damini"], ["LIMIT", 1]]
  ↳ app/controllers/sessions_controller.rb:9:in `create'
Redirected to http://localhost:3000/users/2
Completed 302 Found in 81ms (ActiveRecord: 0.2ms | Allocations: 1045)


Started GET "/users/2" for ::1 at 2019-10-24 17:56:32 -0500
Processing by UsersController#show as HTML
  Parameters: {"id"=>"2"}
  [1m[36mUser Load (0.1ms)[0m  [1m[34mSELECT "users".* FROM "users" WHERE "users"."id" = ? LIMIT ?[0m  [["id", 2], ["LIMIT", 1]]
  ↳ app/controllers/application_controller.rb:6:in `current_user'
  [1m[36mCACHE User Load (0.0ms)[0m  [1m[34mSELECT "users".* FROM "users" WHERE "users"."id" = ? LIMIT ?[0m  [["id", 2], ["LIMIT", 1]]
  ↳ app/controllers/users_controller.rb:23:in `show'
  Rendering users/show.html.erb within layouts/application
  [1m[36mRecipe Load (0.2ms)[0m  [1m[34mSELECT "recipes".* FROM "recipes" WHERE "recipes"."user_id" = ?[0m  [["user_id", 2]]
  ↳ app/views/users/show.html.erb:9
  Rendered users/show.html.erb within layouts/application (Duration: 8.1ms | Allocations: 2921)
Completed 200 OK in 13ms (Views: 9.6ms | ActiveRecord: 0.4ms | Allocations: 5083)


Started DELETE "/logout" for ::1 at 2019-10-24 17:56:52 -0500
Processing by SessionsController#destroy as HTML
  Parameters: {"authenticity_token"=>"y9JVodLUg3gpnYHKkZi58q2Dpy5FNX04xQR9OPagfRKNoQMBOBDQ0F9f3/fTpiDpn/qxgqaKDIxqClQjFmm7lw==", "commit"=>"Logout"}
  [1m[36mUser Load (0.2ms)[0m  [1m[34mSELECT "users".* FROM "users" WHERE "users"."id" = ? LIMIT ?[0m  [["id", 2], ["LIMIT", 1]]
  ↳ app/controllers/application_controller.rb:6:in `current_user'
No template found for SessionsController#destroy, rendering head :no_content
Completed 204 No Content in 9ms (ActiveRecord: 0.2ms | Allocations: 2303)


Started DELETE "/logout" for ::1 at 2019-10-24 17:56:52 -0500
Processing by SessionsController#destroy as HTML
  Parameters: {"authenticity_token"=>"y9JVodLUg3gpnYHKkZi58q2Dpy5FNX04xQR9OPagfRKNoQMBOBDQ0F9f3/fTpiDpn/qxgqaKDIxqClQjFmm7lw==", "commit"=>"Logout"}
Redirected to http://localhost:3000/login
Filter chain halted as :authenticated rendered or redirected
Completed 302 Found in 1ms (ActiveRecord: 0.0ms | Allocations: 513)


Started GET "/login" for ::1 at 2019-10-24 17:56:52 -0500
Processing by SessionsController#new as HTML
  Rendering sessions/new.html.erb within layouts/application
  Rendered sessions/new.html.erb within layouts/application (Duration: 18.1ms | Allocations: 3804)
Completed 200 OK in 20ms (Views: 19.3ms | ActiveRecord: 0.0ms | Allocations: 4144)


Started GET "/login" for ::1 at 2019-10-24 17:57:10 -0500
Processing by SessionsController#new as HTML
  Rendering sessions/new.html.erb within layouts/application
  Rendered sessions/new.html.erb within layouts/application (Duration: 17.7ms | Allocations: 4083)
Completed 200 OK in 27ms (Views: 25.4ms | ActiveRecord: 0.0ms | Allocations: 5308)


Started GET "/login" for ::1 at 2019-10-24 17:57:28 -0500
Processing by SessionsController#new as HTML
  Rendering sessions/new.html.erb within layouts/application
  Rendered sessions/new.html.erb within layouts/application (Duration: 13.8ms | Allocations: 4078)
Completed 200 OK in 19ms (Views: 17.9ms | ActiveRecord: 0.0ms | Allocations: 5303)


Started GET "/login" for ::1 at 2019-10-24 17:57:56 -0500
Processing by SessionsController#new as HTML
  Rendering sessions/new.html.erb within layouts/application
  Rendered sessions/new.html.erb within layouts/application (Duration: 14.9ms | Allocations: 4084)
Completed 200 OK in 19ms (Views: 18.0ms | ActiveRecord: 0.0ms | Allocations: 5315)


Started POST "/login" for ::1 at 2019-10-24 17:58:01 -0500
Processing by SessionsController#create as HTML
  Parameters: {"authenticity_token"=>"cLhwMLiPJgG4+D/Vo9VUtcCHJIVeoAvxkJn4I7GfKiVsjPat5TBM4a5D3wyjlocJYqt8IGKNF4c8VxeI3FpSrA==", "name"=>"Damini", "password"=>"[FILTERED]", "commit"=>"Login"}
  [1m[36mUser Load (0.2ms)[0m  [1m[34mSELECT "users".* FROM "users" WHERE "users"."name" = ? LIMIT ?[0m  [["name", "Damini"], ["LIMIT", 1]]
  ↳ app/controllers/sessions_controller.rb:9:in `create'
Redirected to http://localhost:3000/users/2
Completed 302 Found in 76ms (ActiveRecord: 0.2ms | Allocations: 1030)


Started GET "/users/2" for ::1 at 2019-10-24 17:58:01 -0500
Processing by UsersController#show as HTML
  Parameters: {"id"=>"2"}
  [1m[36mUser Load (0.2ms)[0m  [1m[34mSELECT "users".* FROM "users" WHERE "users"."id" = ? LIMIT ?[0m  [["id", 2], ["LIMIT", 1]]
  ↳ app/controllers/application_controller.rb:6:in `current_user'
  [1m[36mCACHE User Load (0.0ms)[0m  [1m[34mSELECT "users".* FROM "users" WHERE "users"."id" = ? LIMIT ?[0m  [["id", 2], ["LIMIT", 1]]
  ↳ app/controllers/users_controller.rb:23:in `show'
  Rendering users/show.html.erb within layouts/application
  [1m[36mRecipe Load (0.2ms)[0m  [1m[34mSELECT "recipes".* FROM "recipes" WHERE "recipes"."user_id" = ?[0m  [["user_id", 2]]
  ↳ app/views/users/show.html.erb:9
  Rendered users/show.html.erb within layouts/application (Duration: 7.3ms | Allocations: 2921)
Completed 200 OK in 13ms (Views: 9.0ms | ActiveRecord: 0.4ms | Allocations: 5086)


Started GET "/recipes" for ::1 at 2019-10-24 17:58:04 -0500
Processing by RecipesController#index as HTML
  [1m[36mUser Load (0.2ms)[0m  [1m[34mSELECT "users".* FROM "users" WHERE "users"."id" = ? LIMIT ?[0m  [["id", 2], ["LIMIT", 1]]
  ↳ app/controllers/application_controller.rb:6:in `current_user'
  Rendering recipes/index.html.erb within layouts/application
  [1m[36mRecipe Load (0.2ms)[0m  [1m[34mSELECT "recipes".* FROM "recipes"[0m
  ↳ app/views/recipes/index.html.erb:5
  Rendered recipes/index.html.erb within layouts/application (Duration: 31.8ms | Allocations: 4327)
Completed 200 OK in 37ms (Views: 33.6ms | ActiveRecord: 0.3ms | Allocations: 6063)


