Started GET "/users/53" for ::1 at 2019-10-24 08:42:17 -0500
  [1m[35m (1.7ms)[0m  [1m[34mSELECT sqlite_version(*)[0m
  [1m[35m (0.3ms)[0m  [1m[34mSELECT "schema_migrations"."version" FROM "schema_migrations" ORDER BY "schema_migrations"."version" ASC[0m
Processing by UsersController#show as HTML
  Parameters: {"id"=>"53"}
  [1m[36mUser Load (0.2ms)[0m  [1m[34mSELECT "users".* FROM "users" WHERE "users"."id" = ? LIMIT ?[0m  [["id", 53], ["LIMIT", 1]]
  ↳ app/controllers/application_controller.rb:6:in `current_user'
  [1m[36mCACHE User Load (0.0ms)[0m  [1m[34mSELECT "users".* FROM "users" WHERE "users"."id" = ? LIMIT ?[0m  [["id", 53], ["LIMIT", 1]]
  ↳ app/controllers/users_controller.rb:22:in `show'
  Rendering users/show.html.erb within layouts/application
  Rendered users/show.html.erb within layouts/application (Duration: 3.6ms | Allocations: 1079)
Completed 200 OK in 37ms (Views: 10.3ms | ActiveRecord: 1.2ms | Allocations: 10673)


Started GET "/recipes" for ::1 at 2019-10-24 08:42:19 -0500
Processing by RecipesController#index as HTML
  [1m[36mUser Load (0.2ms)[0m  [1m[34mSELECT "users".* FROM "users" WHERE "users"."id" = ? LIMIT ?[0m  [["id", 53], ["LIMIT", 1]]
  ↳ app/controllers/application_controller.rb:6:in `current_user'
  Rendering recipes/index.html.erb within layouts/application
  [1m[36mRecipe Load (0.2ms)[0m  [1m[34mSELECT "recipes".* FROM "recipes"[0m
  ↳ app/views/recipes/index.html.erb:3
  Rendered recipes/index.html.erb within layouts/application (Duration: 24.4ms | Allocations: 5211)
Completed 200 OK in 50ms (Views: 27.3ms | ActiveRecord: 1.1ms | Allocations: 10962)


Started GET "/recipes/37" for ::1 at 2019-10-24 08:42:20 -0500
Processing by RecipesController#show as HTML
  Parameters: {"id"=>"37"}
  [1m[36mUser Load (0.4ms)[0m  [1m[34mSELECT "users".* FROM "users" WHERE "users"."id" = ? LIMIT ?[0m  [["id", 53], ["LIMIT", 1]]
  ↳ app/controllers/application_controller.rb:6:in `current_user'
  [1m[36mRecipe Load (0.2ms)[0m  [1m[34mSELECT "recipes".* FROM "recipes" WHERE "recipes"."id" = ? LIMIT ?[0m  [["id", 37], ["LIMIT", 1]]
  ↳ app/controllers/recipes_controller.rb:52:in `current_recipe'
  [1m[36mReview Load (0.2ms)[0m  [1m[34mSELECT "reviews".* FROM "reviews" WHERE "reviews"."recipe_id" = ?[0m  [["recipe_id", 37]]
  ↳ app/controllers/recipes_controller.rb:13:in `show'
  [1m[35m (1.2ms)[0m  [1m[34mSELECT COUNT(*) FROM "reviews" WHERE "reviews"."recipe_id" = ?[0m  [["recipe_id", 37]]
  ↳ app/controllers/recipes_controller.rb:16:in `show'
  Rendering recipes/show.html.erb within layouts/application
  [1m[36mUser Load (0.2ms)[0m  [1m[34mSELECT "users".* FROM "users" WHERE "users"."id" = ? LIMIT ?[0m  [["id", 52], ["LIMIT", 1]]
  ↳ app/views/recipes/show.html.erb:4
  [1m[36mUtensil Load (0.2ms)[0m  [1m[34mSELECT "utensils".* FROM "utensils" INNER JOIN "recipe_utensils" ON "utensils"."id" = "recipe_utensils"."utensil_id" WHERE "recipe_utensils"."recipe_id" = ?[0m  [["recipe_id", 37]]
  ↳ app/views/recipes/show.html.erb:8
  [1m[36mIngredient Load (0.3ms)[0m  [1m[34mSELECT "ingredients".* FROM "ingredients" INNER JOIN "recipe_ingredients" ON "ingredients"."id" = "recipe_ingredients"."ingredient_id" WHERE "recipe_ingredients"."recipe_id" = ?[0m  [["recipe_id", 37]]
  ↳ app/views/recipes/show.html.erb:13
  Rendered recipes/show.html.erb within layouts/application (Duration: 67.8ms | Allocations: 19114)
Completed 200 OK in 122ms (Views: 64.3ms | ActiveRecord: 8.4ms | Allocations: 30098)


Started GET "/recipes/38" for ::1 at 2019-10-24 08:42:22 -0500
Processing by RecipesController#show as HTML
  Parameters: {"id"=>"38"}
  [1m[36mUser Load (0.3ms)[0m  [1m[34mSELECT "users".* FROM "users" WHERE "users"."id" = ? LIMIT ?[0m  [["id", 53], ["LIMIT", 1]]
  ↳ app/controllers/application_controller.rb:6:in `current_user'
  [1m[36mRecipe Load (0.2ms)[0m  [1m[34mSELECT "recipes".* FROM "recipes" WHERE "recipes"."id" = ? LIMIT ?[0m  [["id", 38], ["LIMIT", 1]]
  ↳ app/controllers/recipes_controller.rb:52:in `current_recipe'
  [1m[36mReview Load (0.1ms)[0m  [1m[34mSELECT "reviews".* FROM "reviews" WHERE "reviews"."recipe_id" = ?[0m  [["recipe_id", 38]]
  ↳ app/controllers/recipes_controller.rb:13:in `show'
  [1m[35m (0.2ms)[0m  [1m[34mSELECT COUNT(*) FROM "reviews" WHERE "reviews"."recipe_id" = ?[0m  [["recipe_id", 38]]
  ↳ app/controllers/recipes_controller.rb:16:in `show'
  Rendering recipes/show.html.erb within layouts/application
  [1m[36mCACHE User Load (0.0ms)[0m  [1m[34mSELECT "users".* FROM "users" WHERE "users"."id" = ? LIMIT ?[0m  [["id", 53], ["LIMIT", 1]]
  ↳ app/views/recipes/show.html.erb:4
  [1m[36mUtensil Load (0.1ms)[0m  [1m[34mSELECT "utensils".* FROM "utensils" INNER JOIN "recipe_utensils" ON "utensils"."id" = "recipe_utensils"."utensil_id" WHERE "recipe_utensils"."recipe_id" = ?[0m  [["recipe_id", 38]]
  ↳ app/views/recipes/show.html.erb:8
  [1m[36mIngredient Load (0.1ms)[0m  [1m[34mSELECT "ingredients".* FROM "ingredients" INNER JOIN "recipe_ingredients" ON "ingredients"."id" = "recipe_ingredients"."ingredient_id" WHERE "recipe_ingredients"."recipe_id" = ?[0m  [["recipe_id", 38]]
  ↳ app/views/recipes/show.html.erb:13
  Rendered recipes/show.html.erb within layouts/application (Duration: 4.7ms | Allocations: 2584)
Completed 200 OK in 13ms (Views: 5.3ms | ActiveRecord: 1.1ms | Allocations: 5494)


Started GET "/users/53" for ::1 at 2019-10-24 08:42:24 -0500
Processing by UsersController#show as HTML
  Parameters: {"id"=>"53"}
  [1m[36mUser Load (0.2ms)[0m  [1m[34mSELECT "users".* FROM "users" WHERE "users"."id" = ? LIMIT ?[0m  [["id", 53], ["LIMIT", 1]]
  ↳ app/controllers/application_controller.rb:6:in `current_user'
  [1m[36mCACHE User Load (0.1ms)[0m  [1m[34mSELECT "users".* FROM "users" WHERE "users"."id" = ? LIMIT ?[0m  [["id", 53], ["LIMIT", 1]]
  ↳ app/controllers/users_controller.rb:22:in `show'
  Rendering users/show.html.erb within layouts/application
  Rendered users/show.html.erb within layouts/application (Duration: 3.1ms | Allocations: 259)
Completed 200 OK in 12ms (Views: 7.4ms | ActiveRecord: 0.3ms | Allocations: 1843)


Started GET "/recipes/new" for ::1 at 2019-10-24 08:42:26 -0500
Processing by RecipesController#new as HTML
  [1m[36mUser Load (0.2ms)[0m  [1m[34mSELECT "users".* FROM "users" WHERE "users"."id" = ? LIMIT ?[0m  [["id", 53], ["LIMIT", 1]]
  ↳ app/controllers/application_controller.rb:6:in `current_user'
  [1m[36mCACHE User Load (0.0ms)[0m  [1m[34mSELECT "users".* FROM "users" WHERE "users"."id" = ? LIMIT ?[0m  [["id", 53], ["LIMIT", 1]]
  ↳ app/controllers/application_controller.rb:6:in `current_user'
  [1m[36mCACHE User Load (0.0ms)[0m  [1m[34mSELECT "users".* FROM "users" WHERE "users"."id" = ? LIMIT ?[0m  [["id", 53], ["LIMIT", 1]]
  ↳ app/controllers/application_controller.rb:6:in `current_user'
Completed 500 Internal Server Error in 21ms (ActiveRecord: 0.2ms | Allocations: 4520)


  
NoMethodError (undefined method `admin?' for #<User:0x00007f9702c39b50>):
  
app/controllers/recipes_controller.rb:60:in `require_admin'
Started GET "/recipes/new" for ::1 at 2019-10-24 08:43:55 -0500
  [1m[35m (0.2ms)[0m  [1m[34mSELECT sqlite_version(*)[0m
Processing by RecipesController#new as HTML
  [1m[36mUser Load (0.2ms)[0m  [1m[34mSELECT "users".* FROM "users" WHERE "users"."id" = ? LIMIT ?[0m  [["id", 53], ["LIMIT", 1]]
  ↳ app/controllers/application_controller.rb:6:in `current_user'
  Rendering recipes/new.html.erb within layouts/application
  [1m[36mUtensil Load (0.3ms)[0m  [1m[34mSELECT "utensils".* FROM "utensils"[0m
  ↳ app/views/recipes/_form.html.erb:19
  Rendered recipes/_form.html.erb (Duration: 24.9ms | Allocations: 6694)
  Rendered recipes/new.html.erb within layouts/application (Duration: 27.4ms | Allocations: 6982)
Completed 200 OK in 94ms (Views: 28.8ms | ActiveRecord: 3.6ms | Allocations: 22283)


Started GET "/recipes/new" for ::1 at 2019-10-24 08:44:00 -0500
Processing by RecipesController#new as HTML
  [1m[36mUser Load (0.4ms)[0m  [1m[34mSELECT "users".* FROM "users" WHERE "users"."id" = ? LIMIT ?[0m  [["id", 53], ["LIMIT", 1]]
  ↳ app/controllers/application_controller.rb:6:in `current_user'
  Rendering recipes/new.html.erb within layouts/application
  [1m[36mUtensil Load (0.7ms)[0m  [1m[34mSELECT "utensils".* FROM "utensils"[0m
  ↳ app/views/recipes/_form.html.erb:19
  Rendered recipes/_form.html.erb (Duration: 64.1ms | Allocations: 1899)
  Rendered recipes/new.html.erb within layouts/application (Duration: 64.7ms | Allocations: 1962)
Completed 200 OK in 104ms (Views: 98.3ms | ActiveRecord: 1.2ms | Allocations: 3125)


Started GET "/recipes" for ::1 at 2019-10-24 08:44:03 -0500
Processing by RecipesController#index as HTML
  [1m[36mUser Load (0.2ms)[0m  [1m[34mSELECT "users".* FROM "users" WHERE "users"."id" = ? LIMIT ?[0m  [["id", 53], ["LIMIT", 1]]
  ↳ app/controllers/application_controller.rb:6:in `current_user'
  Rendering recipes/index.html.erb within layouts/application
  [1m[36mRecipe Load (0.4ms)[0m  [1m[34mSELECT "recipes".* FROM "recipes"[0m
  ↳ app/views/recipes/index.html.erb:3
  Rendered recipes/index.html.erb within layouts/application (Duration: 4.5ms | Allocations: 707)
Completed 200 OK in 9ms (Views: 5.6ms | ActiveRecord: 0.6ms | Allocations: 1881)


Started GET "/recipes/38" for ::1 at 2019-10-24 08:44:05 -0500
Processing by RecipesController#show as HTML
  Parameters: {"id"=>"38"}
  [1m[36mUser Load (1.2ms)[0m  [1m[34mSELECT "users".* FROM "users" WHERE "users"."id" = ? LIMIT ?[0m  [["id", 53], ["LIMIT", 1]]
  ↳ app/controllers/application_controller.rb:6:in `current_user'
  [1m[36mRecipe Load (0.2ms)[0m  [1m[34mSELECT "recipes".* FROM "recipes" WHERE "recipes"."id" = ? LIMIT ?[0m  [["id", 38], ["LIMIT", 1]]
  ↳ app/controllers/recipes_controller.rb:52:in `current_recipe'
  [1m[36mReview Load (0.4ms)[0m  [1m[34mSELECT "reviews".* FROM "reviews" WHERE "reviews"."recipe_id" = ?[0m  [["recipe_id", 38]]
  ↳ app/controllers/recipes_controller.rb:13:in `show'
  [1m[35m (0.3ms)[0m  [1m[34mSELECT COUNT(*) FROM "reviews" WHERE "reviews"."recipe_id" = ?[0m  [["recipe_id", 38]]
  ↳ app/controllers/recipes_controller.rb:16:in `show'
  Rendering recipes/show.html.erb within layouts/application
  [1m[36mCACHE User Load (0.1ms)[0m  [1m[34mSELECT "users".* FROM "users" WHERE "users"."id" = ? LIMIT ?[0m  [["id", 53], ["LIMIT", 1]]
  ↳ app/views/recipes/show.html.erb:4
  [1m[36mUtensil Load (0.3ms)[0m  [1m[34mSELECT "utensils".* FROM "utensils" INNER JOIN "recipe_utensils" ON "utensils"."id" = "recipe_utensils"."utensil_id" WHERE "recipe_utensils"."recipe_id" = ?[0m  [["recipe_id", 38]]
  ↳ app/views/recipes/show.html.erb:8
  [1m[36mIngredient Load (0.2ms)[0m  [1m[34mSELECT "ingredients".* FROM "ingredients" INNER JOIN "recipe_ingredients" ON "ingredients"."id" = "recipe_ingredients"."ingredient_id" WHERE "recipe_ingredients"."recipe_id" = ?[0m  [["recipe_id", 38]]
  ↳ app/views/recipes/show.html.erb:13
  Rendered recipes/show.html.erb within layouts/application (Duration: 54.4ms | Allocations: 14191)
Completed 200 OK in 88ms (Views: 53.1ms | ActiveRecord: 6.4ms | Allocations: 23073)


Started GET "/recipes/38" for ::1 at 2019-10-24 08:44:07 -0500
Processing by RecipesController#show as HTML
  Parameters: {"id"=>"38"}
  [1m[36mUser Load (0.2ms)[0m  [1m[34mSELECT "users".* FROM "users" WHERE "users"."id" = ? LIMIT ?[0m  [["id", 53], ["LIMIT", 1]]
  ↳ app/controllers/application_controller.rb:6:in `current_user'
  [1m[36mRecipe Load (0.5ms)[0m  [1m[34mSELECT "recipes".* FROM "recipes" WHERE "recipes"."id" = ? LIMIT ?[0m  [["id", 38], ["LIMIT", 1]]
  ↳ app/controllers/recipes_controller.rb:52:in `current_recipe'
  [1m[36mReview Load (0.2ms)[0m  [1m[34mSELECT "reviews".* FROM "reviews" WHERE "reviews"."recipe_id" = ?[0m  [["recipe_id", 38]]
  ↳ app/controllers/recipes_controller.rb:13:in `show'
  [1m[35m (0.2ms)[0m  [1m[34mSELECT COUNT(*) FROM "reviews" WHERE "reviews"."recipe_id" = ?[0m  [["recipe_id", 38]]
  ↳ app/controllers/recipes_controller.rb:16:in `show'
  Rendering recipes/show.html.erb within layouts/application
  [1m[36mCACHE User Load (0.0ms)[0m  [1m[34mSELECT "users".* FROM "users" WHERE "users"."id" = ? LIMIT ?[0m  [["id", 53], ["LIMIT", 1]]
  ↳ app/views/recipes/show.html.erb:4
  [1m[36mUtensil Load (0.2ms)[0m  [1m[34mSELECT "utensils".* FROM "utensils" INNER JOIN "recipe_utensils" ON "utensils"."id" = "recipe_utensils"."utensil_id" WHERE "recipe_utensils"."recipe_id" = ?[0m  [["recipe_id", 38]]
  ↳ app/views/recipes/show.html.erb:8
  [1m[36mIngredient Load (0.1ms)[0m  [1m[34mSELECT "ingredients".* FROM "ingredients" INNER JOIN "recipe_ingredients" ON "ingredients"."id" = "recipe_ingredients"."ingredient_id" WHERE "recipe_ingredients"."recipe_id" = ?[0m  [["recipe_id", 38]]
  ↳ app/views/recipes/show.html.erb:13
  Rendered recipes/show.html.erb within layouts/application (Duration: 7.3ms | Allocations: 2583)
Completed 200 OK in 20ms (Views: 7.9ms | ActiveRecord: 1.5ms | Allocations: 5472)


Started GET "/recipes/38" for ::1 at 2019-10-24 08:44:11 -0500
Processing by RecipesController#show as HTML
  Parameters: {"id"=>"38"}
  [1m[36mUser Load (0.2ms)[0m  [1m[34mSELECT "users".* FROM "users" WHERE "users"."id" = ? LIMIT ?[0m  [["id", 53], ["LIMIT", 1]]
  ↳ app/controllers/application_controller.rb:6:in `current_user'
  [1m[36mRecipe Load (0.2ms)[0m  [1m[34mSELECT "recipes".* FROM "recipes" WHERE "recipes"."id" = ? LIMIT ?[0m  [["id", 38], ["LIMIT", 1]]
  ↳ app/controllers/recipes_controller.rb:52:in `current_recipe'
  [1m[36mReview Load (0.1ms)[0m  [1m[34mSELECT "reviews".* FROM "reviews" WHERE "reviews"."recipe_id" = ?[0m  [["recipe_id", 38]]
  ↳ app/controllers/recipes_controller.rb:13:in `show'
  [1m[35m (0.3ms)[0m  [1m[34mSELECT COUNT(*) FROM "reviews" WHERE "reviews"."recipe_id" = ?[0m  [["recipe_id", 38]]
  ↳ app/controllers/recipes_controller.rb:16:in `show'
  Rendering recipes/show.html.erb within layouts/application
  [1m[36mCACHE User Load (0.0ms)[0m  [1m[34mSELECT "users".* FROM "users" WHERE "users"."id" = ? LIMIT ?[0m  [["id", 53], ["LIMIT", 1]]
  ↳ app/views/recipes/show.html.erb:4
  [1m[36mUtensil Load (0.2ms)[0m  [1m[34mSELECT "utensils".* FROM "utensils" INNER JOIN "recipe_utensils" ON "utensils"."id" = "recipe_utensils"."utensil_id" WHERE "recipe_utensils"."recipe_id" = ?[0m  [["recipe_id", 38]]
  ↳ app/views/recipes/show.html.erb:8
  [1m[36mIngredient Load (0.1ms)[0m  [1m[34mSELECT "ingredients".* FROM "ingredients" INNER JOIN "recipe_ingredients" ON "ingredients"."id" = "recipe_ingredients"."ingredient_id" WHERE "recipe_ingredients"."recipe_id" = ?[0m  [["recipe_id", 38]]
  ↳ app/views/recipes/show.html.erb:13
  Rendered recipes/show.html.erb within layouts/application (Duration: 30.0ms | Allocations: 2583)
Completed 200 OK in 40ms (Views: 30.6ms | ActiveRecord: 1.2ms | Allocations: 5478)


Started GET "/recipes/37" for ::1 at 2019-10-24 08:44:13 -0500
Processing by RecipesController#show as HTML
  Parameters: {"id"=>"37"}
  [1m[36mUser Load (0.6ms)[0m  [1m[34mSELECT "users".* FROM "users" WHERE "users"."id" = ? LIMIT ?[0m  [["id", 53], ["LIMIT", 1]]
  ↳ app/controllers/application_controller.rb:6:in `current_user'
  [1m[36mRecipe Load (0.3ms)[0m  [1m[34mSELECT "recipes".* FROM "recipes" WHERE "recipes"."id" = ? LIMIT ?[0m  [["id", 37], ["LIMIT", 1]]
  ↳ app/controllers/recipes_controller.rb:52:in `current_recipe'
  [1m[36mReview Load (0.2ms)[0m  [1m[34mSELECT "reviews".* FROM "reviews" WHERE "reviews"."recipe_id" = ?[0m  [["recipe_id", 37]]
  ↳ app/controllers/recipes_controller.rb:13:in `show'
  [1m[35m (0.2ms)[0m  [1m[34mSELECT COUNT(*) FROM "reviews" WHERE "reviews"."recipe_id" = ?[0m  [["recipe_id", 37]]
  ↳ app/controllers/recipes_controller.rb:16:in `show'
  Rendering recipes/show.html.erb within layouts/application
  [1m[36mUser Load (0.6ms)[0m  [1m[34mSELECT "users".* FROM "users" WHERE "users"."id" = ? LIMIT ?[0m  [["id", 52], ["LIMIT", 1]]
  ↳ app/views/recipes/show.html.erb:4
  [1m[36mUtensil Load (0.2ms)[0m  [1m[34mSELECT "utensils".* FROM "utensils" INNER JOIN "recipe_utensils" ON "utensils"."id" = "recipe_utensils"."utensil_id" WHERE "recipe_utensils"."recipe_id" = ?[0m  [["recipe_id", 37]]
  ↳ app/views/recipes/show.html.erb:8
  [1m[36mIngredient Load (0.2ms)[0m  [1m[34mSELECT "ingredients".* FROM "ingredients" INNER JOIN "recipe_ingredients" ON "ingredients"."id" = "recipe_ingredients"."ingredient_id" WHERE "recipe_ingredients"."recipe_id" = ?[0m  [["recipe_id", 37]]
  ↳ app/views/recipes/show.html.erb:13
  Rendered recipes/show.html.erb within layouts/application (Duration: 9.7ms | Allocations: 2690)
Completed 200 OK in 21ms (Views: 11.0ms | ActiveRecord: 2.2ms | Allocations: 5593)


Started GET "/recipes/37/edit" for ::1 at 2019-10-24 08:44:15 -0500
Processing by RecipesController#edit as HTML
  Parameters: {"id"=>"37"}
  [1m[36mUser Load (0.2ms)[0m  [1m[34mSELECT "users".* FROM "users" WHERE "users"."id" = ? LIMIT ?[0m  [["id", 53], ["LIMIT", 1]]
  ↳ app/controllers/application_controller.rb:6:in `current_user'
  [1m[36mRecipe Load (0.3ms)[0m  [1m[34mSELECT "recipes".* FROM "recipes" WHERE "recipes"."id" = ? LIMIT ?[0m  [["id", 37], ["LIMIT", 1]]
  ↳ app/controllers/recipes_controller.rb:52:in `current_recipe'
  Rendering recipes/edit.html.erb within layouts/application
  [1m[36mUtensil Load (0.6ms)[0m  [1m[34mSELECT "utensils".* FROM "utensils"[0m
  ↳ app/views/recipes/_form.html.erb:19
  Rendered recipes/_form.html.erb (Duration: 11.0ms | Allocations: 1971)
  Rendered recipes/edit.html.erb within layouts/application (Duration: 11.9ms | Allocations: 2124)
Completed 200 OK in 19ms (Views: 12.2ms | ActiveRecord: 1.0ms | Allocations: 3915)


Started PATCH "/recipes/37" for ::1 at 2019-10-24 08:44:23 -0500
Processing by RecipesController#update as HTML
  Parameters: {"authenticity_token"=>"R7EbI5tkC3K8tSaoXheDGAXDI9T5Z7h2Y5m+EcfTB4v4guWhaZzqpYl4xj+OKSpbf9qnqeuASGwTM2MQ1PLwlA==", "recipe"=>{"title"=>"Pasta", "description"=>"throw it in the pot", "cook_time"=>"6", "id"=>"53", "user_id"=>"53"}, "commit"=>"Update Recipe", "id"=>"37"}
  [1m[36mUser Load (0.5ms)[0m  [1m[34mSELECT "users".* FROM "users" WHERE "users"."id" = ? LIMIT ?[0m  [["id", 53], ["LIMIT", 1]]
  ↳ app/controllers/application_controller.rb:6:in `current_user'
  [1m[36mRecipe Load (0.3ms)[0m  [1m[34mSELECT "recipes".* FROM "recipes" WHERE "recipes"."id" = ? LIMIT ?[0m  [["id", 37], ["LIMIT", 1]]
  ↳ app/controllers/recipes_controller.rb:52:in `current_recipe'
[31mUnpermitted parameter: :id[0m
  [1m[36mCACHE User Load (0.0ms)[0m  [1m[34mSELECT "users".* FROM "users" WHERE "users"."id" = ? LIMIT ?[0m  [["id", 53], ["LIMIT", 1]]
  ↳ app/controllers/recipes_controller.rb:40:in `update'
  [1m[35m (0.1ms)[0m  [1m[36mbegin transaction[0m
  ↳ app/controllers/recipes_controller.rb:40:in `update'
  [1m[36mRecipe Update (1.0ms)[0m  [1m[33mUPDATE "recipes" SET "user_id" = ?, "cook_time" = ?, "updated_at" = ? WHERE "recipes"."id" = ?[0m  [["user_id", 53], ["cook_time", 6], ["updated_at", "2019-10-24 13:44:23.106832"], ["id", 37]]
  ↳ app/controllers/recipes_controller.rb:40:in `update'
  [1m[35m (1.6ms)[0m  [1m[36mcommit transaction[0m
  ↳ app/controllers/recipes_controller.rb:40:in `update'
Redirected to http://localhost:3000/recipes/37
Completed 302 Found in 22ms (ActiveRecord: 3.5ms | Allocations: 5233)


Started GET "/recipes/37" for ::1 at 2019-10-24 08:44:23 -0500
Processing by RecipesController#show as HTML
  Parameters: {"id"=>"37"}
  [1m[36mUser Load (0.2ms)[0m  [1m[34mSELECT "users".* FROM "users" WHERE "users"."id" = ? LIMIT ?[0m  [["id", 53], ["LIMIT", 1]]
  ↳ app/controllers/application_controller.rb:6:in `current_user'
  [1m[36mRecipe Load (0.1ms)[0m  [1m[34mSELECT "recipes".* FROM "recipes" WHERE "recipes"."id" = ? LIMIT ?[0m  [["id", 37], ["LIMIT", 1]]
  ↳ app/controllers/recipes_controller.rb:52:in `current_recipe'
  [1m[36mReview Load (0.2ms)[0m  [1m[34mSELECT "reviews".* FROM "reviews" WHERE "reviews"."recipe_id" = ?[0m  [["recipe_id", 37]]
  ↳ app/controllers/recipes_controller.rb:13:in `show'
  [1m[35m (0.2ms)[0m  [1m[34mSELECT COUNT(*) FROM "reviews" WHERE "reviews"."recipe_id" = ?[0m  [["recipe_id", 37]]
  ↳ app/controllers/recipes_controller.rb:16:in `show'
  Rendering recipes/show.html.erb within layouts/application
  [1m[36mCACHE User Load (0.0ms)[0m  [1m[34mSELECT "users".* FROM "users" WHERE "users"."id" = ? LIMIT ?[0m  [["id", 53], ["LIMIT", 1]]
  ↳ app/views/recipes/show.html.erb:4
  [1m[36mUtensil Load (0.2ms)[0m  [1m[34mSELECT "utensils".* FROM "utensils" INNER JOIN "recipe_utensils" ON "utensils"."id" = "recipe_utensils"."utensil_id" WHERE "recipe_utensils"."recipe_id" = ?[0m  [["recipe_id", 37]]
  ↳ app/views/recipes/show.html.erb:8
  [1m[36mIngredient Load (0.1ms)[0m  [1m[34mSELECT "ingredients".* FROM "ingredients" INNER JOIN "recipe_ingredients" ON "ingredients"."id" = "recipe_ingredients"."ingredient_id" WHERE "recipe_ingredients"."recipe_id" = ?[0m  [["recipe_id", 37]]
  ↳ app/views/recipes/show.html.erb:13
  Rendered recipes/show.html.erb within layouts/application (Duration: 6.1ms | Allocations: 2636)
Completed 200 OK in 14ms (Views: 6.7ms | ActiveRecord: 1.0ms | Allocations: 5543)


