Started GET "/recipes" for ::1 at 2019-10-24 14:46:04 -0500
  [1m[35m (1.1ms)[0m  [1m[34mSELECT sqlite_version(*)[0m
  [1m[35m (9.8ms)[0m  [1m[34mSELECT "schema_migrations"."version" FROM "schema_migrations" ORDER BY "schema_migrations"."version" ASC[0m
Processing by RecipesController#index as HTML
  [1m[36mUser Load (0.8ms)[0m  [1m[34mSELECT "users".* FROM "users" WHERE "users"."id" = ? LIMIT ?[0m  [["id", 2], ["LIMIT", 1]]
  ↳ app/controllers/application_controller.rb:6:in `current_user'
  Rendering recipes/index.html.erb within layouts/application
  [1m[36mRecipe Load (0.6ms)[0m  [1m[34mSELECT "recipes".* FROM "recipes"[0m
  ↳ app/views/recipes/index.html.erb:9
  Rendered recipes/index.html.erb within layouts/application (Duration: 14.0ms | Allocations: 5439)
Completed 200 OK in 185ms (Views: 22.4ms | ActiveRecord: 3.6ms | Allocations: 17537)


Started GET "/main.css" for ::1 at 2019-10-24 14:46:04 -0500
  
ActionController::RoutingError (No route matches [GET] "/main.css"):
  
actionpack (6.0.0) lib/action_dispatch/middleware/debug_exceptions.rb:36:in `call'
web-console (4.0.1) lib/web_console/middleware.rb:132:in `call_app'
web-console (4.0.1) lib/web_console/middleware.rb:28:in `block in call'
web-console (4.0.1) lib/web_console/middleware.rb:17:in `catch'
web-console (4.0.1) lib/web_console/middleware.rb:17:in `call'
actionpack (6.0.0) lib/action_dispatch/middleware/show_exceptions.rb:33:in `call'
railties (6.0.0) lib/rails/rack/logger.rb:38:in `call_app'
railties (6.0.0) lib/rails/rack/logger.rb:26:in `block in call'
activesupport (6.0.0) lib/active_support/tagged_logging.rb:80:in `block in tagged'
activesupport (6.0.0) lib/active_support/tagged_logging.rb:28:in `tagged'
activesupport (6.0.0) lib/active_support/tagged_logging.rb:80:in `tagged'
railties (6.0.0) lib/rails/rack/logger.rb:26:in `call'
sprockets-rails (3.2.1) lib/sprockets/rails/quiet_assets.rb:13:in `call'
actionpack (6.0.0) lib/action_dispatch/middleware/remote_ip.rb:81:in `call'
actionpack (6.0.0) lib/action_dispatch/middleware/request_id.rb:27:in `call'
rack (2.0.7) lib/rack/method_override.rb:22:in `call'
rack (2.0.7) lib/rack/runtime.rb:22:in `call'
activesupport (6.0.0) lib/active_support/cache/strategy/local_cache_middleware.rb:29:in `call'
actionpack (6.0.0) lib/action_dispatch/middleware/executor.rb:14:in `call'
actionpack (6.0.0) lib/action_dispatch/middleware/static.rb:126:in `call'
rack (2.0.7) lib/rack/sendfile.rb:111:in `call'
actionpack (6.0.0) lib/action_dispatch/middleware/host_authorization.rb:83:in `call'
railties (6.0.0) lib/rails/engine.rb:526:in `call'
puma (3.12.1) lib/puma/configuration.rb:227:in `call'
puma (3.12.1) lib/puma/server.rb:660:in `handle_request'
puma (3.12.1) lib/puma/server.rb:474:in `process_client'
puma (3.12.1) lib/puma/server.rb:334:in `block in run'
puma (3.12.1) lib/puma/thread_pool.rb:135:in `block in spawn_thread'
Started GET "/recipes/1" for ::1 at 2019-10-24 14:46:10 -0500
Processing by RecipesController#show as HTML
  Parameters: {"id"=>"1"}
  [1m[36mUser Load (1.3ms)[0m  [1m[34mSELECT "users".* FROM "users" WHERE "users"."id" = ? LIMIT ?[0m  [["id", 2], ["LIMIT", 1]]
  ↳ app/controllers/application_controller.rb:6:in `current_user'
  [1m[36mRecipe Load (0.8ms)[0m  [1m[34mSELECT "recipes".* FROM "recipes" WHERE "recipes"."id" = ? LIMIT ?[0m  [["id", 1], ["LIMIT", 1]]
  ↳ app/controllers/recipes_controller.rb:108:in `current_recipe'
  [1m[36mReview Load (1.1ms)[0m  [1m[34mSELECT "reviews".* FROM "reviews" WHERE "reviews"."recipe_id" = ?[0m  [["recipe_id", 1]]
  ↳ app/controllers/recipes_controller.rb:11:in `show'
  [1m[35m (0.4ms)[0m  [1m[34mSELECT COUNT(*) FROM "reviews" WHERE "reviews"."recipe_id" = ?[0m  [["recipe_id", 1]]
  ↳ app/controllers/recipes_controller.rb:14:in `show'
  Rendering recipes/show.html.erb within layouts/application
  [1m[36mUser Load (0.2ms)[0m  [1m[34mSELECT "users".* FROM "users" WHERE "users"."id" = ? LIMIT ?[0m  [["id", 1], ["LIMIT", 1]]
  ↳ app/views/recipes/show.html.erb:4
  [1m[36mUtensil Load (0.9ms)[0m  [1m[34mSELECT "utensils".* FROM "utensils" INNER JOIN "recipe_utensils" ON "utensils"."id" = "recipe_utensils"."utensil_id" WHERE "recipe_utensils"."recipe_id" = ?[0m  [["recipe_id", 1]]
  ↳ app/views/recipes/show.html.erb:8
  [1m[36mIngredient Load (0.8ms)[0m  [1m[34mSELECT "ingredients".* FROM "ingredients" INNER JOIN "recipe_ingredients" ON "ingredients"."id" = "recipe_ingredients"."ingredient_id" WHERE "recipe_ingredients"."recipe_id" = ?[0m  [["recipe_id", 1]]
  ↳ app/views/recipes/show.html.erb:13
  Rendered recipes/show.html.erb within layouts/application (Duration: 64.8ms | Allocations: 19064)
Completed 200 OK in 143ms (Views: 62.5ms | ActiveRecord: 8.4ms | Allocations: 30234)


Started GET "/recipes/1" for ::1 at 2019-10-24 14:46:40 -0500
Processing by RecipesController#show as HTML
  Parameters: {"id"=>"1"}
  [1m[36mUser Load (0.6ms)[0m  [1m[34mSELECT "users".* FROM "users" WHERE "users"."id" = ? LIMIT ?[0m  [["id", 2], ["LIMIT", 1]]
  ↳ app/controllers/application_controller.rb:6:in `current_user'
  [1m[36mRecipe Load (0.2ms)[0m  [1m[34mSELECT "recipes".* FROM "recipes" WHERE "recipes"."id" = ? LIMIT ?[0m  [["id", 1], ["LIMIT", 1]]
  ↳ app/controllers/recipes_controller.rb:108:in `current_recipe'
  [1m[36mReview Load (0.1ms)[0m  [1m[34mSELECT "reviews".* FROM "reviews" WHERE "reviews"."recipe_id" = ?[0m  [["recipe_id", 1]]
  ↳ app/controllers/recipes_controller.rb:11:in `show'
  [1m[35m (0.3ms)[0m  [1m[34mSELECT COUNT(*) FROM "reviews" WHERE "reviews"."recipe_id" = ?[0m  [["recipe_id", 1]]
  ↳ app/controllers/recipes_controller.rb:14:in `show'
  Rendering recipes/show.html.erb within layouts/application
  [1m[36mUser Load (0.2ms)[0m  [1m[34mSELECT "users".* FROM "users" WHERE "users"."id" = ? LIMIT ?[0m  [["id", 1], ["LIMIT", 1]]
  ↳ app/views/recipes/show.html.erb:4
  [1m[36mUtensil Load (0.2ms)[0m  [1m[34mSELECT "utensils".* FROM "utensils" INNER JOIN "recipe_utensils" ON "utensils"."id" = "recipe_utensils"."utensil_id" WHERE "recipe_utensils"."recipe_id" = ?[0m  [["recipe_id", 1]]
  ↳ app/views/recipes/show.html.erb:8
  [1m[36mIngredient Load (0.2ms)[0m  [1m[34mSELECT "ingredients".* FROM "ingredients" INNER JOIN "recipe_ingredients" ON "ingredients"."id" = "recipe_ingredients"."ingredient_id" WHERE "recipe_ingredients"."recipe_id" = ?[0m  [["recipe_id", 1]]
  ↳ app/views/recipes/show.html.erb:13
  Rendered recipes/show.html.erb within layouts/application (Duration: 7.9ms | Allocations: 3113)
Completed 200 OK in 23ms (Views: 10.9ms | ActiveRecord: 1.7ms | Allocations: 6940)


Started GET "/recipes" for ::1 at 2019-10-24 14:46:42 -0500
Processing by RecipesController#index as HTML
  [1m[36mUser Load (0.1ms)[0m  [1m[34mSELECT "users".* FROM "users" WHERE "users"."id" = ? LIMIT ?[0m  [["id", 2], ["LIMIT", 1]]
  ↳ app/controllers/application_controller.rb:6:in `current_user'
  Rendering recipes/index.html.erb within layouts/application
  [1m[36mRecipe Load (0.2ms)[0m  [1m[34mSELECT "recipes".* FROM "recipes"[0m
  ↳ app/views/recipes/index.html.erb:9
  Rendered recipes/index.html.erb within layouts/application (Duration: 2.1ms | Allocations: 926)
Completed 200 OK in 5ms (Views: 2.6ms | ActiveRecord: 0.3ms | Allocations: 2217)


Started GET "/main.css" for ::1 at 2019-10-24 14:46:42 -0500
  
ActionController::RoutingError (No route matches [GET] "/main.css"):
  
actionpack (6.0.0) lib/action_dispatch/middleware/debug_exceptions.rb:36:in `call'
web-console (4.0.1) lib/web_console/middleware.rb:132:in `call_app'
web-console (4.0.1) lib/web_console/middleware.rb:28:in `block in call'
web-console (4.0.1) lib/web_console/middleware.rb:17:in `catch'
web-console (4.0.1) lib/web_console/middleware.rb:17:in `call'
actionpack (6.0.0) lib/action_dispatch/middleware/show_exceptions.rb:33:in `call'
railties (6.0.0) lib/rails/rack/logger.rb:38:in `call_app'
railties (6.0.0) lib/rails/rack/logger.rb:26:in `block in call'
activesupport (6.0.0) lib/active_support/tagged_logging.rb:80:in `block in tagged'
activesupport (6.0.0) lib/active_support/tagged_logging.rb:28:in `tagged'
activesupport (6.0.0) lib/active_support/tagged_logging.rb:80:in `tagged'
railties (6.0.0) lib/rails/rack/logger.rb:26:in `call'
sprockets-rails (3.2.1) lib/sprockets/rails/quiet_assets.rb:13:in `call'
actionpack (6.0.0) lib/action_dispatch/middleware/remote_ip.rb:81:in `call'
actionpack (6.0.0) lib/action_dispatch/middleware/request_id.rb:27:in `call'
rack (2.0.7) lib/rack/method_override.rb:22:in `call'
rack (2.0.7) lib/rack/runtime.rb:22:in `call'
activesupport (6.0.0) lib/active_support/cache/strategy/local_cache_middleware.rb:29:in `call'
actionpack (6.0.0) lib/action_dispatch/middleware/executor.rb:14:in `call'
actionpack (6.0.0) lib/action_dispatch/middleware/static.rb:126:in `call'
rack (2.0.7) lib/rack/sendfile.rb:111:in `call'
actionpack (6.0.0) lib/action_dispatch/middleware/host_authorization.rb:83:in `call'
railties (6.0.0) lib/rails/engine.rb:526:in `call'
puma (3.12.1) lib/puma/configuration.rb:227:in `call'
puma (3.12.1) lib/puma/server.rb:660:in `handle_request'
puma (3.12.1) lib/puma/server.rb:474:in `process_client'
puma (3.12.1) lib/puma/server.rb:334:in `block in run'
puma (3.12.1) lib/puma/thread_pool.rb:135:in `block in spawn_thread'
Started GET "/recipes" for ::1 at 2019-10-24 14:46:50 -0500
Processing by RecipesController#index as HTML
  [1m[36mUser Load (0.1ms)[0m  [1m[34mSELECT "users".* FROM "users" WHERE "users"."id" = ? LIMIT ?[0m  [["id", 2], ["LIMIT", 1]]
  ↳ app/controllers/application_controller.rb:6:in `current_user'
  Rendering recipes/index.html.erb within layouts/application
  [1m[36mRecipe Load (0.2ms)[0m  [1m[34mSELECT "recipes".* FROM "recipes"[0m
  ↳ app/views/recipes/index.html.erb:9
  Rendered recipes/index.html.erb within layouts/application (Duration: 2.4ms | Allocations: 928)
Completed 200 OK in 8ms (Views: 4.7ms | ActiveRecord: 0.3ms | Allocations: 2981)


Started GET "/main.css" for ::1 at 2019-10-24 14:46:50 -0500
  
ActionController::RoutingError (No route matches [GET] "/main.css"):
  
actionpack (6.0.0) lib/action_dispatch/middleware/debug_exceptions.rb:36:in `call'
web-console (4.0.1) lib/web_console/middleware.rb:132:in `call_app'
web-console (4.0.1) lib/web_console/middleware.rb:28:in `block in call'
web-console (4.0.1) lib/web_console/middleware.rb:17:in `catch'
web-console (4.0.1) lib/web_console/middleware.rb:17:in `call'
actionpack (6.0.0) lib/action_dispatch/middleware/show_exceptions.rb:33:in `call'
railties (6.0.0) lib/rails/rack/logger.rb:38:in `call_app'
railties (6.0.0) lib/rails/rack/logger.rb:26:in `block in call'
activesupport (6.0.0) lib/active_support/tagged_logging.rb:80:in `block in tagged'
activesupport (6.0.0) lib/active_support/tagged_logging.rb:28:in `tagged'
activesupport (6.0.0) lib/active_support/tagged_logging.rb:80:in `tagged'
railties (6.0.0) lib/rails/rack/logger.rb:26:in `call'
sprockets-rails (3.2.1) lib/sprockets/rails/quiet_assets.rb:13:in `call'
actionpack (6.0.0) lib/action_dispatch/middleware/remote_ip.rb:81:in `call'
actionpack (6.0.0) lib/action_dispatch/middleware/request_id.rb:27:in `call'
rack (2.0.7) lib/rack/method_override.rb:22:in `call'
rack (2.0.7) lib/rack/runtime.rb:22:in `call'
activesupport (6.0.0) lib/active_support/cache/strategy/local_cache_middleware.rb:29:in `call'
actionpack (6.0.0) lib/action_dispatch/middleware/executor.rb:14:in `call'
actionpack (6.0.0) lib/action_dispatch/middleware/static.rb:126:in `call'
rack (2.0.7) lib/rack/sendfile.rb:111:in `call'
actionpack (6.0.0) lib/action_dispatch/middleware/host_authorization.rb:83:in `call'
railties (6.0.0) lib/rails/engine.rb:526:in `call'
puma (3.12.1) lib/puma/configuration.rb:227:in `call'
puma (3.12.1) lib/puma/server.rb:660:in `handle_request'
puma (3.12.1) lib/puma/server.rb:474:in `process_client'
puma (3.12.1) lib/puma/server.rb:334:in `block in run'
puma (3.12.1) lib/puma/thread_pool.rb:135:in `block in spawn_thread'
Started GET "/recipes" for ::1 at 2019-10-24 14:47:06 -0500
Processing by RecipesController#index as HTML
  [1m[36mUser Load (0.2ms)[0m  [1m[34mSELECT "users".* FROM "users" WHERE "users"."id" = ? LIMIT ?[0m  [["id", 2], ["LIMIT", 1]]
  ↳ app/controllers/application_controller.rb:6:in `current_user'
  Rendering recipes/index.html.erb within layouts/application
  [1m[36mRecipe Load (0.1ms)[0m  [1m[34mSELECT "recipes".* FROM "recipes"[0m
  ↳ app/views/recipes/index.html.erb:9
  Rendered recipes/index.html.erb within layouts/application (Duration: 1.9ms | Allocations: 926)
Completed 200 OK in 7ms (Views: 4.0ms | ActiveRecord: 0.4ms | Allocations: 2962)


Started GET "/Users/daminivaru/Desktop/Recipes-for-you/app/views/main.css" for ::1 at 2019-10-24 14:47:07 -0500
  
ActionController::RoutingError (No route matches [GET] "/Users/daminivaru/Desktop/Recipes-for-you/app/views/main.css"):
  
actionpack (6.0.0) lib/action_dispatch/middleware/debug_exceptions.rb:36:in `call'
web-console (4.0.1) lib/web_console/middleware.rb:132:in `call_app'
web-console (4.0.1) lib/web_console/middleware.rb:28:in `block in call'
web-console (4.0.1) lib/web_console/middleware.rb:17:in `catch'
web-console (4.0.1) lib/web_console/middleware.rb:17:in `call'
actionpack (6.0.0) lib/action_dispatch/middleware/show_exceptions.rb:33:in `call'
railties (6.0.0) lib/rails/rack/logger.rb:38:in `call_app'
railties (6.0.0) lib/rails/rack/logger.rb:26:in `block in call'
activesupport (6.0.0) lib/active_support/tagged_logging.rb:80:in `block in tagged'
activesupport (6.0.0) lib/active_support/tagged_logging.rb:28:in `tagged'
activesupport (6.0.0) lib/active_support/tagged_logging.rb:80:in `tagged'
railties (6.0.0) lib/rails/rack/logger.rb:26:in `call'
sprockets-rails (3.2.1) lib/sprockets/rails/quiet_assets.rb:13:in `call'
actionpack (6.0.0) lib/action_dispatch/middleware/remote_ip.rb:81:in `call'
actionpack (6.0.0) lib/action_dispatch/middleware/request_id.rb:27:in `call'
rack (2.0.7) lib/rack/method_override.rb:22:in `call'
rack (2.0.7) lib/rack/runtime.rb:22:in `call'
activesupport (6.0.0) lib/active_support/cache/strategy/local_cache_middleware.rb:29:in `call'
actionpack (6.0.0) lib/action_dispatch/middleware/executor.rb:14:in `call'
actionpack (6.0.0) lib/action_dispatch/middleware/static.rb:126:in `call'
rack (2.0.7) lib/rack/sendfile.rb:111:in `call'
actionpack (6.0.0) lib/action_dispatch/middleware/host_authorization.rb:83:in `call'
railties (6.0.0) lib/rails/engine.rb:526:in `call'
puma (3.12.1) lib/puma/configuration.rb:227:in `call'
puma (3.12.1) lib/puma/server.rb:660:in `handle_request'
puma (3.12.1) lib/puma/server.rb:474:in `process_client'
puma (3.12.1) lib/puma/server.rb:334:in `block in run'
puma (3.12.1) lib/puma/thread_pool.rb:135:in `block in spawn_thread'
Started GET "/recipes" for ::1 at 2019-10-24 14:47:08 -0500
Processing by RecipesController#index as HTML
  [1m[36mUser Load (0.2ms)[0m  [1m[34mSELECT "users".* FROM "users" WHERE "users"."id" = ? LIMIT ?[0m  [["id", 2], ["LIMIT", 1]]
  ↳ app/controllers/application_controller.rb:6:in `current_user'
  Rendering recipes/index.html.erb within layouts/application
  [1m[36mRecipe Load (0.2ms)[0m  [1m[34mSELECT "recipes".* FROM "recipes"[0m
  ↳ app/views/recipes/index.html.erb:9
  Rendered recipes/index.html.erb within layouts/application (Duration: 2.0ms | Allocations: 759)
Completed 200 OK in 32ms (Views: 29.1ms | ActiveRecord: 0.4ms | Allocations: 1906)


Started GET "/Users/daminivaru/Desktop/Recipes-for-you/app/views/main.css" for ::1 at 2019-10-24 14:47:08 -0500
  
ActionController::RoutingError (No route matches [GET] "/Users/daminivaru/Desktop/Recipes-for-you/app/views/main.css"):
  
actionpack (6.0.0) lib/action_dispatch/middleware/debug_exceptions.rb:36:in `call'
web-console (4.0.1) lib/web_console/middleware.rb:132:in `call_app'
web-console (4.0.1) lib/web_console/middleware.rb:28:in `block in call'
web-console (4.0.1) lib/web_console/middleware.rb:17:in `catch'
web-console (4.0.1) lib/web_console/middleware.rb:17:in `call'
actionpack (6.0.0) lib/action_dispatch/middleware/show_exceptions.rb:33:in `call'
railties (6.0.0) lib/rails/rack/logger.rb:38:in `call_app'
railties (6.0.0) lib/rails/rack/logger.rb:26:in `block in call'
activesupport (6.0.0) lib/active_support/tagged_logging.rb:80:in `block in tagged'
activesupport (6.0.0) lib/active_support/tagged_logging.rb:28:in `tagged'
activesupport (6.0.0) lib/active_support/tagged_logging.rb:80:in `tagged'
railties (6.0.0) lib/rails/rack/logger.rb:26:in `call'
sprockets-rails (3.2.1) lib/sprockets/rails/quiet_assets.rb:13:in `call'
actionpack (6.0.0) lib/action_dispatch/middleware/remote_ip.rb:81:in `call'
actionpack (6.0.0) lib/action_dispatch/middleware/request_id.rb:27:in `call'
rack (2.0.7) lib/rack/method_override.rb:22:in `call'
rack (2.0.7) lib/rack/runtime.rb:22:in `call'
activesupport (6.0.0) lib/active_support/cache/strategy/local_cache_middleware.rb:29:in `call'
actionpack (6.0.0) lib/action_dispatch/middleware/executor.rb:14:in `call'
actionpack (6.0.0) lib/action_dispatch/middleware/static.rb:126:in `call'
rack (2.0.7) lib/rack/sendfile.rb:111:in `call'
actionpack (6.0.0) lib/action_dispatch/middleware/host_authorization.rb:83:in `call'
railties (6.0.0) lib/rails/engine.rb:526:in `call'
puma (3.12.1) lib/puma/configuration.rb:227:in `call'
puma (3.12.1) lib/puma/server.rb:660:in `handle_request'
puma (3.12.1) lib/puma/server.rb:474:in `process_client'
puma (3.12.1) lib/puma/server.rb:334:in `block in run'
puma (3.12.1) lib/puma/thread_pool.rb:135:in `block in spawn_thread'
Started GET "/users/2" for ::1 at 2019-10-24 14:48:04 -0500
Processing by UsersController#show as HTML
  Parameters: {"id"=>"2"}
  [1m[36mUser Load (0.3ms)[0m  [1m[34mSELECT "users".* FROM "users" WHERE "users"."id" = ? LIMIT ?[0m  [["id", 2], ["LIMIT", 1]]
  ↳ app/controllers/application_controller.rb:6:in `current_user'
  [1m[36mCACHE User Load (0.0ms)[0m  [1m[34mSELECT "users".* FROM "users" WHERE "users"."id" = ? LIMIT ?[0m  [["id", 2], ["LIMIT", 1]]
  ↳ app/controllers/users_controller.rb:22:in `show'
  Rendering users/show.html.erb within layouts/application
  [1m[36mRecipe Load (0.3ms)[0m  [1m[34mSELECT "recipes".* FROM "recipes" WHERE "recipes"."user_id" = ?[0m  [["user_id", 2]]
  ↳ app/views/users/show.html.erb:9
  Rendered users/show.html.erb within layouts/application (Duration: 8.1ms | Allocations: 2013)
Completed 200 OK in 16ms (Views: 10.8ms | ActiveRecord: 0.6ms | Allocations: 4243)


Started GET "/users/2" for ::1 at 2019-10-24 14:49:08 -0500
Processing by UsersController#show as HTML
  Parameters: {"id"=>"2"}
  [1m[36mUser Load (0.1ms)[0m  [1m[34mSELECT "users".* FROM "users" WHERE "users"."id" = ? LIMIT ?[0m  [["id", 2], ["LIMIT", 1]]
  ↳ app/controllers/application_controller.rb:6:in `current_user'
  [1m[36mCACHE User Load (0.0ms)[0m  [1m[34mSELECT "users".* FROM "users" WHERE "users"."id" = ? LIMIT ?[0m  [["id", 2], ["LIMIT", 1]]
  ↳ app/controllers/users_controller.rb:22:in `show'
  Rendering users/show.html.erb within layouts/application
  [1m[36mRecipe Load (0.2ms)[0m  [1m[34mSELECT "recipes".* FROM "recipes" WHERE "recipes"."user_id" = ?[0m  [["user_id", 2]]
  ↳ app/views/users/show.html.erb:9
  Rendered users/show.html.erb within layouts/application (Duration: 3.8ms | Allocations: 1302)
Completed 200 OK in 9ms (Views: 5.7ms | ActiveRecord: 0.3ms | Allocations: 3776)


Started GET "/recipes" for ::1 at 2019-10-24 14:49:11 -0500
Processing by RecipesController#index as HTML
  [1m[36mUser Load (0.2ms)[0m  [1m[34mSELECT "users".* FROM "users" WHERE "users"."id" = ? LIMIT ?[0m  [["id", 2], ["LIMIT", 1]]
  ↳ app/controllers/application_controller.rb:6:in `current_user'
  Rendering recipes/index.html.erb within layouts/application
  [1m[36mRecipe Load (0.2ms)[0m  [1m[34mSELECT "recipes".* FROM "recipes"[0m
  ↳ app/views/recipes/index.html.erb:9
  Rendered recipes/index.html.erb within layouts/application (Duration: 2.9ms | Allocations: 928)
Completed 200 OK in 11ms (Views: 5.6ms | ActiveRecord: 0.5ms | Allocations: 2663)


Started GET "/Users/daminivaru/Desktop/Recipes-for-you/app/views/main.css" for ::1 at 2019-10-24 14:49:11 -0500
  
ActionController::RoutingError (No route matches [GET] "/Users/daminivaru/Desktop/Recipes-for-you/app/views/main.css"):
  
actionpack (6.0.0) lib/action_dispatch/middleware/debug_exceptions.rb:36:in `call'
web-console (4.0.1) lib/web_console/middleware.rb:132:in `call_app'
web-console (4.0.1) lib/web_console/middleware.rb:28:in `block in call'
web-console (4.0.1) lib/web_console/middleware.rb:17:in `catch'
web-console (4.0.1) lib/web_console/middleware.rb:17:in `call'
actionpack (6.0.0) lib/action_dispatch/middleware/show_exceptions.rb:33:in `call'
railties (6.0.0) lib/rails/rack/logger.rb:38:in `call_app'
railties (6.0.0) lib/rails/rack/logger.rb:26:in `block in call'
activesupport (6.0.0) lib/active_support/tagged_logging.rb:80:in `block in tagged'
activesupport (6.0.0) lib/active_support/tagged_logging.rb:28:in `tagged'
activesupport (6.0.0) lib/active_support/tagged_logging.rb:80:in `tagged'
railties (6.0.0) lib/rails/rack/logger.rb:26:in `call'
sprockets-rails (3.2.1) lib/sprockets/rails/quiet_assets.rb:13:in `call'
actionpack (6.0.0) lib/action_dispatch/middleware/remote_ip.rb:81:in `call'
actionpack (6.0.0) lib/action_dispatch/middleware/request_id.rb:27:in `call'
rack (2.0.7) lib/rack/method_override.rb:22:in `call'
rack (2.0.7) lib/rack/runtime.rb:22:in `call'
activesupport (6.0.0) lib/active_support/cache/strategy/local_cache_middleware.rb:29:in `call'
actionpack (6.0.0) lib/action_dispatch/middleware/executor.rb:14:in `call'
actionpack (6.0.0) lib/action_dispatch/middleware/static.rb:126:in `call'
rack (2.0.7) lib/rack/sendfile.rb:111:in `call'
actionpack (6.0.0) lib/action_dispatch/middleware/host_authorization.rb:83:in `call'
railties (6.0.0) lib/rails/engine.rb:526:in `call'
puma (3.12.1) lib/puma/configuration.rb:227:in `call'
puma (3.12.1) lib/puma/server.rb:660:in `handle_request'
puma (3.12.1) lib/puma/server.rb:474:in `process_client'
puma (3.12.1) lib/puma/server.rb:334:in `block in run'
puma (3.12.1) lib/puma/thread_pool.rb:135:in `block in spawn_thread'
Started GET "/users/2" for ::1 at 2019-10-24 14:49:12 -0500
Processing by UsersController#show as HTML
  Parameters: {"id"=>"2"}
  [1m[36mUser Load (0.2ms)[0m  [1m[34mSELECT "users".* FROM "users" WHERE "users"."id" = ? LIMIT ?[0m  [["id", 2], ["LIMIT", 1]]
  ↳ app/controllers/application_controller.rb:6:in `current_user'
  [1m[36mCACHE User Load (0.0ms)[0m  [1m[34mSELECT "users".* FROM "users" WHERE "users"."id" = ? LIMIT ?[0m  [["id", 2], ["LIMIT", 1]]
  ↳ app/controllers/users_controller.rb:22:in `show'
  Rendering users/show.html.erb within layouts/application
  [1m[36mRecipe Load (0.3ms)[0m  [1m[34mSELECT "recipes".* FROM "recipes" WHERE "recipes"."user_id" = ?[0m  [["user_id", 2]]
  ↳ app/views/users/show.html.erb:9
  Rendered users/show.html.erb within layouts/application (Duration: 3.6ms | Allocations: 1042)
Completed 200 OK in 10ms (Views: 4.6ms | ActiveRecord: 0.6ms | Allocations: 2622)


Started GET "/recipes/new" for ::1 at 2019-10-24 14:49:20 -0500
Processing by RecipesController#new as HTML
  [1m[36mUser Load (0.1ms)[0m  [1m[34mSELECT "users".* FROM "users" WHERE "users"."id" = ? LIMIT ?[0m  [["id", 2], ["LIMIT", 1]]
  ↳ app/controllers/application_controller.rb:6:in `current_user'
  Rendering recipes/new.html.erb within layouts/application
  Rendered recipes/_form.html.erb (Duration: 28.3ms | Allocations: 6110)
  Rendered recipes/new.html.erb within layouts/application (Duration: 29.4ms | Allocations: 6398)
Completed 200 OK in 32ms (Views: 30.1ms | ActiveRecord: 0.1ms | Allocations: 7709)


Started GET "/recipes" for ::1 at 2019-10-24 14:49:22 -0500
Processing by RecipesController#index as HTML
  [1m[36mUser Load (0.3ms)[0m  [1m[34mSELECT "users".* FROM "users" WHERE "users"."id" = ? LIMIT ?[0m  [["id", 2], ["LIMIT", 1]]
  ↳ app/controllers/application_controller.rb:6:in `current_user'
  Rendering recipes/index.html.erb within layouts/application
  [1m[36mRecipe Load (0.3ms)[0m  [1m[34mSELECT "recipes".* FROM "recipes"[0m
  ↳ app/views/recipes/index.html.erb:9
  Rendered recipes/index.html.erb within layouts/application (Duration: 3.4ms | Allocations: 753)
Completed 200 OK in 9ms (Views: 4.4ms | ActiveRecord: 0.7ms | Allocations: 1902)


Started GET "/Users/daminivaru/Desktop/Recipes-for-you/app/views/main.css" for ::1 at 2019-10-24 14:49:22 -0500
  
ActionController::RoutingError (No route matches [GET] "/Users/daminivaru/Desktop/Recipes-for-you/app/views/main.css"):
  
actionpack (6.0.0) lib/action_dispatch/middleware/debug_exceptions.rb:36:in `call'
web-console (4.0.1) lib/web_console/middleware.rb:132:in `call_app'
web-console (4.0.1) lib/web_console/middleware.rb:28:in `block in call'
web-console (4.0.1) lib/web_console/middleware.rb:17:in `catch'
web-console (4.0.1) lib/web_console/middleware.rb:17:in `call'
actionpack (6.0.0) lib/action_dispatch/middleware/show_exceptions.rb:33:in `call'
railties (6.0.0) lib/rails/rack/logger.rb:38:in `call_app'
railties (6.0.0) lib/rails/rack/logger.rb:26:in `block in call'
activesupport (6.0.0) lib/active_support/tagged_logging.rb:80:in `block in tagged'
activesupport (6.0.0) lib/active_support/tagged_logging.rb:28:in `tagged'
activesupport (6.0.0) lib/active_support/tagged_logging.rb:80:in `tagged'
railties (6.0.0) lib/rails/rack/logger.rb:26:in `call'
sprockets-rails (3.2.1) lib/sprockets/rails/quiet_assets.rb:13:in `call'
actionpack (6.0.0) lib/action_dispatch/middleware/remote_ip.rb:81:in `call'
actionpack (6.0.0) lib/action_dispatch/middleware/request_id.rb:27:in `call'
rack (2.0.7) lib/rack/method_override.rb:22:in `call'
rack (2.0.7) lib/rack/runtime.rb:22:in `call'
activesupport (6.0.0) lib/active_support/cache/strategy/local_cache_middleware.rb:29:in `call'
actionpack (6.0.0) lib/action_dispatch/middleware/executor.rb:14:in `call'
actionpack (6.0.0) lib/action_dispatch/middleware/static.rb:126:in `call'
rack (2.0.7) lib/rack/sendfile.rb:111:in `call'
actionpack (6.0.0) lib/action_dispatch/middleware/host_authorization.rb:83:in `call'
railties (6.0.0) lib/rails/engine.rb:526:in `call'
puma (3.12.1) lib/puma/configuration.rb:227:in `call'
puma (3.12.1) lib/puma/server.rb:660:in `handle_request'
puma (3.12.1) lib/puma/server.rb:474:in `process_client'
puma (3.12.1) lib/puma/server.rb:334:in `block in run'
puma (3.12.1) lib/puma/thread_pool.rb:135:in `block in spawn_thread'
Started GET "/recipes/2" for ::1 at 2019-10-24 14:49:24 -0500
Processing by RecipesController#show as HTML
  Parameters: {"id"=>"2"}
  [1m[36mUser Load (0.2ms)[0m  [1m[34mSELECT "users".* FROM "users" WHERE "users"."id" = ? LIMIT ?[0m  [["id", 2], ["LIMIT", 1]]
  ↳ app/controllers/application_controller.rb:6:in `current_user'
  [1m[36mRecipe Load (0.2ms)[0m  [1m[34mSELECT "recipes".* FROM "recipes" WHERE "recipes"."id" = ? LIMIT ?[0m  [["id", 2], ["LIMIT", 1]]
  ↳ app/controllers/recipes_controller.rb:108:in `current_recipe'
  [1m[36mReview Load (0.2ms)[0m  [1m[34mSELECT "reviews".* FROM "reviews" WHERE "reviews"."recipe_id" = ?[0m  [["recipe_id", 2]]
  ↳ app/controllers/recipes_controller.rb:11:in `show'
  [1m[35m (0.3ms)[0m  [1m[34mSELECT COUNT(*) FROM "reviews" WHERE "reviews"."recipe_id" = ?[0m  [["recipe_id", 2]]
  ↳ app/controllers/recipes_controller.rb:14:in `show'
  Rendering recipes/show.html.erb within layouts/application
  [1m[36mCACHE User Load (0.0ms)[0m  [1m[34mSELECT "users".* FROM "users" WHERE "users"."id" = ? LIMIT ?[0m  [["id", 2], ["LIMIT", 1]]
  ↳ app/views/recipes/show.html.erb:4
  [1m[36mUtensil Load (0.2ms)[0m  [1m[34mSELECT "utensils".* FROM "utensils" INNER JOIN "recipe_utensils" ON "utensils"."id" = "recipe_utensils"."utensil_id" WHERE "recipe_utensils"."recipe_id" = ?[0m  [["recipe_id", 2]]
  ↳ app/views/recipes/show.html.erb:8
  [1m[36mIngredient Load (0.6ms)[0m  [1m[34mSELECT "ingredients".* FROM "ingredients" INNER JOIN "recipe_ingredients" ON "ingredients"."id" = "recipe_ingredients"."ingredient_id" WHERE "recipe_ingredients"."recipe_id" = ?[0m  [["recipe_id", 2]]
  ↳ app/views/recipes/show.html.erb:13
  Rendered recipes/show.html.erb within layouts/application (Duration: 22.0ms | Allocations: 3002)
Completed 200 OK in 32ms (Views: 22.6ms | ActiveRecord: 1.8ms | Allocations: 6032)


Started GET "/recipes/3" for ::1 at 2019-10-24 14:49:26 -0500
Processing by RecipesController#show as HTML
  Parameters: {"id"=>"3"}
  [1m[36mUser Load (0.2ms)[0m  [1m[34mSELECT "users".* FROM "users" WHERE "users"."id" = ? LIMIT ?[0m  [["id", 2], ["LIMIT", 1]]
  ↳ app/controllers/application_controller.rb:6:in `current_user'
  [1m[36mRecipe Load (0.3ms)[0m  [1m[34mSELECT "recipes".* FROM "recipes" WHERE "recipes"."id" = ? LIMIT ?[0m  [["id", 3], ["LIMIT", 1]]
  ↳ app/controllers/recipes_controller.rb:108:in `current_recipe'
  [1m[36mReview Load (0.3ms)[0m  [1m[34mSELECT "reviews".* FROM "reviews" WHERE "reviews"."recipe_id" = ?[0m  [["recipe_id", 3]]
  ↳ app/controllers/recipes_controller.rb:11:in `show'
  [1m[35m (0.2ms)[0m  [1m[34mSELECT COUNT(*) FROM "reviews" WHERE "reviews"."recipe_id" = ?[0m  [["recipe_id", 3]]
  ↳ app/controllers/recipes_controller.rb:14:in `show'
  Rendering recipes/show.html.erb within layouts/application
  [1m[36mCACHE User Load (0.0ms)[0m  [1m[34mSELECT "users".* FROM "users" WHERE "users"."id" = ? LIMIT ?[0m  [["id", 2], ["LIMIT", 1]]
  ↳ app/views/recipes/show.html.erb:4
  [1m[36mUtensil Load (0.3ms)[0m  [1m[34mSELECT "utensils".* FROM "utensils" INNER JOIN "recipe_utensils" ON "utensils"."id" = "recipe_utensils"."utensil_id" WHERE "recipe_utensils"."recipe_id" = ?[0m  [["recipe_id", 3]]
  ↳ app/views/recipes/show.html.erb:8
  [1m[36mIngredient Load (0.2ms)[0m  [1m[34mSELECT "ingredients".* FROM "ingredients" INNER JOIN "recipe_ingredients" ON "ingredients"."id" = "recipe_ingredients"."ingredient_id" WHERE "recipe_ingredients"."recipe_id" = ?[0m  [["recipe_id", 3]]
  ↳ app/views/recipes/show.html.erb:13
  Rendered recipes/show.html.erb within layouts/application (Duration: 7.3ms | Allocations: 2714)
Completed 200 OK in 18ms (Views: 7.6ms | ActiveRecord: 1.4ms | Allocations: 5623)


